 I J M_lda_ij SD_lda_ij M_omega_ij SD_omega_ij
    1     1     30.41695077      0.24816836      0.07008620      0.00068602
    1     2     -1.90852233      0.10278990      0.03840234      0.00065295
    1     3     -0.34054682      0.08237126      0.03322666      0.00067645
    1     4     -4.69538949      0.13045662      0.04228939      0.00060817
    1     5     -1.72139633      0.07305760      0.04480173      0.00072999
    1     6      1.38313652      0.08261111     -0.00134693      0.00064680
    1     7     -2.57035515      0.13768537      0.02795924      0.00056435
    1     8     -5.77422893      0.13716991      0.03733087      0.00055178
    1     9     -0.82205175      0.10880904      0.03571773      0.00063830
    1    10     -1.03065921      0.13213807      0.03025115      0.00059121
    1    11     -1.81220023      0.15797834      0.02450869      0.00055191
    1    12      2.12461149      0.13758899      0.00126085      0.00051326
    1    13      0.90644079      0.09462167     -0.01031152      0.00058666
    1    14     -0.00247446      0.05675809      0.02326712      0.00076389
    1    15      0.32696710      0.07738246      0.01316793      0.00064425
    1    16     -0.33134342      0.08066049      0.03032140      0.00067820
    1    17     -6.64332547      0.11709807      0.05497209      0.00066996
    1    18      0.06308438      0.11013524      0.01614043      0.00059578
    2     1     -1.90852233      0.10278990      0.03840234      0.00065295
    2     2     13.55312555      0.08924958      0.12224622      0.00107869
    2     3     -1.55515070      0.04486413      0.05738652      0.00084118
    2     4     -0.62350552      0.07778169      0.03913270      0.00072068
    2     5      0.06484429      0.04169668      0.03606505      0.00088093
    2     6      0.23430885      0.04646167      0.00925300      0.00077293
    2     7     -0.69102236      0.07837150      0.03342737      0.00065930
    2     8     -0.48787178      0.08799818      0.03231468      0.00067627
    2     9     -3.02596175      0.06624245      0.06069520      0.00084660
    2    10     -2.72301837      0.07897120      0.05035562      0.00077859
    2    11     -0.67864341      0.09285758      0.02902460      0.00065868
    2    12     -0.17273228      0.08508548      0.01547570      0.00067915
    2    13      0.12838980      0.05339319      0.00288941      0.00073691
    2    14     -0.31134438      0.03529709      0.03837870      0.00098176
    2    15     -0.40529904      0.04510456      0.02751267      0.00080644
    2    16     -0.83300516      0.04317887      0.04844461      0.00087812
    2    17     -0.35411009      0.06148735      0.04294424      0.00075698
    2    18     -0.48399150      0.06454081      0.02827633      0.00077034
    3     1     -0.34054682      0.08237126      0.03322666      0.00067645
    3     2     -1.55515070      0.04486413      0.05738652      0.00084118
    3     3      9.83247479      0.05639564      0.14847664      0.00112171
    3     4     -0.37577092      0.05884871      0.03590934      0.00075726
    3     5     -0.00219376      0.03263217      0.03342600      0.00085559
    3     6      0.21892128      0.03678630      0.00803488      0.00077398
    3     7     -0.03858680      0.06215363      0.02894430      0.00073975
    3     8     -0.07098345      0.06516277      0.02879062      0.00069020
    3     9     -2.40068501      0.05023015      0.06126643      0.00084876
    3    10     -2.39525569      0.06022218      0.05135013      0.00080336
    3    11     -0.60454437      0.06982395      0.02760626      0.00068796
    3    12     -0.15852824      0.06589498      0.01508840      0.00068069
    3    13     -0.00434654      0.04458692      0.00438811      0.00078582
    3    14     -0.07630392      0.02800090      0.03318166      0.00100269
    3    15     -0.09439625      0.03449718      0.02366164      0.00080477
    3    16     -0.54827091      0.03627405      0.04627427      0.00090409
    3    17     -0.50079547      0.04791605      0.04084658      0.00076792
    3    18     -0.16901245      0.04871687      0.02508628      0.00075014
    4     1     -4.69538949      0.13045662      0.04228939      0.00060817
    4     2     -0.62350552      0.07778169      0.03913270      0.00072068
    4     3     -0.37577092      0.05884871      0.03590934      0.00075726
    4     4     19.56051718      0.12853516      0.08789012      0.00079812
    4     5     -1.70376174      0.05032719      0.04813917      0.00079647
    4     6      0.63446310      0.06021930      0.00505792      0.00071016
    4     7     -1.52051960      0.10140397      0.03145336      0.00067698
    4     8     -2.90534296      0.10138549      0.03677401      0.00061266
    4     9     -0.64245028      0.07483284      0.03789944      0.00070919
    4    10     -0.87188344      0.09168288      0.03345553      0.00067107
    4    11     -1.90980120      0.10564602      0.02807774      0.00062737
    4    12     -0.58811229      0.10919302      0.01088871      0.00060342
    4    13      0.22876099      0.06839545     -0.00183978      0.00067823
    4    14     -0.38246266      0.04383928      0.03167015      0.00089264
    4    15     -0.26925087      0.05625828      0.02113460      0.00070747
    4    16     -0.57012448      0.05091325      0.03605325      0.00076913
    4    17     -1.73620800      0.07587651      0.04799417      0.00069394
    4    18     -0.56590686      0.07882733      0.02323878      0.00068104
    5     1     -1.72139633      0.07305760      0.04480173      0.00072999
    5     2      0.06484429      0.04169668      0.03606505      0.00088093
    5     3     -0.00219376      0.03263217      0.03342600      0.00085559
    5     4     -1.70376174      0.05032719      0.04813917      0.00079647
    5     5      7.66074337      0.04494565      0.17179369      0.00133128
    5     6      0.15381676      0.03431762      0.00229437      0.00081901
    5     7     -0.20231309      0.05698443      0.02860132      0.00073467
    5     8     -1.67714345      0.05855712      0.04078663      0.00073736
    5     9     -0.16677788      0.04436653      0.03668008      0.00084938
    5    10     -0.40554305      0.05152115      0.03263189      0.00079864
    5    11     -0.26299078      0.06048331      0.02579028      0.00071523
    5    12      0.23300434      0.05977452      0.00489025      0.00071517
    5    13      0.20651399      0.03665347     -0.00817062      0.00079717
    5    14     -0.09945319      0.02435542      0.02843850      0.00101634
    5    15     -0.12218479      0.02929260      0.01852183      0.00083162
    5    16     -0.30516730      0.03014259      0.03603393      0.00092364
    5    17     -0.79847535      0.04441640      0.05155442      0.00086994
    5    18     -0.05396290      0.04494906      0.01951494      0.00079163
    6     1      1.38313652      0.08261111     -0.00134693      0.00064680
    6     2      0.23430885      0.04646167      0.00925300      0.00077293
    6     3      0.21892128      0.03678630      0.00803488      0.00077398
    6     4      0.63446310      0.06021930      0.00505792      0.00071016
    6     5      0.15381676      0.03431762      0.00229437      0.00081901
    6     6      9.00298851      0.05392107      0.13863068      0.00104222
    6     7     -0.30810682      0.06443134      0.01732199      0.00069748
    6     8      0.28509371      0.06270056      0.00556924      0.00065549
    6     9      0.09510900      0.04653522      0.00909686      0.00075420
    6    10      0.12698478      0.05822218      0.01098746      0.00071727
    6    11     -4.33154865      0.07234025      0.03155568      0.00067549
    6    12     -1.54862659      0.06571993      0.02656527      0.00068840
    6    13      0.14790001      0.04202276      0.01654456      0.00076909
    6    14     -0.05752495      0.02726762      0.02133462      0.00093267
    6    15     -0.64557692      0.03460351      0.02826539      0.00080614
    6    16     -0.14544976      0.03471889      0.01675833      0.00083017
    6    17      0.14108047      0.05024680      0.00405131      0.00078702
    6    18     -1.72476025      0.05175775      0.03194498      0.00075057
    7     1     -2.57035515      0.13768537      0.02795924      0.00056435
    7     2     -0.69102236      0.07837150      0.03342737      0.00065930
    7     3     -0.03858680      0.06215363      0.02894430      0.00073975
    7     4     -1.52051960      0.10140397      0.03145336      0.00067698
    7     5     -0.20231309      0.05698443      0.02860132      0.00073467
    7     6     -0.30810682      0.06443134      0.01732199      0.00069748
    7     7     20.66191409      0.14462126      0.07575352      0.00079351
    7     8     -1.52617890      0.11560469      0.02626473      0.00059159
    7     9     -0.36717277      0.08161485      0.03072187      0.00067624
    7    10     -0.94067796      0.09579599      0.02952835      0.00064556
    7    11     -1.64976812      0.10803089      0.02545021      0.00057549
    7    12     -2.06813908      0.10822456      0.02124657      0.00059293
    7    13      0.19186381      0.06778949      0.00858146      0.00064780
    7    14     -1.31488325      0.04433855      0.04185764      0.00083584
    7    15     -1.37024295      0.05903961      0.03151659      0.00070711
    7    16     -0.85539608      0.06139154      0.03508949      0.00076447
    7    17     -0.56275889      0.07905782      0.03147977      0.00064560
    7    18     -2.95368952      0.08502327      0.03396598      0.00065637
    8     1     -5.77422893      0.13716991      0.03733087      0.00055178
    8     2     -0.48787178      0.08799818      0.03231468      0.00067627
    8     3     -0.07098345      0.06516277      0.02879062      0.00069020
    8     4     -2.90534296      0.10138549      0.03677401      0.00061266
    8     5     -1.67714345      0.05855712      0.04078663      0.00073736
    8     6      0.28509371      0.06270056      0.00556924      0.00065549
    8     7     -1.52617890      0.11560469      0.02626473      0.00059159
    8     8     25.03670267      0.16419160      0.06723749      0.00065788
    8     9     -0.86724244      0.08264666      0.03195615      0.00065559
    8    10     -0.51969214      0.10437920      0.02709030      0.00063473
    8    11     -2.48168220      0.11382759      0.02472230      0.00054666
    8    12     -0.13682411      0.11271081      0.00728583      0.00053898
    8    13      0.46480568      0.07159529     -0.00400632      0.00059066
    8    14     -0.14611630      0.04622338      0.02438177      0.00077671
    8    15     -0.26654724      0.06054938      0.01698877      0.00065525
    8    16     -0.38524259      0.06181415      0.02897369      0.00069499
    8    17     -2.28000166      0.08316362      0.04258503      0.00066181
    8    18     -0.69904760      0.09237516      0.01923540      0.00064059
    9     1     -0.82205175      0.10880904      0.03571773      0.00063830
    9     2     -3.02596175      0.06624245      0.06069520      0.00084660
    9     3     -2.40068501      0.05023015      0.06126643      0.00084876
    9     4     -0.64245028      0.07483284      0.03789944      0.00070919
    9     5     -0.16677788      0.04436653      0.03668008      0.00084938
    9     6      0.09510900      0.04653522      0.00909686      0.00075420
    9     7     -0.36717277      0.08161485      0.03072187      0.00067624
    9     8     -0.86724244      0.08264666      0.03195615      0.00065559
    9     9     14.44611528      0.09168398      0.11747640      0.00093570
    9    10     -3.27147963      0.07652384      0.05096587      0.00074950
    9    11     -1.01700570      0.09491204      0.02888348      0.00067446
    9    12      0.31379951      0.08798603      0.01302286      0.00064553
    9    13      0.06194560      0.05777404      0.00181455      0.00073534
    9    14     -0.30337242      0.03593703      0.03583664      0.00095320
    9    15     -0.00345907      0.04624886      0.02307821      0.00078514
    9    16     -0.96271330      0.04537975      0.04800812      0.00084202
    9    17     -0.44279727      0.06480120      0.04193268      0.00072836
    9    18     -0.01316507      0.06388542      0.02481002      0.00075041
   10     1     -1.03065921      0.13213807      0.03025115      0.00059121
   10     2     -2.72301837      0.07897120      0.05035562      0.00077859
   10     3     -2.39525569      0.06022218      0.05135013      0.00080336
   10     4     -0.87188344      0.09168288      0.03345553      0.00067107
   10     5     -0.40554305      0.05152115      0.03263189      0.00079864
   10     6      0.12698478      0.05822218      0.01098746      0.00071727
   10     7     -0.94067796      0.09579599      0.02952835      0.00064556
   10     8     -0.51969214      0.10437920      0.02709030      0.00063473
   10     9     -3.27147963      0.07652384      0.05096587      0.00074950
   10    10     19.30092275      0.13493266      0.08810357      0.00084260
   10    11     -0.99806260      0.10793728      0.02587724      0.00061668
   10    12     -1.52848769      0.10215044      0.01910387      0.00064232
   10    13     -0.40849478      0.06743946      0.00943444      0.00070248
   10    14     -0.16267225      0.04299803      0.03250624      0.00090244
   10    15     -0.24976641      0.05313158      0.02458406      0.00073318
   10    16     -1.09603984      0.05553076      0.04279423      0.00078854
   10    17     -0.65778572      0.07296927      0.03627784      0.00068633
   10    18     -0.68439501      0.08005923      0.02637448      0.00071015
   11     1     -1.81220023      0.15797834      0.02450869      0.00055191
   11     2     -0.67864341      0.09285758      0.02902460      0.00065868
   11     3     -0.60454437      0.06982395      0.02760626      0.00068796
   11     4     -1.90980120      0.10564602      0.02807774      0.00062737
   11     5     -0.26299078      0.06048331      0.02579028      0.00071523
   11     6     -4.33154865      0.07234025      0.03155568      0.00067549
   11     7     -1.64976812      0.10803089      0.02545021      0.00057549
   11     8     -2.48168220      0.11382759      0.02472230      0.00054666
   11     9     -1.01700570      0.09491204      0.02888348      0.00067446
   11    10     -0.99806260      0.10793728      0.02587724      0.00061668
   11    11     24.11898085      0.19500545      0.06412680      0.00068712
   11    12     -1.32346809      0.12139664      0.01583868      0.00056626
   11    13      0.29713133      0.07778099      0.00459671      0.00061491
   11    14      0.01303388      0.04982638      0.02435342      0.00079837
   11    15     -0.36822624      0.06213554      0.02173682      0.00063154
   11    16     -0.31498615      0.06322720      0.02747926      0.00070168
   11    17     -1.70488530      0.09176562      0.03167486      0.00063283
   11    18     -0.82618320      0.09074357      0.02390004      0.00063895
   12     1      2.12461149      0.13758899      0.00126085      0.00051326
   12     2     -0.17273228      0.08508548      0.01547570      0.00067915
   12     3     -0.15852824      0.06589498      0.01508840      0.00068069
   12     4     -0.58811229      0.10919302      0.01088871      0.00060342
   12     5      0.23300434      0.05977452      0.00489025      0.00071517
   12     6     -1.54862659      0.06571993      0.02656527      0.00068840
   12     7     -2.06813908      0.10822456      0.02124657      0.00059293
   12     8     -0.13682411      0.11271081      0.00728583      0.00053898
   12     9      0.31379951      0.08798603      0.01302286      0.00064553
   12    10     -1.52848769      0.10215044      0.01910387      0.00064232
   12    11     -1.32346809      0.12139664      0.01583868      0.00056626
   12    12     22.66972912      0.17074897      0.07541678      0.00074740
   12    13     -7.30510773      0.08584003      0.05374219      0.00074968
   12    14     -0.62594475      0.04629113      0.02809332      0.00083844
   12    15     -1.82606173      0.06242013      0.03234864      0.00068594
   12    16     -0.70127414      0.05980838      0.02221266      0.00073902
   12    17      0.13189203      0.09215078      0.00585975      0.00067412
   12    18     -2.81500298      0.08487867      0.03029989      0.00064352
   13     1      0.90644079      0.09462167     -0.01031152      0.00058666
   13     2      0.12838980      0.05339319      0.00288941      0.00073691
   13     3     -0.00434654      0.04458692      0.00438811      0.00078582
   13     4      0.22876099      0.06839545     -0.00183978      0.00067823
   13     5      0.20651399      0.03665347     -0.00817062      0.00079717
   13     6      0.14790001      0.04202276      0.01654456      0.00076909
   13     7      0.19186381      0.06778949      0.00858146      0.00064780
   13     8      0.46480568      0.07159529     -0.00400632      0.00059066
   13     9      0.06194560      0.05777404      0.00181455      0.00073534
   13    10     -0.40849478      0.06743946      0.00943444      0.00070248
   13    11      0.29713133      0.07778099      0.00459671      0.00061491
   13    12     -7.30510773      0.08584003      0.05374219      0.00074968
   13    13     10.05876030      0.07077154      0.14016685      0.00107747
   13    14      0.09431214      0.03050884      0.01332466      0.00092555
   13    15     -0.21350527      0.03742093      0.02218481      0.00074695
   13    16      0.05082151      0.03847773      0.00896026      0.00083801
   13    17      0.12274260      0.05733524     -0.00708581      0.00071638
   13    18     -0.09357571      0.05727091      0.01831899      0.00073958
   14     1     -0.00247446      0.05675809      0.02326712      0.00076389
   14     2     -0.31134438      0.03529709      0.03837870      0.00098176
   14     3     -0.07630392      0.02800090      0.03318166      0.00100269
   14     4     -0.38246266      0.04383928      0.03167015      0.00089264
   14     5     -0.09945319      0.02435542      0.02843850      0.00101634
   14     6     -0.05752495      0.02726762      0.02133462      0.00093267
   14     7     -1.31488325      0.04433855      0.04185764      0.00083584
   14     8     -0.14611630      0.04622338      0.02438177      0.00077671
   14     9     -0.30337242      0.03593703      0.03583664      0.00095320
   14    10     -0.16267225      0.04299803      0.03250624      0.00090244
   14    11      0.01303388      0.04982638      0.02435342      0.00079837
   14    12     -0.62594475      0.04629113      0.02809332      0.00083844
   14    13      0.09431214      0.03050884      0.01332466      0.00092555
   14    14      5.27060243      0.02879629      0.22853239      0.00156342
   14    15     -0.57253827      0.02513074      0.04262342      0.00096629
   14    16     -0.29329826      0.02550322      0.04165483      0.00100614
   14    17      0.11488197      0.03383031      0.02611878      0.00091668
   14    18     -1.10758011      0.03762338      0.04430075      0.00088643
   15     1      0.32696710      0.07738246      0.01316793      0.00064425
   15     2     -0.40529904      0.04510456      0.02751267      0.00080644
   15     3     -0.09439625      0.03449718      0.02366164      0.00080477
   15     4     -0.26925087      0.05625828      0.02113460      0.00070747
   15     5     -0.12218479      0.02929260      0.01852183      0.00083162
   15     6     -0.64557692      0.03460351      0.02826539      0.00080614
   15     7     -1.37024295      0.05903961      0.03151659      0.00070711
   15     8     -0.26654724      0.06054938      0.01698877      0.00065525
   15     9     -0.00345907      0.04624886      0.02307821      0.00078514
   15    10     -0.24976641      0.05313158      0.02458406      0.00073318
   15    11     -0.36822624      0.06213554      0.02173682      0.00063154
   15    12     -1.82606173      0.06242013      0.03234864      0.00068594
   15    13     -0.21350527      0.03742093      0.02218481      0.00074695
   15    14     -0.57253827      0.02513074      0.04262342      0.00096629
   15    15      8.46741747      0.04746839      0.14550572      0.00107676
   15    16     -0.28694775      0.03166044      0.03090109      0.00084182
   15    17      0.09165494      0.04565529      0.01705091      0.00076635
   15    18     -1.09318994      0.04693602      0.03565164      0.00075578
   16     1     -0.33134342      0.08066049      0.03032140      0.00067820
   16     2     -0.83300516      0.04317887      0.04844461      0.00087812
   16     3     -0.54827091      0.03627405      0.04627427      0.00090409
   16     4     -0.57012448      0.05091325      0.03605325      0.00076913
   16     5     -0.30516730      0.03014259      0.03603393      0.00092364
   16     6     -0.14544976      0.03471889      0.01675833      0.00083017
   16     7     -0.85539608      0.06139154      0.03508949      0.00076447
   16     8     -0.38524259      0.06181415      0.02897369      0.00069499
   16     9     -0.96271330      0.04537975      0.04800812      0.00084202
   16    10     -1.09603984      0.05553076      0.04279423      0.00078854
   16    11     -0.31498615      0.06322720      0.02747926      0.00070168
   16    12     -0.70127414      0.05980838      0.02221266      0.00073902
   16    13      0.05082151      0.03847773      0.00896026      0.00083801
   16    14     -0.29329826      0.02550322      0.04165483      0.00100614
   16    15     -0.28694775      0.03166044      0.03090109      0.00084182
   16    16      8.04657393      0.04770693      0.16256118      0.00127979
   16    17      0.04701295      0.04604506      0.03438911      0.00081835
   16    18     -0.61895469      0.04975487      0.03295187      0.00081737
   17     1     -6.64332547      0.11709807      0.05497209      0.00066996
   17     2     -0.35411009      0.06148735      0.04294424      0.00075698
   17     3     -0.50079547      0.04791605      0.04084658      0.00076792
   17     4     -1.73620800      0.07587651      0.04799417      0.00069394
   17     5     -0.79847535      0.04441640      0.05155442      0.00086994
   17     6      0.14108047      0.05024680      0.00405131      0.00078702
   17     7     -0.56275889      0.07905782      0.03147977      0.00064560
   17     8     -2.28000166      0.08316362      0.04258503      0.00066181
   17     9     -0.44279727      0.06480120      0.04193268      0.00072836
   17    10     -0.65778572      0.07296927      0.03627784      0.00068633
   17    11     -1.70488530      0.09176562      0.03167486      0.00063283
   17    12      0.13189203      0.09215078      0.00585975      0.00067412
   17    13      0.12274260      0.05733524     -0.00708581      0.00071638
   17    14      0.11488197      0.03383031      0.02611878      0.00091668
   17    15      0.09165494      0.04565529      0.01705091      0.00076635
   17    16      0.04701295      0.04604506      0.03438911      0.00081835
   17    17     14.09927810      0.09115524      0.12236363      0.00097956
   17    18      0.26305102      0.06336412      0.01928693      0.00072393
   18     1      0.06308438      0.11013524      0.01614043      0.00059578
   18     2     -0.48399150      0.06454081      0.02827633      0.00077034
   18     3     -0.16901245      0.04871687      0.02508628      0.00075014
   18     4     -0.56590686      0.07882733      0.02323878      0.00068104
   18     5     -0.05396290      0.04494906      0.01951494      0.00079163
   18     6     -1.72476025      0.05175775      0.03194498      0.00075057
   18     7     -2.95368952      0.08502327      0.03396598      0.00065637
   18     8     -0.69904760      0.09237516      0.01923540      0.00064059
   18     9     -0.01316507      0.06388542      0.02481002      0.00075041
   18    10     -0.68439501      0.08005923      0.02637448      0.00071015
   18    11     -0.82618320      0.09074357      0.02390004      0.00063895
   18    12     -2.81500298      0.08487867      0.03029989      0.00064352
   18    13     -0.09357571      0.05727091      0.01831899      0.00073958
   18    14     -1.10758011      0.03762338      0.04430075      0.00088643
   18    15     -1.09318994      0.04693602      0.03565164      0.00075578
   18    16     -0.61895469      0.04975487      0.03295187      0.00081737
   18    17      0.26305102      0.06336412      0.01928693      0.00072393
   18    18     14.93107914      0.09924948      0.09570012      0.00087954
