 No of Markers                      =     42046
 No of Populations                  =        18
 Genotype File name                 =    bta.geno
 
 !!!!!!!!!!!!!!!!!!!!!!!!!!!!!!!!!!!!!!
         Model Specifications
 !!!!!!!!!!!!!!!!!!!!!!!!!!!!!!!!!!!!!!
 
 
  -> MCMC Covariate Mode with   2 covariates (outlier detection and estimation of omega are inactivated)
  (*) Prior on Beta coef is U( -0.3000,  0.3000)
  (*) Full model (BPvalue will be computed)
 
 !!!!!!!!!!!!!!!!!!!!!!!!!!!!!!!!!!!!!!
            MCMC specifications
 !!!!!!!!!!!!!!!!!!!!!!!!!!!!!!!!!!!!!!
 
  Nb. of sampled parameter values       =         1000
  Thinning Rate                         =           25
  Burn in Period Length                 =         2500
  Max Number of Pilot runs              =           20
  Pilot run Length                      =          500
 
 Init. deltas for Pi proposals          =  0.5000
 Coop Pij proposal with init. sig. for Pi. multivariate prop.          =  0.0500
 Pilot Run Adj. Factor Pilot            =  1.25
 Targeted Rej./Acc. rates              =  0.25-0.40
 R.N.G. seed                            =    5001
 
 !!!!!!!!!!!!!!!!!!!!!!!!!!!!!!!!!!!!!!
         READING COVARIATE DATA
 !!!!!!!!!!!!!!!!!!!!!!!!!!!!!!!!!!!!!!
 
Cov:   1  (Mean =0.0000  SD =1.0000)
Cov:   2  (Mean =-.1111  SD =1.0226)
 
 !!!!!!!!!!!!!!!!!!!!!!!!!!!!!!!!!!!!!!
         READING COUNT DATA
 !!!!!!!!!!!!!!!!!!!!!!!!!!!!!!!!!!!!!!
 
First SNP ref. Allele count     8   11   24   15   12   45   10   26   18   18   16   30   28    9    8   14   25   22
First SNP total Gene count     44   36   60   44   58   92   38   88   44   40   40   44   60   42   60   36   44   36
Last  SNP ref. Allele count     1    0    1    2    1    2    1    0    1    0    0    0    8    0    1    0    0    1
Last  SNP total Gene count     44   36   60   42   58   92   38   88   44   40   40   44   60   36   60   34   44   36
 
 !!!!!!!!!!!!!!!!!!!!!!!!!!!!!!!!!!!!!!
         READING OMEGA MATRIX
 !!!!!!!!!!!!!!!!!!!!!!!!!!!!!!!!!!!!!!
 
 
 !!!!!!!!!!!!!!!!!!!!!!!!!!!!!!!!!!!!!!
         PILOT RUNS START
 !!!!!!!!!!!!!!!!!!!!!!!!!!!!!!!!!!!!!!
 
 
 ###########INITS VALUES#############
 
Pij min         =      0.01064  Pij max         =      0.98936  Average Pij     =      0.32069
Pij_til min     =     -1.49520  Pij_til max     =      2.96483  Average Pij_til =      0.00000
PI min          =      0.02672  PI max          =      0.96113  Average PI      =      0.32069
Pi_beta_params values       1.42996      3.02910
 PILOT RUN:            1
   iteration=          50
   iteration=         100
   iteration=         150
   iteration=         200
   iteration=         250
   iteration=         300
   iteration=         350
   iteration=         400
   iteration=         450
   iteration=         500
  Acceptance Rate not achieved for     29845   out of     42046   p_ij vectors
  Acceptance Rate not achieved for     14128   out of     42046   pi
  Acceptance Rate not achieved for     82368   out of     84092   betai
      Mean Acceptance Rate Pij  =  0.38314   mean delta_p=  0.05505
      Mean Acceptance Rate Pi   =  0.31400   mean delta_pi=  0.49461
      Mean Acceptance Rate Betai   =  0.67287   mean delta_betai=  0.06221
      Mean Acceptance Rate b_mu =  0.06400        delta  =  0.04000
      Mean Acceptance Rate b_phi=  0.01400        delta  =  0.80000
 
 ########### NODE VALUES #############
 
Pij min         =     -0.50386  Pij max         =      1.48505  Average Pij     =      0.31028
Pij_til min     =     -1.97913  Pij_til max     =      2.05217  Average Pij_til =     -0.00656
PI min          =      0.00233  PI max          =      0.97796  Average PI      =      0.31215
Pi_beta_params values       1.45205      3.18534
 
 PILOT RUN:            2
   iteration=          50
   iteration=         100
   iteration=         150
   iteration=         200
   iteration=         250
   iteration=         300
   iteration=         350
   iteration=         400
   iteration=         450
   iteration=         500
  Acceptance Rate not achieved for     13737   out of     42046   p_ij vectors
  Acceptance Rate not achieved for      9457   out of     42046   pi
  Acceptance Rate not achieved for     80547   out of     84092   betai
      Mean Acceptance Rate Pij  =  0.34975   mean delta_p=  0.05803
      Mean Acceptance Rate Pi   =  0.30919   mean delta_pi=  0.48745
      Mean Acceptance Rate Betai   =  0.60857   mean delta_betai=  0.07706
      Mean Acceptance Rate b_mu =  0.08000        delta  =  0.03200
      Mean Acceptance Rate b_phi=  0.02400        delta  =  0.64000
 
 ########### NODE VALUES #############
 
Pij min         =     -0.64625  Pij max         =      1.36347  Average Pij     =      0.31032
Pij_til min     =     -2.01252  Pij_til max     =      1.95391  Average Pij_til =     -0.00679
PI min          =      0.00154  PI max          =      0.98438  Average PI      =      0.31226
Pi_beta_params values       1.45762      3.20885
 
 PILOT RUN:            3
   iteration=          50
   iteration=         100
   iteration=         150
   iteration=         200
   iteration=         250
   iteration=         300
   iteration=         350
   iteration=         400
   iteration=         450
   iteration=         500
  Acceptance Rate not achieved for      5772   out of     42046   p_ij vectors
  Acceptance Rate not achieved for      6741   out of     42046   pi
  Acceptance Rate not achieved for     76795   out of     84092   betai
      Mean Acceptance Rate Pij  =  0.33426   mean delta_p=  0.05901
      Mean Acceptance Rate Pi   =  0.31033   mean delta_pi=  0.48258
      Mean Acceptance Rate Betai   =  0.53976   mean delta_betai=  0.09468
      Mean Acceptance Rate b_mu =  0.09600        delta  =  0.02560
      Mean Acceptance Rate b_phi=  0.01600        delta  =  0.51200
 
 ########### NODE VALUES #############
 
Pij min         =     -0.53893  Pij max         =      1.53064  Average Pij     =      0.31026
Pij_til min     =     -1.89836  Pij_til max     =      1.95486  Average Pij_til =     -0.00727
PI min          =      0.00118  PI max          =      0.98051  Average PI      =      0.31245
Pi_beta_params values       1.43898      3.15186
 
 PILOT RUN:            4
   iteration=          50
   iteration=         100
   iteration=         150
   iteration=         200
   iteration=         250
   iteration=         300
   iteration=         350
   iteration=         400
   iteration=         450
   iteration=         500
  Acceptance Rate not achieved for      3761   out of     42046   p_ij vectors
  Acceptance Rate not achieved for      5129   out of     42046   pi
  Acceptance Rate not achieved for     69012   out of     84092   betai
      Mean Acceptance Rate Pij  =  0.33060   mean delta_p=  0.05957
      Mean Acceptance Rate Pi   =  0.31436   mean delta_pi=  0.48005
      Mean Acceptance Rate Betai   =  0.47010   mean delta_betai=  0.11432
      Mean Acceptance Rate b_mu =  0.12000        delta  =  0.02048
      Mean Acceptance Rate b_phi=  0.02000        delta  =  0.40960
 
 ########### NODE VALUES #############
 
Pij min         =     -0.51670  Pij max         =      1.54619  Average Pij     =      0.31032
Pij_til min     =     -1.89723  Pij_til max     =      1.98642  Average Pij_til =     -0.00676
PI min          =      0.00095  PI max          =      0.98916  Average PI      =      0.31231
Pi_beta_params values       1.44570      3.18089
 
 PILOT RUN:            5
   iteration=          50
   iteration=         100
   iteration=         150
   iteration=         200
   iteration=         250
   iteration=         300
   iteration=         350
   iteration=         400
   iteration=         450
   iteration=         500
  Acceptance Rate not achieved for      3048   out of     42046   p_ij vectors
  Acceptance Rate not achieved for      4140   out of     42046   pi
  Acceptance Rate not achieved for     50956   out of     84092   betai
      Mean Acceptance Rate Pij  =  0.32992   mean delta_p=  0.05997
      Mean Acceptance Rate Pi   =  0.31879   mean delta_pi=  0.47941
      Mean Acceptance Rate Betai   =  0.40639   mean delta_betai=  0.13213
      Mean Acceptance Rate b_mu =  0.12800        delta  =  0.01638
      Mean Acceptance Rate b_phi=  0.02800        delta  =  0.32768
 
 ########### NODE VALUES #############
 
Pij min         =     -0.75562  Pij max         =      1.51729  Average Pij     =      0.31014
Pij_til min     =     -2.03102  Pij_til max     =      2.30171  Average Pij_til =     -0.00680
PI min          =      0.00095  PI max          =      0.96872  Average PI      =      0.31208
Pi_beta_params values       1.43353      3.16868
 
 PILOT RUN:            6
   iteration=          50
   iteration=         100
   iteration=         150
   iteration=         200
   iteration=         250
   iteration=         300
   iteration=         350
   iteration=         400
   iteration=         450
   iteration=         500
  Acceptance Rate not achieved for      2636   out of     42046   p_ij vectors
  Acceptance Rate not achieved for      3689   out of     42046   pi
  Acceptance Rate not achieved for     12135   out of     84092   betai
      Mean Acceptance Rate Pij  =  0.32939   mean delta_p=  0.06029
      Mean Acceptance Rate Pi   =  0.32255   mean delta_pi=  0.48038
      Mean Acceptance Rate Betai   =  0.36103   mean delta_betai=  0.13626
      Mean Acceptance Rate b_mu =  0.17600        delta  =  0.01311
      Mean Acceptance Rate b_phi=  0.03600        delta  =  0.26214
 
 ########### NODE VALUES #############
 
Pij min         =     -0.63530  Pij max         =      1.50108  Average Pij     =      0.31022
Pij_til min     =     -1.95411  Pij_til max     =      1.87337  Average Pij_til =     -0.00726
PI min          =      0.00181  PI max          =      0.96704  Average PI      =      0.31224
Pi_beta_params values       1.44201      3.18151
 
 PILOT RUN:            7
   iteration=          50
   iteration=         100
   iteration=         150
   iteration=         200
   iteration=         250
   iteration=         300
   iteration=         350
   iteration=         400
   iteration=         450
   iteration=         500
  Acceptance Rate not achieved for      2512   out of     42046   p_ij vectors
  Acceptance Rate not achieved for      3014   out of     42046   pi
  Acceptance Rate not achieved for      7926   out of     84092   betai
      Mean Acceptance Rate Pij  =  0.32763   mean delta_p=  0.06049
      Mean Acceptance Rate Pi   =  0.32317   mean delta_pi=  0.48112
      Mean Acceptance Rate Betai   =  0.35152   mean delta_betai=  0.13876
      Mean Acceptance Rate b_mu =  0.26200        delta  =  0.01311
      Mean Acceptance Rate b_phi=  0.04000        delta  =  0.20972
 
 ########### NODE VALUES #############
 
Pij min         =     -0.62042  Pij max         =      1.57011  Average Pij     =      0.31029
Pij_til min     =     -1.95121  Pij_til max     =      2.34037  Average Pij_til =     -0.00714
PI min          =      0.00117  PI max          =      0.97827  Average PI      =      0.31260
Pi_beta_params values       1.43605      3.14890
 
 PILOT RUN:            8
   iteration=          50
   iteration=         100
   iteration=         150
   iteration=         200
   iteration=         250
   iteration=         300
   iteration=         350
   iteration=         400
   iteration=         450
   iteration=         500
  Acceptance Rate not achieved for      2255   out of     42046   p_ij vectors
  Acceptance Rate not achieved for      2614   out of     42046   pi
  Acceptance Rate not achieved for      6612   out of     84092   betai
      Mean Acceptance Rate Pij  =  0.32700   mean delta_p=  0.06064
      Mean Acceptance Rate Pi   =  0.32422   mean delta_pi=  0.48216
      Mean Acceptance Rate Betai   =  0.34649   mean delta_betai=  0.14075
      Mean Acceptance Rate b_mu =  0.22200        delta  =  0.01049
      Mean Acceptance Rate b_phi=  0.04200        delta  =  0.16777
 
 ########### NODE VALUES #############
 
Pij min         =     -0.66701  Pij max         =      1.49661  Average Pij     =      0.31026
Pij_til min     =     -2.09631  Pij_til max     =      1.97327  Average Pij_til =     -0.00684
PI min          =      0.00100  PI max          =      0.98978  Average PI      =      0.31217
Pi_beta_params values       1.45396      3.21560
 
 PILOT RUN:            9
   iteration=          50
   iteration=         100
   iteration=         150
   iteration=         200
   iteration=         250
   iteration=         300
   iteration=         350
   iteration=         400
   iteration=         450
   iteration=         500
  Acceptance Rate not achieved for      2214   out of     42046   p_ij vectors
  Acceptance Rate not achieved for      2318   out of     42046   pi
  Acceptance Rate not achieved for      5517   out of     84092   betai
      Mean Acceptance Rate Pij  =  0.32633   mean delta_p=  0.06074
      Mean Acceptance Rate Pi   =  0.32432   mean delta_pi=  0.48309
      Mean Acceptance Rate Betai   =  0.34235   mean delta_betai=  0.14229
      Mean Acceptance Rate b_mu =  0.26800        delta  =  0.01049
      Mean Acceptance Rate b_phi=  0.05200        delta  =  0.13422
 
 ########### NODE VALUES #############
 
Pij min         =     -0.58094  Pij max         =      1.44838  Average Pij     =      0.31033
Pij_til min     =     -1.98632  Pij_til max     =      2.19052  Average Pij_til =     -0.00775
PI min          =      0.00146  PI max          =      0.96116  Average PI      =      0.31262
Pi_beta_params values       1.47652      3.23913
 
 PILOT RUN:           10
   iteration=          50
   iteration=         100
   iteration=         150
   iteration=         200
   iteration=         250
   iteration=         300
   iteration=         350
   iteration=         400
   iteration=         450
   iteration=         500
  Acceptance Rate not achieved for      2190   out of     42046   p_ij vectors
  Acceptance Rate not achieved for      2073   out of     42046   pi
  Acceptance Rate not achieved for      5033   out of     84092   betai
      Mean Acceptance Rate Pij  =  0.32547   mean delta_p=  0.06082
      Mean Acceptance Rate Pi   =  0.32449   mean delta_pi=  0.48376
      Mean Acceptance Rate Betai   =  0.33915   mean delta_betai=  0.14356
      Mean Acceptance Rate b_mu =  0.28200        delta  =  0.01049
      Mean Acceptance Rate b_phi=  0.06600        delta  =  0.10737
 
 ########### NODE VALUES #############
 
Pij min         =     -0.58133  Pij max         =      1.52201  Average Pij     =      0.31032
Pij_til min     =     -1.79844  Pij_til max     =      2.01410  Average Pij_til =     -0.00618
PI min          =      0.00205  PI max          =      0.96895  Average PI      =      0.31189
Pi_beta_params values       1.44730      3.17518
 
 PILOT RUN:           11
   iteration=          50
   iteration=         100
   iteration=         150
   iteration=         200
   iteration=         250
   iteration=         300
   iteration=         350
   iteration=         400
   iteration=         450
   iteration=         500
  Acceptance Rate not achieved for      2085   out of     42046   p_ij vectors
  Acceptance Rate not achieved for      1951   out of     42046   pi
  Acceptance Rate not achieved for      4612   out of     84092   betai
      Mean Acceptance Rate Pij  =  0.32522   mean delta_p=  0.06088
      Mean Acceptance Rate Pi   =  0.32491   mean delta_pi=  0.48450
      Mean Acceptance Rate Betai   =  0.33680   mean delta_betai=  0.14464
      Mean Acceptance Rate b_mu =  0.34200        delta  =  0.01049
      Mean Acceptance Rate b_phi=  0.08400        delta  =  0.08590
 
 ########### NODE VALUES #############
 
Pij min         =     -0.69851  Pij max         =      1.56340  Average Pij     =      0.31029
Pij_til min     =     -1.89867  Pij_til max     =      1.80048  Average Pij_til =     -0.00805
PI min          =      0.00130  PI max          =      0.97574  Average PI      =      0.31279
Pi_beta_params values       1.45005      3.14410
 
 PILOT RUN:           12
   iteration=          50
   iteration=         100
   iteration=         150
   iteration=         200
   iteration=         250
   iteration=         300
   iteration=         350
   iteration=         400
   iteration=         450
   iteration=         500
  Acceptance Rate not achieved for      2167   out of     42046   p_ij vectors
  Acceptance Rate not achieved for      1811   out of     42046   pi
  Acceptance Rate not achieved for      4137   out of     84092   betai
      Mean Acceptance Rate Pij  =  0.32503   mean delta_p=  0.06092
      Mean Acceptance Rate Pi   =  0.32475   mean delta_pi=  0.48506
      Mean Acceptance Rate Betai   =  0.33456   mean delta_betai=  0.14550
      Mean Acceptance Rate b_mu =  0.33400        delta  =  0.01049
      Mean Acceptance Rate b_phi=  0.12400        delta  =  0.06872
 
 ########### NODE VALUES #############
 
Pij min         =     -0.68305  Pij max         =      1.45526  Average Pij     =      0.31029
Pij_til min     =     -1.90473  Pij_til max     =      1.92073  Average Pij_til =     -0.00799
PI min          =      0.00161  PI max          =      0.97637  Average PI      =      0.31275
Pi_beta_params values       1.44587      3.16190
 
 PILOT RUN:           13
   iteration=          50
   iteration=         100
   iteration=         150
   iteration=         200
   iteration=         250
   iteration=         300
   iteration=         350
   iteration=         400
   iteration=         450
   iteration=         500
  Acceptance Rate not achieved for      2146   out of     42046   p_ij vectors
  Acceptance Rate not achieved for      1764   out of     42046   pi
  Acceptance Rate not achieved for      3944   out of     84092   betai
      Mean Acceptance Rate Pij  =  0.32494   mean delta_p=  0.06097
      Mean Acceptance Rate Pi   =  0.32494   mean delta_pi=  0.48554
      Mean Acceptance Rate Betai   =  0.33305   mean delta_betai=  0.14624
      Mean Acceptance Rate b_mu =  0.29200        delta  =  0.01049
      Mean Acceptance Rate b_phi=  0.12400        delta  =  0.05498
 
 ########### NODE VALUES #############
 
Pij min         =     -0.62694  Pij max         =      1.49284  Average Pij     =      0.31023
Pij_til min     =     -1.92799  Pij_til max     =      2.09987  Average Pij_til =     -0.00710
PI min          =      0.00121  PI max          =      0.97631  Average PI      =      0.31235
Pi_beta_params values       1.43733      3.16054
 
 PILOT RUN:           14
   iteration=          50
   iteration=         100
   iteration=         150
   iteration=         200
   iteration=         250
   iteration=         300
   iteration=         350
   iteration=         400
   iteration=         450
   iteration=         500
  Acceptance Rate not achieved for      2129   out of     42046   p_ij vectors
  Acceptance Rate not achieved for      1746   out of     42046   pi
  Acceptance Rate not achieved for      3863   out of     84092   betai
      Mean Acceptance Rate Pij  =  0.32456   mean delta_p=  0.06099
      Mean Acceptance Rate Pi   =  0.32497   mean delta_pi=  0.48604
      Mean Acceptance Rate Betai   =  0.33151   mean delta_betai=  0.14695
      Mean Acceptance Rate b_mu =  0.24600        delta  =  0.00839
      Mean Acceptance Rate b_phi=  0.14800        delta  =  0.04398
 
 ########### NODE VALUES #############
 
Pij min         =     -0.67813  Pij max         =      1.50947  Average Pij     =      0.31023
Pij_til min     =     -1.85873  Pij_til max     =      2.09343  Average Pij_til =     -0.00726
PI min          =      0.00096  PI max          =      0.97351  Average PI      =      0.31239
Pi_beta_params values       1.45599      3.18485
 
 PILOT RUN:           15
   iteration=          50
   iteration=         100
   iteration=         150
   iteration=         200
   iteration=         250
   iteration=         300
   iteration=         350
   iteration=         400
   iteration=         450
   iteration=         500
  Acceptance Rate not achieved for      2111   out of     42046   p_ij vectors
  Acceptance Rate not achieved for      1613   out of     42046   pi
  Acceptance Rate not achieved for      3631   out of     84092   betai
      Mean Acceptance Rate Pij  =  0.32437   mean delta_p=  0.06100
      Mean Acceptance Rate Pi   =  0.32471   mean delta_pi=  0.48648
      Mean Acceptance Rate Betai   =  0.33021   mean delta_betai=  0.14756
      Mean Acceptance Rate b_mu =  0.32000        delta  =  0.00839
      Mean Acceptance Rate b_phi=  0.17800        delta  =  0.03518
 
 ########### NODE VALUES #############
 
Pij min         =     -0.61175  Pij max         =      1.53006  Average Pij     =      0.31031
Pij_til min     =     -1.80831  Pij_til max     =      1.90290  Average Pij_til =     -0.00739
PI min          =      0.00106  PI max          =      0.96925  Average PI      =      0.31247
Pi_beta_params values       1.44767      3.18702
 
 PILOT RUN:           16
   iteration=          50
   iteration=         100
   iteration=         150
   iteration=         200
   iteration=         250
   iteration=         300
   iteration=         350
   iteration=         400
   iteration=         450
   iteration=         500
  Acceptance Rate not achieved for      2151   out of     42046   p_ij vectors
  Acceptance Rate not achieved for      1628   out of     42046   pi
  Acceptance Rate not achieved for      3558   out of     84092   betai
      Mean Acceptance Rate Pij  =  0.32442   mean delta_p=  0.06100
      Mean Acceptance Rate Pi   =  0.32504   mean delta_pi=  0.48703
      Mean Acceptance Rate Betai   =  0.32906   mean delta_betai=  0.14809
      Mean Acceptance Rate b_mu =  0.34000        delta  =  0.00839
      Mean Acceptance Rate b_phi=  0.16600        delta  =  0.02815
 
 ########### NODE VALUES #############
 
Pij min         =     -0.50671  Pij max         =      1.45977  Average Pij     =      0.31039
Pij_til min     =     -1.89489  Pij_til max     =      2.20319  Average Pij_til =     -0.00783
PI min          =      0.00113  PI max          =      0.97544  Average PI      =      0.31271
Pi_beta_params values       1.45819      3.18534
 
 PILOT RUN:           17
   iteration=          50
   iteration=         100
   iteration=         150
   iteration=         200
   iteration=         250
   iteration=         300
   iteration=         350
   iteration=         400
   iteration=         450
   iteration=         500
  Acceptance Rate not achieved for      2128   out of     42046   p_ij vectors
  Acceptance Rate not achieved for      1683   out of     42046   pi
  Acceptance Rate not achieved for      3464   out of     84092   betai
      Mean Acceptance Rate Pij  =  0.32401   mean delta_p=  0.06100
      Mean Acceptance Rate Pi   =  0.32432   mean delta_pi=  0.48734
      Mean Acceptance Rate Betai   =  0.32774   mean delta_betai=  0.14848
      Mean Acceptance Rate b_mu =  0.36400        delta  =  0.00839
      Mean Acceptance Rate b_phi=  0.26400        delta  =  0.02815
 
 ########### NODE VALUES #############
 
Pij min         =     -0.58782  Pij max         =      1.42849  Average Pij     =      0.31024
Pij_til min     =     -1.83984  Pij_til max     =      2.11234  Average Pij_til =     -0.00652
PI min          =      0.00156  PI max          =      0.97164  Average PI      =      0.31207
Pi_beta_params values       1.46446      3.22534
 
 PILOT RUN:           18
   iteration=          50
   iteration=         100
   iteration=         150
   iteration=         200
   iteration=         250
   iteration=         300
   iteration=         350
   iteration=         400
   iteration=         450
   iteration=         500
  Acceptance Rate not achieved for      2110   out of     42046   p_ij vectors
  Acceptance Rate not achieved for      1678   out of     42046   pi
  Acceptance Rate not achieved for      3355   out of     84092   betai
      Mean Acceptance Rate Pij  =  0.32446   mean delta_p=  0.06099
      Mean Acceptance Rate Pi   =  0.32478   mean delta_pi=  0.48766
      Mean Acceptance Rate Betai   =  0.32724   mean delta_betai=  0.14890
      Mean Acceptance Rate b_mu =  0.32800        delta  =  0.00839
      Mean Acceptance Rate b_phi=  0.23000        delta  =  0.02252
 
 ########### NODE VALUES #############
 
Pij min         =     -0.62777  Pij max         =      1.49654  Average Pij     =      0.31019
Pij_til min     =     -2.08386  Pij_til max     =      1.97169  Average Pij_til =     -0.00771
PI min          =      0.00068  PI max          =      0.96770  Average PI      =      0.31255
Pi_beta_params values       1.44628      3.20678
 
 PILOT RUN:           19
   iteration=          50
   iteration=         100
   iteration=         150
   iteration=         200
   iteration=         250
   iteration=         300
   iteration=         350
   iteration=         400
   iteration=         450
   iteration=         500
  Acceptance Rate not achieved for      2232   out of     42046   p_ij vectors
  Acceptance Rate not achieved for      1570   out of     42046   pi
  Acceptance Rate not achieved for      3231   out of     84092   betai
      Mean Acceptance Rate Pij  =  0.32469   mean delta_p=  0.06100
      Mean Acceptance Rate Pi   =  0.32489   mean delta_pi=  0.48800
      Mean Acceptance Rate Betai   =  0.32665   mean delta_betai=  0.14927
      Mean Acceptance Rate b_mu =  0.35400        delta  =  0.00839
      Mean Acceptance Rate b_phi=  0.32400        delta  =  0.02252
 
 ########### NODE VALUES #############
 
Pij min         =     -0.61648  Pij max         =      1.44615  Average Pij     =      0.31030
Pij_til min     =     -1.99553  Pij_til max     =      2.11756  Average Pij_til =     -0.00794
PI min          =      0.00122  PI max          =      0.97034  Average PI      =      0.31264
Pi_beta_params values       1.45493      3.20907
 
 PILOT RUN:           20
   iteration=          50
   iteration=         100
   iteration=         150
   iteration=         200
   iteration=         250
   iteration=         300
   iteration=         350
   iteration=         400
   iteration=         450
   iteration=         500
  Acceptance Rate not achieved for      2171   out of     42046   p_ij vectors
  Acceptance Rate not achieved for      1640   out of     42046   pi
  Acceptance Rate not achieved for      3162   out of     84092   betai
      Mean Acceptance Rate Pij  =  0.32452   mean delta_p=  0.06100
      Mean Acceptance Rate Pi   =  0.32475   mean delta_pi=  0.48848
      Mean Acceptance Rate Betai   =  0.32560   mean delta_betai=  0.14955
      Mean Acceptance Rate b_mu =  0.34200        delta  =  0.00839
      Mean Acceptance Rate b_phi=  0.33000        delta  =  0.02252
 
 ########### NODE VALUES #############
 
Pij min         =     -0.57095  Pij max         =      1.59852  Average Pij     =      0.31022
Pij_til min     =     -1.84106  Pij_til max     =      2.07497  Average Pij_til =     -0.00724
PI min          =      0.00138  PI max          =      0.98049  Average PI      =      0.31230
Pi_beta_params values       1.44413      3.16954
 
 
 !!!!!!!!!!!!!!!!!!!!!!!!!!!!!!!!!!!!!!
         BURN-IN: START
 !!!!!!!!!!!!!!!!!!!!!!!!!!!!!!!!!!!!!!
 
   iteration=         250
   iteration=         500
   iteration=         750
   iteration=        1000
   iteration=        1250
   iteration=        1500
   iteration=        1750
   iteration=        2000
   iteration=        2250
   iteration=        2500
Pij min         =     -0.72640  Pij max         =      1.42360  Average Pij     =      0.30988
Pij_til min     =     -1.88459  Pij_til max     =      1.89134  Average Pij_til =     -0.01067
PI min          =      0.00141  PI max          =      0.97697  Average PI      =      0.31318
Pi_beta_params values       1.51186      3.30963
 
 !!!!!!!!!!!!!!!!!!!!!!!!!!!!!!!!!!!!!!
         MCMC CHAIN STARTED
 !!!!!!!!!!!!!!!!!!!!!!!!!!!!!!!!!!!!!!
 
 
   iteration=          10
   iteration=          20
   iteration=          30
   iteration=          40
   iteration=          50
   iteration=          60
   iteration=          70
   iteration=          80
   iteration=          90
   iteration=         100
   iteration=         110
   iteration=         120
   iteration=         130
   iteration=         140
   iteration=         150
   iteration=         160
   iteration=         170
   iteration=         180
   iteration=         190
   iteration=         200
   iteration=         210
   iteration=         220
   iteration=         230
   iteration=         240
   iteration=         250
   iteration=         260
   iteration=         270
   iteration=         280
   iteration=         290
   iteration=         300
   iteration=         310
   iteration=         320
   iteration=         330
   iteration=         340
   iteration=         350
   iteration=         360
   iteration=         370
   iteration=         380
   iteration=         390
   iteration=         400
   iteration=         410
   iteration=         420
   iteration=         430
   iteration=         440
   iteration=         450
   iteration=         460
   iteration=         470
   iteration=         480
   iteration=         490
   iteration=         500
   iteration=         510
   iteration=         520
   iteration=         530
   iteration=         540
   iteration=         550
   iteration=         560
   iteration=         570
   iteration=         580
   iteration=         590
   iteration=         600
   iteration=         610
   iteration=         620
   iteration=         630
   iteration=         640
   iteration=         650
   iteration=         660
   iteration=         670
   iteration=         680
   iteration=         690
   iteration=         700
   iteration=         710
   iteration=         720
   iteration=         730
   iteration=         740
   iteration=         750
   iteration=         760
   iteration=         770
   iteration=         780
   iteration=         790
   iteration=         800
   iteration=         810
   iteration=         820
   iteration=         830
   iteration=         840
   iteration=         850
   iteration=         860
   iteration=         870
   iteration=         880
   iteration=         890
   iteration=         900
   iteration=         910
   iteration=         920
   iteration=         930
   iteration=         940
   iteration=         950
   iteration=         960
   iteration=         970
   iteration=         980
   iteration=         990
   iteration=        1000
      Mean Final Acceptance Rate Pij  =  0.33189   mean delta_pij=  0.06100
      Mean Final Acceptance Rate Pi   =  0.32954   mean delta_pi=  0.48848
      Mean Final Acceptance Rate b_mu =  0.34156        delta  =  0.00839
      Mean Final Acceptance Rate b_phi=  0.32124        delta  =  0.02252
Analysis took:  0 days  1 h 19 min  6 sec
