 No of Markers                      =    100000
 No of Populations                  =        18
 Genotype File name                 =    G.bta.pods
 
 !!!!!!!!!!!!!!!!!!!!!!!!!!!!!!!!!!!!!!
         Model Specifications
 !!!!!!!!!!!!!!!!!!!!!!!!!!!!!!!!!!!!!!
 
 
  -> IS Covariate Mode with   2 covariates (i.e. BF and Beta coef will be estimated using an Importance Sampling algorithm):
  (*) Omega matrix is estimated with prior inv(Omega) ~ Wish_npop((1/rho)Id_npop,rho)  where rho=     1
  (*) Parameters from the Pi prior dist. will be estimated
  (*) Outlier detection: XtX stat. for each SNP        
  (*) Prior on Beta coef is U( -0.3000,  0.3000)
  (*) IS estimates are approximate on the grid with  201 points uniformly distributed over the ( -0.3000,  0.3000) interval
 
 !!!!!!!!!!!!!!!!!!!!!!!!!!!!!!!!!!!!!!
            MCMC specifications
 !!!!!!!!!!!!!!!!!!!!!!!!!!!!!!!!!!!!!!
 
  Nb. of sampled parameter values       =         1000
  Thinning Rate                         =           25
  Burn in Period Length                 =         2500
  Max Number of Pilot runs              =           20
  Pilot run Length                      =          500
 
 Init. deltas for Pi proposals          =  0.5000
 Coop Pij proposal with init. sig. for Pi. multivariate prop.          =  0.0500
 Pilot Run Adj. Factor Pilot            =  1.25
 Targeted Rej./Acc. rates              =  0.25-0.40
 R.N.G. seed                            =    5001
 
 !!!!!!!!!!!!!!!!!!!!!!!!!!!!!!!!!!!!!!
         READING COVARIATE DATA
 !!!!!!!!!!!!!!!!!!!!!!!!!!!!!!!!!!!!!!
 
Cov:   1  (Mean =0.0000  SD =1.0000)
Cov:   2  (Mean =-.1111  SD =1.0226)
 
 !!!!!!!!!!!!!!!!!!!!!!!!!!!!!!!!!!!!!!
         READING COUNT DATA
 !!!!!!!!!!!!!!!!!!!!!!!!!!!!!!!!!!!!!!
 
First SNP ref. Allele count    26   21   25   32   30   28   18   50   20   11   19   10   11   18   14   22   14   12
First SNP total Gene count     44   36   60   44   58   92   38   88   44   40   40   44   60   42   60   36   44   36
Last  SNP ref. Allele count    29   11   48   29   30   32   16   46   33   20   23   34   41   34   27   26   27   24
Last  SNP total Gene count     44   36   60   44   58   92   38   88   44   40   40   44   60   42   60   36   44   36
 
 !!!!!!!!!!!!!!!!!!!!!!!!!!!!!!!!!!!!!!
         PILOT RUNS START
 !!!!!!!!!!!!!!!!!!!!!!!!!!!!!!!!!!!!!!
 
 
 ###########INITS VALUES#############
 
Pij min         =      0.01064  Pij max         =      0.98936  Average Pij     =      0.32346
Pij_til min     =     -1.74491  Pij_til max     =      1.87865  Average Pij_til =      0.00000
PI min          =      0.02054  PI max          =      0.96971  Average PI      =      0.32346
Pi_beta_params values       1.48520      3.10635
 PILOT RUN:            1
   iteration=          50
   iteration=         100
   iteration=         150
   iteration=         200
   iteration=         250
   iteration=         300
   iteration=         350
   iteration=         400
   iteration=         450
   iteration=         500
  Acceptance Rate not achieved for     85304   out of    100000   p_ij vectors
  Acceptance Rate not achieved for    100000   out of    100000   pi
      Mean Acceptance Rate Pij  =  0.50444   mean delta_p=  0.06005
      Mean Acceptance Rate Pi   =  0.06506   mean delta_pi=  0.40000
      Mean Acceptance Rate b_mu =  0.05600        delta  =  0.04000
      Mean Acceptance Rate b_phi=  0.01200        delta  =  0.80000
 
 ########### NODE VALUES #############
 
Pij min         =     -0.43633  Pij max         =      1.52589  Average Pij     =      0.31716
Pij_til min     =     -1.84915  Pij_til max     =      1.84945  Average Pij_til =     -0.00083
PI min          =      0.00158  PI max          =      0.98625  Average PI      =      0.31728
Pi_beta_params values       1.37310      2.94891
 
 PILOT RUN:            2
   iteration=          50
   iteration=         100
   iteration=         150
   iteration=         200
   iteration=         250
   iteration=         300
   iteration=         350
   iteration=         400
   iteration=         450
   iteration=         500
  Acceptance Rate not achieved for     65615   out of    100000   p_ij vectors
  Acceptance Rate not achieved for    100000   out of    100000   pi
      Mean Acceptance Rate Pij  =  0.42735   mean delta_p=  0.06969
      Mean Acceptance Rate Pi   =  0.09139   mean delta_pi=  0.32000
      Mean Acceptance Rate b_mu =  0.06200        delta  =  0.03200
      Mean Acceptance Rate b_phi=  0.01400        delta  =  0.64000
 
 ########### NODE VALUES #############
 
Pij min         =     -0.47597  Pij max         =      1.37214  Average Pij     =      0.31574
Pij_til min     =     -1.88797  Pij_til max     =      1.77656  Average Pij_til =     -0.00134
PI min          =      0.00068  PI max          =      0.99218  Average PI      =      0.31595
Pi_beta_params values       1.32223      2.84407
 
 PILOT RUN:            3
   iteration=          50
   iteration=         100
   iteration=         150
   iteration=         200
   iteration=         250
   iteration=         300
   iteration=         350
   iteration=         400
   iteration=         450
   iteration=         500
  Acceptance Rate not achieved for     28841   out of    100000   p_ij vectors
  Acceptance Rate not achieved for    100000   out of    100000   pi
      Mean Acceptance Rate Pij  =  0.36270   mean delta_p=  0.07436
      Mean Acceptance Rate Pi   =  0.12885   mean delta_pi=  0.25600
      Mean Acceptance Rate b_mu =  0.07400        delta  =  0.02560
      Mean Acceptance Rate b_phi=  0.01800        delta  =  0.51200
 
 ########### NODE VALUES #############
 
Pij min         =     -0.49020  Pij max         =      1.52088  Average Pij     =      0.31471
Pij_til min     =     -1.93858  Pij_til max     =      1.79636  Average Pij_til =     -0.00152
PI min          =      0.00072  PI max          =      0.98729  Average PI      =      0.31496
Pi_beta_params values       1.29659      2.82178
 
 PILOT RUN:            4
   iteration=          50
   iteration=         100
   iteration=         150
   iteration=         200
   iteration=         250
   iteration=         300
   iteration=         350
   iteration=         400
   iteration=         450
   iteration=         500
  Acceptance Rate not achieved for     12655   out of    100000   p_ij vectors
  Acceptance Rate not achieved for     91786   out of    100000   pi
      Mean Acceptance Rate Pij  =  0.33278   mean delta_p=  0.07555
      Mean Acceptance Rate Pi   =  0.19574   mean delta_pi=  0.20901
      Mean Acceptance Rate b_mu =  0.11400        delta  =  0.02048
      Mean Acceptance Rate b_phi=  0.01400        delta  =  0.40960
 
 ########### NODE VALUES #############
 
Pij min         =     -0.69968  Pij max         =      1.45339  Average Pij     =      0.31377
Pij_til min     =     -2.24098  Pij_til max     =      1.98260  Average Pij_til =     -0.00204
PI min          =      0.00050  PI max          =      0.99106  Average PI      =      0.31417
Pi_beta_params values       1.28435      2.80143
 
 PILOT RUN:            5
   iteration=          50
   iteration=         100
   iteration=         150
   iteration=         200
   iteration=         250
   iteration=         300
   iteration=         350
   iteration=         400
   iteration=         450
   iteration=         500
  Acceptance Rate not achieved for      8960   out of    100000   p_ij vectors
  Acceptance Rate not achieved for     25749   out of    100000   pi
      Mean Acceptance Rate Pij  =  0.32164   mean delta_p=  0.07569
      Mean Acceptance Rate Pi   =  0.28969   mean delta_pi=  0.19893
      Mean Acceptance Rate b_mu =  0.10600        delta  =  0.01638
      Mean Acceptance Rate b_phi=  0.02000        delta  =  0.32768
 
 ########### NODE VALUES #############
 
Pij min         =     -0.49017  Pij max         =      1.55907  Average Pij     =      0.31326
Pij_til min     =     -2.01375  Pij_til max     =      1.96219  Average Pij_til =     -0.00186
PI min          =      0.00067  PI max          =      0.99306  Average PI      =      0.31366
Pi_beta_params values       1.30241      2.84350
 
 PILOT RUN:            6
   iteration=          50
   iteration=         100
   iteration=         150
   iteration=         200
   iteration=         250
   iteration=         300
   iteration=         350
   iteration=         400
   iteration=         450
   iteration=         500
  Acceptance Rate not achieved for      8051   out of    100000   p_ij vectors
  Acceptance Rate not achieved for     16286   out of    100000   pi
      Mean Acceptance Rate Pij  =  0.32054   mean delta_p=  0.07569
      Mean Acceptance Rate Pi   =  0.31234   mean delta_pi=  0.19552
      Mean Acceptance Rate b_mu =  0.14200        delta  =  0.01311
      Mean Acceptance Rate b_phi=  0.03200        delta  =  0.26214
 
 ########### NODE VALUES #############
 
Pij min         =     -0.58654  Pij max         =      1.58272  Average Pij     =      0.31323
Pij_til min     =     -1.93278  Pij_til max     =      2.02599  Average Pij_til =     -0.00153
PI min          =      0.00051  PI max          =      0.98253  Average PI      =      0.31347
Pi_beta_params values       1.31210      2.87292
 
 PILOT RUN:            7
   iteration=          50
   iteration=         100
   iteration=         150
   iteration=         200
   iteration=         250
   iteration=         300
   iteration=         350
   iteration=         400
   iteration=         450
   iteration=         500
  Acceptance Rate not achieved for      7593   out of    100000   p_ij vectors
  Acceptance Rate not achieved for     12702   out of    100000   pi
      Mean Acceptance Rate Pij  =  0.32013   mean delta_p=  0.07568
      Mean Acceptance Rate Pi   =  0.32436   mean delta_pi=  0.19549
      Mean Acceptance Rate b_mu =  0.14600        delta  =  0.01049
      Mean Acceptance Rate b_phi=  0.02400        delta  =  0.20972
 
 ########### NODE VALUES #############
 
Pij min         =     -0.56127  Pij max         =      1.53166  Average Pij     =      0.31323
Pij_til min     =     -1.93265  Pij_til max     =      2.26933  Average Pij_til =     -0.00126
PI min          =      0.00042  PI max          =      0.98174  Average PI      =      0.31338
Pi_beta_params values       1.32927      2.91599
 
 PILOT RUN:            8
   iteration=          50
   iteration=         100
   iteration=         150
   iteration=         200
   iteration=         250
   iteration=         300
   iteration=         350
   iteration=         400
   iteration=         450
   iteration=         500
  Acceptance Rate not achieved for      7455   out of    100000   p_ij vectors
  Acceptance Rate not achieved for      9253   out of    100000   pi
      Mean Acceptance Rate Pij  =  0.32122   mean delta_p=  0.07570
      Mean Acceptance Rate Pi   =  0.31191   mean delta_pi=  0.19383
      Mean Acceptance Rate b_mu =  0.18800        delta  =  0.00839
      Mean Acceptance Rate b_phi=  0.03800        delta  =  0.16777
 
 ########### NODE VALUES #############
 
Pij min         =     -0.50373  Pij max         =      1.40808  Average Pij     =      0.31325
Pij_til min     =     -1.84591  Pij_til max     =      1.87349  Average Pij_til =     -0.00197
PI min          =      0.00045  PI max          =      0.98979  Average PI      =      0.31369
Pi_beta_params values       1.30389      2.84132
 
 PILOT RUN:            9
   iteration=          50
   iteration=         100
   iteration=         150
   iteration=         200
   iteration=         250
   iteration=         300
   iteration=         350
   iteration=         400
   iteration=         450
   iteration=         500
  Acceptance Rate not achieved for      7314   out of    100000   p_ij vectors
  Acceptance Rate not achieved for      7153   out of    100000   pi
      Mean Acceptance Rate Pij  =  0.32077   mean delta_p=  0.07568
      Mean Acceptance Rate Pi   =  0.32419   mean delta_pi=  0.19424
      Mean Acceptance Rate b_mu =  0.24800        delta  =  0.00671
      Mean Acceptance Rate b_phi=  0.04200        delta  =  0.13422
 
 ########### NODE VALUES #############
 
Pij min         =     -0.48874  Pij max         =      1.51094  Average Pij     =      0.31325
Pij_til min     =     -1.84110  Pij_til max     =      2.12108  Average Pij_til =     -0.00060
PI min          =      0.00034  PI max          =      0.99075  Average PI      =      0.31316
Pi_beta_params values       1.30140      2.84911
 
 PILOT RUN:           10
   iteration=          50
   iteration=         100
   iteration=         150
   iteration=         200
   iteration=         250
   iteration=         300
   iteration=         350
   iteration=         400
   iteration=         450
   iteration=         500
  Acceptance Rate not achieved for      7263   out of    100000   p_ij vectors
  Acceptance Rate not achieved for      9038   out of    100000   pi
      Mean Acceptance Rate Pij  =  0.32246   mean delta_p=  0.07579
      Mean Acceptance Rate Pi   =  0.29862   mean delta_pi=  0.19150
      Mean Acceptance Rate b_mu =  0.29200        delta  =  0.00671
      Mean Acceptance Rate b_phi=  0.06200        delta  =  0.10737
 
 ########### NODE VALUES #############
 
Pij min         =     -0.50439  Pij max         =      1.45347  Average Pij     =      0.31338
Pij_til min     =     -1.84734  Pij_til max     =      2.02356  Average Pij_til =     -0.00153
PI min          =      0.00026  PI max          =      0.99119  Average PI      =      0.31364
Pi_beta_params values       1.29764      2.84752
 
 PILOT RUN:           11
   iteration=          50
   iteration=         100
   iteration=         150
   iteration=         200
   iteration=         250
   iteration=         300
   iteration=         350
   iteration=         400
   iteration=         450
   iteration=         500
  Acceptance Rate not achieved for      7132   out of    100000   p_ij vectors
  Acceptance Rate not achieved for     10960   out of    100000   pi
      Mean Acceptance Rate Pij  =  0.31909   mean delta_p=  0.07568
      Mean Acceptance Rate Pi   =  0.34695   mean delta_pi=  0.19599
      Mean Acceptance Rate b_mu =  0.29400        delta  =  0.00671
      Mean Acceptance Rate b_phi=  0.04400        delta  =  0.08590
 
 ########### NODE VALUES #############
 
Pij min         =     -0.56096  Pij max         =      1.53222  Average Pij     =      0.31323
Pij_til min     =     -2.30421  Pij_til max     =      2.03354  Average Pij_til =     -0.00027
PI min          =      0.00031  PI max          =      0.98727  Average PI      =      0.31299
Pi_beta_params values       1.32005      2.90165
 
 PILOT RUN:           12
   iteration=          50
   iteration=         100
   iteration=         150
   iteration=         200
   iteration=         250
   iteration=         300
   iteration=         350
   iteration=         400
   iteration=         450
   iteration=         500
  Acceptance Rate not achieved for      7117   out of    100000   p_ij vectors
  Acceptance Rate not achieved for      6346   out of    100000   pi
      Mean Acceptance Rate Pij  =  0.32235   mean delta_p=  0.07576
      Mean Acceptance Rate Pi   =  0.30065   mean delta_pi=  0.19394
      Mean Acceptance Rate b_mu =  0.25400        delta  =  0.00671
      Mean Acceptance Rate b_phi=  0.07600        delta  =  0.06872
 
 ########### NODE VALUES #############
 
Pij min         =     -0.47529  Pij max         =      1.52260  Average Pij     =      0.31332
Pij_til min     =     -1.74179  Pij_til max     =      2.08568  Average Pij_til =     -0.00160
PI min          =      0.00025  PI max          =      0.98656  Average PI      =      0.31363
Pi_beta_params values       1.30234      2.84596
 
 PILOT RUN:           13
   iteration=          50
   iteration=         100
   iteration=         150
   iteration=         200
   iteration=         250
   iteration=         300
   iteration=         350
   iteration=         400
   iteration=         450
   iteration=         500
  Acceptance Rate not achieved for      7003   out of    100000   p_ij vectors
  Acceptance Rate not achieved for      3218   out of    100000   pi
      Mean Acceptance Rate Pij  =  0.32046   mean delta_p=  0.07574
      Mean Acceptance Rate Pi   =  0.32093   mean delta_pi=  0.19401
      Mean Acceptance Rate b_mu =  0.30400        delta  =  0.00671
      Mean Acceptance Rate b_phi=  0.09600        delta  =  0.05498
 
 ########### NODE VALUES #############
 
Pij min         =     -0.49666  Pij max         =      1.49013  Average Pij     =      0.31328
Pij_til min     =     -1.91005  Pij_til max     =      1.96717  Average Pij_til =     -0.00120
PI min          =      0.00026  PI max          =      0.98978  Average PI      =      0.31340
Pi_beta_params values       1.31159      2.86926
 
 PILOT RUN:           14
   iteration=          50
   iteration=         100
   iteration=         150
   iteration=         200
   iteration=         250
   iteration=         300
   iteration=         350
   iteration=         400
   iteration=         450
   iteration=         500
  Acceptance Rate not achieved for      7145   out of    100000   p_ij vectors
  Acceptance Rate not achieved for      4964   out of    100000   pi
      Mean Acceptance Rate Pij  =  0.31964   mean delta_p=  0.07566
      Mean Acceptance Rate Pi   =  0.33653   mean delta_pi=  0.19585
      Mean Acceptance Rate b_mu =  0.28400        delta  =  0.00671
      Mean Acceptance Rate b_phi=  0.12000        delta  =  0.04398
 
 ########### NODE VALUES #############
 
Pij min         =     -0.58952  Pij max         =      1.46826  Average Pij     =      0.31315
Pij_til min     =     -2.00296  Pij_til max     =      1.97351  Average Pij_til =     -0.00162
PI min          =      0.00030  PI max          =      0.98757  Average PI      =      0.31348
Pi_beta_params values       1.32306      2.90207
 
 PILOT RUN:           15
   iteration=          50
   iteration=         100
   iteration=         150
   iteration=         200
   iteration=         250
   iteration=         300
   iteration=         350
   iteration=         400
   iteration=         450
   iteration=         500
  Acceptance Rate not achieved for      7031   out of    100000   p_ij vectors
  Acceptance Rate not achieved for      2601   out of    100000   pi
      Mean Acceptance Rate Pij  =  0.32126   mean delta_p=  0.07567
      Mean Acceptance Rate Pi   =  0.32322   mean delta_pi=  0.19614
      Mean Acceptance Rate b_mu =  0.29800        delta  =  0.00671
      Mean Acceptance Rate b_phi=  0.10400        delta  =  0.03518
 
 ########### NODE VALUES #############
 
Pij min         =     -0.61180  Pij max         =      1.54106  Average Pij     =      0.31315
Pij_til min     =     -2.22536  Pij_til max     =      2.06955  Average Pij_til =     -0.00154
PI min          =      0.00031  PI max          =      0.99043  Average PI      =      0.31339
Pi_beta_params values       1.30530      2.86447
 
 PILOT RUN:           16
   iteration=          50
   iteration=         100
   iteration=         150
   iteration=         200
   iteration=         250
   iteration=         300
   iteration=         350
   iteration=         400
   iteration=         450
   iteration=         500
  Acceptance Rate not achieved for      6982   out of    100000   p_ij vectors
  Acceptance Rate not achieved for      2507   out of    100000   pi
      Mean Acceptance Rate Pij  =  0.32157   mean delta_p=  0.07571
      Mean Acceptance Rate Pi   =  0.31725   mean delta_pi=  0.19596
      Mean Acceptance Rate b_mu =  0.30200        delta  =  0.00671
      Mean Acceptance Rate b_phi=  0.13600        delta  =  0.02815
 
 ########### NODE VALUES #############
 
Pij min         =     -0.52496  Pij max         =      1.44050  Average Pij     =      0.31324
Pij_til min     =     -1.98065  Pij_til max     =      1.89389  Average Pij_til =     -0.00124
PI min          =      0.00041  PI max          =      0.98754  Average PI      =      0.31333
Pi_beta_params values       1.30396      2.84650
 
 PILOT RUN:           17
   iteration=          50
   iteration=         100
   iteration=         150
   iteration=         200
   iteration=         250
   iteration=         300
   iteration=         350
   iteration=         400
   iteration=         450
   iteration=         500
  Acceptance Rate not achieved for      7183   out of    100000   p_ij vectors
  Acceptance Rate not achieved for      2277   out of    100000   pi
      Mean Acceptance Rate Pij  =  0.32107   mean delta_p=  0.07572
      Mean Acceptance Rate Pi   =  0.32005   mean delta_pi=  0.19599
      Mean Acceptance Rate b_mu =  0.31000        delta  =  0.00671
      Mean Acceptance Rate b_phi=  0.18200        delta  =  0.02252
 
 ########### NODE VALUES #############
 
Pij min         =     -0.64911  Pij max         =      1.67300  Average Pij     =      0.31326
Pij_til min     =     -2.06929  Pij_til max     =      2.25084  Average Pij_til =     -0.00153
PI min          =      0.00019  PI max          =      0.99305  Average PI      =      0.31350
Pi_beta_params values       1.30797      2.86786
 
 PILOT RUN:           18
   iteration=          50
   iteration=         100
   iteration=         150
   iteration=         200
   iteration=         250
   iteration=         300
   iteration=         350
   iteration=         400
   iteration=         450
   iteration=         500
  Acceptance Rate not achieved for      7026   out of    100000   p_ij vectors
  Acceptance Rate not achieved for      2849   out of    100000   pi
      Mean Acceptance Rate Pij  =  0.32025   mean delta_p=  0.07567
      Mean Acceptance Rate Pi   =  0.32968   mean delta_pi=  0.19677
      Mean Acceptance Rate b_mu =  0.31000        delta  =  0.00671
      Mean Acceptance Rate b_phi=  0.20800        delta  =  0.01801
 
 ########### NODE VALUES #############
 
Pij min         =     -0.78170  Pij max         =      1.42508  Average Pij     =      0.31322
Pij_til min     =     -2.37185  Pij_til max     =      1.92118  Average Pij_til =     -0.00143
PI min          =      0.00016  PI max          =      0.98539  Average PI      =      0.31344
Pi_beta_params values       1.30760      2.86913
 
 PILOT RUN:           19
   iteration=          50
   iteration=         100
   iteration=         150
   iteration=         200
   iteration=         250
   iteration=         300
   iteration=         350
   iteration=         400
   iteration=         450
   iteration=         500
  Acceptance Rate not achieved for      7087   out of    100000   p_ij vectors
  Acceptance Rate not achieved for      3826   out of    100000   pi
      Mean Acceptance Rate Pij  =  0.32037   mean delta_p=  0.07563
      Mean Acceptance Rate Pi   =  0.33604   mean delta_pi=  0.19819
      Mean Acceptance Rate b_mu =  0.28600        delta  =  0.00671
      Mean Acceptance Rate b_phi=  0.27200        delta  =  0.01801
 
 ########### NODE VALUES #############
 
Pij min         =     -0.53569  Pij max         =      1.53751  Average Pij     =      0.31316
Pij_til min     =     -1.85086  Pij_til max     =      2.04761  Average Pij_til =     -0.00147
PI min          =      0.00035  PI max          =      0.98638  Average PI      =      0.31341
Pi_beta_params values       1.30990      2.87134
 
 PILOT RUN:           20
   iteration=          50
   iteration=         100
   iteration=         150
   iteration=         200
   iteration=         250
   iteration=         300
   iteration=         350
   iteration=         400
   iteration=         450
   iteration=         500
  Acceptance Rate not achieved for      7083   out of    100000   p_ij vectors
  Acceptance Rate not achieved for      2612   out of    100000   pi
      Mean Acceptance Rate Pij  =  0.32204   mean delta_p=  0.07569
      Mean Acceptance Rate Pi   =  0.30966   mean delta_pi=  0.19751
      Mean Acceptance Rate b_mu =  0.33400        delta  =  0.00671
      Mean Acceptance Rate b_phi=  0.28200        delta  =  0.01801
 
 ########### NODE VALUES #############
 
Pij min         =     -0.51810  Pij max         =      1.69773  Average Pij     =      0.31319
Pij_til min     =     -1.93456  Pij_til max     =      2.20554  Average Pij_til =     -0.00169
PI min          =      0.00038  PI max          =      0.99184  Average PI      =      0.31350
Pi_beta_params values       1.30657      2.86875
 
 
 !!!!!!!!!!!!!!!!!!!!!!!!!!!!!!!!!!!!!!
         BURN-IN: START
 !!!!!!!!!!!!!!!!!!!!!!!!!!!!!!!!!!!!!!
 
   iteration=         250
   iteration=         500
   iteration=         750
   iteration=        1000
   iteration=        1250
   iteration=        1500
   iteration=        1750
   iteration=        2000
   iteration=        2250
   iteration=        2500
Pij min         =     -0.63404  Pij max         =      1.55290  Average Pij     =      0.31248
Pij_til min     =     -2.23380  Pij_til max     =      2.26510  Average Pij_til =      0.00076
PI min          =      0.00023  PI max          =      0.97652  Average PI      =      0.31211
Pi_beta_params values       1.40761      3.10557
 
 !!!!!!!!!!!!!!!!!!!!!!!!!!!!!!!!!!!!!!
         MCMC CHAIN STARTED
 !!!!!!!!!!!!!!!!!!!!!!!!!!!!!!!!!!!!!!
 
 
   iteration=          10
   iteration=          20
   iteration=          30
   iteration=          40
   iteration=          50
   iteration=          60
   iteration=          70
   iteration=          80
   iteration=          90
   iteration=         100
   iteration=         110
   iteration=         120
   iteration=         130
   iteration=         140
   iteration=         150
   iteration=         160
   iteration=         170
   iteration=         180
   iteration=         190
   iteration=         200
   iteration=         210
   iteration=         220
   iteration=         230
   iteration=         240
   iteration=         250
   iteration=         260
   iteration=         270
   iteration=         280
   iteration=         290
   iteration=         300
   iteration=         310
   iteration=         320
   iteration=         330
   iteration=         340
   iteration=         350
   iteration=         360
   iteration=         370
   iteration=         380
   iteration=         390
   iteration=         400
   iteration=         410
   iteration=         420
   iteration=         430
   iteration=         440
   iteration=         450
   iteration=         460
   iteration=         470
   iteration=         480
   iteration=         490
   iteration=         500
   iteration=         510
   iteration=         520
   iteration=         530
   iteration=         540
   iteration=         550
   iteration=         560
   iteration=         570
   iteration=         580
   iteration=         590
   iteration=         600
   iteration=         610
   iteration=         620
   iteration=         630
   iteration=         640
   iteration=         650
   iteration=         660
   iteration=         670
   iteration=         680
   iteration=         690
   iteration=         700
   iteration=         710
   iteration=         720
   iteration=         730
   iteration=         740
   iteration=         750
   iteration=         760
   iteration=         770
   iteration=         780
   iteration=         790
   iteration=         800
   iteration=         810
   iteration=         820
   iteration=         830
   iteration=         840
   iteration=         850
   iteration=         860
   iteration=         870
   iteration=         880
   iteration=         890
   iteration=         900
   iteration=         910
   iteration=         920
   iteration=         930
   iteration=         940
   iteration=         950
   iteration=         960
   iteration=         970
   iteration=         980
   iteration=         990
   iteration=        1000
      Mean Final Acceptance Rate Pij  =  -.39541   mean delta_pij=  0.07569
      Mean Final Acceptance Rate Pi   =  -.89729   mean delta_pi=  0.19751
      Mean Final Acceptance Rate b_mu =  0.28464        delta  =  0.00671
      Mean Final Acceptance Rate b_phi=  0.27088        delta  =  0.01801
Analysis took:  0 days  3 h  4 min 12 sec
