 No of Markers                      =     42046
 No of Populations                  =        18
 Genotype File name                 =    bta.geno
 
 !!!!!!!!!!!!!!!!!!!!!!!!!!!!!!!!!!!!!!
         Model Specifications
 !!!!!!!!!!!!!!!!!!!!!!!!!!!!!!!!!!!!!!
 
 
  -> MCMC Covariate Mode with   2 covariates (outlier detection and estimation of omega are inactivated)
  (*) Prior on Beta coef is U( -0.3000,  0.3000)
  (*) Auxiliary variable model with P~Beta( 0.020, 1.980) => BF will be calculated
        => No spatial dependancy between markers (isingbeta=0.)
 
 !!!!!!!!!!!!!!!!!!!!!!!!!!!!!!!!!!!!!!
            MCMC specifications
 !!!!!!!!!!!!!!!!!!!!!!!!!!!!!!!!!!!!!!
 
  Nb. of sampled parameter values       =         1000
  Thinning Rate                         =           25
  Burn in Period Length                 =         2500
  Max Number of Pilot runs              =           20
  Pilot run Length                      =          500
 
 Init. deltas for Pi proposals          =  0.5000
 Coop Pij proposal with init. sig. for Pi. multivariate prop.          =  0.0500
 Pilot Run Adj. Factor Pilot            =  1.25
 Targeted Rej./Acc. rates              =  0.25-0.40
 R.N.G. seed                            =    5001
 
 !!!!!!!!!!!!!!!!!!!!!!!!!!!!!!!!!!!!!!
         READING COVARIATE DATA
 !!!!!!!!!!!!!!!!!!!!!!!!!!!!!!!!!!!!!!
 
Cov:   1  (Mean =0.0000  SD =1.0000)
Cov:   2  (Mean =-.1111  SD =1.0226)
 
 !!!!!!!!!!!!!!!!!!!!!!!!!!!!!!!!!!!!!!
         READING COUNT DATA
 !!!!!!!!!!!!!!!!!!!!!!!!!!!!!!!!!!!!!!
 
First SNP ref. Allele count     8   11   24   15   12   45   10   26   18   18   16   30   28    9    8   14   25   22
First SNP total Gene count     44   36   60   44   58   92   38   88   44   40   40   44   60   42   60   36   44   36
Last  SNP ref. Allele count     1    0    1    2    1    2    1    0    1    0    0    0    8    0    1    0    0    1
Last  SNP total Gene count     44   36   60   42   58   92   38   88   44   40   40   44   60   36   60   34   44   36
 
 !!!!!!!!!!!!!!!!!!!!!!!!!!!!!!!!!!!!!!
         READING OMEGA MATRIX
 !!!!!!!!!!!!!!!!!!!!!!!!!!!!!!!!!!!!!!
 
 
 !!!!!!!!!!!!!!!!!!!!!!!!!!!!!!!!!!!!!!
         PILOT RUNS START
 !!!!!!!!!!!!!!!!!!!!!!!!!!!!!!!!!!!!!!
 
 
 ###########INITS VALUES#############
 
Pij min         =      0.01064  Pij max         =      0.98936  Average Pij     =      0.32069
Pij_til min     =     -1.49520  Pij_til max     =      2.96483  Average Pij_til =      0.00000
PI min          =      0.02672  PI max          =      0.96113  Average PI      =      0.32069
Pi_beta_params values       1.42996      3.02910
 PILOT RUN:            1
   iteration=          50
   iteration=         100
   iteration=         150
   iteration=         200
   iteration=         250
   iteration=         300
   iteration=         350
   iteration=         400
   iteration=         450
   iteration=         500
  Acceptance Rate not achieved for     32258   out of     42046   p_ij vectors
  Acceptance Rate not achieved for     24712   out of     42046   pi
  Acceptance Rate not achieved for     84092   out of     84092   betai
      Mean Acceptance Rate Pij  =  0.43008   mean delta_p=  0.05679
      Mean Acceptance Rate Pi   =  0.36412   mean delta_pi=  0.54254
      Mean Acceptance Rate Betai   =  0.99929   mean delta_betai=  0.06250
      Mean Acceptance Rate b_mu =  0.06800        delta  =  0.04000
      Mean Acceptance Rate b_phi=  0.01400        delta  =  0.80000
 
 ########### NODE VALUES #############
 
Pij min         =     -0.52591  Pij max         =      1.46368  Average Pij     =      0.31005
Pij_til min     =     -2.08619  Pij_til max     =      2.03849  Average Pij_til =     -0.00869
PI min          =      0.00265  PI max          =      0.98063  Average PI      =      0.31278
Pi_beta_params values       1.43945      3.16055
 
 PILOT RUN:            2
   iteration=          50
   iteration=         100
   iteration=         150
   iteration=         200
   iteration=         250
   iteration=         300
   iteration=         350
   iteration=         400
   iteration=         450
   iteration=         500
  Acceptance Rate not achieved for     21379   out of     42046   p_ij vectors
  Acceptance Rate not achieved for     10030   out of     42046   pi
  Acceptance Rate not achieved for     84092   out of     84092   betai
      Mean Acceptance Rate Pij  =  0.37882   mean delta_p=  0.06310
      Mean Acceptance Rate Pi   =  0.33609   mean delta_pi=  0.55054
      Mean Acceptance Rate Betai   =  0.99912   mean delta_betai=  0.07812
      Mean Acceptance Rate b_mu =  0.07600        delta  =  0.03200
      Mean Acceptance Rate b_phi=  0.00600        delta  =  0.64000
 
 ########### NODE VALUES #############
 
Pij min         =     -0.55206  Pij max         =      1.42702  Average Pij     =      0.31006
Pij_til min     =     -1.91117  Pij_til max     =      1.90508  Average Pij_til =     -0.00756
PI min          =      0.00230  PI max          =      0.98761  Average PI      =      0.31241
Pi_beta_params values       1.41408      3.11873
 
 PILOT RUN:            3
   iteration=          50
   iteration=         100
   iteration=         150
   iteration=         200
   iteration=         250
   iteration=         300
   iteration=         350
   iteration=         400
   iteration=         450
   iteration=         500
  Acceptance Rate not achieved for      4984   out of     42046   p_ij vectors
  Acceptance Rate not achieved for      6854   out of     42046   pi
  Acceptance Rate not achieved for     84092   out of     84092   betai
      Mean Acceptance Rate Pij  =  0.33892   mean delta_p=  0.06394
      Mean Acceptance Rate Pi   =  0.33186   mean delta_pi=  0.55428
      Mean Acceptance Rate Betai   =  0.99894   mean delta_betai=  0.09766
      Mean Acceptance Rate b_mu =  0.10000        delta  =  0.02560
      Mean Acceptance Rate b_phi=  0.01800        delta  =  0.51200
 
 ########### NODE VALUES #############
 
Pij min         =     -0.50860  Pij max         =      1.48242  Average Pij     =      0.31021
Pij_til min     =     -1.93790  Pij_til max     =      2.02378  Average Pij_til =     -0.00722
PI min          =      0.00195  PI max          =      0.97236  Average PI      =      0.31236
Pi_beta_params values       1.42805      3.13387
 
 PILOT RUN:            4
   iteration=          50
   iteration=         100
   iteration=         150
   iteration=         200
   iteration=         250
   iteration=         300
   iteration=         350
   iteration=         400
   iteration=         450
   iteration=         500
  Acceptance Rate not achieved for      3977   out of     42046   p_ij vectors
  Acceptance Rate not achieved for      5222   out of     42046   pi
  Acceptance Rate not achieved for     84092   out of     84092   betai
      Mean Acceptance Rate Pij  =  0.33454   mean delta_p=  0.06435
      Mean Acceptance Rate Pi   =  0.33081   mean delta_pi=  0.55727
      Mean Acceptance Rate Betai   =  0.99879   mean delta_betai=  0.12207
      Mean Acceptance Rate b_mu =  0.12400        delta  =  0.02048
      Mean Acceptance Rate b_phi=  0.01800        delta  =  0.40960
 
 ########### NODE VALUES #############
 
Pij min         =     -0.65382  Pij max         =      1.43762  Average Pij     =      0.31006
Pij_til min     =     -2.14021  Pij_til max     =      2.25966  Average Pij_til =     -0.00763
PI min          =      0.00123  PI max          =      0.96804  Average PI      =      0.31250
Pi_beta_params values       1.39533      3.06207
 
 PILOT RUN:            5
   iteration=          50
   iteration=         100
   iteration=         150
   iteration=         200
   iteration=         250
   iteration=         300
   iteration=         350
   iteration=         400
   iteration=         450
   iteration=         500
  Acceptance Rate not achieved for      3548   out of     42046   p_ij vectors
  Acceptance Rate not achieved for      4169   out of     42046   pi
  Acceptance Rate not achieved for     84092   out of     84092   betai
      Mean Acceptance Rate Pij  =  0.33223   mean delta_p=  0.06458
      Mean Acceptance Rate Pi   =  0.33023   mean delta_pi=  0.55975
      Mean Acceptance Rate Betai   =  0.99865   mean delta_betai=  0.15259
      Mean Acceptance Rate b_mu =  0.14000        delta  =  0.01638
      Mean Acceptance Rate b_phi=  0.02200        delta  =  0.32768
 
 ########### NODE VALUES #############
 
Pij min         =     -0.51702  Pij max         =      1.43508  Average Pij     =      0.31003
Pij_til min     =     -1.91122  Pij_til max     =      2.21645  Average Pij_til =     -0.00716
PI min          =      0.00148  PI max          =      0.97574  Average PI      =      0.31219
Pi_beta_params values       1.41384      3.12476
 
 PILOT RUN:            6
   iteration=          50
   iteration=         100
   iteration=         150
   iteration=         200
   iteration=         250
   iteration=         300
   iteration=         350
   iteration=         400
   iteration=         450
   iteration=         500
  Acceptance Rate not achieved for      3463   out of     42046   p_ij vectors
  Acceptance Rate not achieved for      3481   out of     42046   pi
  Acceptance Rate not achieved for     84092   out of     84092   betai
      Mean Acceptance Rate Pij  =  0.33111   mean delta_p=  0.06474
      Mean Acceptance Rate Pi   =  0.33000   mean delta_pi=  0.56192
      Mean Acceptance Rate Betai   =  0.99853   mean delta_betai=  0.19073
      Mean Acceptance Rate b_mu =  0.18200        delta  =  0.01311
      Mean Acceptance Rate b_phi=  0.03000        delta  =  0.26214
 
 ########### NODE VALUES #############
 
Pij min         =     -0.48600  Pij max         =      1.42593  Average Pij     =      0.31008
Pij_til min     =     -1.83996  Pij_til max     =      1.99372  Average Pij_til =     -0.00745
PI min          =      0.00180  PI max          =      0.98108  Average PI      =      0.31227
Pi_beta_params values       1.40310      3.08753
 
 PILOT RUN:            7
   iteration=          50
   iteration=         100
   iteration=         150
   iteration=         200
   iteration=         250
   iteration=         300
   iteration=         350
   iteration=         400
   iteration=         450
   iteration=         500
  Acceptance Rate not achieved for      3489   out of     42046   p_ij vectors
  Acceptance Rate not achieved for      2984   out of     42046   pi
  Acceptance Rate not achieved for     84090   out of     84092   betai
      Mean Acceptance Rate Pij  =  0.32988   mean delta_p=  0.06483
      Mean Acceptance Rate Pi   =  0.32935   mean delta_pi=  0.56356
      Mean Acceptance Rate Betai   =  0.99825   mean delta_betai=  0.23842
      Mean Acceptance Rate b_mu =  0.22800        delta  =  0.01049
      Mean Acceptance Rate b_phi=  0.03000        delta  =  0.20972
 
 ########### NODE VALUES #############
 
Pij min         =     -0.53462  Pij max         =      1.52801  Average Pij     =      0.31007
Pij_til min     =     -1.82324  Pij_til max     =      2.06332  Average Pij_til =     -0.00604
PI min          =      0.00068  PI max          =      0.96783  Average PI      =      0.31170
Pi_beta_params values       1.40938      3.11412
 
 PILOT RUN:            8
   iteration=          50
   iteration=         100
   iteration=         150
   iteration=         200
   iteration=         250
   iteration=         300
   iteration=         350
   iteration=         400
   iteration=         450
   iteration=         500
  Acceptance Rate not achieved for      3429   out of     42046   p_ij vectors
  Acceptance Rate not achieved for      2792   out of     42046   pi
  Acceptance Rate not achieved for     84089   out of     84092   betai
      Mean Acceptance Rate Pij  =  0.32977   mean delta_p=  0.06490
      Mean Acceptance Rate Pi   =  0.32979   mean delta_pi=  0.56551
      Mean Acceptance Rate Betai   =  0.99820   mean delta_betai=  0.29802
      Mean Acceptance Rate b_mu =  0.29000        delta  =  0.01049
      Mean Acceptance Rate b_phi=  0.04600        delta  =  0.16777
 
 ########### NODE VALUES #############
 
Pij min         =     -0.45956  Pij max         =      1.44881  Average Pij     =      0.31017
Pij_til min     =     -1.82589  Pij_til max     =      1.95436  Average Pij_til =     -0.00712
PI min          =      0.00110  PI max          =      0.98036  Average PI      =      0.31241
Pi_beta_params values       1.43087      3.14662
 
 PILOT RUN:            9
   iteration=          50
   iteration=         100
   iteration=         150
   iteration=         200
   iteration=         250
   iteration=         300
   iteration=         350
   iteration=         400
   iteration=         450
   iteration=         500
  Acceptance Rate not achieved for      3378   out of     42046   p_ij vectors
  Acceptance Rate not achieved for      2435   out of     42046   pi
  Acceptance Rate not achieved for     84090   out of     84092   betai
      Mean Acceptance Rate Pij  =  0.32945   mean delta_p=  0.06495
      Mean Acceptance Rate Pi   =  0.32932   mean delta_pi=  0.56719
      Mean Acceptance Rate Betai   =  0.99815   mean delta_betai=  0.37252
      Mean Acceptance Rate b_mu =  0.28000        delta  =  0.01049
      Mean Acceptance Rate b_phi=  0.07800        delta  =  0.13422
 
 ########### NODE VALUES #############
 
Pij min         =     -0.73384  Pij max         =      1.60838  Average Pij     =      0.31019
Pij_til min     =     -2.29306  Pij_til max     =      2.20795  Average Pij_til =     -0.00788
PI min          =      0.00137  PI max          =      0.98389  Average PI      =      0.31270
Pi_beta_params values       1.40374      3.10775
 
 PILOT RUN:           10
   iteration=          50
   iteration=         100
   iteration=         150
   iteration=         200
   iteration=         250
   iteration=         300
   iteration=         350
   iteration=         400
   iteration=         450
   iteration=         500
  Acceptance Rate not achieved for      3329   out of     42046   p_ij vectors
  Acceptance Rate not achieved for      2220   out of     42046   pi
  Acceptance Rate not achieved for     84090   out of     84092   betai
      Mean Acceptance Rate Pij  =  0.32906   mean delta_p=  0.06496
      Mean Acceptance Rate Pi   =  0.32931   mean delta_pi=  0.56874
      Mean Acceptance Rate Betai   =  0.99816   mean delta_betai=  0.46565
      Mean Acceptance Rate b_mu =  0.29000        delta  =  0.01049
      Mean Acceptance Rate b_phi=  0.05800        delta  =  0.10737
 
 ########### NODE VALUES #############
 
Pij min         =     -0.52162  Pij max         =      1.46136  Average Pij     =      0.31019
Pij_til min     =     -1.78733  Pij_til max     =      2.03622  Average Pij_til =     -0.00867
PI min          =      0.00105  PI max          =      0.96809  Average PI      =      0.31314
Pi_beta_params values       1.43225      3.15166
 
 PILOT RUN:           11
   iteration=          50
   iteration=         100
   iteration=         150
   iteration=         200
   iteration=         250
   iteration=         300
   iteration=         350
   iteration=         400
   iteration=         450
   iteration=         500
  Acceptance Rate not achieved for      3355   out of     42046   p_ij vectors
  Acceptance Rate not achieved for      2179   out of     42046   pi
  Acceptance Rate not achieved for     84090   out of     84092   betai
      Mean Acceptance Rate Pij  =  0.32900   mean delta_p=  0.06498
      Mean Acceptance Rate Pi   =  0.32921   mean delta_pi=  0.57020
      Mean Acceptance Rate Betai   =  0.99809   mean delta_betai=  0.58206
      Mean Acceptance Rate b_mu =  0.27600        delta  =  0.01049
      Mean Acceptance Rate b_phi=  0.09000        delta  =  0.08590
 
 ########### NODE VALUES #############
 
Pij min         =     -0.49229  Pij max         =      1.49432  Average Pij     =      0.31016
Pij_til min     =     -1.93483  Pij_til max     =      2.02869  Average Pij_til =     -0.00723
PI min          =      0.00113  PI max          =      0.97219  Average PI      =      0.31241
Pi_beta_params values       1.42300      3.11879
 
 PILOT RUN:           12
   iteration=          50
   iteration=         100
   iteration=         150
   iteration=         200
   iteration=         250
   iteration=         300
   iteration=         350
   iteration=         400
   iteration=         450
   iteration=         500
  Acceptance Rate not achieved for      3376   out of     42046   p_ij vectors
  Acceptance Rate not achieved for      2134   out of     42046   pi
  Acceptance Rate not achieved for     84087   out of     84092   betai
      Mean Acceptance Rate Pij  =  0.32863   mean delta_p=  0.06501
      Mean Acceptance Rate Pi   =  0.32841   mean delta_pi=  0.57136
      Mean Acceptance Rate Betai   =  0.99803   mean delta_betai=  0.72757
      Mean Acceptance Rate b_mu =  0.28800        delta  =  0.01049
      Mean Acceptance Rate b_phi=  0.10600        delta  =  0.06872
 
 ########### NODE VALUES #############
 
Pij min         =     -0.53067  Pij max         =      1.37969  Average Pij     =      0.31025
Pij_til min     =     -1.90950  Pij_til max     =      2.05347  Average Pij_til =     -0.00746
PI min          =      0.00060  PI max          =      0.98196  Average PI      =      0.31252
Pi_beta_params values       1.42452      3.14652
 
 PILOT RUN:           13
   iteration=          50
   iteration=         100
   iteration=         150
   iteration=         200
   iteration=         250
   iteration=         300
   iteration=         350
   iteration=         400
   iteration=         450
   iteration=         500
  Acceptance Rate not achieved for      3326   out of     42046   p_ij vectors
  Acceptance Rate not achieved for      2013   out of     42046   pi
  Acceptance Rate not achieved for     84090   out of     84092   betai
      Mean Acceptance Rate Pij  =  0.32911   mean delta_p=  0.06504
      Mean Acceptance Rate Pi   =  0.32867   mean delta_pi=  0.57266
      Mean Acceptance Rate Betai   =  0.99814   mean delta_betai=  0.90947
      Mean Acceptance Rate b_mu =  0.24600        delta  =  0.00839
      Mean Acceptance Rate b_phi=  0.09400        delta  =  0.05498
 
 ########### NODE VALUES #############
 
Pij min         =     -0.52480  Pij max         =      1.52717  Average Pij     =      0.31008
Pij_til min     =     -1.87315  Pij_til max     =      1.92164  Average Pij_til =     -0.00892
PI min          =      0.00136  PI max          =      0.97432  Average PI      =      0.31300
Pi_beta_params values       1.41410      3.07279
 
 PILOT RUN:           14
   iteration=          50
   iteration=         100
   iteration=         150
   iteration=         200
   iteration=         250
   iteration=         300
   iteration=         350
   iteration=         400
   iteration=         450
   iteration=         500
  Acceptance Rate not achieved for      3406   out of     42046   p_ij vectors
  Acceptance Rate not achieved for      1985   out of     42046   pi
  Acceptance Rate not achieved for     84090   out of     84092   betai
      Mean Acceptance Rate Pij  =  0.32878   mean delta_p=  0.06505
      Mean Acceptance Rate Pi   =  0.32846   mean delta_pi=  0.57395
      Mean Acceptance Rate Betai   =  0.99819   mean delta_betai=  1.13683
      Mean Acceptance Rate b_mu =  0.34000        delta  =  0.00839
      Mean Acceptance Rate b_phi=  0.12000        delta  =  0.04398
 
 ########### NODE VALUES #############
 
Pij min         =     -0.57385  Pij max         =      1.48809  Average Pij     =      0.31003
Pij_til min     =     -2.02960  Pij_til max     =      1.93633  Average Pij_til =     -0.00807
PI min          =      0.00130  PI max          =      0.97375  Average PI      =      0.31260
Pi_beta_params values       1.41853      3.13691
 
 PILOT RUN:           15
   iteration=          50
   iteration=         100
   iteration=         150
   iteration=         200
   iteration=         250
   iteration=         300
   iteration=         350
   iteration=         400
   iteration=         450
   iteration=         500
  Acceptance Rate not achieved for      3275   out of     42046   p_ij vectors
  Acceptance Rate not achieved for      1917   out of     42046   pi
  Acceptance Rate not achieved for     84090   out of     84092   betai
      Mean Acceptance Rate Pij  =  0.32822   mean delta_p=  0.06503
      Mean Acceptance Rate Pi   =  0.32766   mean delta_pi=  0.57492
      Mean Acceptance Rate Betai   =  0.99812   mean delta_betai=  1.42104
      Mean Acceptance Rate b_mu =  0.38000        delta  =  0.00839
      Mean Acceptance Rate b_phi=  0.16800        delta  =  0.03518
 
 ########### NODE VALUES #############
 
Pij min         =     -0.53592  Pij max         =      1.42729  Average Pij     =      0.31012
Pij_til min     =     -1.94798  Pij_til max     =      1.92721  Average Pij_til =     -0.00743
PI min          =      0.00031  PI max          =      0.97288  Average PI      =      0.31236
Pi_beta_params values       1.42737      3.11962
 
 PILOT RUN:           16
   iteration=          50
   iteration=         100
   iteration=         150
   iteration=         200
   iteration=         250
   iteration=         300
   iteration=         350
   iteration=         400
   iteration=         450
   iteration=         500
  Acceptance Rate not achieved for      3280   out of     42046   p_ij vectors
  Acceptance Rate not achieved for      1858   out of     42046   pi
  Acceptance Rate not achieved for     84090   out of     84092   betai
      Mean Acceptance Rate Pij  =  0.32864   mean delta_p=  0.06502
      Mean Acceptance Rate Pi   =  0.32757   mean delta_pi=  0.57586
      Mean Acceptance Rate Betai   =  0.99812   mean delta_betai=  1.77630
      Mean Acceptance Rate b_mu =  0.33200        delta  =  0.00839
      Mean Acceptance Rate b_phi=  0.19600        delta  =  0.02815
 
 ########### NODE VALUES #############
 
Pij min         =     -0.68562  Pij max         =      1.49671  Average Pij     =      0.31015
Pij_til min     =     -2.17060  Pij_til max     =      1.97229  Average Pij_til =     -0.00751
PI min          =      0.00027  PI max          =      0.98089  Average PI      =      0.31247
Pi_beta_params values       1.41764      3.12205
 
 PILOT RUN:           17
   iteration=          50
   iteration=         100
   iteration=         150
   iteration=         200
   iteration=         250
   iteration=         300
   iteration=         350
   iteration=         400
   iteration=         450
   iteration=         500
  Acceptance Rate not achieved for      3391   out of     42046   p_ij vectors
  Acceptance Rate not achieved for      1869   out of     42046   pi
  Acceptance Rate not achieved for     84090   out of     84092   betai
      Mean Acceptance Rate Pij  =  0.32841   mean delta_p=  0.06500
      Mean Acceptance Rate Pi   =  0.32692   mean delta_pi=  0.57662
      Mean Acceptance Rate Betai   =  0.99811   mean delta_betai=  2.22037
      Mean Acceptance Rate b_mu =  0.38000        delta  =  0.00839
      Mean Acceptance Rate b_phi=  0.25000        delta  =  0.02815
 
 ########### NODE VALUES #############
 
Pij min         =     -0.47334  Pij max         =      1.37290  Average Pij     =      0.31021
Pij_til min     =     -1.94500  Pij_til max     =      2.07490  Average Pij_til =     -0.00784
PI min          =      0.00161  PI max          =      0.97519  Average PI      =      0.31270
Pi_beta_params values       1.40439      3.06503
 
 PILOT RUN:           18
   iteration=          50
   iteration=         100
   iteration=         150
   iteration=         200
   iteration=         250
   iteration=         300
   iteration=         350
   iteration=         400
   iteration=         450
   iteration=         500
  Acceptance Rate not achieved for      3373   out of     42046   p_ij vectors
  Acceptance Rate not achieved for      1843   out of     42046   pi
  Acceptance Rate not achieved for     84088   out of     84092   betai
      Mean Acceptance Rate Pij  =  0.32857   mean delta_p=  0.06497
      Mean Acceptance Rate Pi   =  0.32645   mean delta_pi=  0.57728
      Mean Acceptance Rate Betai   =  0.99803   mean delta_betai=  2.77545
      Mean Acceptance Rate b_mu =  0.32200        delta  =  0.00839
      Mean Acceptance Rate b_phi=  0.25600        delta  =  0.02815
 
 ########### NODE VALUES #############
 
Pij min         =     -0.66620  Pij max         =      1.53198  Average Pij     =      0.31007
Pij_til min     =     -2.11421  Pij_til max     =      2.29802  Average Pij_til =     -0.00719
PI min          =      0.00166  PI max          =      0.97411  Average PI      =      0.31230
Pi_beta_params values       1.40238      3.08168
 
 PILOT RUN:           19
   iteration=          50
   iteration=         100
   iteration=         150
   iteration=         200
   iteration=         250
   iteration=         300
   iteration=         350
   iteration=         400
   iteration=         450
   iteration=         500
  Acceptance Rate not achieved for      3360   out of     42046   p_ij vectors
  Acceptance Rate not achieved for      1799   out of     42046   pi
  Acceptance Rate not achieved for     84089   out of     84092   betai
      Mean Acceptance Rate Pij  =  0.32902   mean delta_p=  0.06501
      Mean Acceptance Rate Pi   =  0.32698   mean delta_pi=  0.57827
      Mean Acceptance Rate Betai   =  0.99811   mean delta_betai=  3.46930
      Mean Acceptance Rate b_mu =  0.37600        delta  =  0.00839
      Mean Acceptance Rate b_phi=  0.27800        delta  =  0.02815
 
 ########### NODE VALUES #############
 
Pij min         =     -0.48450  Pij max         =      1.40047  Average Pij     =      0.31009
Pij_til min     =     -1.91872  Pij_til max     =      1.93569  Average Pij_til =     -0.00871
PI min          =      0.00162  PI max          =      0.97502  Average PI      =      0.31284
Pi_beta_params values       1.40782      3.06960
 
 PILOT RUN:           20
   iteration=          50
   iteration=         100
   iteration=         150
   iteration=         200
   iteration=         250
   iteration=         300
   iteration=         350
   iteration=         400
   iteration=         450
   iteration=         500
  Acceptance Rate not achieved for      3290   out of     42046   p_ij vectors
  Acceptance Rate not achieved for      1754   out of     42046   pi
  Acceptance Rate not achieved for     84087   out of     84092   betai
      Mean Acceptance Rate Pij  =  0.32876   mean delta_p=  0.06503
      Mean Acceptance Rate Pi   =  0.32650   mean delta_pi=  0.57891
      Mean Acceptance Rate Betai   =  0.99806   mean delta_betai=  4.33657
      Mean Acceptance Rate b_mu =  0.35000        delta  =  0.00839
      Mean Acceptance Rate b_phi=  0.27200        delta  =  0.02815
 
 ########### NODE VALUES #############
 
Pij min         =     -0.54755  Pij max         =      1.51605  Average Pij     =      0.31020
Pij_til min     =     -2.00924  Pij_til max     =      2.20251  Average Pij_til =     -0.00697
PI min          =      0.00157  PI max          =      0.97616  Average PI      =      0.31231
Pi_beta_params values       1.41581      3.09622
 
 
 !!!!!!!!!!!!!!!!!!!!!!!!!!!!!!!!!!!!!!
         BURN-IN: START
 !!!!!!!!!!!!!!!!!!!!!!!!!!!!!!!!!!!!!!
 
   iteration=         250
   iteration=         500
   iteration=         750
   iteration=        1000
   iteration=        1250
   iteration=        1500
   iteration=        1750
   iteration=        2000
   iteration=        2250
   iteration=        2500
Pij min         =     -0.55372  Pij max         =      1.45503  Average Pij     =      0.30989
Pij_til min     =     -1.87398  Pij_til max     =      2.25799  Average Pij_til =     -0.00858
PI min          =      0.00083  PI max          =      0.97915  Average PI      =      0.31257
Pi_beta_params values       1.43401      3.14005
 
 !!!!!!!!!!!!!!!!!!!!!!!!!!!!!!!!!!!!!!
         MCMC CHAIN STARTED
 !!!!!!!!!!!!!!!!!!!!!!!!!!!!!!!!!!!!!!
 
 
   iteration=          10
   iteration=          20
   iteration=          30
   iteration=          40
   iteration=          50
   iteration=          60
   iteration=          70
   iteration=          80
   iteration=          90
   iteration=         100
   iteration=         110
   iteration=         120
   iteration=         130
   iteration=         140
   iteration=         150
   iteration=         160
   iteration=         170
   iteration=         180
   iteration=         190
   iteration=         200
   iteration=         210
   iteration=         220
   iteration=         230
   iteration=         240
   iteration=         250
   iteration=         260
   iteration=         270
   iteration=         280
   iteration=         290
   iteration=         300
   iteration=         310
   iteration=         320
   iteration=         330
   iteration=         340
   iteration=         350
   iteration=         360
   iteration=         370
   iteration=         380
   iteration=         390
   iteration=         400
   iteration=         410
   iteration=         420
   iteration=         430
   iteration=         440
   iteration=         450
   iteration=         460
   iteration=         470
   iteration=         480
   iteration=         490
   iteration=         500
   iteration=         510
   iteration=         520
   iteration=         530
   iteration=         540
   iteration=         550
   iteration=         560
   iteration=         570
   iteration=         580
   iteration=         590
   iteration=         600
   iteration=         610
   iteration=         620
   iteration=         630
   iteration=         640
   iteration=         650
   iteration=         660
   iteration=         670
   iteration=         680
   iteration=         690
   iteration=         700
   iteration=         710
   iteration=         720
   iteration=         730
   iteration=         740
   iteration=         750
   iteration=         760
   iteration=         770
   iteration=         780
   iteration=         790
   iteration=         800
   iteration=         810
   iteration=         820
   iteration=         830
   iteration=         840
   iteration=         850
   iteration=         860
   iteration=         870
   iteration=         880
   iteration=         890
   iteration=         900
   iteration=         910
   iteration=         920
   iteration=         930
   iteration=         940
   iteration=         950
   iteration=         960
   iteration=         970
   iteration=         980
   iteration=         990
   iteration=        1000
      Mean Final Acceptance Rate Pij  =  0.33501   mean delta_pij=  0.06503
      Mean Final Acceptance Rate Pi   =  0.32850   mean delta_pi=  0.57891
      Mean Final Acceptance Rate b_mu =  0.33668        delta  =  0.00839
      Mean Final Acceptance Rate b_phi=  0.26488        delta  =  0.02815
Analysis took:  0 days  1 h 22 min 51 sec
