   locus        mean         std         KLD
       1    0.703502    0.749909    0.008256
       2    0.755630    0.811636    0.007093
       3    0.790830    0.897263    0.024176
       4    0.756099    0.743962    0.000324
       5    0.685163    0.771299    0.025092
       6    0.714263    0.730148    0.002315
       7    0.706335    0.749722    0.007236
       8    0.738269    0.767089    0.002299
       9    0.735439    0.759261    0.001788
      10    0.785196    0.828508    0.004615
      11    0.798307    0.856159    0.008211
      12    0.723471    0.767657    0.005843
      13    0.693829    0.748982    0.011849
      14    0.734196    0.762965    0.002467
      15    0.701993    0.727101    0.004453
      16    0.779319    0.766683    0.000752
      17    0.816621    0.856717    0.006067
      18    0.700277    0.718339    0.003839
      19    0.748566    0.783389    0.002875
      20    0.732197    0.744308    0.000916
      21    0.763556    0.796419    0.002445
      22    1.269604    1.412867    0.176321
      23    0.697423    0.703209    0.003374
      24    0.653630    0.692795    0.014934
      25    0.783865    0.846580    0.008866
      26    0.744984    0.756131    0.000428
      27    0.661031    0.658261    0.008823
      28    0.858386    0.837428    0.008979
      29    0.729106    0.796091    0.011568
      30    0.716250    0.786119    0.013752
      31    0.770111    0.748416    0.001155
      32    0.706117    0.712814    0.002496
      33    0.755143    0.740498    0.000477
      34    0.725982    0.760957    0.003882
      35    0.837746    0.889746    0.010285
      36    0.709930    0.682539    0.003929
      37    0.764070    0.786419    0.001162
      38    0.764337    0.796156    0.002300
      39    0.796460    0.818242    0.002287
      40    0.770105    0.811098    0.003819
      41    0.807816    0.798347    0.002319
      42    0.760273    0.746024    0.000451
      43    0.943156    0.988230    0.028978
      44    0.702272    0.753235    0.009556
      45    0.818642    0.824763    0.003212
      46    0.818014    0.836795    0.003767
      47    0.883912    0.944852    0.018777
      48    0.839522    0.948844    0.027268
      49    0.826345    0.865699    0.006889
      50    0.792591    0.841283    0.005949
      51    0.732769    0.771834    0.004212
      52    0.694103    0.705919    0.004051
      53    0.750699    0.783742    0.002555
      54    0.729869    0.760486    0.002952
      55    0.925180    1.025942    0.036753
      56    0.747091    0.750561    0.000119
      57    0.750824    0.757076    0.000129
      58    0.766645    0.803664    0.003106
      59    0.770066    0.786179    0.000723
      60    0.711652    0.826717    0.035301
      61    0.709953    0.705307    0.002074
      62    0.708377    0.738316    0.004487
      63    0.808937    0.870800    0.009789
      64    0.740574    0.746035    0.000317
      65    0.704965    0.757114    0.009549
      66    0.723095    0.743999    0.002134
      67    0.762747    0.768927    0.000118
      68    0.744565    0.739199    0.000201
      69    0.731069    0.713924    0.001301
      70    0.787029    0.843521    0.007415
      71    0.691543    0.683531    0.004146
      72    0.770431    0.811110    0.003768
      73    0.735995    0.741910    0.000484
      74    0.749161    0.763061    0.000511
      75    0.729973    0.713103    0.001333
      76    0.804452    0.963832    0.051933
      77    0.697385    0.697845    0.003285
      78    0.795307    0.818855    0.002380
      79    0.799999    0.837956    0.004471
      80    0.682831    0.704613    0.006481
      81    0.792775    0.861353    0.010718
      82    0.717540    0.764598    0.006975
      83    0.715337    0.748707    0.004406
      84    0.842978    0.823989    0.006627
      85    0.712620    0.714486    0.001807
      86    0.773437    0.813614    0.003729
      87    0.788722    0.782897    0.000915
      88    0.837554    0.965786    0.035267
      89    0.765791    0.741331    0.001366
      90    0.786810    0.846961    0.008292
      91    0.722187    0.750045    0.003035
      92    0.715811    0.744605    0.003650
      93    0.803340    0.825045    0.002750
      94    0.691295    0.689151    0.004022
      95    0.776011    0.750771    0.001656
      96    0.761965    0.760121    0.000027
      97    0.741704    0.722984    0.001017
      98    0.704082    0.724073    0.003628
      99    0.715044    0.766626    0.008322
     100    0.734850    0.701873    0.003022
     101    0.777314    0.842928    0.009533
     102    0.733044    0.778217    0.005429
     103    0.703261    0.732024    0.004832
     104    0.700962    0.735460    0.006036
     105    0.779462    0.854619    0.012391
     106    0.805787    0.896006    0.018084
     107    0.762427    0.781142    0.000816
     108    0.770753    0.782487    0.000469
     109    0.864068    0.893765    0.010673
     110    0.724864    0.729354    0.000986
     111    0.846134    0.941207    0.022632
     112    0.764253    0.763786    0.000045
     113    0.706833    0.717483    0.002609
     114    0.706300    0.736184    0.004685
     115    0.745130    0.762026    0.000803
     116    0.733088    0.828238    0.022112
     117    0.861013    0.854094    0.008716
     118    0.783974    0.778069    0.000684
     119    0.771409    0.755652    0.000703
     120    0.738548    0.735309    0.000327
     121    0.708094    0.758756    0.008801
     122    0.730440    0.742634    0.001005
     123    0.788738    0.773931    0.001293
     124    0.746833    0.770998    0.001461
     125    0.737145    0.747059    0.000595
     126    0.676068    0.668127    0.006343
     127    0.755509    0.764176    0.000179
     128    0.807086    0.867600    0.009344
     129    0.711415    0.793799    0.019114
     130    0.854476    0.897795    0.010959
     131    0.766980    0.858421    0.018327
     132    0.777542    0.797482    0.001222
     133    0.700661    0.693391    0.003057
     134    0.773523    0.819672    0.004839
     135    0.703483    0.714679    0.002969
     136    0.697718    0.711003    0.003726
     137    0.775576    0.833898    0.007591
     138    0.737174    0.763777    0.002051
     139    0.768276    0.743362    0.001449
     140    0.750369    0.757497    0.000162
     141    0.661877    0.701781    0.013346
     142    0.789994    0.853239    0.009183
     143    0.714177    0.714043    0.001670
     144    0.731516    0.783058    0.006997
     145    0.827881    0.871804    0.007765
     146    0.777369    0.811090    0.002799
     147    0.725340    0.793458    0.012257
     148    0.756979    0.795589    0.003375
     149    0.708967    0.717855    0.002321
     150    0.774661    0.800459    0.001713
     151    0.800977    0.878617    0.013706
     152    0.726938    0.794675    0.011992
     153    0.683038    0.721632    0.009257
     154    0.679252    0.706739    0.007810
     155    0.713095    0.747518    0.004783
     156    0.761115    0.773352    0.000358
     157    0.704695    0.733034    0.004617
     158    0.775266    0.783288    0.000428
     159    0.679953    0.665804    0.006120
     160    0.845041    0.939214    0.022218
     161    0.777959    0.800250    0.001448
     162    0.727321    0.797287    0.012702
     163    0.746568    0.761540    0.000629
     164    0.774193    0.759588    0.000699
     165    0.794132    0.801972    0.001291
     166    0.743163    0.724760    0.000949
     167    0.752222    0.775369    0.001259
     168    0.826007    0.831111    0.003960
     169    0.760417    0.800803    0.003667
     170    0.812523    0.839666    0.004013
     171    1.165762    1.357959    0.142885
     172    0.775868    0.789238    0.000696
     173    0.721609    0.715407    0.001224
     174    0.778257    0.806798    0.002137
     175    0.916601    1.061824    0.051600
     176    0.672016    0.744288    0.021694
     177    0.714306    0.713940    0.001660
     178    0.790398    0.889906    0.021268
     179    0.767360    0.751141    0.000655
     180    0.829932    0.889462    0.010995
     181    0.884852    0.931260    0.016381
     182    0.859791    0.946525    0.021531
     183    0.760063    0.744258    0.000554
     184    0.654191    0.656945    0.010196
     185    0.801336    0.824491    0.002737
     186    0.814152    0.836303    0.003675
     187    0.819516    0.857196    0.005969
     188    0.703392    0.755700    0.009780
     189    0.823584    0.922874    0.022295
     190    0.752946    0.740081    0.000382
     191    0.760912    0.800112    0.003455
     192    0.777020    0.728721    0.005319
     193    0.738720    0.811738    0.012867
     194    0.766446    0.835910    0.010652
     195    0.732481    0.756505    0.001945
     196    0.751611    0.821788    0.011248
     197    0.797441    0.860279    0.009381
     198    0.816013    0.859399    0.006544
     199    0.761670    0.766605    0.000077
     200    0.735502    0.719530    0.001011
     201    0.747333    0.793357    0.004991
     202    0.665649    0.687370    0.009332
     203    0.757384    0.858073    0.022652
     204    0.732597    0.710582    0.001685
     205    0.712928    0.695249    0.002551
     206    0.743838    0.689957    0.006933
     207    0.864357    0.938590    0.018682
     208    0.763443    0.764316    0.000037
     209    0.796672    0.799984    0.001345
     210    0.812757    0.863847    0.007688
     211    0.700220    0.664209    0.006370
     212    0.743720    0.735955    0.000292
     213    0.787670    0.887660    0.021460
     214    0.717533    0.754691    0.004893
     215    0.778927    0.852300    0.011828
     216    0.742376    0.790776    0.005687
     217    0.728251    0.741799    0.001203
     218    0.733028    0.779867    0.005797
     219    0.823889    0.820178    0.003700
     220    0.696532    0.747629    0.010329
     221    0.753489    0.766221    0.000390
     222    0.758948    0.748008    0.000262
     223    0.795938    0.864652    0.010876
     224    0.692757    0.705903    0.004306
     225    0.727325    0.749154    0.001973
     226    0.709829    0.681901    0.004014
     227    0.820584    0.901132    0.015726
     228    0.736119    0.754747    0.001232
     229    0.718526    0.763348    0.006378
     230    0.813520    0.816662    0.002668
     231    0.756756    0.751377    0.000061
     232    0.713611    0.735329    0.002927
     233    0.785482    0.753846    0.002762
     234    0.787371    0.767373    0.001597
     235    0.763041    0.833805    0.011102
     236    0.792908    0.887931    0.019516
     237    0.784676    0.745027    0.003928
     238    0.736299    0.767011    0.002648
     239    0.748378    0.744514    0.000098
     240    0.790839    0.801556    0.001210
     241    0.674494    0.709805    0.009977
     242    0.714544    0.736368    0.002861
     243    0.744817    0.762699    0.000891
     244    0.656048    0.671346    0.010504
     245    0.739139    0.695042    0.004870
     246    0.901885    0.994789    0.029888
     247    0.772271    0.773026    0.000200
     248    0.830678    0.885941    0.010158
     249    0.734175    0.767232    0.003102
     250    0.741481    0.755064    0.000660
     251    0.827083    0.869456    0.007431
     252    0.736599    0.782055    0.005301
     253    0.711381    0.704541    0.002013
     254    0.783773    0.870117    0.016197
     255    0.694843    0.747554    0.011005
     256    0.813136    0.852830    0.005704
     257    0.726087    0.730915    0.000924
     258    0.717558    0.748446    0.003823
     259    0.726677    0.785557    0.009295
     260    0.765972    0.795369    0.001987
     261    0.745793    0.802957    0.007693
     262    0.735362    0.751790    0.001077
     263    0.747722    0.793313    0.004888
     264    0.784299    0.808482    0.001874
     265    0.776300    0.795866    0.001151
     266    0.781971    0.809215    0.002112
     267    0.695257    0.717573    0.004876
     268    0.702712    0.756575    0.010292
     269    0.769042    0.760047    0.000292
     270    0.922363    1.082503    0.059347
     271    0.766737    0.808084    0.003850
     272    0.763680    0.784642    0.001025
     273    0.777997    0.801852    0.001604
     274    0.696197    0.792951    0.028161
     275    0.720720    0.761605    0.005361
     276    0.762387    0.798683    0.002967
     277    0.801769    0.836023    0.004049
     278    0.688766    0.769757    0.022085
     279    0.737244    0.808102    0.012237
     280    0.727042    0.791850    0.011043
     281    0.949804    1.011558    0.033236
     282    0.686268    0.710272    0.006266
     283    0.712005    0.788451    0.016661
     284    0.785682    0.783441    0.000704
     285    0.743169    0.789929    0.005292
     286    0.726113    0.753299    0.002688
     287    0.803126    0.785642    0.002375
     288    0.774000    0.778365    0.000290
     289    0.815050    0.816663    0.002795
     290    0.762106    0.769567    0.000152
     291    0.792079    0.825061    0.003292
     292    0.757211    0.795218    0.003269
     293    0.811692    0.870876    0.009346
     294    0.728088    0.696571    0.003154
     295    0.769128    0.785092    0.000693
     296    0.805661    0.812297    0.002066
     297    0.728120    0.805830    0.015390
     298    0.792352    0.754644    0.003958
     299    0.704065    0.697281    0.002688
     300    0.749289    0.729886    0.000904
     301    0.765893    0.767217    0.000072
     302    0.776310    0.852738    0.012785
     303    0.780216    0.858920    0.013543
     304    0.750057    0.748210    0.000050
     305    0.713303    0.783122    0.014066
     306    0.669859    0.677455    0.007370
     307    0.823181    0.888342    0.011683
     308    0.695293    0.712327    0.004314
     309    0.764648    0.768519    0.000086
     310    0.702651    0.675300    0.004655
     311    0.742505    0.754979    0.000563
     312    0.774828    0.835704    0.008232
     313    0.833110    0.840716    0.004840
     314    0.728439    0.750194    0.001902
     315    0.779866    0.828468    0.005468
     316    0.713802    0.707757    0.001787
     317    0.849740    0.954599    0.026462
     318    0.704912    0.735762    0.004981
     319    0.751724    0.731872    0.000911
     320    0.798343    0.835414    0.004233
     321    0.791665    0.780492    0.001260
     322    0.813648    0.825510    0.002941
     323    0.777775    0.795240    0.001030
     324    0.818753    0.909577    0.018953
     325    0.724048    0.697747    0.002667
     326    0.766065    0.790078    0.001354
     327    0.735314    0.736858    0.000429
     328    0.690978    0.717972    0.006039
     329    0.730783    0.752776    0.001803
     330    0.797964    0.802608    0.001454
     331    0.705506    0.727403    0.003693
     332    0.771348    0.877008    0.024215
     333    0.718685    0.731744    0.001769
     334    0.748631    0.790208    0.004060
     335    0.773757    0.779789    0.000322
     336    0.748712    0.761895    0.000473
     337    0.681778    0.698984    0.006140
     338    0.763229    0.800386    0.003109
     339    0.690987    0.694432    0.004085
     340    0.707928    0.783948    0.017023
     341    0.765528    0.749869    0.000589
     342    0.780992    0.853801    0.011676
     343    0.740767    0.771887    0.002532
     344    0.745603    0.735230    0.000358
     345    0.808155    0.884464    0.013652
     346    0.641348    0.723321    0.033981
     347    0.853083    0.845327    0.007517
     348    0.793891    0.764021    0.002954
     349    0.852055    0.896187    0.010743
     350    0.787213    0.788375    0.000775
     351    0.695182    0.716852    0.004809
     352    0.702921    0.761436    0.011622
     353    0.738528    0.740316    0.000315
     354    0.671391    0.694334    0.008461
     355    0.833790    0.878027    0.008458
     356    0.724976    0.757686    0.003572
     357    0.780947    0.829612    0.005510
     358    0.751268    0.782949    0.002343
     359    0.771825    0.834836    0.008780
     360    0.807154    0.860236    0.007685
     361    0.760572    0.792252    0.002268
     362    0.820780    0.906021    0.017217
     363    0.789121    0.774531    0.001300
     364    0.756095    0.788976    0.002460
     365    0.711840    0.756009    0.006842
     366    0.741690    0.791650    0.006074
     367    0.678416    0.691723    0.006314
     368    0.717577    0.719824    0.001426
     369    0.689073    0.747406    0.013531
     370    0.724046    0.783833    0.009771
     371    0.701180    0.713868    0.003303
     372    0.790234    0.848194    0.007876
     373    0.746368    0.810470    0.009606
     374    0.893244    0.987311    0.028714
     375    0.710026    0.743363    0.004880
     376    1.156387    1.308342    0.125966
     377    1.401907    1.554596    0.250832
     378    0.944127    1.044361    0.040752
     379    0.779882    0.876478    0.020124
     380    0.699979    0.673336    0.004850
     381    0.805323    0.863546    0.008696
     382    0.788839    0.824707    0.003542
     383    0.834125    0.897028    0.012189
     384    0.711018    0.728068    0.002687
     385    0.682236    0.667054    0.005863
     386    0.800252    0.820341    0.002393
     387    0.712559    0.731710    0.002748
     388    0.752967    0.756054    0.000039
     389    0.755435    0.723116    0.002347
     390    0.758234    0.802120    0.004339
     391    0.825947    0.850641    0.005070
     392    0.770914    0.789604    0.000937
     393    0.738864    0.761226    0.001493
     394    0.818760    0.851413    0.005218
     395    0.730151    0.739761    0.000881
     396    0.759785    0.756657    0.000026
     397    0.755397    0.786946    0.002272
     398    0.826515    0.874570    0.008340
     399    0.737049    0.745974    0.000554
     400    0.732983    0.744709    0.000858
     401    0.751709    0.783277    0.002320
     402    0.737818    0.792122    0.007323
     403    0.803423    0.916091    0.026988
     404    0.737549    0.727430    0.000574
     405    0.761797    0.771849    0.000252
     406    0.732983    0.781741    0.006238
     407    0.723074    0.708371    0.001563
     408    0.695912    0.699557    0.003492
     409    0.759542    0.757046    0.000017
     410    0.807260    0.879451    0.012402
     411    0.823828    0.825096    0.003674
     412    0.811775    0.873299    0.009902
     413    0.795999    0.815682    0.002080
     414    0.771670    0.745236    0.001680
     415    0.725211    0.724736    0.000913
     416    0.711570    0.741390    0.004169
     417    0.695266    0.744096    0.009900
     418    0.813532    0.854680    0.005966
     419    0.824353    0.855164    0.005547
     420    0.723974    0.737428    0.001443
     421    0.697101    0.710526    0.003806
     422    0.730219    0.731863    0.000654
     423    0.819835    0.819146    0.003255
     424    0.729645    0.703397    0.002327
     425    0.802911    0.818062    0.002231
     426    0.770792    0.811226    0.003730
     427    0.749281    0.773784    0.001451
     428    0.768099    0.811522    0.004245
     429    0.761479    0.904134    0.044804
     430    0.797971    0.871674    0.012390
     431    0.716046    0.784440    0.013266
     432    0.749763    0.798367    0.005481
     433    0.797755    0.788085    0.001574
     434    0.798344    0.761851    0.004112
     435    0.737527    0.792429    0.007493
     436    0.697321    0.711656    0.003849
     437    0.781070    0.861611    0.014162
     438    0.876445    0.880297    0.011284
     439    0.768006    0.764081    0.000133
     440    0.913703    1.030826    0.039906
     441    0.694470    0.755744    0.013650
     442    0.760988    0.765382    0.000060
     443    0.804260    0.811403    0.001971
     444    0.776729    0.804414    0.001988
     445    0.725096    0.764073    0.004665
     446    0.760731    0.782474    0.001081
     447    0.825933    0.912241    0.017936
     448    0.706092    0.693827    0.002755
     449    0.699316    0.703583    0.003122
     450    0.732815    0.797501    0.010562
     451    0.736545    0.751090    0.000890
     452    0.733253    0.762161    0.002531
     453    0.782964    0.935442    0.048945
     454    0.775890    0.861434    0.015918
     455    0.795940    0.816732    0.002168
     456    0.715958    0.748312    0.004186
     457    0.691074    0.784477    0.027447
     458    0.788765    0.806570    0.001522
     459    0.702653    0.762899    0.012189
     460    0.754379    0.766184    0.000332
     461    0.719195    0.695807    0.002645
     462    0.772739    0.704002    0.010466
     463    0.722562    0.761039    0.004749
     464    0.700876    0.718124    0.003697
     465    0.677328    0.698279    0.007225
     466    0.711995    0.741675    0.004109
     467    0.707621    0.706017    0.002238
     468    0.700387    0.710523    0.003233
     469    0.736885    0.774935    0.003821
     470    0.735893    0.777292    0.004500
     471    0.784300    0.776668    0.000747
     472    0.711918    0.744399    0.004559
     473    0.753085    0.785708    0.002454
     474    0.730880    0.745042    0.001110
     475    0.684209    0.707638    0.006485
     476    0.760216    0.837930    0.013445
     477    0.752348    0.787738    0.002893
     478    0.749275    0.724908    0.001402
     479    0.770569    0.794334    0.001400
     480    0.721320    0.748836    0.003049
     481    0.727717    0.716033    0.001096
     482    0.753956    0.774035    0.000939
     483    0.756476    0.764782    0.000163
     484    0.688109    0.737115    0.010973
     485    0.749008    0.755593    0.000163
     486    0.686859    0.704948    0.005499
     487    0.734423    0.758614    0.001875
     488    0.706447    0.725752    0.003322
     489    0.774884    0.802275    0.001902
     490    0.789680    0.844750    0.007183
     491    0.831833    0.923644    0.020223
     492    0.723054    0.776518    0.008100
     493    0.674451    0.698295    0.008061
     494    0.802083    0.795879    0.001771
     495    0.689212    0.700580    0.004639
     496    0.822437    0.800738    0.004407
     497    0.651641    0.678283    0.012883
     498    0.702726    0.784151    0.019946
     499    0.741442    0.828972    0.018105
     500    0.691855    0.709430    0.004788
     501    0.780388    0.769375    0.000712
     502    0.778403    0.772248    0.000464
     503    0.755807    0.760554    0.000056
     504    0.743998    0.749816    0.000235
     505    0.749172    0.793655    0.004619
     506    0.671775    0.677078    0.006957
     507    0.732291    0.725200    0.000664
     508    0.813256    0.861600    0.007197
     509    0.734621    0.796332    0.009545
     510    0.739625    0.772030    0.002766
     511    0.781287    0.749466    0.002623
     512    0.700355    0.734854    0.006106
     513    0.814585    0.855312    0.005988
     514    0.703263    0.734017    0.005141
     515    0.786957    0.774584    0.001067
     516    0.746027    0.790503    0.004709
     517    0.677539    0.718012    0.010560
     518    0.732509    0.739548    0.000664
     519    0.750571    0.797852    0.005170
     520    0.759717    0.820297    0.008207
     521    0.744361    0.811980    0.010769
     522    0.752694    0.826120    0.012260
     523    0.749729    0.720356    0.002011
     524    0.709690    0.696075    0.002510
     525    0.769232    0.795948    0.001701
     526    0.729411    0.817314    0.019322
     527    0.739010    0.839785    0.024116
     528    0.760156    0.778704    0.000791
     529    0.702186    0.752162    0.009307
     530    0.781395    0.777445    0.000534
     531    0.720171    0.739191    0.002145
     532    0.764707    0.800432    0.002885
     533    0.784025    0.800268    0.001184
     534    0.689366    0.732794    0.009391
     535    0.727609    0.817734    0.020460
     536    0.685760    0.699934    0.005303
     537    0.812901    0.931970    0.030055
     538    0.806113    0.881312    0.013212
     539    0.743071    0.791396    0.005642
     540    0.819551    0.855843    0.005775
     541    0.841459    0.892695    0.010580
     542    0.814082    0.870441    0.008890
     543    0.807287    0.785069    0.003067
     544    0.812385    0.826196    0.002927
     545    0.727222    0.730260    0.000825
     546    0.728976    0.758891    0.002899
     547    0.726957    0.730191    0.000843
     548    0.782756    0.825634    0.004450
     549    0.757400    0.820825    0.009039
     550    0.711696    0.732856    0.003030
     551    0.830474    0.858267    0.005876
     552    0.974796    1.012438    0.036750
     553    0.751493    0.782975    0.002311
     554    0.726852    0.696292    0.003084
     555    0.706011    0.717138    0.002715
     556    0.692466    0.771954    0.020784
     557    0.781240    0.809991    0.002264
     558    0.766847    0.844762    0.013357
     559    0.726964    0.733622    0.000928
     560    0.765483    0.785804    0.000985
     561    0.703305    0.768279    0.013638
     562    0.709735    0.735818    0.003803
     563    0.777470    0.790362    0.000721
     564    0.750589    0.854873    0.024764
     565    0.726521    0.723666    0.000856
     566    0.739717    0.797138    0.008042
     567    0.703898    0.699458    0.002638
     568    0.731331    0.783694    0.007213
     569    0.749745    0.801453    0.006193
     570    0.682008    0.701400    0.006329
     571    0.721144    0.804502    0.018319
     572    0.743132    0.727773    0.000711
     573    0.744681    0.754173    0.000354
     574    0.760266    0.781344    0.001016
     575    0.708440    0.749724    0.006555
     576    0.947999    0.983353    0.029101
     577    0.710104    0.763972    0.009436
     578    0.785112    0.821383    0.003441
     579    0.757230    0.775091    0.000732
     580    0.737429    0.792890    0.007643
     581    0.697022    0.714861    0.004185
     582    0.702127    0.728447    0.004602
     583    0.838207    0.868081    0.007016
     584    0.737286    0.727486    0.000568
     585    0.730651    0.784297    0.007584
     586    0.765708    0.787993    0.001173
     587    0.781078    0.843559    0.008744
     588    0.736778    0.768493    0.002776
     589    0.781051    0.837846    0.007317
     590    0.788087    0.822084    0.003236
     591    0.771630    0.778533    0.000291
     592    0.758950    0.786282    0.001694
     593    0.801214    0.812972    0.001922
     594    0.707838    0.766040    0.010929
     595    0.707719    0.759969    0.009260
     596    0.764832    0.750825    0.000474
     597    0.791893    0.824679    0.003255
     598    0.767743    0.815094    0.005020
     599    0.635312    0.632482    0.014540
     600    0.751307    0.817458    0.010016
     601    0.733379    0.741424    0.000663
     602    0.884873    0.920530    0.014932
     603    0.679439    0.725345    0.011550
     604    0.745417    0.753828    0.000292
     605    0.694422    0.737771    0.008669
     606    0.720855    0.746460    0.002829
     607    0.709265    0.755457    0.007568
     608    0.737946    0.778773    0.004292
     609    0.775532    0.818193    0.004213
     610    0.700090    0.726191    0.004797
     611    0.780428    0.849974    0.010693
     612    0.736539    0.764862    0.002302
     613    0.762960    0.748366    0.000491
     614    0.740894    0.768450    0.002035
     615    0.707169    0.717571    0.002563
     616    0.766104    0.775964    0.000292
     617    0.769912    0.815337    0.004648
     618    0.817748    0.872971    0.008941
     619    0.747415    0.786793    0.003682
     620    0.764745    0.844089    0.013890
     621    0.692931    0.682392    0.004097
     622    0.826594    0.882753    0.009937
     623    0.753558    0.771759    0.000778
     624    0.725359    0.763505    0.004490
     625    0.750201    0.779715    0.002057
     626    0.670123    0.659172    0.007486
     627    0.742707    0.726104    0.000815
     628    0.765359    0.858719    0.019150
     629    0.830332    0.905490    0.014948
     630    0.758767    0.786666    0.001765
     631    0.784577    0.841046    0.007333
     632    0.654692    0.699946    0.016240
     633    0.724396    0.722773    0.000966
     634    0.722494    0.746254    0.002490
     635    0.775394    0.817399    0.004091
     636    0.735077    0.805225    0.012151
     637    0.700751    0.729010    0.005032
     638    0.721093    0.679967    0.005354
     639    0.692879    0.689733    0.003838
     640    0.757481    0.827512    0.011004
     641    0.703135    0.695818    0.002801
     642    0.759499    0.780466    0.001004
     643    0.846421    0.897638    0.011196
     644    0.786742    0.802168    0.001255
     645    0.782759    0.804892    0.001609
     646    0.735963    0.734995    0.000398
     647    0.740142    0.763196    0.001523
     648    0.769797    0.805580    0.002946
     649    0.719425    0.748610    0.003423
     650    0.712570    0.721354    0.002004
     651    0.788535    0.825236    0.003653
     652    0.725859    0.764573    0.004563
     653    0.805294    0.850983    0.006114
     654    0.767877    0.881799    0.028273
     655    0.714750    0.748048    0.004444
     656    0.676570    0.662619    0.006629
     657    0.831708    0.903866    0.014257
     658    0.745320    0.767905    0.001323
     659    0.748912    0.773420    0.001458
     660    0.737535    0.758947    0.001443
     661    0.716765    0.753155    0.004815
     662    0.744223    0.753936    0.000374
     663    0.805532    0.852805    0.006422
     664    0.705858    0.730657    0.004009
     665    0.706394    0.735398    0.004542
     666    0.779301    0.820481    0.004042
     667    0.781246    0.764460    0.001081
     668    0.779229    0.798705    0.001240
     669    0.718804    0.721127    0.001340
     670    0.724095    0.785584    0.010271
     671    0.737439    0.745947    0.000522
     672    0.777172    0.744629    0.002591
     673    0.774261    0.760220    0.000667
     674    0.800752    0.847533    0.006020
     675    0.777977    0.800411    0.001462
     676    0.816505    0.811811    0.002966
     677    0.687887    0.696279    0.004652
     678    0.728275    0.719963    0.000905
     679    0.778791    0.793879    0.000899
     680    0.741944    0.817714    0.013613
     681    0.818537    0.836704    0.003774
     682    0.701799    0.743380    0.007349
     683    0.720973    0.756109    0.004259
     684    0.743392    0.783222    0.003887
     685    0.705158    0.720822    0.003117
     686    0.745543    0.798708    0.006685
     687    0.733144    0.733202    0.000511
     688    0.798292    0.773968    0.002611
     689    0.821543    0.849378    0.004928
     690    0.713219    0.774983    0.011409
     691    0.890646    0.982193    0.027525
     692    0.787728    0.847206    0.008155
     693    0.765871    0.800398    0.002708
     694    0.732062    0.714298    0.001305
     695    0.727258    0.750751    0.002161
     696    0.782019    0.812687    0.002533
     697    0.817833    0.859879    0.006484
     698    0.693050    0.763276    0.016997
     699    0.823413    0.868734    0.007552
     700    0.733709    0.758808    0.002015
     701    0.760797    0.719304    0.003837
     702    0.741366    0.758822    0.000948
     703    0.739155    0.776321    0.003566
     704    0.667992    0.700470    0.010591
     705    0.694662    0.729422    0.006848
     706    0.922036    0.988050    0.027384
     707    0.786103    0.845213    0.008013
     708    0.729280    0.820736    0.020863
     709    0.761167    0.775889    0.000509
     710    0.704010    0.726713    0.003938
     711    0.764687    0.830769    0.009672
     712    0.749049    0.812928    0.009429
     713    0.699903    0.730917    0.005558
     714    0.714878    0.701234    0.002074
     715    0.740164    0.716478    0.001559
     716    0.686039    0.731451    0.010365
     717    0.788072    0.855283    0.010188
     718    0.749736    0.754750    0.000110
     719    0.741733    0.721291    0.001174
     720    0.713690    0.757088    0.006494
     721    0.695271    0.716300    0.004725
     722    0.829675    0.837626    0.004446
     723    0.761187    0.784745    0.001267
     724    0.841072    0.834067    0.005816
     725    0.813817    0.854752    0.005956
     726    0.738449    0.731938    0.000403
     727    0.796594    0.928497    0.036360
     728    0.787368    0.815182    0.002407
     729    0.731572    0.771331    0.004409
     730    0.770877    0.826486    0.006883
     731    0.698216    0.692818    0.003263
     732    0.726843    0.741405    0.001350
     733    0.760495    0.781846    0.001043
     734    0.758305    0.801162    0.004139
     735    0.773699    0.843151    0.010614
     736    0.829201    0.964972    0.038538
     737    0.750400    0.756093    0.000119
     738    0.748025    0.805409    0.007666
     739    0.720551    0.775836    0.008800
     740    0.700370    0.734566    0.006050
     741    0.718876    0.711626    0.001444
     742    0.743314    0.789089    0.005075
     743    0.745559    0.760944    0.000679
     744    0.746404    0.749799    0.000130
     745    0.760499    0.803496    0.004151
     746    0.740379    0.836249    0.021745
     747    0.739823    0.754616    0.000792
     748    0.795518    0.771824    0.002375
     749    0.780799    0.797115    0.001056
     750    0.679825    0.705817    0.007497
     751    0.707209    0.734011    0.004143
     752    0.794014    0.858071    0.009544
     753    0.720705    0.749020    0.003204
     754    0.742451    0.785462    0.004536
     755    0.791982    0.818268    0.002469
     756    0.973325    1.082105    0.050418
     757    0.753633    0.763774    0.000253
     758    0.799904    0.846316    0.005900
     759    0.789887    0.786700    0.000930
     760    0.802296    0.757035    0.005809
     761    0.826435    0.894524    0.012705
     762    0.760700    0.785664    0.001418
     763    0.909896    0.964752    0.022688
     764    0.777554    0.791407    0.000779
     765    0.804733    0.835038    0.003748
     766    0.699271    0.745986    0.008843
     767    0.802839    0.785578    0.002339
     768    0.722309    0.766155    0.005858
     769    0.809550    0.870582    0.009630
     770    0.748452    0.743652    0.000115
     771    0.719890    0.722051    0.001262
     772    0.695221    0.756737    0.013619
     773    0.870895    0.906103    0.012406
     774    0.820228    0.886915    0.011818
     775    0.718220    0.750787    0.004037
     776    0.665675    0.725994    0.018509
     777    0.701551    0.686752    0.003393
     778    0.701830    0.725990    0.004348
     779    0.736650    0.752872    0.001010
     780    0.772451    0.778890    0.000298
     781    0.763099    0.778621    0.000577
     782    0.655971    0.672490    0.010637
     783    0.913722    0.960074    0.022179
     784    0.791703    0.821128    0.002814
     785    0.786783    0.827325    0.004193
     786    0.818160    0.824975    0.003183
     787    0.753630    0.778965    0.001486
     788    0.778243    0.785311    0.000495
     789    0.661251    0.668816    0.008937
     790    0.711828    0.740451    0.003967
     791    0.754460    0.812447    0.007628
     792    0.810828    0.886968    0.013755
     793    2.549950    2.112521    1.192435
     794    0.728278    0.777202    0.006576
     795    0.782636    0.795779    0.000931
     796    0.699378    0.734337    0.006305
     797    0.741606    0.741261    0.000212
     798    0.877468    0.954398    0.021343
     799    0.782470    0.795685    0.000928
     800    0.783576    0.802398    0.001356
     801    0.800778    0.838066    0.004419
     802    0.816629    0.873410    0.009184
     803    0.757149    0.765251    0.000155
     804    0.706357    0.781610    0.016938
     805    0.779826    0.830324    0.005864
     806    0.732449    0.819445    0.018648
     807    0.714069    0.727518    0.002148
     808    0.714813    0.738320    0.003033
     809    0.672909    0.709671    0.010551
     810    0.689302    0.787708    0.030365
     811    0.795449    0.835293    0.004497
     812    0.785009    0.802212    0.001296
     813    0.731014    0.800724    0.012310
     814    0.765614    0.825044    0.007837
     815    0.737425    0.735549    0.000350
     816    0.755638    0.827482    0.011635
     817    0.732872    0.841465    0.028625
     818    0.843656    0.887480    0.009576
     819    0.906447    0.971667    0.023911
     820    0.776138    0.812667    0.003188
     821    0.708184    0.695812    0.002565
     822    0.678383    0.735569    0.014970
     823    0.718079    0.796923    0.016863
     824    0.689410    0.726701    0.008044
     825    0.780079    0.795176    0.000947
     826    0.764904    0.784514    0.000916
     827    0.789521    0.808386    0.001642
     828    0.683369    0.702778    0.006130
     829    0.785420    0.765288    0.001516
     830    0.731297    0.677382    0.007617
     831    0.745702    0.741946    0.000144
     832    0.731559    0.741871    0.000847
     833    0.816650    0.861656    0.006876
     834    0.754279    0.797077    0.004177
     835    0.679009    0.723810    0.011343
     836    0.761934    0.782746    0.000998
     837    0.815980    0.830513    0.003297
     838    0.716899    0.709057    0.001609
     839    0.727808    0.746548    0.001638
     840    0.689889    0.737140    0.010252
     841    0.716424    0.721703    0.001572
     842    0.740657    0.774187    0.002902
     843    0.710849    0.704063    0.002057
     844    0.743819    0.783705    0.003883
     845    0.739239    0.731887    0.000404
     846    0.795880    0.813009    0.001879
     847    0.777843    0.747755    0.002282
     848    0.719924    0.727927    0.001413
     849    0.768967    0.798859    0.002090
     850    0.755248    0.743837    0.000288
     851    0.720342    0.735040    0.001767
     852    0.796568    0.786684    0.001505
     853    0.816938    0.869975    0.008418
     854    0.773887    0.744276    0.002114
     855    0.722961    0.737472    0.001580
     856    0.729340    0.716428    0.001083
     857    0.856300    0.938961    0.019892
     858    0.696225    0.745676    0.009932
     859    0.772012    0.810955    0.003493
     860    0.726199    0.721854    0.000899
     861    0.832026    0.894724    0.011925
     862    0.771492    0.833010    0.008379
     863    0.888834    1.018055    0.040643
     864    0.757207    0.723654    0.002517
     865    0.750578    0.755198    0.000090
     866    0.756845    0.748919    0.000135
     867    0.742411    0.719743    0.001378
     868    0.971303    1.081929    0.050441
     869    0.747314    0.740091    0.000199
     870    0.745832    0.798526    0.006559
     871    0.682581    0.696294    0.005720
     872    0.714932    0.747196    0.004258
     873    0.749250    0.790366    0.003957
     874    0.739924    0.784180    0.004892
     875    0.740594    0.755007    0.000742
     876    0.737557    0.831656    0.021212
     877    0.756332    0.849856    0.019616
     878    0.747713    0.833443    0.016957
     879    0.796949    0.818291    0.002279
     880    0.766213    0.773929    0.000209
     881    0.758730    0.847773    0.017682
     882    0.739214    0.822174    0.016460
     883    0.786896    0.787514    0.000756
     884    0.741635    0.755789    0.000693
     885    0.727522    0.722182    0.000848
     886    0.779754    0.822090    0.004260
     887    0.745022    0.764513    0.001027
     888    0.742953    0.801659    0.008230
     889    0.760851    0.743090    0.000702
     890    0.750276    0.745825    0.000083
     891    0.716322    0.744791    0.003561
     892    0.716403    0.727293    0.001806
     893    0.732258    0.796888    0.010585
     894    0.819993    0.875907    0.009279
     895    0.795301    0.902711    0.024605
     896    0.825067    0.879745    0.009481
     897    0.762919    0.776947    0.000477
     898    0.780637    0.763973    0.001049
     899    0.751483    0.832972    0.015136
     900    0.733571    0.752225    0.001342
     901    0.725838    0.697136    0.002877
     902    0.746622    0.757028    0.000356
     903    0.827790    0.861714    0.006291
     904    0.785952    0.803592    0.001372
     905    0.707945    0.696804    0.002513
     906    0.762485    0.749719    0.000377
     907    0.734868    0.797291    0.009738
     908    0.714639    0.710836    0.001667
     909    0.764683    0.790743    0.001566
     910    0.799539    0.872375    0.012200
     911    0.862364    0.986817    0.035521
     912    0.763051    0.842628    0.014012
     913    0.808946    0.835350    0.003635
     914    0.689120    0.675752    0.004764
     915    0.712641    0.723904    0.002127
     916    0.671780    0.692036    0.008060
     917    0.728759    0.739194    0.000992
     918    0.822745    0.913879    0.019316
     919    0.773365    0.837706    0.009150
     920    0.722333    0.738286    0.001730
     921    0.735759    0.771989    0.003552
     922    0.797511    0.844574    0.005885
     923    0.731080    0.777928    0.005915
     924    0.768819    0.759005    0.000321
     925    0.873221    0.965400    0.025006
     926    0.843635    0.806926    0.008500
     927    0.886612    0.945048    0.018768
     928    0.790337    0.906264    0.028478
     929    0.722303    0.751733    0.003250
     930    0.716865    0.735596    0.002360
     931    0.710358    0.714353    0.002032
     932    0.749055    0.737795    0.000339
     933    0.744703    0.783883    0.003724
     934    0.780766    0.809510    0.002246
     935    0.766667    0.767222    0.000080
     936    0.758269    0.787766    0.001972
     937    0.711478    0.742274    0.004328
     938    0.697303    0.688981    0.003470
     939    0.722998    0.755552    0.003680
     940    0.766206    0.794135    0.001804
     941    0.738782    0.769717    0.002579
     942    0.754773    0.753068    0.000010
     943    0.849602    0.949538    0.024667
     944    0.878475    0.938633    0.017684
     945    0.678138    0.686103    0.006034
     946    0.688254    0.690491    0.004419
     947    0.789048    0.806357    0.001500
     948    0.739451    0.777770    0.003759
     949    0.880866    0.939288    0.017750
     950    0.732309    0.759960    0.002406
     951    0.720764    0.758748    0.004791
     952    0.733598    0.714370    0.001364
     953    0.778801    0.795219    0.000989
     954    0.776568    0.759079    0.000967
     955    0.727434    0.746573    0.001696
     956    0.707116    0.673465    0.005186
     957    0.668241    0.727211    0.017509
     958    0.706414    0.745461    0.006305
     959    0.686334    0.721395    0.008046
     960    0.716894    0.719218    0.001478
     961    0.737397    0.736970    0.000345
     962    0.778170    0.769763    0.000524
     963    0.746851    0.810562    0.009470
     964    0.792607    0.815285    0.002139
     965    0.859340    0.909320    0.012753
     966    0.842868    0.876215    0.008009
     967    0.774037    0.828678    0.006683
     968    0.795822    0.799387    0.001294
     969    0.743331    0.777494    0.002911
     970    0.713816    0.737964    0.003193
     971    0.788853    0.846954    0.007859
     972    0.804982    0.817081    0.002221
     973    0.716506    0.735260    0.002390
     974    0.732282    0.756462    0.001973
     975    0.725381    0.788884    0.010776
     976    0.732258    0.733363    0.000554
     977    0.750988    0.775229    0.001394
     978    0.758892    0.737966    0.000969
     979    0.688026    0.769196    0.022298
     980    0.752934    0.824584    0.011669
     981    0.804943    0.806530    0.001923
     982    0.750202    0.760506    0.000294
     983    0.768411    0.829441    0.008247
     984    0.750707    0.769358    0.000847
     985    0.827116    0.844053    0.004583
     986    0.728625    0.777395    0.006516
     987    0.827327    0.827037    0.004054
     988    0.792568    0.834308    0.004661
     989    0.735046    0.764925    0.002583
     990    0.738184    0.744992    0.000433
     991    0.858706    0.877168    0.008883
     992    0.737888    0.787047    0.006065
     993    0.775277    0.790986    0.000826
     994    0.781971    0.782135    0.000528
     995    0.715945    0.720554    0.001591
     996    0.796626    0.783798    0.001642
     997    0.746149    0.761962    0.000698
     998    0.752871    0.792774    0.003658
     999    0.750283    0.728568    0.001106
    1000    0.697922    0.733113    0.006522
    1001    0.719400    0.773491    0.008579
    1002    0.799872    0.807600    0.001665
    1003    0.772404    0.796286    0.001452
    1004    0.752224    0.826256    0.012481
    1005    0.716713    0.757017    0.005572
    1006    0.683884    0.700254    0.005754
    1007    0.745594    0.731424    0.000571
    1008    0.735393    0.723980    0.000720
    1009    0.957059    0.988813    0.031181
    1010    0.729693    0.769706    0.004568
    1011    0.782114    0.855402    0.011836
    1012    0.791306    0.867928    0.013055
    1013    0.702009    0.755604    0.010304
    1014    0.772795    0.794252    0.001222
    1015    0.794815    0.816807    0.002205
    1016    0.772886    0.801974    0.002060
    1017    0.723816    0.772900    0.006938
    1018    0.738711    0.784354    0.005239
    1019    0.827143    0.839742    0.004342
    1020    0.895945    1.014833    0.037576
    1021    0.767225    0.726945    0.003632
    1022    0.789569    0.851895    0.008931
    1023    0.808029    0.803161    0.002209
    1024    0.791655    0.886893    0.019583
    1025    0.756240    0.759959    0.000035
    1026    0.733508    0.807790    0.013684
    1027    0.848357    0.897333    0.011045
    1028    0.801828    0.824043    0.002686
    1029    0.728853    0.763203    0.003598
    1030    0.741376    0.716307    0.001677
    1031    0.806075    0.806628    0.002008
    1032    0.746736    0.783920    0.003312
    1033    0.842070    0.884102    0.009097
    1034    0.714184    0.730061    0.002321
    1035    0.806013    0.862533    0.008353
    1036    0.700545    0.701604    0.002941
    1037    0.692682    0.754837    0.014208
    1038    0.747047    0.795961    0.005632
    1039    0.793507    0.877139    0.015399
    1040    0.762083    0.786550    0.001369
    1041    0.706924    0.712369    0.002380
    1042    0.765108    0.869747    0.024020
    1043    0.722795    0.727115    0.001108
    1044    0.769483    0.777305    0.000272
    1045    0.764528    0.761815    0.000062
    1046    0.734156    0.777538    0.004989
    1047    0.792069    0.824328    0.003194
    1048    0.793021    0.930767    0.039631
    1049    0.717160    0.732125    0.002016
    1050    0.738032    0.777365    0.004005
    1051    0.705173    0.692752    0.002855
    1052    0.782380    0.896019    0.027556
    1053    0.706405    0.721902    0.002981
    1054    0.794616    0.842325    0.005855
    1055    0.739300    0.730831    0.000443
    1056    0.687291    0.712068    0.006226
    1057    0.741773    0.774542    0.002744
    1058    0.712457    0.760028    0.007572
    1059    0.664115    0.725780    0.019321
    1060    0.764626    0.800523    0.002912
    1061    0.784286    0.793825    0.000828
    1062    0.801336    0.831834    0.003531
    1063    0.866161    0.944913    0.020121
    1064    0.705283    0.705046    0.002455
    1065    0.787716    0.888327    0.021716
    1066    0.706528    0.711709    0.002409
    1067    0.729236    0.782605    0.007609
    1068    0.741255    0.749251    0.000379
    1069    0.694163    0.756016    0.013885
    1070    0.758247    0.759656    0.000007
    1071    1.068701    1.213289    0.090325
    1072    0.727563    0.732331    0.000841
    1073    0.893685    0.938322    0.017785
    1074    0.658857    0.716460    0.019073
    1075    0.761144    0.834015    0.011809
    1076    0.751980    0.765187    0.000432
    1077    0.741125    0.770494    0.002270
    1078    0.780760    0.818617    0.003531
    1079    0.767188    0.806994    0.003579
    1080    0.766371    0.835549    0.010567
    1081    0.747280    0.766403    0.000944
    1082    0.727642    0.789849    0.010195
    1083    0.732266    0.820582    0.019216
    1084    0.693042    0.726163    0.006760
    1085    0.727836    0.794487    0.011564
    1086    0.890773    0.948484    0.019393
    1087    0.718905    0.750582    0.003841
    1088    0.701879    0.745980    0.007903
    1089    0.711169    0.722327    0.002245
    1090    0.655318    0.681059    0.011947
    1091    0.799207    0.810856    0.001775
    1092    1.051491    1.198192    0.085306
    1093    0.760729    0.801045    0.003653
    1094    0.696254    0.733436    0.007110
    1095    0.782765    0.799373    0.001156
    1096    0.783882    0.801269    0.001259
    1097    0.755790    0.764966    0.000199
    1098    0.739714    0.813974    0.013229
    1099    0.729674    0.854616    0.038132
    1100    0.745150    0.752089    0.000244
    1101    0.686079    0.682740    0.004723
    1102    0.676803    0.732133    0.014673
    1103    0.756415    0.766083    0.000219
    1104    0.784150    0.847173    0.008954
    1105    0.732639    0.777800    0.005450
    1106    0.723821    0.680393    0.005632
    1107    0.716189    0.716010    0.001515
    1108    0.793296    0.818167    0.002393
    1109    0.722596    0.779942    0.009194
    1110    0.695043    0.688363    0.003668
    1111    0.766772    0.800892    0.002655
    1112    0.700940    0.724745    0.004401
    1113    0.757903    0.856613    0.021747
    1114    0.737906    0.741108    0.000354
    1115    1.165478    1.320046    0.130553
    1116    0.750137    0.815647    0.009868
    1117    0.794125    0.914950    0.030779
    1118    0.738535    0.807681    0.011589
    1119    0.783703    0.858253    0.012249
    1120    0.757725    0.777897    0.000930
    1121    0.777656    0.797955    0.001256
    1122    0.815634    0.867369    0.008047
    1123    0.709606    0.749391    0.006126
    1124    0.774008    0.809570    0.002988
    1125    0.851999    0.921129    0.015745
    1126    0.689350    0.701735    0.004687
    1127    0.725178    0.759646    0.003848
    1128    0.758976    0.902592    0.045690
    1129    0.760154    0.815900    0.006952
    1130    0.733668    0.749804    0.001126
    1131    0.720323    0.785747    0.011842
    1132    0.824045    0.835476    0.003951
    1133    0.812512    0.853216    0.005811
    1134    0.758143    0.794765    0.003030
    1135    0.774609    0.758234    0.000828
    1136    0.786454    0.846378    0.008225
    1137    0.720871    0.752628    0.003706
    1138    0.840702    0.877453    0.008167
    1139    0.769421    0.823297    0.006465
    1140    0.690677    0.704337    0.004606
    1141    0.707325    0.822409    0.036104
    1142    0.780695    0.833056    0.006290
    1143    0.751206    0.800215    0.005534
    1144    0.731288    0.721035    0.000840
    1145    0.762430    0.800858    0.003321
    1146    0.660787    0.668708    0.009043
    1147    0.796580    0.925714    0.034913
    1148    0.777716    0.832323    0.006733
    1149    0.772217    0.758422    0.000598
    1150    0.720646    0.811079    0.021396
    1151    0.730563    0.709523    0.001684
    1152    0.805181    0.827459    0.002939
    1153    0.781138    0.817438    0.003299
    1154    0.732908    0.727468    0.000588
    1155    0.696708    0.761028    0.014334
    1156    0.745772    0.749507    0.000149
    1157    0.749296    0.727882    0.001092
    1158    0.718665    0.755629    0.004765
    1159    0.919732    1.080508    0.059254
    1160    0.890425    0.931527    0.016665
    1161    0.719861    0.752690    0.003953
    1162    0.769627    0.727498    0.003989
    1163    0.750706    0.767538    0.000698
    1164    0.763442    0.852178    0.017378
    1165    0.775870    0.787621    0.000608
    1166    0.799011    0.829751    0.003406
    1167    0.747780    0.750794    0.000100
    1168    0.811083    0.885415    0.013241
    1169    0.818380    0.816360    0.003116
    1170    0.758381    0.806799    0.005273
    1171    0.802300    0.869775    0.010831
    1172    0.784228    0.819718    0.003288
    1173    0.764265    0.793158    0.001907
    1174    0.710237    0.731350    0.003155
    1175    0.754094    0.747519    0.000101
    1176    0.908623    0.931068    0.018504
    1177    0.742573    0.809032    0.010502
    1178    0.721987    0.742418    0.002159
    1179    0.718210    0.691674    0.003111
    1180    0.628035    0.679239    0.024996
    1181    0.804221    0.906029    0.022412
    1182    0.765478    0.803400    0.003246
    1183    0.759867    0.774730    0.000512
    1184    0.788007    0.768713    0.001571
    1185    0.719865    0.679743    0.005247
    1186    0.794925    0.825684    0.003158
    1187    0.757114    0.803344    0.004825
    1188    0.799091    0.888367    0.017516
    1189    0.732553    0.764242    0.002970
    1190    0.689439    0.716746    0.006291
    1191    0.762419    0.737383    0.001400
    1192    0.776535    0.787359    0.000584
    1193    0.733707    0.751139    0.001229
    1194    0.717410    0.762846    0.006612
    1195    0.724550    0.760353    0.004120
    1196    0.746223    0.765159    0.000950
    1197    0.691151    0.678070    0.004480
    1198    0.762875    0.764913    0.000040
    1199    0.702694    0.772595    0.015440
    1200    0.731422    0.754689    0.001911
    1201    0.700520    0.767065    0.014553
    1202    0.736278    0.771223    0.003310
    1203    0.801354    0.816320    0.002106
    1204    0.764099    0.771646    0.000175
    1205    0.800916    0.850800    0.006632
    1206    0.756214    0.791348    0.002804
    1207    0.695500    0.725015    0.005843
    1208    0.735473    0.777722    0.004689
    1209    0.795807    0.819762    0.002450
    1210    0.961247    1.043796    0.040411
    1211    0.753197    0.781444    0.001846
    1212    0.795903    0.807083    0.001534
    1213    0.661374    0.750448    0.031982
    1214    0.698796    0.655377    0.008102
    1215    0.702010    0.689446    0.003185
    1216    0.748293    0.752172    0.000106
    1217    0.716592    0.726704    0.001750
    1218    0.769372    0.847401    0.013357
    1219    0.783293    0.805981    0.001684
    1220    0.713088    0.712261    0.001759
    1221    0.757818    0.768333    0.000258
    1222    0.756370    0.787743    0.002239
    1223    0.783821    0.813873    0.002524
    1224    0.771988    0.825779    0.006463
    1225    0.724957    0.726291    0.000933
    1226    0.720278    0.721083    0.001225
    1227    0.746488    0.758344    0.000434
    1228    0.727122    0.742957    0.001430
    1229    0.752486    0.783072    0.002169
    1230    0.723134    0.791343    0.012488
    1231    0.783476    0.883724    0.021587
    1232    0.760293    0.751786    0.000164
    1233    0.758559    0.735657    0.001162
    1234    0.697343    0.804559    0.033531
    1235    0.743367    0.801639    0.008093
    1236    0.755057    0.812074    0.007363
    1237    0.673753    0.674147    0.006545
    1238    0.730815    0.730355    0.000617
    1239    0.718329    0.782972    0.011787
    1240    0.785559    0.810302    0.001986
    1241    0.732638    0.745738    0.000957
    1242    0.716353    0.747283    0.003926
    1243    0.763546    0.770102    0.000137
    1244    0.793948    0.816903    0.002242
    1245    0.742461    0.832444    0.019037
    1246    0.793849    0.807631    0.001541
    1247    0.720367    0.735774    0.001819
    1248    0.743149    0.813522    0.011713
    1249    0.831127    0.887198    0.010372
    1250    0.679344    0.682272    0.005692
    1251    0.758972    0.782598    0.001270
    1252    0.720833    0.796582    0.015379
    1253    0.730590    0.713398    0.001329
    1254    0.692886    0.753538    0.013684
    1255    0.744026    0.801791    0.007927
    1256    0.704389    0.719785    0.003171
    1257    0.750179    0.818631    0.010763
    1258    0.764319    0.820550    0.007033
    1259    0.758648    0.830042    0.011401
    1260    0.696721    0.762198    0.014728
    1261    0.736480    0.741613    0.000445
    1262    0.782669    0.800300    0.001226
    1263    0.788788    0.819784    0.002863
    1264    0.717729    0.736231    0.002273
    1265    0.725062    0.740621    0.001528
    1266    0.741786    0.772071    0.002377
    1267    0.697756    0.749088    0.010229
    1268    0.795143    0.795523    0.001223
    1269    0.739681    0.783817    0.004878
    1270    0.730569    0.782727    0.007211
    1271    0.760940    0.826035    0.009443
    1272    0.745875    0.777234    0.002410
    1273    0.783230    0.816293    0.002900
    1274    0.944819    1.048937    0.042048
    1275    0.682233    0.674595    0.005392
    1276    0.843237    0.924452    0.017956
    1277    0.735254    0.761569    0.002095
    1278    0.845735    0.833747    0.006612
    1279    0.655264    0.685515    0.012717
    1280    0.698970    0.671776    0.005043
    1281    0.728420    0.762772    0.003624
    1282    0.733215    0.825843    0.020976
    1283    0.721445    0.738554    0.001884
    1284    0.780631    0.809233    0.002224
    1285    0.784124    0.774399    0.000813
    1286    0.746354    0.767033    0.001108
    1287    0.712047    0.763569    0.008604
    1288    0.709602    0.700875    0.002242
    1289    0.708884    0.736643    0.004115
    1290    0.713166    0.708762    0.001797
    1291    0.757250    0.799784    0.004087
    1292    0.716096    0.777607    0.011029
    1293    0.819366    0.835003    0.003689
    1294    0.760924    0.776486    0.000565
    1295    0.786828    0.763421    0.001878
    1296    0.732626    0.753213    0.001568
    1297    0.765715    0.773755    0.000213
    1298    0.765999    0.855713    0.017677
    1299    0.792882    0.852073    0.008277
    1300    0.759519    0.747052    0.000343
    1301    0.665838    0.721535    0.016926
    1302    0.770288    0.822531    0.006095
    1303    0.778847    0.811197    0.002650
    1304    0.681269    0.704026    0.006835
    1305    0.748472    0.775420    0.001756
    1306    0.760696    0.847544    0.016749
    1307    0.781177    0.824160    0.004419
    1308    0.731287    0.733608    0.000610
    1309    0.690767    0.671665    0.005050
    1310    0.700698    0.719115    0.003827
    1311    0.737861    0.719201    0.001139
    1312    0.758623    0.772963    0.000475
    1313    0.702450    0.725554    0.004151
    1314    0.742286    0.822911    0.015352
    1315    0.755290    0.803823    0.005343
    1316    0.754188    0.749393    0.000056
    1317    0.748899    0.769723    0.001072
    1318    0.840576    0.869931    0.007257
    1319    0.754288    0.775864    0.001078
    1320    0.811489    0.818685    0.002571
    1321    0.761546    0.745501    0.000578
    1322    0.728895    0.802020    0.013655
    1323    0.794721    0.864912    0.011243
    1324    0.775393    0.842515    0.009942
    1325    0.766511    0.799044    0.002420
    1326    0.748581    0.762530    0.000523
    1327    0.757832    0.820580    0.008838
    1328    0.860404    0.993978    0.039371
    1329    0.755218    0.784288    0.001933
    1330    0.816617    0.860062    0.006607
    1331    0.754660    0.835724    0.014833
    1332    0.721666    0.744808    0.002474
    1333    0.806191    0.880955    0.013087
    1334    0.856359    0.992334    0.040153
    1335    0.760716    0.769561    0.000193
    1336    0.773970    0.752919    0.001184
    1337    0.733829    0.791922    0.008565
    1338    0.711877    0.744921    0.004657
    1339    0.705277    0.724052    0.003385
    1340    0.728429    0.803500    0.014391
    1341    0.762576    0.768068    0.000098
    1342    0.760674    0.784627    0.001307
    1343    0.692150    0.693586    0.003911
    1344    0.685875    0.726915    0.009358
    1345    0.764213    0.834973    0.011081
    1346    0.715928    0.867100    0.058343
    1347    0.725928    0.756273    0.003145
    1348    0.711129    0.789427    0.017495
    1349    0.745372    0.761561    0.000743
    1350    0.713950    0.723454    0.001925
    1351    0.756221    0.703250    0.006335
    1352    0.732709    0.747746    0.001086
    1353    0.786821    0.852624    0.009766
    1354    0.746292    0.754776    0.000277
    1355    0.762527    0.843499    0.014518
    1356    0.730755    0.726013    0.000670
    1357    0.758885    0.776798    0.000736
    1358    0.762848    0.777907    0.000543
    1359    0.778037    0.768481    0.000563
    1360    0.745059    0.719561    0.001622
    1361    0.793606    0.863492    0.011116
    1362    0.712134    0.733970    0.003066
    1363    0.815267    0.843347    0.004357
    1364    0.792203    0.866845    0.012469
    1365    0.790296    0.775293    0.001388
    1366    0.715079    0.735733    0.002692
    1367    0.764083    0.782443    0.000801
    1368    0.762212    0.735447    0.001597
    1369    0.754363    0.813185    0.007851
    1370    0.777461    0.799217    0.001381
    1371    0.699603    0.755231    0.011192
    1372    0.678330    0.729228    0.013086
    1373    0.734531    0.810372    0.014159
    1374    0.759198    0.809891    0.005767
    1375    0.773871    0.800605    0.001799
    1376    0.793294    0.804102    0.001356
    1377    0.875899    0.927989    0.015737
    1378    0.823015    0.834138    0.003828
    1379    0.718407    0.731624    0.001800
    1380    0.808308    0.850451    0.005715
    1381    0.739180    0.707186    0.002685
    1382    0.771980    0.775760    0.000225
    1383    0.752253    0.759811    0.000157
    1384    0.731211    0.743075    0.000948
    1385    0.766139    0.840869    0.012311
    1386    0.718273    0.749811    0.003868
    1387    0.669635    0.696679    0.009359
    1388    0.726903    0.686107    0.004870
    1389    0.678993    0.696622    0.006603
    1390    0.930019    0.942903    0.022944
    1391    0.711947    0.703158    0.002041
    1392    0.690729    0.719119    0.006281
    1393    0.798871    0.822053    0.002571
    1394    1.119440    1.284352    0.115283
    1395    0.772286    0.781687    0.000398
    1396    0.766703    0.856659    0.017750
    1397    0.709076    0.776592    0.013768
    1398    0.705315    0.657947    0.008271
    1399    0.743933    0.830042    0.017354
    1400    0.731240    0.749123    0.001383
    1401    0.697448    0.723096    0.005040
    1402    0.757732    0.785855    0.001796
    1403    0.726441    0.827295    0.025533
    1404    0.748214    0.798124    0.005821
    1405    0.782146    0.836559    0.006788
    1406    0.757623    0.798410    0.003757
    1407    0.734707    0.749879    0.001009
    1408    0.751328    0.836128    0.016389
    1409    0.692706    0.665206    0.005852
    1410    0.790224    0.806357    0.001480
    1411    0.735995    0.802133    0.010795
    1412    0.735648    0.770261    0.003284
    1413    0.753836    0.787829    0.002652
    1414    0.752304    0.775609    0.001275
    1415    0.742424    0.731300    0.000471
    1416    0.702984    0.741264    0.006526
    1417    0.847707    0.896075    0.010854
    1418    0.714194    0.679922    0.004624
    1419    0.792629    0.818396    0.002449
    1420    0.742725    0.792194    0.005917
    1421    0.758058    0.821648    0.009071
    1422    0.759762    0.774939    0.000533
    1423    0.675673    0.732253    0.015273
    1424    0.647086    0.694466    0.018628
    1425    0.742571    0.746551    0.000227
    1426    0.702014    0.706894    0.002849
    1427    0.740813    0.794675    0.007060
    1428    0.831685    0.869395    0.007228
    1429    0.862192    0.966314    0.027541
    1430    0.697033    0.774843    0.019329
    1431    0.746774    0.816924    0.011452
    1432    0.674971    0.711105    0.010062
    1433    0.734029    0.710154    0.001823
    1434    0.802626    0.846100    0.005541
    1435    0.828216    0.893548    0.012180
    1436    0.723594    0.728673    0.001077
    1437    0.798577    0.811750    0.001810
    1438    0.740752    0.795049    0.007173
    1439    0.743088    0.793959    0.006229
    1440    0.850213    0.879508    0.008545
    1441    0.904133    0.992813    0.029101
    1442    0.705253    0.714495    0.002687
    1443    0.739171    0.754901    0.000882
    1444    0.743921    0.840278    0.021663
    1445    0.724626    0.736139    0.001282
    1446    0.992959    1.114586    0.059586
    1447    0.693904    0.687515    0.003794
    1448    0.781693    0.831945    0.005861
    1449    0.747419    0.798912    0.006215
    1450    0.897578    0.924450    0.016516
    1451    0.682116    0.707140    0.007009
    1452    0.759455    0.821369    0.008574
    1453    0.717633    0.757261    0.005359
    1454    0.697387    0.757821    0.012959
    1455    0.762038    0.728744    0.002468
    1456    0.732615    0.731663    0.000536
    1457    0.765049    0.809148    0.004358
    1458    0.705646    0.721006    0.003044
    1459    0.817661    0.803097    0.003437
    1460    0.759894    0.801363    0.003866
    1461    0.756793    0.828579    0.011580
    1462    0.721719    0.760083    0.004790
    1463    0.816965    0.859433    0.006475
    1464    0.857678    0.837505    0.008814
    1465    0.694869    0.747388    0.010948
    1466    0.731359    0.718960    0.000952
    1467    0.759993    0.777708    0.000722
    1468    0.733102    0.765941    0.003121
    1469    0.735590    0.812462    0.014450
    1470    0.784258    0.761688    0.001682
    1471    0.762866    0.830178    0.010058
    1472    0.796414    0.884093    0.016874
    1473    0.779161    0.822422    0.004411
    1474    0.833167    0.899332    0.012867
    1475    0.741643    0.793292    0.006477
    1476    0.719237    0.701160    0.002095
    1477    0.799931    0.804481    0.001588
    1478    0.731935    0.793932    0.009811
    1479    0.771766    0.827547    0.006931
    1480    0.755583    0.773245    0.000721
    1481    0.733159    0.729398    0.000541
    1482    0.835239    0.866792    0.006846
    1483    0.759439    0.811799    0.006147
    1484    0.760462    0.754205    0.000092
    1485    0.764491    0.799140    0.002717
    1486    0.850046    0.853598    0.006996
    1487    0.711129    0.783081    0.015087
    1488    0.733232    0.775009    0.004712
    1489    0.725810    0.750760    0.002420
    1490    0.968817    1.061859    0.044931
    1491    0.721794    0.744517    0.002418
    1492    0.765814    0.768909    0.000090
    1493    0.722227    0.723149    0.001097
    1494    0.717726    0.726018    0.001580
    1495    0.859647    0.926767    0.016286
    1496    0.760608    0.769885    0.000210
    1497    0.784380    0.859709    0.012502
    1498    0.767886    0.837640    0.010726
    1499    0.761266    0.796258    0.002760
    1500    0.970049    1.016919    0.036450
    1501    0.706144    0.720641    0.002928
    1502    0.723300    0.818555    0.023259
    1503    0.689684    0.691272    0.004225
    1504    0.748623    0.738543    0.000289
    1505    0.763073    0.794969    0.002304
    1506    0.681942    0.750919    0.018436
    1507    0.717622    0.733970    0.002091
    1508    0.755814    0.841230    0.016403
    1509    0.725902    0.802334    0.015123
    1510    0.704582    0.723836    0.003502
    1511    0.746986    0.714436    0.002523
    1512    0.750841    0.747555    0.000056
    1513    0.768822    0.781509    0.000480
    1514    0.755643    0.829531    0.012303
    1515    0.684313    0.780804    0.030404
    1516    0.760258    0.742890    0.000669
    1517    0.736151    0.819558    0.016875
    1518    0.748201    0.789756    0.004066
    1519    0.684237    0.738222    0.012980
    1520    0.869935    0.887293    0.010639
    1521    0.737414    0.758604    0.001425
    1522    0.740724    0.769999    0.002271
    1523    0.778051    0.788278    0.000607
    1524    0.736050    0.761847    0.001997
    1525    0.732722    0.753287    0.001562
    1526    0.757319    0.736393    0.000970
    1527    0.806210    0.777498    0.003637
    1528    0.896709    0.961933    0.021996
    1529    0.716996    0.727829    0.001758
    1530    0.747909    0.784839    0.003238
    1531    0.795951    0.879080    0.015295
    1532    0.704633    0.692306    0.002902
    1533    1.026050    1.138692    0.066746
    1534    0.786345    0.797822    0.001012
    1535    0.775491    0.818313    0.004242
    1536    0.764887    0.738374    0.001586
    1537    0.722847    0.764240    0.005302
    1538    0.835955    0.900913    0.012865
    1539    0.750508    0.719924    0.002164
    1540    0.729488    0.751935    0.001920
    1541    0.705303    0.714298    0.002670
    1542    0.769972    0.824955    0.006729
    1543    0.874409    0.977634    0.028781
    1544    0.720722    0.777828    0.009290
    1545    0.712371    0.752472    0.005922
    1546    0.798836    0.895770    0.020359
    1547    0.717453    0.710081    0.001551
    1548    0.766845    0.767549    0.000084
    1549    0.783550    0.782738    0.000597
    1550    0.738210    0.791485    0.007042
    1551    0.777693    0.820766    0.004338
    1552    0.800286    0.774303    0.002912
    1553    0.749735    0.786732    0.003208
    1554    0.756090    0.741805    0.000450
    1555    0.715897    0.744538    0.003620
    1556    0.726000    0.780561    0.008157
    1557    0.733164    0.760287    0.002294
    1558    0.707391    0.734449    0.004161
    1559    0.741120    0.753716    0.000609
    1560    0.736447    0.768501    0.002842
    1561    0.726301    0.771866    0.005942
    1562    0.836406    0.912260    0.015722
    1563    0.779735    0.817361    0.003461
    1564    0.647861    0.653780    0.011646
    1565    0.724321    0.779987    0.008586
    1566    0.787047    0.800310    0.001139
    1567    0.784015    0.833089    0.005686
    1568    0.729988    0.761904    0.003142
    1569    0.752037    0.779998    0.001824
    1570    0.798165    0.916018    0.029327
    1571    0.752874    0.767404    0.000508
    1572    0.732869    0.763526    0.002800
    1573    0.788750    0.936272    0.045492
    1574    0.717777    0.761269    0.006149
    1575    0.685776    0.717991    0.007603
    1576    0.767481    0.777916    0.000340
    1577    0.809690    0.818817    0.002478
    1578    0.707171    0.703691    0.002303
    1579    0.680630    0.737340    0.014421
    1580    0.759541    0.769870    0.000252
    1581    0.814052    0.868743    0.008529
    1582    0.685101    0.674140    0.005151
    1583    0.750214    0.706397    0.004433
    1584    0.752485    0.786150    0.002620
    1585    0.735959    0.779396    0.004907
    1586    0.720299    0.787334    0.012370
    1587    0.758265    0.780689    0.001146
    1588    0.741064    0.764488    0.001533
    1589    0.738075    0.812634    0.013444
    1590    0.686528    0.690482    0.004681
    1591    0.854105    0.956193    0.025904
    1592    0.775352    0.801956    0.001823
    1593    0.777379    0.776878    0.000353
    1594    0.849627    0.915738    0.014722
    1595    0.643209    0.735767    0.039108
    1596    0.740161    0.787059    0.005447
    1597    0.736710    0.772453    0.003425
    1598    0.778244    0.767680    0.000612
    1599    0.730219    0.788243    0.008789
    1600    0.799322    0.832217    0.003704
    1601    0.758504    0.838885    0.014435
    1602    0.721401    0.691183    0.003395
    1603    0.745417    0.776372    0.002364
    1604    0.786669    0.768478    0.001420
    1605    0.773465    0.780770    0.000352
    1606    0.747855    0.795398    0.005302
    1607    0.715555    0.750238    0.004613
    1608    0.754752    0.773339    0.000802
    1609    0.795369    0.789228    0.001308
    1610    0.745808    0.768772    0.001352
    1611    0.684232    0.703636    0.006005
    1612    0.812135    0.843217    0.004429
    1613    0.786083    0.810863    0.002014
    1614    0.740639    0.783244    0.004525
    1615    0.768900    0.789006    0.001017
    1616    0.713242    0.778823    0.012630
    1617    0.715186    0.787573    0.014765
    1618    0.800894    0.819193    0.002298
    1619    0.749105    0.799299    0.005859
    1620    0.790076    0.798884    0.001090
    1621    0.768100    0.777801    0.000318
    1622    0.716177    0.734255    0.002352
    1623    0.757689    0.721883    0.002866
    1624    0.764479    0.790913    0.001608
    1625    0.765196    0.780135    0.000560
    1626    0.747209    0.729264    0.000817
    1627    0.736252    0.797793    0.009392
    1628    0.707831    0.751272    0.007088
    1629    0.740083    0.769632    0.002332
    1630    0.711510    0.686466    0.003471
    1631    0.764044    0.788962    0.001431
    1632    0.776530    0.825545    0.005478
    1633    0.782609    0.836364    0.006651
    1634    0.763073    0.853848    0.018193
    1635    0.709488    0.800314    0.023078
    1636    0.733106    0.726138    0.000624
    1637    0.729629    0.726407    0.000697
    1638    0.813932    0.835900    0.003639
    1639    0.776543    0.807840    0.002439
    1640    0.866169    0.967968    0.027208
    1641    0.727191    0.810001    0.017454
    1642    1.140646    1.198657    0.100102
    1643    0.777772    0.816170    0.003529
    1644    0.733381    0.784306    0.006730
    1645    0.714818    0.766180    0.008287
    1646    0.733242    0.727118    0.000592
    1647    0.721221    0.732685    0.001495
    1648    0.780982    0.853778    0.011671
    1649    0.713501    0.733273    0.002731
    1650    0.725246    0.766361    0.005074
    1651    0.737659    0.756694    0.001209
    1652    0.750553    0.745588    0.000090
    1653    0.833812    0.912755    0.016348
    1654    0.871184    0.890784    0.010995
    1655    0.720352    0.755606    0.004326
    1656    0.858017    0.917450    0.014365
    1657    0.721417    0.740745    0.002088
    1658    0.767672    0.923701    0.052758
    1659    0.762088    0.797507    0.002827
    1660    0.703567    0.756279    0.009869
    1661    0.780228    0.816218    0.003221
    1662    0.766973    0.861553    0.019593
    1663    0.795657    0.818451    0.002329
    1664    0.789751    0.796162    0.000995
    1665    0.716303    0.713286    0.001526
    1666    0.798511    0.862623    0.009757
    1667    0.716824    0.738980    0.002716
    1668    0.788758    0.786109    0.000863
    1669    0.720654    0.736701    0.001850
    1670    0.759470    0.792262    0.002429
    1671    0.766252    0.832852    0.009805
    1672    0.780937    0.835594    0.006814
    1673    0.845576    0.880190    0.008520
    1674    0.698205    0.766388    0.015461
    1675    0.775806    0.809281    0.002721
    1676    0.759418    0.783399    0.001308
    1677    0.712485    0.727978    0.002431
    1678    0.793076    0.837140    0.005094
    1679    0.730116    0.747100    0.001362
    1680    0.707734    0.737940    0.004592
    1681    0.731125    0.759800    0.002605
    1682    0.769382    0.769744    0.000131
    1683    0.755921    0.754392    0.000005
    1684    0.711305    0.724396    0.002355
    1685    0.775177    0.858521    0.015135
    1686    0.831858    0.876234    0.008266
    1687    0.703516    0.751625    0.008672
    1688    0.843934    0.897987    0.011420
    1689    0.747800    0.751960    0.000120
    1690    0.712744    0.766021    0.008998
    1691    0.761080    0.802655    0.003881
    1692    0.880139    0.929335    0.015978
    1693    0.688263    0.740491    0.011833
    1694    0.668691    0.686499    0.008330
    1695    0.702330    0.783815    0.020032
    1696    0.758287    0.752251    0.000078
    1697    0.734923    0.765769    0.002729
    1698    0.714739    0.756245    0.005993
    1699    0.671306    0.674181    0.006977
    1700    0.711968    0.751779    0.005901
    1701    0.796850    0.880998    0.015665
    1702    0.797660    0.821046    0.002511
    1703    0.858871    0.813225    0.011930
    1704    0.682259    0.716941    0.008585
    1705    0.671645    0.727066    0.015671
    1706    0.803521    0.834807    0.003781
    1707    0.743120    0.758183    0.000715
    1708    0.771502    0.806385    0.002835
    1709    0.706391    0.833197    0.043494
    1710    0.768784    0.783642    0.000612
    1711    0.770938    0.776307    0.000232
    1712    0.742145    0.799897    0.008010
    1713    0.721588    0.721776    0.001136
    1714    0.738061    0.755210    0.001032
    1715    0.774879    0.803005    0.001990
    1716    0.772221    0.754930    0.000831
    1717    0.854184    0.944390    0.021915
    1718    0.735149    0.744290    0.000636
    1719    0.744077    0.789506    0.004973
    1720    0.841017    0.890762    0.010253
    1721    0.743648    0.719234    0.001534
    1722    0.693088    0.732195    0.007913
    1723    0.748739    0.753661    0.000121
    1724    0.715494    0.746676    0.004037
    1725    0.717990    0.741458    0.002777
    1726    0.746921    0.798049    0.006146
    1727    0.784767    0.801037    0.001219
    1728    0.723349    0.728755    0.001101
    1729    0.676257    0.734236    0.015614
    1730    0.728910    0.729332    0.000712
    1731    0.771213    0.821692    0.005711
    1732    0.692326    0.698545    0.003993
    1733    0.796796    0.860190    0.009493
    1734    0.746636    0.828949    0.015710
    1735    0.728835    0.757202    0.002688
    1736    0.811944    0.815534    0.002532
    1737    0.747692    0.776386    0.001996
    1738    0.830117    0.867036    0.006943
    1739    0.724076    0.756597    0.003601
    1740    0.697330    0.685466    0.003653
    1741    0.689359    0.707172    0.005135
    1742    0.708544    0.683124    0.003793
    1743    0.759397    0.780210    0.000989
    1744    0.709677    0.777587    0.013831
    1745    0.722571    0.769155    0.006447
    1746    0.759765    0.821229    0.008445
    1747    0.758240    0.818887    0.008252
    1748    0.858195    0.934560    0.018392
    1749    0.733159    0.783879    0.006694
    1750    0.760800    0.785131    0.001349
    1751    0.784928    0.764089    0.001554
    1752    0.714307    0.723603    0.001887
    1753    0.706359    0.710749    0.002405
    1754    0.772924    0.832602    0.007907
    1755    0.686925    0.693381    0.004701
    1756    0.717112    0.747339    0.003757
    1757    0.716084    0.744412    0.003560
    1758    0.778489    0.790585    0.000713
    1759    0.743944    0.865238    0.034136
    1760    0.741268    0.777769    0.003369
    1761    0.715772    0.718999    0.001575
    1762    0.799214    0.862936    0.009691
    1763    0.704985    0.745926    0.006851
    1764    0.716964    0.782914    0.012350
    1765    0.720532    0.749673    0.003334
    1766    0.810125    0.855321    0.006377
    1767    0.792614    0.846608    0.007064
    1768    0.774184    0.844265    0.010803
    1769    0.854637    0.916747    0.014468
    1770    0.769015    0.790459    0.001142
    1771    0.797324    0.837168    0.004604
    1772    0.669846    0.692969    0.008754
    1773    0.714051    0.770075    0.009621
    1774    0.718121    0.780479    0.011087
    1775    0.830662    0.835270    0.004479
    1776    0.710831    0.719637    0.002153
    1777    0.700600    0.706403    0.003025
    1778    0.774911    0.800626    0.001711
    1779    0.818417    0.882950    0.011133
    1780    0.814097    0.876224    0.010215
    1781    0.739066    0.751583    0.000669
    1782    0.764546    0.787562    0.001234
    1783    0.689627    0.722991    0.007262
    1784    0.756104    0.863984    0.026070
    1785    0.712420    0.715946    0.001848
    1786    0.723030    0.702252    0.002094
    1787    0.767044    0.839504    0.011571
    1788    0.740687    0.794020    0.006934
    1789    0.811325    0.873962    0.010139
    1790    0.651028    0.628949    0.012307
    1791    0.752804    0.795650    0.004212
    1792    0.736019    0.835037    0.023588
    1793    0.734908    0.767637    0.003016
    1794    0.714064    0.684451    0.003881
    1795    0.736088    0.824486    0.018900
    1796    0.651049    0.648038    0.010859
    1797    0.741959    0.733556    0.000361
    1798    0.725698    0.702631    0.002172
    1799    0.695414    0.762479    0.015478
    1800    0.681671    0.733331    0.012731
    1801    0.768766    0.757961    0.000364
    1802    0.793954    0.837202    0.004993
    1803    0.699008    0.753548    0.010957
    1804    0.755019    0.745179    0.000215
    1805    0.854321    0.901479    0.011550
    1806    0.859363    0.908674    0.012641
    1807    0.654857    0.724099    0.024402
    1808    0.775802    0.798640    0.001435
    1809    0.827762    0.971723    0.042739
    1810    0.704137    0.710375    0.002674
    1811    0.709145    0.716512    0.002241
    1812    0.758468    0.766597    0.000157
    1813    0.824050    0.897747    0.013995
    1814    0.762828    0.758074    0.000075
    1815    0.756909    0.894459    0.042160
    1816    0.722242    0.782244    0.009990
    1817    0.770220    0.872467    0.022736
    1818    0.759852    0.761361    0.000013
    1819    0.709114    0.743227    0.005102
    1820    0.771170    0.803671    0.002481
    1821    0.766717    0.787583    0.001051
    1822    0.937819    1.014497    0.033257
    1823    0.745895    0.735894    0.000334
    1824    0.755546    0.825126    0.010921
    1825    0.776258    0.784794    0.000478
    1826    0.797004    0.848113    0.006660
    1827    0.755389    0.739591    0.000555
    1828    0.796799    0.800413    0.001358
    1829    0.714185    0.731855    0.002474
    1830    0.731632    0.773557    0.004832
    1831    0.830427    0.929284    0.022596
    1832    0.738448    0.856518    0.032999
    1833    0.771225    0.786511    0.000691
    1834    0.724013    0.733163    0.001198
    1835    0.892524    1.106362    0.087330
    1836    0.765046    0.767102    0.000066
    1837    0.835759    0.940593    0.025231
    1838    0.735424    0.769904    0.003273
    1839    0.797972    0.829393    0.003426
    1840    0.739201    0.795668    0.007814
    1841    0.731156    0.734692    0.000634
    1842    0.747033    0.802083    0.007100
    1843    0.751344    0.799692    0.005384
    1844    0.755841    0.738091    0.000700
    1845    0.699803    0.698857    0.003018
    1846    0.802417    0.823965    0.002669
    1847    0.718398    0.746511    0.003347
    1848    0.680627    0.718437    0.009471
    1849    0.746378    0.774139    0.001904
    1850    0.734688    0.743090    0.000623
    1851    0.800768    0.859689    0.008592
    1852    0.734747    0.800543    0.010772
    1853    0.734156    0.780167    0.005550
    1854    0.675622    0.733496    0.015698
    1855    0.765467    0.786989    0.001096
    1856    0.712732    0.775410    0.011749
    1857    0.700286    0.722822    0.004318
    1858    0.790610    0.767420    0.002046
    1859    0.705911    0.681599    0.003908
    1860    0.772900    0.749225    0.001410
    1861    0.721151    0.759078    0.004751
    1862    0.740972    0.771710    0.002469
    1863    0.709513    0.762886    0.009366
    1864    0.821402    0.902779    0.016040
    1865    0.812953    0.851580    0.005526
    1866    0.725009    0.771142    0.006161
    1867    0.740142    0.747499    0.000388
    1868    0.709070    0.748412    0.006090
    1869    0.739609    0.796933    0.008021
    1870    0.742606    0.767166    0.001614
    1871    0.895699    0.955218    0.020665
    1872    0.721170    0.806902    0.019301
    1873    0.820494    0.910606    0.018817
    1874    0.826002    0.857059    0.005749
    1875    0.752664    0.780605    0.001814
    1876    0.729873    0.780624    0.006909
    1877    0.746760    0.776595    0.002172
    1878    0.781113    0.822409    0.004117
    1879    0.782365    0.884459    0.022376
    1880    0.807846    0.845942    0.005039
    1881    0.690706    0.746940    0.012632
    1882    0.806080    0.855218    0.006816
    1883    0.745504    0.760705    0.000667
    1884    0.774559    0.843795    0.010553
    1885    0.791779    0.811087    0.001800
    1886    0.697987    0.751271    0.010737
    1887    0.732129    0.756648    0.002021
    1888    0.761461    0.763867    0.000032
    1889    0.720366    0.700820    0.002152
    1890    0.831228    0.923069    0.020184
    1891    0.779325    0.783311    0.000460
    1892    0.685469    0.759892    0.019925
    1893    0.713234    0.761570    0.007681
    1894    0.783404    0.780703    0.000603
    1895    0.741169    0.739238    0.000232
    1896    0.720839    0.682563    0.004809
    1897    0.767903    0.769077    0.000105
    1898    0.738175    0.745692    0.000458
    1899    0.768551    0.845697    0.013072
    1900    0.734073    0.763566    0.002574
    1901    0.759380    0.836768    0.013359
    1902    0.788710    0.849911    0.008616
    1903    0.747202    0.786779    0.003724
    1904    0.707775    0.745255    0.005855
    1905    0.857618    0.945177    0.021507
    1906    0.691568    0.687050    0.004028
    1907    0.720720    0.751701    0.003596
    1908    0.787138    0.860425    0.011926
    1909    0.784262    0.816868    0.002878
    1910    0.810751    0.786622    0.003526
    1911    0.766567    0.782087    0.000619
    1912    0.826437    0.843792    0.004536
    1913    0.789957    0.743979    0.005277
    1914    0.756121    0.783365    0.001694
    1915    0.723789    0.690378    0.003730
    1916    0.796832    0.819779    0.002417
    1917    0.731235    0.800611    0.012181
    1918    0.649910    0.689206    0.015813
    1919    0.904424    1.068445    0.058777
    1920    0.750314    0.790167    0.003698
    1921    0.714331    0.687505    0.003461
    1922    0.752808    0.777110    0.001378
    1923    0.667765    0.723985    0.016698
    1924    0.696814    0.770625    0.017770
    1925    0.722888    0.787690    0.011402
    1926    0.799381    0.849634    0.006616
    1927    0.750132    0.802134    0.006252
    1928    0.688838    0.668467    0.005439
    1929    0.713114    0.722437    0.001985
    1930    0.744457    0.870278    0.036642
    1931    0.711830    0.766893    0.009582
    1932    0.710191    0.713361    0.002031
    1933    0.745504    0.717679    0.001899
    1934    0.730936    0.756220    0.002173
    1935    0.758712    0.782200    0.001255
    1936    0.711942    0.773447    0.011469
    1937    0.776051    0.788390    0.000644
    1938    0.772231    0.763398    0.000359
    1939    0.664908    0.682587    0.009003
    1940    0.736614    0.729039    0.000503
    1941    0.730654    0.733647    0.000649
    1942    0.701749    0.744435    0.007598
    1943    0.720717    0.733677    0.001621
    1944    0.730589    0.793234    0.010102
    1945    0.678885    0.705416    0.007724
    1946    0.750871    0.745283    0.000101
    1947    0.697204    0.733559    0.006831
    1948    0.759339    0.758670    0.000005
    1949    0.729954    0.765143    0.003675
    1950    0.756136    0.813594    0.007453
    1951    0.692090    0.671149    0.005077
    1952    0.738000    0.791141    0.007019
    1953    0.665674    0.636490    0.010400
    1954    0.770654    0.812744    0.004024
    1955    0.742334    0.764874    0.001399
    1956    0.733807    0.771527    0.003910
    1957    0.735813    0.765005    0.002452
    1958    0.752065    0.769441    0.000724
    1959    0.824808    0.840576    0.004259
    1960    0.864386    0.854037    0.009361
    1961    0.741673    0.737073    0.000256
    1962    0.724847    0.751194    0.002657
    1963    0.740842    0.818555    0.014378
    1964    0.677692    0.664680    0.006382
    1965    0.716219    0.750679    0.004518
    1966    0.711830    0.712034    0.001862
    1967    0.751507    0.798962    0.005185
    1968    0.691756    0.696962    0.004031
    1969    0.786542    0.814995    0.002444
    1970    0.775555    0.831293    0.006963
    1971    0.745816    0.716976    0.002025
    1972    0.766487    0.822633    0.007004
    1973    0.753412    0.794609    0.003887
    1974    0.672827    0.655389    0.007549
    1975    0.731485    0.723422    0.000735
    1976    0.682060    0.704313    0.006653
    1977    0.690184    0.719156    0.006444
    1978    0.754440    0.803923    0.005568
    1979    0.754452    0.847186    0.019389
    1980    0.690029    0.722494    0.007047
    1981    0.759601    0.719336    0.003618
    1982    0.742608    0.786688    0.004747
    1983    0.742825    0.812147    0.011390
    1984    0.804359    0.854375    0.006873
    1985    0.693436    0.733101    0.007984
    1986    0.744783    0.716165    0.002022
    1987    0.715947    0.739167    0.002907
    1988    0.730703    0.738783    0.000787
    1989    0.720045    0.749320    0.003390
    1990    0.701911    0.683897    0.003629
    1991    0.843569    0.887701    0.009614
    1992    0.823628    0.819577    0.003677
    1993    0.733684    0.729571    0.000525
    1994    0.712403    0.746657    0.004816
    1995    0.670578    0.685493    0.007725
    1996    0.924696    1.016208    0.033995
    1997    0.702914    0.762450    0.011935
    1998    0.732392    0.739668    0.000678
    1999    0.817367    0.924578    0.025065
    2000    0.749955    0.808912    0.008017
