   locus        mean         std
       1    0.912364    0.031778
       2    0.248413    0.054451
       3    0.664382    0.061044
       4    0.940211    0.025240
       5    0.875919    0.038613
       6    0.880533    0.038781
       7    0.367508    0.063553
       8    0.669363    0.061947
       9    0.486036    0.068956
      10    0.736530    0.058703
      11    0.563454    0.067169
      12    0.659135    0.066125
      13    0.748756    0.057934
      14    0.777523    0.052863
      15    0.694093    0.058569
      16    0.853765    0.042210
      17    0.966982    0.017580
      18    0.849852    0.042220
      19    0.939651    0.026182
      20    0.922760    0.029831
      21    0.832954    0.046215
      22    0.694020    0.061427
      23    0.622176    0.065204
      24    0.356948    0.060854
      25    0.343211    0.066054
      26    0.884518    0.036701
      27    0.730915    0.058640
      28    0.734709    0.060195
      29    0.304458    0.060800
      30    0.765780    0.054366
      31    0.882628    0.039095
      32    0.597496    0.065856
      33    0.897371    0.036052
      34    0.476006    0.064396
      35    0.604290    0.067622
      36    0.509221    0.066881
      37    0.832686    0.046402
      38    0.483946    0.066828
      39    0.823783    0.047836
      40    0.815242    0.048202
      41    0.617194    0.067351
      42    0.467402    0.066394
      43    0.575365    0.069188
      44    0.944701    0.026413
      45    0.809608    0.049831
      46    0.847969    0.046089
      47    0.564727    0.066000
      48    0.514292    0.069492
      49    0.499803    0.068252
      50    0.752224    0.057021
      51    0.861340    0.041750
      52    0.630437    0.067737
      53    0.669892    0.060361
      54    0.254599    0.055582
      55    0.613967    0.068115
      56    0.472833    0.066440
      57    0.751185    0.058048
      58    0.929744    0.027849
      59    0.598152    0.068274
      60    0.488394    0.064990
      61    0.809567    0.047793
      62    0.761303    0.055739
      63    0.498758    0.068361
      64    0.556783    0.068727
      65    0.521033    0.066505
      66    0.855664    0.043673
      67    0.870389    0.043042
      68    0.750563    0.057102
      69    0.792553    0.049764
      70    0.798494    0.049553
      71    0.646261    0.063173
      72    0.580051    0.067231
      73    0.795757    0.051634
      74    0.914325    0.030489
      75    0.894039    0.034993
      76    0.930660    0.026382
      77    0.356270    0.062258
      78    0.459561    0.066615
      79    0.755878    0.054826
      80    0.593053    0.066261
      81    0.810643    0.047982
      82    0.695609    0.058918
      83    0.708045    0.059593
      84    0.916674    0.031710
      85    0.668032    0.061111
      86    0.947678    0.024251
      87    0.950232    0.022180
      88    0.784469    0.055112
      89    0.839369    0.046055
      90    0.405643    0.067866
      91    0.920601    0.030939
      92    0.561167    0.064571
      93    0.545718    0.065081
      94    0.761104    0.054941
      95    0.262335    0.057996
      96    0.908836    0.032319
      97    0.736412    0.057480
      98    0.729855    0.057585
      99    0.305335    0.059929
     100    0.681712    0.061450
     101    0.383567    0.063109
     102    0.687223    0.060795
     103    0.485932    0.069860
     104    0.633780    0.063634
     105    0.713429    0.060052
     106    0.571538    0.066082
     107    0.900842    0.033411
     108    0.827412    0.047749
     109    0.715242    0.060753
     110    0.730613    0.056855
     111    0.360715    0.064009
     112    0.787180    0.052166
     113    0.912884    0.031069
     114    0.923892    0.028323
     115    0.682236    0.062497
     116    0.577452    0.067614
     117    0.336587    0.063332
     118    0.564180    0.065324
     119    0.583232    0.065125
     120    0.543409    0.066234
     121    0.243423    0.054160
     122    0.771591    0.052869
     123    0.870029    0.042988
     124    0.788954    0.053508
     125    0.555463    0.065932
     126    0.675022    0.061383
     127    0.442257    0.066154
     128    0.967523    0.017558
     129    0.661629    0.063092
     130    0.838760    0.046563
     131    0.790398    0.051646
     132    0.886368    0.038681
     133    0.867102    0.042412
     134    0.722936    0.058422
     135    0.567209    0.067105
     136    0.925196    0.028324
     137    0.678801    0.061854
     138    0.828100    0.044435
     139    0.853705    0.043442
     140    0.719136    0.059328
     141    0.709523    0.061590
     142    0.904663    0.035450
     143    0.576883    0.065462
     144    0.391389    0.064704
     145    0.912334    0.034465
     146    0.592675    0.065877
     147    0.872045    0.040259
     148    0.715815    0.059107
     149    0.656373    0.063530
     150    0.747455    0.056681
     151    0.760997    0.056161
     152    0.823035    0.048777
     153    0.852187    0.043253
     154    0.846433    0.043603
     155    0.725358    0.058372
     156    0.522069    0.063347
     157    0.707210    0.060269
     158    0.808183    0.050487
     159    0.520373    0.067021
     160    0.235132    0.053728
     161    0.497610    0.068091
     162    0.806969    0.049751
     163    0.697228    0.061564
     164    0.275717    0.057305
     165    0.628578    0.067336
     166    0.568290    0.066992
     167    0.496400    0.066671
     168    0.921304    0.030827
     169    0.743154    0.057932
     170    0.964295    0.019208
     171    0.471708    0.073929
     172    0.668522    0.063272
     173    0.393592    0.065215
     174    0.913942    0.030305
     175    0.653132    0.064540
     176    0.798199    0.051736
     177    0.741975    0.055617
     178    0.533594    0.067570
     179    0.281093    0.056858
     180    0.682629    0.059208
     181    0.790833    0.054605
     182    0.427489    0.065158
     183    0.908712    0.031285
     184    0.584411    0.062455
     185    0.682260    0.062177
     186    0.873342    0.041179
     187    0.426887    0.066426
     188    0.671989    0.065422
     189    0.737868    0.058177
     190    0.822174    0.047356
     191    0.935441    0.027354
     192    0.760074    0.057191
     193    0.370034    0.063407
     194    0.878059    0.038495
     195    0.845685    0.044944
     196    0.608729    0.065747
     197    0.967633    0.017357
     198    0.830011    0.048717
     199    0.740105    0.058633
     200    0.772608    0.054778
     201    0.877514    0.038794
     202    0.414145    0.065609
     203    0.692971    0.059392
     204    0.506013    0.070704
     205    0.409255    0.065323
     206    0.515855    0.067633
     207    0.271175    0.057805
     208    0.573176    0.068516
     209    0.494186    0.064856
     210    0.914475    0.030959
     211    0.624538    0.063935
     212    0.906292    0.032198
     213    0.871385    0.040054
     214    0.698791    0.061722
     215    0.953669    0.022966
     216    0.962756    0.019813
     217    0.425184    0.064541
     218    0.459552    0.067498
     219    0.788405    0.050924
     220    0.237418    0.052190
     221    0.124209    0.037770
     222    0.909311    0.032593
     223    0.698532    0.062086
     224    0.860734    0.040434
     225    0.690436    0.060708
     226    0.445448    0.064878
     227    0.430179    0.068411
     228    0.417788    0.066929
     229    0.757593    0.053051
     230    0.951737    0.023040
     231    0.909716    0.032079
     232    0.863306    0.042765
     233    0.896824    0.033560
     234    0.822267    0.045671
     235    0.535622    0.068007
     236    0.566879    0.068636
     237    0.733402    0.060867
     238    0.919222    0.029638
     239    0.686481    0.061517
     240    0.391226    0.065021
     241    0.686864    0.062374
     242    0.670276    0.059733
     243    0.877347    0.037958
     244    0.445810    0.066303
     245    0.703459    0.058207
     246    0.502243    0.067448
     247    0.588486    0.067308
     248    0.924422    0.029429
     249    0.577143    0.066493
     250    0.907340    0.032910
     251    0.519308    0.068676
     252    0.575346    0.067469
     253    0.801181    0.049760
     254    0.738066    0.058249
     255    0.326268    0.062816
     256    0.836581    0.046340
     257    0.576919    0.071036
     258    0.843710    0.044637
     259    0.848106    0.044274
     260    0.212740    0.049962
     261    0.341291    0.065860
     262    0.866109    0.040123
     263    0.688952    0.062144
     264    0.820537    0.047747
     265    0.773949    0.053870
     266    0.758961    0.054997
     267    0.714077    0.060920
     268    0.425413    0.065803
     269    0.732188    0.057642
     270    0.886807    0.038839
     271    0.874463    0.039508
     272    0.847099    0.044488
     273    0.849278    0.045115
     274    0.433812    0.064575
     275    0.710874    0.060983
     276    0.769722    0.054104
     277    0.852437    0.044333
     278    0.357029    0.063323
     279    0.678253    0.060749
     280    0.447215    0.066957
     281    0.710314    0.062441
     282    0.729489    0.058116
     283    0.521372    0.065262
     284    0.539675    0.068676
     285    0.619395    0.065121
     286    0.337577    0.060832
     287    0.914898    0.032098
     288    0.923718    0.028673
     289    0.618132    0.064028
     290    0.697715    0.058097
     291    0.835378    0.045634
     292    0.910913    0.032688
     293    0.697150    0.061242
     294    0.418402    0.065268
     295    0.192262    0.049239
     296    0.825674    0.047375
     297    0.656739    0.062321
     298    0.448101    0.065667
     299    0.528002    0.066622
     300    0.871409    0.040212
     301    0.483325    0.066346
     302    0.501431    0.066542
     303    0.587398    0.066252
     304    0.264925    0.057725
     305    0.954473    0.022837
     306    0.815387    0.048492
     307    0.586678    0.066590
     308    0.718661    0.060117
     309    0.776267    0.056599
     310    0.477293    0.065253
     311    0.631703    0.062777
     312    0.261142    0.055886
     313    0.670515    0.064303
     314    0.579998    0.066999
     315    0.409455    0.067156
     316    0.578465    0.066297
     317    0.796409    0.053119
     318    0.884632    0.036160
     319    0.645006    0.065732
     320    0.063218    0.028923
     321    0.920585    0.029165
     322    0.333645    0.063177
     323    0.783365    0.052718
     324    0.937198    0.026139
     325    0.812659    0.047686
     326    0.287907    0.056899
     327    0.952052    0.022770
     328    0.637975    0.064459
     329    0.856271    0.042385
     330    0.926107    0.027458
     331    0.883506    0.037300
     332    0.850894    0.044802
     333    0.881992    0.037270
     334    0.891068    0.036543
     335    0.529672    0.065460
     336    0.899564    0.034619
     337    0.567285    0.064646
     338    0.858443    0.042975
     339    0.553134    0.067694
     340    0.656745    0.061784
     341    0.771659    0.053355
     342    0.479327    0.066625
     343    0.946118    0.024976
     344    0.757442    0.055925
     345    0.697246    0.060509
     346    0.612501    0.063732
     347    0.966575    0.018067
     348    0.631067    0.066127
     349    0.339083    0.067377
     350    0.924589    0.029445
     351    0.361617    0.064710
     352    0.879755    0.038602
     353    0.330572    0.062222
     354    0.250693    0.054582
     355    0.380043    0.063228
     356    0.642151    0.063174
     357    0.588314    0.067802
     358    0.804691    0.052141
     359    0.908518    0.033072
     360    0.556125    0.067080
     361    0.832641    0.044711
     362    0.419354    0.067119
     363    0.649821    0.061397
     364    0.649305    0.062160
     365    0.684554    0.061159
     366    0.763109    0.054631
     367    0.523763    0.067914
     368    0.217156    0.049909
     369    0.798557    0.051796
     370    0.295203    0.056164
     371    0.818773    0.046985
     372    0.862954    0.042176
     373    0.812273    0.048051
     374    0.602766    0.065666
     375    0.559167    0.068812
     376    0.464947    0.067686
     377    0.780517    0.059596
     378    0.755291    0.056242
     379    0.210006    0.051044
     380    0.881996    0.037710
     381    0.663183    0.065049
     382    0.822644    0.049241
     383    0.737554    0.057541
     384    0.504590    0.070324
     385    0.919602    0.029688
     386    0.604086    0.061723
     387    0.683507    0.061197
     388    0.756171    0.058294
     389    0.900910    0.034555
     390    0.933122    0.026745
     391    0.596693    0.068672
     392    0.258831    0.055246
     393    0.752926    0.053625
     394    0.656035    0.062492
     395    0.692643    0.060257
     396    0.819399    0.047325
     397    0.532679    0.066693
     398    0.763147    0.053939
     399    0.676692    0.064318
     400    0.422310    0.064737
     401    0.906276    0.035841
     402    0.729614    0.057216
     403    0.597121    0.065350
     404    0.536421    0.066111
     405    0.918680    0.028495
     406    0.910752    0.031152
     407    0.874921    0.040697
     408    0.850210    0.042701
     409    0.634652    0.064037
     410    0.685515    0.064038
     411    0.731500    0.058393
     412    0.897825    0.035437
     413    0.854600    0.042772
     414    0.499482    0.067830
     415    0.756826    0.057297
     416    0.623053    0.064065
     417    0.659334    0.063441
     418    0.621777    0.066788
     419    0.755249    0.056308
     420    0.927122    0.029106
     421    0.513134    0.065065
     422    0.904377    0.034328
     423    0.829403    0.048019
     424    0.687254    0.059933
     425    0.760576    0.054507
     426    0.786685    0.051470
     427    0.901410    0.034781
     428    0.536146    0.066246
     429    0.721812    0.061122
     430    0.758386    0.054149
     431    0.650576    0.066002
     432    0.191127    0.048102
     433    0.460120    0.068405
     434    0.552459    0.066495
     435    0.618889    0.065064
     436    0.813625    0.050082
     437    0.616773    0.066963
     438    0.335955    0.063838
     439    0.908242    0.032862
     440    0.854694    0.045758
     441    0.641666    0.063092
     442    0.922261    0.029137
     443    0.807157    0.048601
     444    0.952205    0.023299
     445    0.770983    0.054800
     446    0.602445    0.066244
     447    0.105222    0.036273
     448    0.684339    0.061156
     449    0.658630    0.064480
     450    0.811347    0.048759
     451    0.625800    0.063027
     452    0.875190    0.040617
     453    0.419425    0.065300
     454    0.526173    0.066550
     455    0.971144    0.016529
     456    0.871820    0.039985
     457    0.884436    0.038339
     458    0.407299    0.063049
     459    0.794545    0.050273
     460    0.381103    0.065413
     461    0.710277    0.060742
     462    0.768245    0.055710
     463    0.805444    0.050294
     464    0.671584    0.061608
     465    0.723549    0.058816
     466    0.869733    0.041561
     467    0.905440    0.033568
     468    0.383937    0.062766
     469    0.890128    0.037158
     470    0.824691    0.047253
     471    0.938933    0.026234
     472    0.844824    0.045031
     473    0.395732    0.063939
     474    0.773872    0.056041
     475    0.362748    0.061602
     476    0.616020    0.064811
     477    0.927085    0.027190
     478    0.764568    0.054380
     479    0.297632    0.059177
     480    0.569640    0.066805
     481    0.722823    0.060052
     482    0.746018    0.054701
     483    0.900224    0.034606
     484    0.631616    0.064479
     485    0.696497    0.064999
     486    0.557209    0.065990
     487    0.852574    0.043333
     488    0.767373    0.054806
     489    0.902420    0.033894
     490    0.767993    0.053693
     491    0.654731    0.062857
     492    0.621117    0.066668
     493    0.410749    0.063847
     494    0.843879    0.047025
     495    0.679780    0.061539
     496    0.901167    0.033563
     497    0.807301    0.049514
     498    0.225472    0.051485
     499    0.693512    0.060407
     500    0.716449    0.057296
     501    0.941167    0.025410
     502    0.286360    0.057202
     503    0.820249    0.046869
     504    0.935434    0.027239
     505    0.930608    0.027328
     506    0.637325    0.065494
     507    0.782743    0.054549
     508    0.570135    0.067337
     509    0.130184    0.038603
     510    0.581070    0.065863
     511    0.749106    0.056975
     512    0.388159    0.064157
     513    0.570033    0.069895
     514    0.697750    0.059429
     515    0.363478    0.065584
     516    0.872031    0.041116
     517    0.778230    0.055535
     518    0.847121    0.043569
     519    0.637124    0.063855
     520    0.748685    0.057820
     521    0.424565    0.068227
     522    0.218872    0.052929
     523    0.903267    0.034661
     524    0.703790    0.060856
     525    0.902112    0.034580
     526    0.877339    0.039887
     527    0.338575    0.060759
     528    0.916882    0.032172
     529    0.094225    0.031531
     530    0.595510    0.066014
     531    0.130491    0.039861
     532    0.668527    0.062500
     533    0.715275    0.060087
     534    0.900632    0.034334
     535    0.823283    0.047193
     536    0.746622    0.057946
     537    0.702197    0.064517
     538    0.651471    0.063533
     539    0.929727    0.031370
     540    0.246783    0.053751
     541    0.823029    0.048338
     542    0.708705    0.059724
     543    0.483182    0.067358
     544    0.189095    0.048255
     545    0.861155    0.041373
     546    0.881249    0.039685
     547    0.631818    0.061902
     548    0.608699    0.066730
     549    0.714776    0.059275
     550    0.634008    0.064885
     551    0.795152    0.053277
     552    0.701694    0.059973
     553    0.912029    0.030227
     554    0.509640    0.067120
     555    0.787251    0.050136
     556    0.467209    0.064830
     557    0.909717    0.035622
     558    0.949817    0.024613
     559    0.663184    0.061666
     560    0.871225    0.040635
     561    0.745909    0.058048
     562    0.580101    0.065315
     563    0.767001    0.054928
     564    0.405797    0.064531
     565    0.457661    0.064177
     566    0.772783    0.054211
     567    0.779429    0.052367
     568    0.199708    0.048014
     569    0.386779    0.066854
     570    0.796921    0.051545
     571    0.625160    0.063972
     572    0.918074    0.029415
     573    0.771477    0.054392
     574    0.157749    0.043625
     575    0.088090    0.029520
     576    0.880911    0.039215
     577    0.538230    0.066764
     578    0.799994    0.053243
     579    0.901451    0.034968
     580    0.804065    0.048928
     581    0.880448    0.039685
     582    0.478884    0.065476
     583    0.300066    0.058811
     584    0.805640    0.048784
     585    0.916982    0.032707
     586    0.947975    0.025198
     587    0.873885    0.041266
     588    0.611474    0.064899
     589    0.378791    0.063032
     590    0.887170    0.036879
     591    0.554861    0.066203
     592    0.333966    0.064321
     593    0.475768    0.067217
     594    0.846341    0.043492
     595    0.918844    0.029741
     596    0.828107    0.048359
     597    0.449773    0.066363
     598    0.345486    0.061090
     599    0.366189    0.062904
     600    0.616873    0.063536
     601    0.517073    0.063280
     602    0.436204    0.066009
     603    0.466488    0.063548
     604    0.575079    0.068324
     605    0.933435    0.028053
     606    0.949238    0.024101
     607    0.841393    0.044947
     608    0.386282    0.065394
     609    0.519659    0.065288
     610    0.459562    0.066255
     611    0.931081    0.027669
     612    0.691999    0.063802
     613    0.199568    0.050003
     614    0.887340    0.037203
     615    0.418637    0.063893
     616    0.458520    0.065176
     617    0.812634    0.049087
     618    0.685939    0.062482
     619    0.468916    0.066413
     620    0.640646    0.062719
     621    0.740290    0.056196
     622    0.670421    0.061456
     623    0.887453    0.036619
     624    0.296865    0.060529
     625    0.970095    0.016843
     626    0.414231    0.065240
     627    0.543527    0.065302
     628    0.357502    0.064239
     629    0.799183    0.050787
     630    0.915275    0.028619
     631    0.542419    0.065583
     632    0.839852    0.046770
     633    0.945408    0.024584
     634    0.442013    0.064208
     635    0.967845    0.016667
     636    0.668548    0.062685
     637    0.836836    0.046383
     638    0.418554    0.066450
     639    0.784756    0.055107
     640    0.486706    0.067702
     641    0.706121    0.060852
     642    0.283189    0.056782
     643    0.823483    0.050621
     644    0.866567    0.041792
     645    0.502443    0.067524
     646    0.346135    0.063835
     647    0.658716    0.064952
     648    0.646832    0.065535
     649    0.812359    0.049931
     650    0.911759    0.032631
     651    0.828400    0.050611
     652    0.942640    0.025092
     653    0.964090    0.018673
     654    0.742135    0.055483
     655    0.622594    0.064194
     656    0.913814    0.032596
     657    0.652318    0.063041
     658    0.632648    0.063500
     659    0.625637    0.063388
     660    0.804326    0.051004
     661    0.478490    0.068115
     662    0.854726    0.042012
     663    0.913860    0.030444
     664    0.634060    0.063309
     665    0.540125    0.068530
     666    0.232664    0.052382
     667    0.806683    0.048922
     668    0.382253    0.063038
     669    0.623755    0.064073
     670    0.615223    0.063712
     671    0.606783    0.067342
     672    0.409851    0.063861
     673    0.615585    0.063857
     674    0.446894    0.067808
     675    0.880038    0.036333
     676    0.954705    0.020537
     677    0.506748    0.066529
     678    0.944709    0.023302
     679    0.269377    0.057434
     680    0.790758    0.052012
     681    0.958405    0.019667
     682    0.651143    0.061175
     683    0.829963    0.047618
     684    0.899552    0.037192
     685    0.261217    0.055470
     686    0.501394    0.068475
     687    0.830690    0.046069
     688    0.907094    0.031906
     689    0.334474    0.063533
     690    0.382885    0.065637
     691    0.857676    0.042460
     692    0.503365    0.067887
     693    0.938233    0.026230
     694    0.811041    0.052629
     695    0.924476    0.027781
     696    0.958283    0.020572
     697    0.732039    0.058377
     698    0.707033    0.057965
     699    0.578343    0.062586
     700    0.932472    0.028504
     701    0.917076    0.029854
     702    0.838892    0.045949
     703    0.640110    0.065066
     704    0.654453    0.064405
     705    0.357602    0.060113
     706    0.752619    0.057135
     707    0.694122    0.061535
     708    0.919437    0.029815
     709    0.389748    0.062992
     710    0.620673    0.062030
     711    0.554707    0.066301
     712    0.636974    0.066207
     713    0.248983    0.053647
     714    0.923276    0.028285
     715    0.922460    0.029223
     716    0.935489    0.027685
     717    0.784647    0.052632
     718    0.891925    0.034419
     719    0.830725    0.046642
     720    0.513980    0.067073
     721    0.777686    0.052390
     722    0.330374    0.062829
     723    0.845097    0.046030
     724    0.600037    0.064395
     725    0.858078    0.043363
     726    0.763902    0.052660
     727    0.938005    0.025473
     728    0.859885    0.042251
     729    0.877222    0.038694
     730    0.798236    0.050326
     731    0.654167    0.062380
     732    0.289585    0.058537
     733    0.517661    0.066264
     734    0.882912    0.037400
     735    0.389402    0.064604
     736    0.485244    0.068331
     737    0.686603    0.063109
     738    0.264172    0.056356
     739    0.663731    0.062540
     740    0.563507    0.063761
     741    0.924004    0.028328
     742    0.543246    0.068650
     743    0.921575    0.029006
     744    0.594798    0.065080
     745    0.854166    0.043554
     746    0.903103    0.035040
     747    0.927013    0.028069
     748    0.498486    0.066794
     749    0.586009    0.065779
     750    0.134051    0.040395
     751    0.921412    0.029226
     752    0.843825    0.044942
     753    0.776435    0.053986
     754    0.812077    0.051190
     755    0.601767    0.066370
     756    0.520066    0.069164
     757    0.885136    0.037390
     758    0.961234    0.019986
     759    0.772142    0.054738
     760    0.165341    0.045045
     761    0.966578    0.018966
     762    0.288639    0.057305
     763    0.743220    0.059202
     764    0.458010    0.065615
     765    0.788256    0.052537
     766    0.687377    0.060857
     767    0.781188    0.052110
     768    0.625771    0.063350
     769    0.879404    0.039274
     770    0.914322    0.030727
     771    0.679065    0.061830
     772    0.643272    0.062169
     773    0.487413    0.069961
     774    0.957761    0.020616
     775    0.457367    0.066886
     776    0.785727    0.053187
     777    0.577567    0.066601
     778    0.703684    0.060055
     779    0.820861    0.046505
     780    0.498368    0.065950
     781    0.682626    0.059763
     782    0.632010    0.065369
     783    0.740440    0.058734
     784    0.893115    0.038899
     785    0.930148    0.028803
     786    0.733907    0.059849
     787    0.842119    0.044375
     788    0.788790    0.051293
     789    0.545102    0.066429
     790    0.823432    0.048607
     791    0.882891    0.037390
     792    0.953557    0.022616
     793    0.816678    0.056785
     794    0.233671    0.053700
     795    0.913080    0.031622
     796    0.680368    0.060235
     797    0.723787    0.059535
     798    0.445999    0.068646
     799    0.802067    0.051291
     800    0.870600    0.039849
     801    0.660667    0.061942
     802    0.890763    0.035096
     803    0.710089    0.058509
     804    0.717758    0.059240
     805    0.394278    0.064268
     806    0.969436    0.015691
     807    0.934224    0.027613
     808    0.947748    0.024956
     809    0.705648    0.058567
     810    0.500692    0.066746
     811    0.907838    0.031557
     812    0.793580    0.052229
     813    0.718892    0.059288
     814    0.858109    0.043643
     815    0.919085    0.030027
     816    0.951357    0.023422
     817    0.922413    0.028900
     818    0.485464    0.066714
     819    0.758176    0.057570
     820    0.786627    0.053149
     821    0.346014    0.063569
     822    0.803562    0.049633
     823    0.854850    0.043418
     824    0.757583    0.055536
     825    0.622856    0.063240
     826    0.891612    0.035560
     827    0.717096    0.057691
     828    0.625329    0.065110
     829    0.923795    0.028779
     830    0.639411    0.065419
     831    0.678971    0.064709
     832    0.931568    0.028133
     833    0.521404    0.068269
     834    0.951771    0.022572
     835    0.815748    0.046381
     836    0.969211    0.016506
     837    0.938237    0.027686
     838    0.477813    0.064808
     839    0.843444    0.043843
     840    0.868043    0.040548
     841    0.843195    0.042896
     842    0.711838    0.059791
     843    0.741406    0.057598
     844    0.397545    0.066503
     845    0.933073    0.027271
     846    0.944351    0.024788
     847    0.936102    0.028823
     848    0.896960    0.033715
     849    0.856342    0.044296
     850    0.558360    0.066221
     851    0.575418    0.065169
     852    0.673689    0.061908
     853    0.943891    0.026948
     854    0.760762    0.054812
     855    0.939866    0.025723
     856    0.629280    0.064333
     857    0.661101    0.065222
     858    0.187743    0.046999
     859    0.824498    0.046334
     860    0.615143    0.066731
     861    0.480722    0.067682
     862    0.934559    0.026987
     863    0.936393    0.027167
     864    0.115619    0.035433
     865    0.953788    0.022365
     866    0.473484    0.065612
     867    0.572728    0.067019
     868    0.724424    0.061037
     869    0.710106    0.061559
     870    0.772900    0.055138
     871    0.832751    0.044833
     872    0.253813    0.056804
     873    0.832013    0.047727
     874    0.915682    0.031756
     875    0.926108    0.029309
     876    0.959451    0.019883
     877    0.944026    0.024067
     878    0.961950    0.018865
     879    0.713444    0.057116
     880    0.187511    0.047408
     881    0.602233    0.062844
     882    0.665494    0.062397
     883    0.389134    0.066516
     884    0.652094    0.064946
     885    0.473221    0.067668
     886    0.200321    0.048585
     887    0.794488    0.051393
     888    0.429328    0.064472
     889    0.544980    0.065824
     890    0.851056    0.046063
     891    0.898875    0.036105
     892    0.511887    0.067729
     893    0.929592    0.029106
     894    0.854479    0.044243
     895    0.907925    0.035105
     896    0.631264    0.066122
     897    0.929013    0.029324
     898    0.777671    0.054802
     899    0.255105    0.057890
     900    0.455340    0.066856
     901    0.413566    0.065344
     902    0.572016    0.065672
     903    0.963545    0.019975
     904    0.922036    0.030507
     905    0.370025    0.063860
     906    0.929984    0.027357
     907    0.728647    0.057272
     908    0.657595    0.061406
     909    0.418581    0.067129
     910    0.926705    0.028486
     911    0.801538    0.052880
     912    0.884078    0.039653
     913    0.438282    0.064995
     914    0.661679    0.062394
     915    0.488489    0.064629
     916    0.716519    0.057942
     917    0.758120    0.055305
     918    0.634409    0.063507
     919    0.477255    0.066419
     920    0.734384    0.056785
     921    0.889234    0.038048
     922    0.748111    0.058730
     923    0.500417    0.066982
     924    0.613515    0.064983
     925    0.381001    0.063436
     926    0.385635    0.065747
     927    0.305416    0.059330
     928    0.637454    0.063937
     929    0.520250    0.066175
     930    0.752733    0.057185
     931    0.585588    0.066367
     932    0.904787    0.033644
     933    0.748592    0.055815
     934    0.581072    0.065267
     935    0.824351    0.047613
     936    0.649808    0.061706
     937    0.464320    0.068276
     938    0.567490    0.066584
     939    0.314648    0.061304
     940    0.951773    0.022358
     941    0.615127    0.064464
     942    0.547291    0.066001
     943    0.511446    0.067921
     944    0.868990    0.041053
     945    0.223589    0.049378
     946    0.503412    0.067928
     947    0.679896    0.061763
     948    0.510925    0.067330
     949    0.582773    0.067270
     950    0.714537    0.058476
     951    0.637924    0.065495
     952    0.480960    0.066543
     953    0.972530    0.015732
     954    0.957634    0.019367
     955    0.510578    0.066288
     956    0.611360    0.064779
     957    0.772133    0.052584
     958    0.408090    0.065926
     959    0.588620    0.067463
     960    0.445000    0.064985
     961    0.859124    0.042015
     962    0.915754    0.031438
     963    0.437579    0.067787
     964    0.840723    0.046310
     965    0.882290    0.041169
     966    0.529455    0.068234
     967    0.661198    0.064883
     968    0.848105    0.047098
     969    0.285169    0.057996
     970    0.921808    0.029054
     971    0.435446    0.069160
     972    0.112155    0.036374
     973    0.798642    0.050453
     974    0.150087    0.045157
     975    0.912431    0.032784
     976    0.294833    0.059282
     977    0.480806    0.066122
     978    0.758280    0.057663
     979    0.915246    0.028936
     980    0.858319    0.043765
     981    0.472267    0.067630
     982    0.912368    0.029711
     983    0.847471    0.049057
     984    0.416112    0.066607
     985    0.955212    0.022232
     986    0.553929    0.067027
     987    0.710166    0.061033
     988    0.920857    0.032997
     989    0.715110    0.060394
     990    0.473788    0.066365
     991    0.493421    0.067934
     992    0.276891    0.058600
     993    0.683776    0.063872
     994    0.926493    0.027326
     995    0.690746    0.061748
     996    0.521944    0.066538
     997    0.736081    0.058684
     998    0.198397    0.048861
     999    0.884035    0.037828
    1000    0.715945    0.059667
    1001    0.909275    0.032037
    1002    0.492007    0.067227
    1003    0.752808    0.056281
    1004    0.618521    0.064453
    1005    0.926694    0.028747
    1006    0.505174    0.067315
    1007    0.683452    0.059627
    1008    0.243149    0.054423
    1009    0.331264    0.062048
    1010    0.813806    0.049049
    1011    0.137510    0.041916
    1012    0.469547    0.066693
    1013    0.704475    0.060473
    1014    0.611676    0.064280
    1015    0.214816    0.052546
    1016    0.970582    0.017911
    1017    0.934046    0.028420
    1018    0.951718    0.023291
    1019    0.771170    0.055981
    1020    0.555254    0.067551
    1021    0.895801    0.035627
    1022    0.363925    0.064779
    1023    0.605488    0.065042
    1024    0.467772    0.068078
    1025    0.090113    0.031367
    1026    0.893057    0.036759
    1027    0.964862    0.018486
    1028    0.925125    0.030519
    1029    0.515024    0.072906
    1030    0.611848    0.063064
    1031    0.611350    0.068166
    1032    0.801112    0.049117
    1033    0.675925    0.062741
    1034    0.655217    0.062136
    1035    0.587835    0.065982
    1036    0.609352    0.067372
    1037    0.266696    0.055812
    1038    0.606445    0.065973
    1039    0.340380    0.064168
    1040    0.942034    0.024680
    1041    0.681424    0.062909
    1042    0.855133    0.043965
    1043    0.521897    0.068105
    1044    0.706497    0.057952
    1045    0.895854    0.035178
    1046    0.557855    0.068092
    1047    0.555816    0.066317
    1048    0.281104    0.058144
    1049    0.756163    0.054814
    1050    0.903996    0.032382
    1051    0.687836    0.061885
    1052    0.915464    0.030736
    1053    0.915117    0.030783
    1054    0.579641    0.066928
    1055    0.512862    0.068950
    1056    0.648186    0.061778
    1057    0.653908    0.064161
    1058    0.545752    0.065413
    1059    0.569416    0.065725
    1060    0.850562    0.046000
    1061    0.417605    0.065136
    1062    0.928786    0.028478
    1063    0.414165    0.065176
    1064    0.847241    0.044225
    1065    0.636466    0.063537
    1066    0.874636    0.038795
    1067    0.214945    0.050613
    1068    0.720443    0.055510
    1069    0.773773    0.054486
    1070    0.921144    0.029214
    1071    0.764442    0.058422
    1072    0.915605    0.029450
    1073    0.731506    0.058025
    1074    0.954621    0.022912
    1075    0.759798    0.055966
    1076    0.786079    0.049784
    1077    0.679942    0.060664
    1078    0.840797    0.044932
    1079    0.229669    0.054496
    1080    0.709651    0.061163
    1081    0.641772    0.062606
    1082    0.244013    0.054938
    1083    0.815798    0.047368
    1084    0.586993    0.067430
    1085    0.915367    0.030046
    1086    0.391488    0.068854
    1087    0.247896    0.055089
    1088    0.713885    0.061434
    1089    0.491531    0.062899
    1090    0.615501    0.065312
    1091    0.903336    0.033787
    1092    0.388062    0.067365
    1093    0.934751    0.026106
    1094    0.943152    0.025815
    1095    0.718645    0.060479
    1096    0.718406    0.061103
    1097    0.859903    0.040865
    1098    0.917936    0.029548
    1099    0.825042    0.048026
    1100    0.474948    0.063989
    1101    0.511317    0.066658
    1102    0.920042    0.029583
    1103    0.537856    0.063506
    1104    0.568019    0.066889
    1105    0.805646    0.049184
    1106    0.468221    0.066828
    1107    0.793955    0.050822
    1108    0.778051    0.054112
    1109    0.719611    0.057149
    1110    0.539579    0.067797
    1111    0.533689    0.068099
    1112    0.460197    0.064512
    1113    0.927581    0.030196
    1114    0.572645    0.064663
    1115    0.447086    0.069245
    1116    0.925721    0.027295
    1117    0.800479    0.051462
    1118    0.608246    0.064130
    1119    0.708276    0.061162
    1120    0.685432    0.062376
    1121    0.203082    0.048683
    1122    0.926103    0.028023
    1123    0.650188    0.062534
    1124    0.689856    0.060227
    1125    0.636963    0.067237
    1126    0.629017    0.065612
    1127    0.805618    0.048360
    1128    0.693024    0.059879
    1129    0.481029    0.069075
    1130    0.365131    0.065962
    1131    0.658782    0.063921
    1132    0.820927    0.046698
    1133    0.536991    0.066837
    1134    0.818477    0.049164
    1135    0.533333    0.065461
    1136    0.896257    0.035149
    1137    0.906523    0.033617
    1138    0.760072    0.057990
    1139    0.724670    0.059513
    1140    0.693705    0.061015
    1141    0.860478    0.040519
    1142    0.631870    0.066380
    1143    0.744464    0.059126
    1144    0.755492    0.056080
    1145    0.919063    0.029565
    1146    0.600309    0.066543
    1147    0.489262    0.068115
    1148    0.207552    0.050699
    1149    0.270716    0.058443
    1150    0.735381    0.056547
    1151    0.815240    0.046161
    1152    0.137269    0.040843
    1153    0.364663    0.061816
    1154    0.612678    0.063673
    1155    0.583956    0.062237
    1156    0.395849    0.065483
    1157    0.863514    0.042254
    1158    0.627504    0.067353
    1159    0.779276    0.057523
    1160    0.974091    0.015100
    1161    0.664762    0.061154
    1162    0.518955    0.069278
    1163    0.872561    0.038501
    1164    0.470964    0.068171
    1165    0.908205    0.033599
    1166    0.495757    0.068940
    1167    0.781484    0.050986
    1168    0.964072    0.019218
    1169    0.747086    0.057122
    1170    0.220465    0.050725
    1171    0.699799    0.059782
    1172    0.211159    0.051887
    1173    0.461891    0.065364
    1174    0.854843    0.042664
    1175    0.724298    0.059077
    1176    0.587859    0.071311
    1177    0.465436    0.069829
    1178    0.830824    0.048110
    1179    0.382322    0.064865
    1180    0.473144    0.066488
    1181    0.815130    0.048797
    1182    0.413115    0.064317
    1183    0.894375    0.035126
    1184    0.564735    0.065172
    1185    0.684353    0.060828
    1186    0.436669    0.066124
    1187    0.876926    0.038821
    1188    0.554917    0.065084
    1189    0.545438    0.066154
    1190    0.473420    0.068752
    1191    0.746064    0.055113
    1192    0.936239    0.027415
    1193    0.934058    0.026614
    1194    0.574672    0.065463
    1195    0.682921    0.059017
    1196    0.822346    0.047826
    1197    0.810965    0.048020
    1198    0.644811    0.065423
    1199    0.332590    0.062068
    1200    0.627653    0.062747
    1201    0.466973    0.064492
    1202    0.927118    0.028401
    1203    0.743302    0.056762
    1204    0.366974    0.063537
    1205    0.711850    0.060527
    1206    0.905712    0.032317
    1207    0.936737    0.027374
    1208    0.914530    0.030519
    1209    0.657220    0.062549
    1210    0.742434    0.058016
    1211    0.626549    0.064477
    1212    0.591354    0.067159
    1213    0.766575    0.054289
    1214    0.648403    0.063990
    1215    0.328031    0.060700
    1216    0.611246    0.065421
    1217    0.371980    0.063986
    1218    0.476039    0.065310
    1219    0.630308    0.065678
    1220    0.685700    0.061940
    1221    0.599274    0.065063
    1222    0.826634    0.048453
    1223    0.704387    0.060775
    1224    0.627090    0.065243
    1225    0.611480    0.064380
    1226    0.860036    0.042092
    1227    0.863412    0.041241
    1228    0.605844    0.063179
    1229    0.647868    0.066082
    1230    0.407755    0.068631
    1231    0.970025    0.016924
    1232    0.450945    0.064402
    1233    0.860981    0.042474
    1234    0.870339    0.039498
    1235    0.278469    0.059695
    1236    0.579558    0.065038
    1237    0.637125    0.063761
    1238    0.934134    0.027046
    1239    0.719699    0.057569
    1240    0.612497    0.064340
    1241    0.452324    0.067433
    1242    0.612375    0.064062
    1243    0.706685    0.061178
    1244    0.340809    0.063875
    1245    0.938102    0.026051
    1246    0.967556    0.017208
    1247    0.826227    0.047371
    1248    0.797762    0.051974
    1249    0.595274    0.066992
    1250    0.925984    0.028567
    1251    0.565907    0.066796
    1252    0.874124    0.038761
    1253    0.338475    0.060629
    1254    0.695995    0.058844
    1255    0.524710    0.069610
    1256    0.872381    0.040938
    1257    0.934850    0.027186
    1258    0.393772    0.067197
    1259    0.529300    0.069244
    1260    0.753292    0.055639
    1261    0.909837    0.032886
    1262    0.952655    0.021305
    1263    0.657753    0.062733
    1264    0.740674    0.056152
    1265    0.482032    0.067413
    1266    0.131264    0.038259
    1267    0.870427    0.040063
    1268    0.721239    0.058447
    1269    0.818076    0.049050
    1270    0.870109    0.040293
    1271    0.555270    0.065309
    1272    0.552588    0.065587
    1273    0.926114    0.030129
    1274    0.896329    0.034994
    1275    0.712739    0.060889
    1276    0.967008    0.017359
    1277    0.302684    0.060466
    1278    0.971800    0.016201
    1279    0.581861    0.064505
    1280    0.653209    0.062454
    1281    0.425268    0.063328
    1282    0.644670    0.063722
    1283    0.931002    0.029284
    1284    0.797321    0.053044
    1285    0.577478    0.067130
    1286    0.807172    0.048515
    1287    0.783895    0.053809
    1288    0.921809    0.030591
    1289    0.755125    0.054470
    1290    0.908821    0.033720
    1291    0.654004    0.064037
    1292    0.828019    0.047407
    1293    0.533674    0.067412
    1294    0.565853    0.066682
    1295    0.579085    0.064764
    1296    0.484902    0.067014
    1297    0.746652    0.057229
    1298    0.671488    0.063238
    1299    0.619973    0.067084
    1300    0.700939    0.060631
    1301    0.587640    0.062192
    1302    0.806056    0.050536
    1303    0.199351    0.047966
    1304    0.563167    0.064905
    1305    0.826955    0.048344
    1306    0.393545    0.066384
    1307    0.788203    0.051802
    1308    0.458707    0.064514
    1309    0.657030    0.062946
    1310    0.958946    0.025834
    1311    0.156273    0.043647
    1312    0.915988    0.031026
    1313    0.565160    0.064504
    1314    0.929153    0.032074
    1315    0.457481    0.067642
    1316    0.825625    0.046808
    1317    0.930775    0.027733
    1318    0.981183    0.014612
    1319    0.928539    0.029825
    1320    0.772633    0.055658
    1321    0.935710    0.026801
    1322    0.896073    0.035704
    1323    0.293892    0.059075
    1324    0.949825    0.023569
    1325    0.296317    0.061358
    1326    0.881821    0.037694
    1327    0.810759    0.049693
    1328    0.571643    0.069391
    1329    0.769839    0.056850
    1330    0.792336    0.055498
    1331    0.869789    0.042214
    1332    0.543772    0.065051
    1333    0.849293    0.045370
    1334    0.619082    0.064555
    1335    0.915491    0.030714
    1336    0.604605    0.065295
    1337    0.670085    0.061820
    1338    0.722078    0.059795
    1339    0.496751    0.066223
    1340    0.874519    0.039775
    1341    0.706475    0.060972
    1342    0.899162    0.034401
    1343    0.642762    0.065811
    1344    0.578144    0.066997
    1345    0.741585    0.057588
    1346    0.870545    0.038508
    1347    0.692261    0.059791
    1348    0.590863    0.064256
    1349    0.286015    0.058353
    1350    0.738509    0.056798
    1351    0.432575    0.063116
    1352    0.904892    0.033403
    1353    0.944530    0.025408
    1354    0.514638    0.064117
    1355    0.421741    0.064696
    1356    0.491970    0.065228
    1357    0.726337    0.059379
    1358    0.697787    0.061417
    1359    0.888228    0.036830
    1360    0.934539    0.027626
    1361    0.686150    0.058470
    1362    0.855865    0.042328
    1363    0.220712    0.051123
    1364    0.683247    0.062846
    1365    0.931485    0.028392
    1366    0.519511    0.068785
    1367    0.785987    0.052572
    1368    0.864364    0.041194
    1369    0.869720    0.041061
    1370    0.770664    0.052694
    1371    0.869192    0.038370
    1372    0.642862    0.064443
    1373    0.621581    0.064595
    1374    0.074162    0.027864
    1375    0.759829    0.058371
    1376    0.320652    0.060362
    1377    0.479411    0.068248
    1378    0.962185    0.019585
    1379    0.909383    0.032551
    1380    0.868180    0.041021
    1381    0.773234    0.055233
    1382    0.774718    0.053000
    1383    0.891733    0.035459
    1384    0.211751    0.051213
    1385    0.417397    0.064413
    1386    0.521420    0.067029
    1387    0.485517    0.064628
    1388    0.458938    0.066847
    1389    0.891147    0.035002
    1390    0.276297    0.058212
    1391    0.626282    0.063758
    1392    0.324259    0.059227
    1393    0.970906    0.015263
    1394    0.878052    0.041004
    1395    0.802298    0.050548
    1396    0.837366    0.045644
    1397    0.927314    0.028528
    1398    0.485732    0.065928
    1399    0.938992    0.025695
    1400    0.936708    0.026262
    1401    0.923534    0.028757
    1402    0.907099    0.034515
    1403    0.842252    0.043925
    1404    0.223350    0.051921
    1405    0.548232    0.064700
    1406    0.258790    0.056796
    1407    0.766292    0.054270
    1408    0.626656    0.065197
    1409    0.422412    0.065576
    1410    0.333085    0.060347
    1411    0.327610    0.061277
    1412    0.572231    0.065315
    1413    0.720880    0.057832
    1414    0.804080    0.051881
    1415    0.769846    0.054828
    1416    0.867442    0.038214
    1417    0.713181    0.060097
    1418    0.887145    0.037539
    1419    0.611901    0.066102
    1420    0.640506    0.063748
    1421    0.882231    0.039286
    1422    0.927977    0.028917
    1423    0.589676    0.065814
    1424    0.675905    0.060213
    1425    0.921787    0.028290
    1426    0.288241    0.057588
    1427    0.781134    0.054062
    1428    0.752065    0.057881
    1429    0.456849    0.065109
    1430    0.914315    0.030321
    1431    0.854813    0.042615
    1432    0.697626    0.056342
    1433    0.616507    0.065216
    1434    0.809053    0.051782
    1435    0.316715    0.061716
    1436    0.601248    0.063899
    1437    0.292281    0.055995
    1438    0.632726    0.066603
    1439    0.944121    0.025149
    1440    0.845320    0.046239
    1441    0.321257    0.062555
    1442    0.603212    0.066812
    1443    0.886523    0.037618
    1444    0.495464    0.068340
    1445    0.926909    0.028912
    1446    0.685980    0.062639
    1447    0.915849    0.029741
    1448    0.415823    0.067028
    1449    0.888788    0.036124
    1450    0.583094    0.067863
    1451    0.363573    0.062778
    1452    0.968992    0.017277
    1453    0.650167    0.065914
    1454    0.894797    0.037459
    1455    0.920904    0.030097
    1456    0.848623    0.044054
    1457    0.672878    0.059733
    1458    0.647315    0.065165
    1459    0.931156    0.028643
    1460    0.804698    0.051737
    1461    0.777626    0.053166
    1462    0.953518    0.022641
    1463    0.617691    0.063710
    1464    0.544758    0.065446
    1465    0.539792    0.065705
    1466    0.850382    0.044242
    1467    0.694346    0.059561
    1468    0.783716    0.053198
    1469    0.605203    0.065555
    1470    0.688273    0.063380
    1471    0.880212    0.039270
    1472    0.941394    0.025348
    1473    0.582204    0.068004
    1474    0.795144    0.051038
    1475    0.917984    0.029731
    1476    0.344094    0.061202
    1477    0.735171    0.058484
    1478    0.722268    0.059078
    1479    0.701278    0.060107
    1480    0.963434    0.018889
    1481    0.606849    0.066772
    1482    0.398962    0.066368
    1483    0.828145    0.046915
    1484    0.941911    0.025138
    1485    0.827950    0.046597
    1486    0.965217    0.018357
    1487    0.604933    0.065680
    1488    0.484896    0.065453
    1489    0.910135    0.030906
    1490    0.443454    0.067745
    1491    0.294117    0.060088
    1492    0.740459    0.055623
    1493    0.460142    0.066535
    1494    0.443123    0.065265
    1495    0.881296    0.039098
    1496    0.609182    0.065447
    1497    0.970670    0.015897
    1498    0.133107    0.038916
    1499    0.919594    0.029780
    1500    0.660512    0.063861
    1501    0.928685    0.027643
    1502    0.803916    0.049806
    1503    0.439646    0.067926
    1504    0.952522    0.023443
    1505    0.912002    0.033125
    1506    0.814889    0.048567
    1507    0.432219    0.065681
    1508    0.865246    0.040822
    1509    0.821405    0.049764
    1510    0.797913    0.051441
    1511    0.913297    0.033076
    1512    0.667667    0.060398
    1513    0.337960    0.061676
    1514    0.857315    0.043962
    1515    0.941152    0.026530
    1516    0.913624    0.032760
    1517    0.658187    0.063813
    1518    0.622922    0.064742
    1519    0.235817    0.053666
    1520    0.167017    0.045203
    1521    0.538618    0.066551
    1522    0.863847    0.042719
    1523    0.875052    0.040584
    1524    0.364769    0.063938
    1525    0.819431    0.049200
    1526    0.855999    0.042585
    1527    0.419930    0.064185
    1528    0.568381    0.066934
    1529    0.485891    0.068976
    1530    0.642249    0.061822
    1531    0.473114    0.064417
    1532    0.767676    0.052818
    1533    0.620230    0.067916
    1534    0.495402    0.068770
    1535    0.848495    0.043451
    1536    0.730135    0.059197
    1537    0.593947    0.066203
    1538    0.752992    0.057160
    1539    0.873062    0.040819
    1540    0.509056    0.065053
    1541    0.929030    0.027790
    1542    0.923680    0.028261
    1543    0.511250    0.066079
    1544    0.697886    0.064490
    1545    0.550983    0.069355
    1546    0.706834    0.061999
    1547    0.842475    0.043210
    1548    0.926480    0.028732
    1549    0.936271    0.025706
    1550    0.790911    0.052128
    1551    0.791700    0.050009
    1552    0.877936    0.038785
    1553    0.934422    0.027195
    1554    0.248625    0.054794
    1555    0.190259    0.048149
    1556    0.900150    0.036287
    1557    0.915726    0.030976
    1558    0.726036    0.056962
    1559    0.599897    0.066125
    1560    0.777504    0.052251
    1561    0.488713    0.068104
    1562    0.858516    0.045136
    1563    0.920861    0.029991
    1564    0.433980    0.066216
    1565    0.753968    0.056473
    1566    0.302855    0.061620
    1567    0.716994    0.058745
    1568    0.574602    0.067473
    1569    0.886985    0.038308
    1570    0.670065    0.063685
    1571    0.775385    0.054427
    1572    0.656666    0.063743
    1573    0.748801    0.057546
    1574    0.387138    0.065687
    1575    0.725770    0.057067
    1576    0.926468    0.029116
    1577    0.564346    0.067440
    1578    0.718904    0.058583
    1579    0.430691    0.068708
    1580    0.491615    0.069733
    1581    0.953157    0.022905
    1582    0.765158    0.055650
    1583    0.834592    0.044850
    1584    0.945472    0.025141
    1585    0.829618    0.047740
    1586    0.496099    0.064089
    1587    0.936060    0.025819
    1588    0.260584    0.051980
    1589    0.917690    0.028540
    1590    0.802876    0.050858
    1591    0.741335    0.059250
    1592    0.877733    0.039016
    1593    0.977792    0.015634
    1594    0.644081    0.064906
    1595    0.834173    0.044030
    1596    0.532750    0.066908
    1597    0.822271    0.046712
    1598    0.366253    0.063083
    1599    0.916687    0.030464
    1600    0.463696    0.069101
    1601    0.392661    0.066463
    1602    0.781032    0.053041
    1603    0.910283    0.031559
    1604    0.713791    0.059001
    1605    0.809774    0.049598
    1606    0.658761    0.060819
    1607    0.771457    0.054322
    1608    0.935955    0.026540
    1609    0.865239    0.042398
    1610    0.640793    0.063418
    1611    0.447475    0.066512
    1612    0.677297    0.061985
    1613    0.596379    0.068571
    1614    0.805239    0.048488
    1615    0.875129    0.039689
    1616    0.360226    0.063031
    1617    0.911621    0.032689
    1618    0.957286    0.022054
    1619    0.923919    0.028248
    1620    0.391834    0.063344
    1621    0.868386    0.040252
    1622    0.378617    0.064654
    1623    0.918795    0.033370
    1624    0.913088    0.030896
    1625    0.940402    0.026128
    1626    0.652647    0.061886
    1627    0.873684    0.041053
    1628    0.290957    0.061960
    1629    0.574448    0.065364
    1630    0.751303    0.054888
    1631    0.750185    0.053891
    1632    0.248180    0.054984
    1633    0.293199    0.058640
    1634    0.468872    0.067570
    1635    0.796802    0.051553
    1636    0.919199    0.029086
    1637    0.525786    0.064450
    1638    0.910962    0.031132
    1639    0.815807    0.048974
    1640    0.445373    0.066129
    1641    0.167386    0.044147
    1642    0.641848    0.066492
    1643    0.787480    0.052757
    1644    0.274119    0.058163
    1645    0.867920    0.041095
    1646    0.423618    0.066001
    1647    0.400375    0.065066
    1648    0.572787    0.067888
    1649    0.832807    0.046972
    1650    0.765939    0.055292
    1651    0.418144    0.065442
    1652    0.695774    0.061138
    1653    0.691092    0.062177
    1654    0.845205    0.045487
    1655    0.237568    0.051148
    1656    0.972428    0.014114
    1657    0.944754    0.024508
    1658    0.459525    0.068002
    1659    0.724542    0.057439
    1660    0.355124    0.062359
    1661    0.963837    0.019031
    1662    0.670568    0.062247
    1663    0.669991    0.061195
    1664    0.799829    0.049678
    1665    0.722413    0.059421
    1666    0.459519    0.066084
    1667    0.333753    0.062601
    1668    0.818683    0.049583
    1669    0.622728    0.063026
    1670    0.855147    0.042431
    1671    0.828304    0.045636
    1672    0.950872    0.023036
    1673    0.375436    0.063019
    1674    0.388682    0.062808
    1675    0.942046    0.025543
    1676    0.891228    0.035448
    1677    0.841357    0.046817
    1678    0.932037    0.028445
    1679    0.657631    0.064231
    1680    0.837195    0.044814
    1681    0.764054    0.053688
    1682    0.685341    0.062518
    1683    0.972841    0.015778
    1684    0.668002    0.061746
    1685    0.867952    0.041188
    1686    0.828320    0.048657
    1687    0.753164    0.057374
    1688    0.504095    0.067162
    1689    0.748329    0.056305
    1690    0.657670    0.062463
    1691    0.787677    0.052084
    1692    0.636502    0.064147
    1693    0.623946    0.063219
    1694    0.684950    0.062134
    1695    0.920352    0.028892
    1696    0.872531    0.040671
    1697    0.598152    0.064412
    1698    0.854253    0.044522
    1699    0.577929    0.066010
    1700    0.869413    0.040627
    1701    0.479919    0.067611
    1702    0.749906    0.053982
    1703    0.795536    0.050923
    1704    0.941898    0.024225
    1705    0.872188    0.040093
    1706    0.752086    0.057398
    1707    0.630944    0.066485
    1708    0.948505    0.023168
    1709    0.812725    0.049684
    1710    0.263411    0.056576
    1711    0.782573    0.053074
    1712    0.916098    0.031096
    1713    0.755692    0.056036
    1714    0.481420    0.066657
    1715    0.525536    0.066157
    1716    0.769275    0.054297
    1717    0.774465    0.055872
    1718    0.887709    0.037512
    1719    0.477713    0.066675
    1720    0.590519    0.066869
    1721    0.296487    0.059754
    1722    0.697167    0.061868
    1723    0.821242    0.049351
    1724    0.687909    0.059026
    1725    0.781677    0.051947
    1726    0.967215    0.017939
    1727    0.320681    0.060401
    1728    0.678341    0.060943
    1729    0.418026    0.065065
    1730    0.612772    0.065177
    1731    0.588497    0.065801
    1732    0.781421    0.052506
    1733    0.950207    0.022300
    1734    0.899832    0.033847
    1735    0.553053    0.067620
    1736    0.383195    0.065244
    1737    0.204385    0.050432
    1738    0.415318    0.066727
    1739    0.857954    0.042629
    1740    0.743501    0.054583
    1741    0.779378    0.053298
    1742    0.842560    0.045748
    1743    0.862230    0.041053
    1744    0.930859    0.028667
    1745    0.218763    0.053254
    1746    0.920769    0.029928
    1747    0.707140    0.057816
    1748    0.405264    0.065747
    1749    0.788948    0.050033
    1750    0.966353    0.018491
    1751    0.784406    0.052287
    1752    0.712918    0.058523
    1753    0.440433    0.062233
    1754    0.968357    0.016601
    1755    0.918479    0.029518
    1756    0.941609    0.023976
    1757    0.677135    0.062749
    1758    0.142541    0.040951
    1759    0.311334    0.060583
    1760    0.805753    0.048541
    1761    0.554978    0.066777
    1762    0.713255    0.061146
    1763    0.703477    0.060134
    1764    0.886967    0.038044
    1765    0.480453    0.067026
    1766    0.239837    0.054771
    1767    0.854883    0.043399
    1768    0.805691    0.049118
    1769    0.566551    0.067190
    1770    0.347695    0.061963
    1771    0.763822    0.055284
    1772    0.401976    0.065311
    1773    0.106425    0.036370
    1774    0.779787    0.056100
    1775    0.706454    0.059659
    1776    0.904851    0.033291
    1777    0.792865    0.050373
    1778    0.884166    0.039108
    1779    0.368274    0.066147
    1780    0.861251    0.043564
    1781    0.696263    0.061032
    1782    0.354863    0.062435
    1783    0.548060    0.069348
    1784    0.823358    0.047678
    1785    0.490455    0.066126
    1786    0.867143    0.040571
    1787    0.770682    0.055856
    1788    0.791453    0.051185
    1789    0.556230    0.067005
    1790    0.380179    0.063770
    1791    0.920851    0.028980
    1792    0.728674    0.057543
    1793    0.561306    0.065797
    1794    0.816866    0.048697
    1795    0.160571    0.041556
    1796    0.645413    0.062482
    1797    0.939481    0.026558
    1798    0.870037    0.039869
    1799    0.765297    0.053856
    1800    0.796146    0.051932
    1801    0.342795    0.062334
    1802    0.934346    0.027362
    1803    0.630009    0.062477
    1804    0.421542    0.064498
    1805    0.319291    0.059905
    1806    0.566638    0.066216
    1807    0.660576    0.062462
    1808    0.705597    0.060855
    1809    0.854402    0.045095
    1810    0.760058    0.056735
    1811    0.394110    0.062321
    1812    0.569641    0.065417
    1813    0.499322    0.070038
    1814    0.654448    0.060229
    1815    0.629550    0.067692
    1816    0.727210    0.057196
    1817    0.787599    0.053593
    1818    0.800698    0.051308
    1819    0.915530    0.030019
    1820    0.846235    0.045895
    1821    0.960610    0.020218
    1822    0.637632    0.065306
    1823    0.834705    0.045748
    1824    0.267119    0.054808
    1825    0.935864    0.026489
    1826    0.631142    0.064647
    1827    0.553955    0.067247
    1828    0.719406    0.057293
    1829    0.424024    0.065571
    1830    0.826330    0.047408
    1831    0.325692    0.062423
    1832    0.891365    0.037222
    1833    0.630676    0.065354
    1834    0.692967    0.060030
    1835    0.716317    0.060020
    1836    0.841896    0.047643
    1837    0.421064    0.065539
    1838    0.895559    0.035663
    1839    0.960834    0.021976
    1840    0.403225    0.063599
    1841    0.250850    0.056586
    1842    0.827909    0.045952
    1843    0.295786    0.059865
    1844    0.860138    0.040452
    1845    0.390080    0.063211
    1846    0.742549    0.059432
    1847    0.804250    0.051328
    1848    0.815923    0.048440
    1849    0.848461    0.043949
    1850    0.579310    0.066745
    1851    0.965449    0.018234
    1852    0.945460    0.023306
    1853    0.717530    0.057288
    1854    0.628547    0.066358
    1855    0.969295    0.016645
    1856    0.911886    0.031277
    1857    0.752197    0.055974
    1858    0.918530    0.029965
    1859    0.348417    0.061792
    1860    0.882762    0.037586
    1861    0.847554    0.045466
    1862    0.856087    0.042234
    1863    0.898314    0.033656
    1864    0.236591    0.054260
    1865    0.553060    0.068631
    1866    0.635384    0.065126
    1867    0.631910    0.066045
    1868    0.772948    0.053356
    1869    0.886999    0.036207
    1870    0.785676    0.053860
    1871    0.514041    0.068362
    1872    0.847052    0.043777
    1873    0.820317    0.050948
    1874    0.818677    0.047033
    1875    0.949785    0.021721
    1876    0.529962    0.066973
    1877    0.935937    0.028322
    1878    0.966081    0.019622
    1879    0.585624    0.065232
    1880    0.950678    0.023281
    1881    0.634154    0.060864
    1882    0.949989    0.022879
    1883    0.308028    0.057918
    1884    0.204748    0.052697
    1885    0.957918    0.020312
    1886    0.751681    0.057586
    1887    0.912855    0.031959
    1888    0.162286    0.044174
    1889    0.251818    0.055419
    1890    0.701741    0.059492
    1891    0.860802    0.043474
    1892    0.574885    0.065341
    1893    0.587925    0.065208
    1894    0.431872    0.068803
    1895    0.903240    0.034111
    1896    0.755146    0.056883
    1897    0.658158    0.065074
    1898    0.417776    0.063169
    1899    0.680395    0.061196
    1900    0.411990    0.062564
    1901    0.643643    0.064090
    1902    0.918189    0.031734
    1903    0.887209    0.038130
    1904    0.623672    0.065378
    1905    0.619966    0.067880
    1906    0.382649    0.064611
    1907    0.611393    0.067495
    1908    0.939717    0.026568
    1909    0.977261    0.017978
    1910    0.617220    0.063886
    1911    0.925419    0.028084
    1912    0.489109    0.066904
    1913    0.627246    0.065198
    1914    0.504171    0.068452
    1915    0.422968    0.064868
    1916    0.974319    0.015370
    1917    0.592429    0.066798
    1918    0.259569    0.054105
    1919    0.491049    0.068513
    1920    0.916543    0.029989
    1921    0.721759    0.057852
    1922    0.906194    0.033135
    1923    0.928577    0.028872
    1924    0.927686    0.028950
    1925    0.563997    0.066845
    1926    0.780130    0.053269
    1927    0.951340    0.022228
    1928    0.661513    0.063440
    1929    0.774533    0.055002
    1930    0.570504    0.066819
    1931    0.692343    0.059357
    1932    0.808750    0.050125
    1933    0.263541    0.053825
    1934    0.934362    0.028651
    1935    0.318497    0.060072
    1936    0.661750    0.060569
    1937    0.500032    0.065924
    1938    0.308431    0.059932
    1939    0.809483    0.049214
    1940    0.703472    0.058572
    1941    0.647548    0.063711
    1942    0.752974    0.057726
    1943    0.941263    0.024628
    1944    0.927776    0.027886
    1945    0.485119    0.066855
    1946    0.912674    0.031141
    1947    0.339928    0.061163
    1948    0.594094    0.063354
    1949    0.842534    0.044772
    1950    0.578231    0.065656
    1951    0.474071    0.066581
    1952    0.630332    0.064732
    1953    0.458877    0.066184
    1954    0.716635    0.058413
    1955    0.601473    0.065332
    1956    0.387758    0.065437
    1957    0.778265    0.054491
    1958    0.814091    0.048452
    1959    0.909979    0.033607
    1960    0.789092    0.053545
    1961    0.917662    0.030626
    1962    0.104901    0.032935
    1963    0.762464    0.053474
    1964    0.268639    0.056327
    1965    0.671132    0.059976
    1966    0.292695    0.058581
    1967    0.678503    0.061779
    1968    0.652015    0.063993
    1969    0.822700    0.050439
    1970    0.389353    0.066142
    1971    0.723641    0.061474
    1972    0.915419    0.033565
    1973    0.778488    0.052234
    1974    0.449791    0.064604
    1975    0.746306    0.056720
    1976    0.455813    0.070118
    1977    0.598909    0.064117
    1978    0.880728    0.039688
    1979    0.936079    0.026850
    1980    0.610200    0.066115
    1981    0.612397    0.063417
    1982    0.558924    0.066377
    1983    0.469977    0.067416
    1984    0.343073    0.062499
    1985    0.506026    0.069884
    1986    0.304724    0.058789
    1987    0.896448    0.034706
    1988    0.262683    0.055928
    1989    0.689516    0.064329
    1990    0.627736    0.064111
    1991    0.866331    0.042018
    1992    0.333040    0.062882
    1993    0.613852    0.064821
    1994    0.488861    0.065825
    1995    0.618281    0.065054
    1996    0.397340    0.063479
    1997    0.377304    0.066453
    1998    0.208288    0.050501
    1999    0.746252    0.056846
    2000    0.868612    0.040894
