 iteration      beta_a      beta_b
      5025    2.621976    1.253382
      5050    2.521244    1.225809
      5075    2.622234    1.226660
      5100    2.630466    1.237789
      5125    2.627481    1.227141
      5150    2.532034    1.221694
      5175    2.697288    1.239696
      5200    2.764407    1.304335
      5225    2.798328    1.316920
      5250    2.642027    1.319340
      5275    2.479386    1.230280
      5300    2.574054    1.246456
      5325    2.481880    1.243629
      5350    2.786662    1.299514
      5375    2.703756    1.312795
      5400    2.604766    1.281579
      5425    2.665432    1.269619
      5450    2.478122    1.242219
      5475    2.544717    1.202956
      5500    2.636265    1.350511
      5525    2.786608    1.332191
      5550    2.550077    1.259517
      5575    2.594364    1.265806
      5600    2.645108    1.270119
      5625    2.859438    1.359144
      5650    2.488281    1.256789
      5675    2.410732    1.164083
      5700    2.720242    1.275976
      5725    2.452450    1.204038
      5750    2.547956    1.270628
      5775    2.667317    1.267802
      5800    2.593215    1.237313
      5825    2.591644    1.223499
      5850    2.523288    1.223440
      5875    2.471403    1.206273
      5900    2.577397    1.277422
      5925    2.590788    1.206303
      5950    2.790503    1.304353
      5975    2.767756    1.323036
      6000    2.699505    1.295322
      6025    2.603689    1.277170
      6050    2.632833    1.232153
      6075    2.659260    1.262463
      6100    2.575653    1.244997
      6125    2.528296    1.167008
      6150    2.708435    1.329607
      6175    2.679003    1.264231
      6200    2.699380    1.234337
      6225    2.610701    1.326409
      6250    2.567147    1.222790
      6275    2.608745    1.268256
      6300    2.746818    1.312153
      6325    2.665031    1.258709
      6350    2.724779    1.282383
      6375    2.580369    1.257245
      6400    2.589614    1.275632
      6425    2.663833    1.282839
      6450    2.613309    1.280321
      6475    2.612291    1.222328
      6500    2.769516    1.358701
      6525    2.521645    1.236777
      6550    2.611922    1.275078
      6575    2.582634    1.304313
      6600    2.631141    1.312989
      6625    2.677836    1.285380
      6650    2.615738    1.227055
      6675    2.526795    1.218285
      6700    2.666318    1.317065
      6725    2.636025    1.287137
      6750    2.685271    1.318731
      6775    2.733916    1.321025
      6800    2.658083    1.307265
      6825    2.605446    1.249209
      6850    2.686161    1.307905
      6875    2.628854    1.255471
      6900    2.739078    1.312283
      6925    2.563155    1.220431
      6950    2.594146    1.250270
      6975    2.729158    1.286121
      7000    2.691625    1.252382
      7025    2.509819    1.221920
      7050    2.763074    1.329655
      7075    2.635820    1.235439
      7100    2.672057    1.263678
      7125    2.535493    1.263674
      7150    2.687537    1.292860
      7175    2.614663    1.236639
      7200    2.711867    1.273728
      7225    2.528320    1.278578
      7250    2.560317    1.272037
      7275    2.583431    1.257278
      7300    2.522597    1.240981
      7325    2.827620    1.323961
      7350    2.647909    1.230004
      7375    2.666370    1.312719
      7400    2.687443    1.291646
      7425    2.671296    1.304112
      7450    2.552926    1.261919
      7475    2.480938    1.239550
      7500    2.744987    1.315304
      7525    2.613342    1.286367
      7550    2.568270    1.242195
      7575    2.663680    1.282904
      7600    2.646634    1.274484
      7625    2.704377    1.317803
      7650    2.590105    1.220461
      7675    2.623161    1.281395
      7700    2.590510    1.245549
      7725    2.700518    1.294083
      7750    2.785835    1.336229
      7775    2.798969    1.280051
      7800    2.483515    1.210686
      7825    2.651083    1.310889
      7850    2.451722    1.205515
      7875    2.566511    1.243040
      7900    2.624837    1.311073
      7925    2.657452    1.269529
      7950    2.639296    1.305275
      7975    2.711389    1.303389
      8000    2.720442    1.277930
      8025    2.525629    1.202043
      8050    2.568115    1.259269
      8075    2.561171    1.240382
      8100    2.685542    1.325527
      8125    2.600876    1.262689
      8150    2.714761    1.324553
      8175    2.745975    1.343276
      8200    2.706064    1.308065
      8225    2.449758    1.189279
      8250    2.531165    1.222005
      8275    2.627715    1.252874
      8300    2.641007    1.273063
      8325    2.498609    1.237298
      8350    2.648111    1.295176
      8375    2.594197    1.273532
      8400    2.512943    1.228061
      8425    2.681954    1.276035
      8450    2.743965    1.321023
      8475    2.602976    1.221000
      8500    2.720108    1.300057
      8525    2.698887    1.270923
      8550    2.640813    1.287814
      8575    2.560283    1.254829
      8600    2.602186    1.260041
      8625    2.664783    1.266133
      8650    2.626035    1.295201
      8675    2.585152    1.238399
      8700    2.425559    1.179777
      8725    2.467352    1.244849
      8750    2.623856    1.244226
      8775    2.644954    1.288831
      8800    2.526052    1.266134
      8825    2.488880    1.257067
      8850    2.497937    1.209312
      8875    2.678502    1.295065
      8900    2.664493    1.275535
      8925    2.670490    1.281775
      8950    2.560841    1.232111
      8975    2.615231    1.245079
      9000    2.640607    1.255121
      9025    2.595931    1.281985
      9050    2.698183    1.309410
      9075    2.905558    1.322346
      9100    2.656048    1.250927
      9125    2.627504    1.299133
      9150    2.531260    1.231105
      9175    2.471044    1.229448
      9200    2.535978    1.224248
      9225    2.662983    1.248315
      9250    2.667972    1.309411
      9275    2.695830    1.300081
      9300    2.630231    1.234332
      9325    2.703377    1.319010
      9350    2.592840    1.323160
      9375    2.602956    1.245714
      9400    2.499979    1.224053
      9425    2.644549    1.251264
      9450    2.620025    1.249942
      9475    2.543771    1.192147
      9500    2.666736    1.282306
      9525    2.548234    1.237128
      9550    2.582312    1.250665
      9575    2.663207    1.292813
      9600    2.740678    1.333269
      9625    2.614398    1.276248
      9650    2.673936    1.274658
      9675    2.658089    1.272058
      9700    2.584059    1.338841
      9725    2.608360    1.330169
      9750    2.646450    1.267480
      9775    2.622851    1.270019
      9800    2.626260    1.279608
      9825    2.718493    1.253529
      9850    2.782979    1.326318
      9875    2.507799    1.212326
      9900    2.514861    1.215794
      9925    2.682608    1.245936
      9950    2.585487    1.247121
      9975    2.597302    1.242232
     10000    2.603607    1.266691
     10025    2.589031    1.301480
     10050    2.718607    1.331796
     10075    2.638494    1.264467
     10100    2.691728    1.283745
     10125    2.522950    1.200169
     10150    2.662751    1.245408
     10175    2.546034    1.233816
     10200    2.588297    1.292988
     10225    2.442288    1.194284
     10250    2.669678    1.298293
     10275    2.549182    1.241707
     10300    2.769099    1.328537
     10325    2.613845    1.258901
     10350    2.645266    1.277798
     10375    2.630640    1.232872
     10400    2.709207    1.294970
     10425    2.684554    1.287668
     10450    2.677732    1.299613
     10475    2.779727    1.296975
     10500    2.673752    1.327870
     10525    2.750272    1.284564
     10550    2.574896    1.252843
     10575    2.441529    1.173964
     10600    2.558567    1.203727
     10625    2.515205    1.239922
     10650    2.447882    1.204277
     10675    2.665544    1.312973
     10700    2.644886    1.309124
     10725    2.622251    1.246279
     10750    2.548469    1.230970
     10775    2.532299    1.222548
     10800    2.644271    1.288993
     10825    2.729495    1.252862
     10850    2.615879    1.279976
     10875    2.577638    1.188518
     10900    2.574360    1.258648
     10925    2.522484    1.221560
     10950    2.498451    1.224654
     10975    2.510916    1.247731
     11000    2.422068    1.212217
     11025    2.586322    1.241503
     11050    2.646828    1.281765
     11075    2.521146    1.237741
     11100    2.609716    1.227312
     11125    2.584609    1.274555
     11150    2.715236    1.263012
     11175    2.498751    1.203779
     11200    2.571824    1.265739
     11225    2.582168    1.257523
     11250    2.663629    1.259176
     11275    2.422407    1.206432
     11300    2.711574    1.267813
     11325    2.671582    1.325076
     11350    2.515435    1.194140
     11375    2.692758    1.246998
     11400    2.616337    1.279282
     11425    2.597480    1.281073
     11450    2.748014    1.285909
     11475    2.565498    1.278152
     11500    2.494866    1.225354
     11525    2.499378    1.234745
     11550    2.520126    1.226653
     11575    2.628388    1.273710
     11600    2.558671    1.232870
     11625    2.538761    1.262856
     11650    2.693968    1.261260
     11675    2.706479    1.268142
     11700    2.555977    1.251211
     11725    2.674689    1.312483
     11750    2.492187    1.251359
     11775    2.631722    1.288623
     11800    2.569156    1.249951
     11825    2.489914    1.229358
     11850    2.569810    1.270493
     11875    2.654388    1.251055
     11900    2.609075    1.283645
     11925    2.553593    1.216319
     11950    2.634319    1.296067
     11975    2.548704    1.242168
     12000    2.549300    1.191895
     12025    2.538956    1.247173
     12050    2.486900    1.215523
     12075    2.587345    1.263027
     12100    2.667350    1.267208
     12125    2.714034    1.326140
     12150    2.608089    1.261626
     12175    2.678983    1.322040
     12200    2.428524    1.196307
     12225    2.599772    1.252536
     12250    2.644971    1.263419
     12275    2.602511    1.262208
     12300    2.818277    1.386546
     12325    2.562358    1.292904
     12350    2.608262    1.261910
     12375    2.616009    1.297982
     12400    2.649456    1.296778
     12425    2.828929    1.315589
     12450    2.476850    1.266990
     12475    2.598272    1.254425
     12500    2.543477    1.245065
     12525    2.608896    1.251041
     12550    2.649109    1.255619
     12575    2.674216    1.350642
     12600    2.546999    1.243174
     12625    2.486864    1.194908
     12650    2.512389    1.198870
     12675    2.716261    1.296398
     12700    2.579336    1.247355
     12725    2.702331    1.291697
     12750    2.688627    1.298859
     12775    2.725563    1.253629
     12800    2.632169    1.270000
     12825    2.667701    1.301871
     12850    2.593062    1.267126
     12875    2.622837    1.246813
     12900    2.607194    1.247741
     12925    2.752634    1.291274
     12950    2.653261    1.270226
     12975    2.698581    1.280167
     13000    2.609506    1.266596
     13025    2.508062    1.219868
     13050    2.809609    1.341699
     13075    2.630610    1.276429
     13100    2.547725    1.258642
     13125    2.570909    1.267551
     13150    2.608692    1.214492
     13175    2.579409    1.260229
     13200    2.466896    1.221912
     13225    2.621416    1.257469
     13250    2.653554    1.260258
     13275    2.639911    1.227834
     13300    2.617021    1.245501
     13325    2.699304    1.311919
     13350    2.620598    1.296760
     13375    2.548867    1.202228
     13400    2.590149    1.260319
     13425    2.632737    1.254367
     13450    2.602688    1.220342
     13475    2.681271    1.314538
     13500    2.494407    1.218504
     13525    2.657497    1.295118
     13550    2.554462    1.256891
     13575    2.603827    1.268737
     13600    2.437332    1.216696
     13625    2.521113    1.255426
     13650    2.549625    1.275430
     13675    2.755984    1.292935
     13700    2.685026    1.306377
     13725    2.684707    1.294256
     13750    2.678613    1.301467
     13775    2.673261    1.309423
     13800    2.618036    1.290355
     13825    2.608634    1.262700
     13850    2.615589    1.291622
     13875    2.563892    1.274305
     13900    2.470122    1.215130
     13925    2.629949    1.244759
     13950    2.628584    1.268533
     13975    2.618599    1.258776
     14000    2.656621    1.278150
     14025    2.520198    1.254878
     14050    2.620523    1.233918
     14075    2.595401    1.244673
     14100    2.439102    1.219623
     14125    2.543953    1.246385
     14150    2.557051    1.258682
     14175    2.592719    1.250774
     14200    2.520856    1.217156
     14225    2.556231    1.203250
     14250    2.651825    1.335036
     14275    2.393898    1.149016
     14300    2.581678    1.282016
     14325    2.541448    1.219826
     14350    2.594202    1.267571
     14375    2.555405    1.212017
     14400    2.568112    1.244907
     14425    2.582813    1.236366
     14450    2.671752    1.269953
     14475    2.580540    1.196128
     14500    2.733019    1.264858
     14525    2.419311    1.202057
     14550    2.592358    1.235506
     14575    2.594798    1.276979
     14600    2.536214    1.235580
     14625    2.618444    1.276937
     14650    2.554825    1.224832
     14675    2.637154    1.218404
     14700    2.656617    1.242415
     14725    2.529365    1.251289
     14750    2.725714    1.287779
     14775    2.473634    1.223629
     14800    2.825553    1.318265
     14825    2.534119    1.262242
     14850    2.623032    1.238058
     14875    2.515563    1.237002
     14900    2.489272    1.210796
     14925    2.523626    1.261904
     14950    2.540758    1.223810
     14975    2.548678    1.230414
     15000    2.647814    1.253679
     15025    2.548687    1.225012
     15050    2.538463    1.205603
     15075    2.638918    1.298050
     15100    2.701730    1.299320
     15125    2.496466    1.255691
     15150    2.663335    1.228791
     15175    2.697433    1.336065
     15200    2.529660    1.214924
     15225    2.548784    1.218795
     15250    2.592602    1.232252
     15275    2.496666    1.223699
     15300    2.654093    1.269892
     15325    2.465787    1.207163
     15350    2.522100    1.277445
     15375    2.580847    1.233922
     15400    2.707810    1.265631
     15425    2.477801    1.243215
     15450    2.562647    1.284501
     15475    2.627744    1.321500
     15500    2.626232    1.255635
     15525    2.772777    1.238290
     15550    2.448765    1.201844
     15575    2.593160    1.254531
     15600    2.665871    1.325230
     15625    2.678841    1.345234
     15650    2.645061    1.258860
     15675    2.498387    1.259591
     15700    2.599066    1.272181
     15725    2.521718    1.208651
     15750    2.571870    1.237363
     15775    2.562497    1.245420
     15800    2.493965    1.199570
     15825    2.526502    1.253239
     15850    2.653341    1.269820
     15875    2.596774    1.280642
     15900    2.536373    1.245041
     15925    2.729772    1.293959
     15950    2.589662    1.250564
     15975    2.687844    1.275682
     16000    2.554509    1.284056
     16025    2.562734    1.213657
     16050    2.771563    1.353953
     16075    2.670884    1.270786
     16100    2.678338    1.223202
     16125    2.570620    1.289802
     16150    2.402989    1.199544
     16175    2.742240    1.310376
     16200    2.479061    1.247677
     16225    2.701243    1.283510
     16250    2.537698    1.215596
     16275    2.540108    1.228996
     16300    2.698422    1.273426
     16325    2.452719    1.197201
     16350    2.736782    1.285329
     16375    2.472646    1.227725
     16400    2.603434    1.233701
     16425    2.508664    1.238986
     16450    2.445710    1.237293
     16475    2.586428    1.235672
     16500    2.568409    1.251145
     16525    2.554871    1.268588
     16550    2.620239    1.227936
     16575    2.702626    1.279249
     16600    2.631203    1.254913
     16625    2.495322    1.192425
     16650    2.496082    1.211881
     16675    2.689616    1.286896
     16700    2.668039    1.207439
     16725    2.617885    1.262738
     16750    2.643724    1.247455
     16775    2.392129    1.136299
     16800    2.711073    1.264735
     16825    2.617131    1.258540
     16850    2.620666    1.237479
     16875    2.746588    1.253591
     16900    2.564123    1.237473
     16925    2.570337    1.308136
     16950    2.669345    1.300494
     16975    2.589727    1.254044
     17000    2.527203    1.219127
     17025    2.501320    1.227070
     17050    2.533096    1.250620
     17075    2.548136    1.224340
     17100    2.556574    1.228568
     17125    2.484306    1.188315
     17150    2.436782    1.164372
     17175    2.805775    1.304973
     17200    2.501432    1.239408
     17225    2.632870    1.253808
     17250    2.687737    1.250960
     17275    2.563251    1.226706
     17300    2.758186    1.293784
     17325    2.604167    1.269125
     17350    2.676951    1.337558
     17375    2.476103    1.199616
     17400    2.572753    1.193771
     17425    2.547713    1.271577
     17450    2.505333    1.233758
     17475    2.490690    1.247847
     17500    2.503311    1.196785
     17525    2.581236    1.211804
     17550    2.551889    1.265902
     17575    2.807021    1.317057
     17600    2.564370    1.258813
     17625    2.580948    1.261349
     17650    2.649853    1.266215
     17675    2.674164    1.245900
     17700    2.629271    1.271783
     17725    2.684560    1.224639
     17750    2.485424    1.205415
     17775    2.724345    1.302479
     17800    2.670194    1.304164
     17825    2.554554    1.218011
     17850    2.618957    1.233589
     17875    2.459139    1.198744
     17900    2.546631    1.235046
     17925    2.670821    1.264288
     17950    2.573479    1.242112
     17975    2.600903    1.249788
     18000    2.711835    1.299708
     18025    2.638553    1.278137
     18050    2.563124    1.198029
     18075    2.556653    1.279215
     18100    2.669742    1.268457
     18125    2.614557    1.237198
     18150    2.546182    1.212079
     18175    2.589829    1.255624
     18200    2.521158    1.234053
     18225    2.602780    1.269087
     18250    2.594086    1.217062
     18275    2.477886    1.216605
     18300    2.629710    1.255170
     18325    2.499078    1.234626
     18350    2.485204    1.215912
     18375    2.709736    1.251025
     18400    2.640458    1.260018
     18425    2.700309    1.273117
     18450    2.470052    1.200765
     18475    2.527944    1.244651
     18500    2.316118    1.152771
     18525    2.667899    1.285144
     18550    2.526255    1.237833
     18575    2.495829    1.200189
     18600    2.513061    1.236551
     18625    2.442396    1.223877
     18650    2.680217    1.291494
     18675    2.357952    1.202640
     18700    2.502471    1.220405
     18725    2.669614    1.266257
     18750    2.607595    1.287623
     18775    2.584127    1.248670
     18800    2.576334    1.251609
     18825    2.493404    1.180401
     18850    2.511687    1.196816
     18875    2.629278    1.237077
     18900    2.597677    1.243545
     18925    2.524745    1.220377
     18950    2.710242    1.291127
     18975    2.460167    1.188106
     19000    2.516946    1.234398
     19025    2.568919    1.252303
     19050    2.628172    1.282817
     19075    2.811320    1.353451
     19100    2.643791    1.305567
     19125    2.552660    1.253186
     19150    2.591302    1.265506
     19175    2.552192    1.244647
     19200    2.525701    1.198288
     19225    2.574893    1.245096
     19250    2.588604    1.230187
     19275    2.538883    1.271613
     19300    2.535527    1.194567
     19325    2.569247    1.236895
     19350    2.574701    1.227164
     19375    2.565357    1.210612
     19400    2.548812    1.289963
     19425    2.616904    1.250124
     19450    2.560216    1.269865
     19475    2.587630    1.253560
     19500    2.580244    1.260934
     19525    2.573447    1.227382
     19550    2.584523    1.220905
     19575    2.521996    1.219903
     19600    2.596632    1.223478
     19625    2.714292    1.269755
     19650    2.637991    1.270732
     19675    2.647527    1.303359
     19700    2.396094    1.178831
     19725    2.524729    1.226911
     19750    2.753594    1.280406
     19775    2.565309    1.238985
     19800    2.666996    1.288913
     19825    2.496245    1.216232
     19850    2.643017    1.272431
     19875    2.685130    1.277262
     19900    2.499853    1.198809
     19925    2.636277    1.225695
     19950    2.718775    1.315071
     19975    2.615624    1.244381
     20000    2.451053    1.185523
     20025    2.589760    1.299692
     20050    2.586839    1.253616
     20075    2.487196    1.241165
     20100    2.598828    1.260891
     20125    2.655545    1.243228
     20150    2.663316    1.269684
     20175    2.619582    1.237786
     20200    2.817254    1.353835
     20225    2.656428    1.216182
     20250    2.579377    1.198879
     20275    2.540854    1.197492
     20300    2.641109    1.275681
     20325    2.427199    1.203938
     20350    2.723966    1.295664
     20375    2.629063    1.267310
     20400    2.577592    1.216419
     20425    2.592412    1.255520
     20450    2.444565    1.194740
     20475    2.561789    1.263970
     20500    2.469863    1.230118
     20525    2.561646    1.236658
     20550    2.683249    1.262372
     20575    2.439291    1.173925
     20600    2.493429    1.216385
     20625    2.601592    1.261845
     20650    2.609434    1.245716
     20675    2.630455    1.263551
     20700    2.535984    1.187140
     20725    2.599562    1.215239
     20750    2.486889    1.231100
     20775    2.601580    1.211755
     20800    2.560456    1.247568
     20825    2.569577    1.243078
     20850    2.569490    1.240444
     20875    2.586372    1.228450
     20900    2.575264    1.257411
     20925    2.582151    1.234094
     20950    2.411810    1.178959
     20975    2.538154    1.227561
     21000    2.640395    1.302853
     21025    2.678176    1.292857
     21050    2.722000    1.277289
     21075    2.632087    1.269034
     21100    2.584469    1.278582
     21125    2.605898    1.217376
     21150    2.590809    1.260296
     21175    2.454320    1.183877
     21200    2.504518    1.265538
     21225    2.519401    1.217970
     21250    2.471239    1.195825
     21275    2.611205    1.250120
     21300    2.550037    1.226918
     21325    2.681885    1.292259
     21350    2.666477    1.306587
     21375    2.670521    1.285250
     21400    2.584512    1.232364
     21425    2.511811    1.225393
     21450    2.502806    1.205715
     21475    2.650256    1.263559
     21500    2.559037    1.241008
     21525    2.719056    1.319926
     21550    2.570956    1.231869
     21575    2.508378    1.222753
     21600    2.609164    1.241204
     21625    2.452734    1.142402
     21650    2.551094    1.205829
     21675    2.730909    1.333343
     21700    2.800552    1.302824
     21725    2.678452    1.263849
     21750    2.531939    1.265645
     21775    2.780546    1.282173
     21800    2.811575    1.346654
     21825    2.556016    1.168132
     21850    2.651080    1.318781
     21875    2.651469    1.292779
     21900    2.438500    1.165209
     21925    2.650264    1.284143
     21950    2.585730    1.208297
     21975    2.598393    1.281344
     22000    2.651345    1.302088
     22025    2.438346    1.184284
     22050    2.551901    1.265101
     22075    2.579739    1.263988
     22100    2.595410    1.286963
     22125    2.587002    1.241297
     22150    2.563779    1.255771
     22175    2.638806    1.264846
     22200    2.521501    1.211823
     22225    2.610073    1.290063
     22250    2.541061    1.240820
     22275    2.565195    1.259211
     22300    2.561187    1.264954
     22325    2.607418    1.270337
     22350    2.603360    1.241732
     22375    2.581674    1.239951
     22400    2.508868    1.219142
     22425    2.697398    1.335971
     22450    2.671276    1.346585
     22475    2.535231    1.240215
     22500    2.570281    1.259620
     22525    2.440208    1.210744
     22550    2.569735    1.264244
     22575    2.493591    1.237116
     22600    2.708569    1.242864
     22625    2.717338    1.271076
     22650    2.529176    1.209539
     22675    2.610213    1.261667
     22700    2.608411    1.241522
     22725    2.606834    1.266728
     22750    2.706737    1.235371
     22775    2.626669    1.266409
     22800    2.584193    1.244042
     22825    2.649884    1.321369
     22850    2.557601    1.250348
     22875    2.570145    1.215173
     22900    2.607480    1.241711
     22925    2.564357    1.259187
     22950    2.604041    1.254333
     22975    2.633424    1.283921
     23000    2.722281    1.302281
     23025    2.577233    1.335574
     23050    2.743127    1.271567
     23075    2.511630    1.249509
     23100    2.567215    1.225059
     23125    2.491386    1.192519
     23150    2.485785    1.221094
     23175    2.516760    1.244723
     23200    2.629901    1.262888
     23225    2.736372    1.308453
     23250    2.531511    1.222547
     23275    2.624343    1.256041
     23300    2.644075    1.287477
     23325    2.622509    1.232300
     23350    2.533061    1.189381
     23375    2.648378    1.274594
     23400    2.572339    1.240629
     23425    2.626606    1.244338
     23450    2.675082    1.273959
     23475    2.630637    1.303150
     23500    2.881841    1.334150
     23525    2.507068    1.197984
     23550    2.529823    1.240322
     23575    2.605598    1.237298
     23600    2.447211    1.234346
     23625    2.499627    1.212076
     23650    2.646693    1.311403
     23675    2.522866    1.209792
     23700    2.683380    1.319441
     23725    2.624564    1.297442
     23750    2.787907    1.371705
     23775    2.626577    1.242461
     23800    2.555134    1.227768
     23825    2.515303    1.194836
     23850    2.555690    1.245333
     23875    2.416836    1.163075
     23900    2.754376    1.325424
     23925    2.635545    1.318629
     23950    2.677564    1.255886
     23975    2.592619    1.286244
     24000    2.567806    1.250674
     24025    2.638138    1.256768
     24050    2.558118    1.259184
     24075    2.608407    1.291969
     24100    2.686576    1.274243
     24125    2.670403    1.276014
     24150    2.537487    1.214311
     24175    2.662957    1.260012
     24200    2.639327    1.235215
     24225    2.565376    1.260018
     24250    2.528385    1.263383
     24275    2.728005    1.292139
     24300    2.679605    1.253324
     24325    2.591363    1.252573
     24350    2.639443    1.270558
     24375    2.598262    1.242044
     24400    2.543655    1.246466
     24425    2.614094    1.225703
     24450    2.750994    1.329412
     24475    2.597195    1.221127
     24500    2.629904    1.243447
     24525    2.721707    1.269464
     24550    2.567091    1.234423
     24575    2.546466    1.245255
     24600    2.587935    1.256857
     24625    2.647827    1.262001
     24650    2.548695    1.264197
     24675    2.618170    1.238902
     24700    2.611946    1.242832
     24725    2.616805    1.259550
     24750    2.494179    1.248240
     24775    2.582321    1.271463
     24800    2.827881    1.344151
     24825    2.731681    1.263695
     24850    2.561479    1.206152
     24875    2.469715    1.240520
     24900    2.749222    1.303952
     24925    2.560767    1.234782
     24950    2.608825    1.246260
     24975    2.646694    1.257779
     25000    2.628278    1.275050
     25025    2.654219    1.305755
     25050    2.490037    1.214212
     25075    2.455633    1.183608
     25100    2.589712    1.271180
     25125    2.551296    1.244359
     25150    2.555298    1.240392
     25175    2.660524    1.304916
     25200    2.515413    1.236409
     25225    2.740566    1.324134
     25250    2.790907    1.326233
     25275    2.688717    1.309313
     25300    2.453570    1.207185
     25325    2.597924    1.230779
     25350    2.581375    1.277321
     25375    2.809160    1.310732
     25400    2.551401    1.260802
     25425    2.811944    1.340570
     25450    2.595364    1.305770
     25475    2.319739    1.128890
     25500    2.437558    1.196122
     25525    2.854990    1.340170
     25550    2.678296    1.258932
     25575    2.661472    1.257738
     25600    2.599046    1.238542
     25625    2.477887    1.197704
     25650    2.548212    1.226211
     25675    2.606089    1.209040
     25700    2.808610    1.341694
     25725    2.649341    1.326764
     25750    2.756100    1.337572
     25775    2.581437    1.268462
     25800    2.587943    1.245638
     25825    2.548114    1.285154
     25850    2.521495    1.206251
     25875    2.704775    1.292534
     25900    2.497513    1.263249
     25925    2.634640    1.252084
     25950    2.527112    1.233330
     25975    2.645414    1.257495
     26000    2.359450    1.220728
     26025    2.624305    1.258848
     26050    2.550666    1.246053
     26075    2.736994    1.279033
     26100    2.617169    1.272991
     26125    2.507699    1.230954
     26150    2.567283    1.218833
     26175    2.629349    1.250629
     26200    2.634275    1.294558
     26225    2.626576    1.269206
     26250    2.482634    1.203186
     26275    2.696045    1.265574
     26300    2.611824    1.268949
     26325    2.528002    1.262501
     26350    2.687480    1.251706
     26375    2.433197    1.164890
     26400    2.508204    1.239235
     26425    2.678355    1.263015
     26450    2.632321    1.308092
     26475    2.633925    1.276227
     26500    2.613594    1.285902
     26525    2.648311    1.254510
     26550    2.659105    1.276110
     26575    2.573273    1.260483
     26600    2.714746    1.316425
     26625    2.692940    1.295729
     26650    2.573627    1.217898
     26675    2.482367    1.213679
     26700    2.632195    1.237835
     26725    2.603213    1.265408
     26750    2.641300    1.251562
     26775    2.659827    1.277555
     26800    2.587183    1.250155
     26825    2.538704    1.258284
     26850    2.592198    1.279509
     26875    2.588629    1.295317
     26900    2.668257    1.272855
     26925    2.419349    1.176572
     26950    2.821645    1.311342
     26975    2.756061    1.332065
     27000    2.821849    1.324223
     27025    2.684361    1.277211
     27050    2.644720    1.287184
     27075    2.654128    1.215840
     27100    2.641305    1.287487
     27125    2.725147    1.298343
     27150    2.680020    1.281496
     27175    2.812688    1.317616
     27200    2.596857    1.273073
     27225    2.593877    1.256120
     27250    2.624352    1.275008
     27275    2.574303    1.260790
     27300    2.520475    1.278461
     27325    2.682895    1.289510
     27350    2.591616    1.283720
     27375    2.470859    1.261244
     27400    2.765697    1.344453
     27425    2.396050    1.231595
     27450    2.751424    1.309116
     27475    2.550075    1.195054
     27500    2.568681    1.294188
     27525    2.565084    1.205023
     27550    2.844387    1.349130
     27575    2.705408    1.316708
     27600    2.525064    1.197544
     27625    2.657994    1.299312
     27650    2.611392    1.244013
     27675    2.551298    1.222817
     27700    2.556715    1.258311
     27725    2.712763    1.347911
     27750    2.677439    1.346889
     27775    2.527823    1.230362
     27800    2.751087    1.305997
     27825    2.611611    1.267438
     27850    2.448413    1.250799
     27875    2.628037    1.238624
     27900    2.679684    1.281747
     27925    2.569147    1.202181
     27950    2.562513    1.258239
     27975    2.628883    1.246445
     28000    2.772176    1.307720
     28025    2.663822    1.282702
     28050    2.735802    1.327755
     28075    2.619898    1.212643
     28100    2.649808    1.283320
     28125    2.502380    1.248491
     28150    2.674267    1.294331
     28175    2.683952    1.275482
     28200    2.751506    1.307887
     28225    2.483177    1.179593
     28250    2.533567    1.233060
     28275    2.506502    1.225286
     28300    2.582301    1.253761
     28325    2.627538    1.307771
     28350    2.728847    1.312717
     28375    2.758025    1.308169
     28400    2.749420    1.285087
     28425    2.572639    1.269417
     28450    2.809389    1.296576
     28475    2.588956    1.234170
     28500    2.639348    1.228354
     28525    2.710584    1.334624
     28550    2.578598    1.241247
     28575    2.751209    1.315813
     28600    2.673649    1.295185
     28625    2.632157    1.273380
     28650    2.582580    1.287515
     28675    2.740765    1.313037
     28700    2.858938    1.351514
     28725    2.601419    1.272006
     28750    2.646530    1.240523
     28775    2.712463    1.213220
     28800    2.646868    1.294402
     28825    2.546130    1.248941
     28850    2.767030    1.312058
     28875    2.787028    1.298130
     28900    2.613828    1.237584
     28925    2.689435    1.285743
     28950    2.678440    1.271473
     28975    2.653724    1.309766
     29000    2.715440    1.323667
     29025    2.751476    1.334911
     29050    2.534348    1.254018
     29075    2.676247    1.288667
     29100    2.704811    1.281593
     29125    2.626867    1.232928
     29150    2.580543    1.221779
     29175    2.682890    1.298401
     29200    2.592448    1.319963
     29225    2.679048    1.317710
     29250    2.548791    1.256217
     29275    2.569962    1.213100
     29300    2.560199    1.231612
     29325    2.492344    1.273517
     29350    2.683309    1.301697
     29375    2.479936    1.217326
     29400    2.635589    1.286464
     29425    2.561674    1.231376
     29450    2.600256    1.242178
     29475    2.549939    1.259873
     29500    2.583363    1.244596
     29525    2.458599    1.188768
     29550    2.660473    1.272864
     29575    2.714166    1.279407
     29600    2.646091    1.276435
     29625    2.759339    1.301002
     29650    2.508991    1.235414
     29675    2.691764    1.305262
     29700    2.565830    1.227035
     29725    2.520390    1.200121
     29750    2.680959    1.298438
     29775    2.647211    1.287548
     29800    2.683413    1.286538
     29825    2.704737    1.257547
     29850    2.711586    1.289401
     29875    2.774642    1.302071
     29900    2.587567    1.233419
     29925    2.619922    1.246948
     29950    2.711080    1.303350
     29975    2.710218    1.313043
     30000    2.666036    1.304030
