 iteration      lambda
      5025    0.628076
      5050    0.590953
      5075    0.632240
      5100    0.605205
      5125    0.659090
      5150    0.615567
      5175    0.629480
      5200    0.641695
      5225    0.621990
      5250    0.649616
      5275    0.611026
      5300    0.634312
      5325    0.606167
      5350    0.631926
      5375    0.642744
      5400    0.603746
      5425    0.597184
      5450    0.552102
      5475    0.561060
      5500    0.569124
      5525    0.575626
      5550    0.543283
      5575    0.564133
      5600    0.572015
      5625    0.589741
      5650    0.583511
      5675    0.544634
      5700    0.551916
      5725    0.602858
      5750    0.589832
      5775    0.626601
      5800    0.589275
      5825    0.596528
      5850    0.623855
      5875    0.659194
      5900    0.643306
      5925    0.630231
      5950    0.620534
      5975    0.581633
      6000    0.623774
      6025    0.637417
      6050    0.627148
      6075    0.620664
      6100    0.596266
      6125    0.643379
      6150    0.626405
      6175    0.605425
      6200    0.646376
      6225    0.673888
      6250    0.666820
      6275    0.631308
      6300    0.654687
      6325    0.704803
      6350    0.647720
      6375    0.634684
      6400    0.647276
      6425    0.675902
      6450    0.721288
      6475    0.715755
      6500    0.694703
      6525    0.728872
      6550    0.714827
      6575    0.750065
      6600    0.677532
      6625    0.745768
      6650    0.703580
      6675    0.714693
      6700    0.668993
      6725    0.623467
      6750    0.599428
      6775    0.577633
      6800    0.579605
      6825    0.543343
      6850    0.563523
      6875    0.543424
      6900    0.563857
      6925    0.575078
      6950    0.554515
      6975    0.522067
      7000    0.586649
      7025    0.590550
      7050    0.608527
      7075    0.627363
      7100    0.629312
      7125    0.636269
      7150    0.636369
      7175    0.662394
      7200    0.638301
      7225    0.644663
      7250    0.666143
      7275    0.649530
      7300    0.648691
      7325    0.635270
      7350    0.637894
      7375    0.611079
      7400    0.631355
      7425    0.619838
      7450    0.659493
      7475    0.610445
      7500    0.640603
      7525    0.634288
      7550    0.606773
      7575    0.599781
      7600    0.623480
      7625    0.646883
      7650    0.646459
      7675    0.626453
      7700    0.650740
      7725    0.636895
      7750    0.648113
      7775    0.625417
      7800    0.633232
      7825    0.661441
      7850    0.656452
      7875    0.660830
      7900    0.672911
      7925    0.656927
      7950    0.683479
      7975    0.664949
      8000    0.690286
      8025    0.669842
      8050    0.737180
      8075    0.643853
      8100    0.687468
      8125    0.672686
      8150    0.640151
      8175    0.653319
      8200    0.614280
      8225    0.675386
      8250    0.711301
      8275    0.710632
      8300    0.691158
      8325    0.688534
      8350    0.608686
      8375    0.676513
      8400    0.721592
      8425    0.696319
      8450    0.733123
      8475    0.616178
      8500    0.670729
      8525    0.696863
      8550    0.660395
      8575    0.666143
      8600    0.690205
      8625    0.717649
      8650    0.702090
      8675    0.744456
      8700    0.728711
      8725    0.676647
      8750    0.721273
      8775    0.685900
      8800    0.685554
      8825    0.687831
      8850    0.669397
      8875    0.651309
      8900    0.672604
      8925    0.615219
      8950    0.663194
      8975    0.649404
      9000    0.624606
      9025    0.586592
      9050    0.565328
      9075    0.557186
      9100    0.590418
      9125    0.600328
      9150    0.597258
      9175    0.555729
      9200    0.605591
      9225    0.606006
      9250    0.581475
      9275    0.566736
      9300    0.604425
      9325    0.589130
      9350    0.588397
      9375    0.549668
      9400    0.568376
      9425    0.507491
      9450    0.521866
      9475    0.532745
      9500    0.583613
      9525    0.594311
      9550    0.587429
      9575    0.580087
      9600    0.591026
      9625    0.584103
      9650    0.596588
      9675    0.576820
      9700    0.613988
      9725    0.632263
      9750    0.597784
      9775    0.587573
      9800    0.562847
      9825    0.617134
      9850    0.609512
      9875    0.604940
      9900    0.571080
      9925    0.596867
      9950    0.583065
      9975    0.535042
     10000    0.558955
     10025    0.536833
     10050    0.580479
     10075    0.604582
     10100    0.625322
     10125    0.689926
     10150    0.677554
     10175    0.704233
     10200    0.679633
     10225    0.685938
     10250    0.644435
     10275    0.649935
     10300    0.683975
     10325    0.728809
     10350    0.636144
     10375    0.634040
     10400    0.636497
     10425    0.713067
     10450    0.645429
     10475    0.664830
     10500    0.684754
     10525    0.707823
     10550    0.752006
     10575    0.813516
     10600    0.799041
     10625    0.808714
     10650    0.815266
     10675    0.820775
     10700    0.821907
     10725    0.850803
     10750    0.782585
     10775    0.782702
     10800    0.747901
     10825    0.758965
     10850    0.747101
     10875    0.715029
     10900    0.730198
     10925    0.708584
     10950    0.819815
     10975    0.768785
     11000    0.732001
     11025    0.798251
     11050    0.840316
     11075    0.804679
     11100    0.841197
     11125    0.749866
     11150    0.744937
     11175    0.751536
     11200    0.826055
     11225    0.779561
     11250    0.808230
     11275    0.799100
     11300    0.791657
     11325    0.851601
     11350    0.832170
     11375    0.852016
     11400    0.821776
     11425    0.833594
     11450    0.817502
     11475    0.805412
     11500    0.735665
     11525    0.750995
     11550    0.759752
     11575    0.772886
     11600    0.722146
     11625    0.728951
     11650    0.817196
     11675    0.781350
     11700    0.770109
     11725    0.796339
     11750    0.724537
     11775    0.792878
     11800    0.773485
     11825    0.820024
     11850    0.774710
     11875    0.816476
     11900    0.777725
     11925    0.766805
     11950    0.689485
     11975    0.732044
     12000    0.714021
     12025    0.748163
     12050    0.710193
     12075    0.729926
     12100    0.778790
     12125    0.799818
     12150    0.816332
     12175    0.805183
     12200    0.769289
     12225    0.741109
     12250    0.743172
     12275    0.713930
     12300    0.734574
     12325    0.681215
     12350    0.714801
     12375    0.673148
     12400    0.707814
     12425    0.688836
     12450    0.653172
     12475    0.653357
     12500    0.691295
     12525    0.652049
     12550    0.621152
     12575    0.664097
     12600    0.677050
     12625    0.666032
     12650    0.675706
     12675    0.617921
     12700    0.675075
     12725    0.688654
     12750    0.632288
     12775    0.632681
     12800    0.652556
     12825    0.626926
     12850    0.625265
     12875    0.638083
     12900    0.630450
     12925    0.632157
     12950    0.628360
     12975    0.596755
     13000    0.611334
     13025    0.599337
     13050    0.634929
     13075    0.604555
     13100    0.602329
     13125    0.643689
     13150    0.665319
     13175    0.643326
     13200    0.642562
     13225    0.648791
     13250    0.642472
     13275    0.640047
     13300    0.609611
     13325    0.665095
     13350    0.633710
     13375    0.637742
     13400    0.690719
     13425    0.763699
     13450    0.695659
     13475    0.675300
     13500    0.668443
     13525    0.720186
     13550    0.679207
     13575    0.734465
     13600    0.700726
     13625    0.707916
     13650    0.741873
     13675    0.777045
     13700    0.746419
     13725    0.757114
     13750    0.679176
     13775    0.674318
     13800    0.727708
     13825    0.711245
     13850    0.730014
     13875    0.753917
     13900    0.757319
     13925    0.751982
     13950    0.783352
     13975    0.848966
     14000    0.908710
     14025    0.950942
     14050    0.874481
     14075    0.892571
     14100    0.904448
     14125    0.884455
     14150    0.901144
     14175    0.870280
     14200    0.852707
     14225    0.854002
     14250    0.805169
     14275    0.890235
     14300    0.867975
     14325    0.790149
     14350    0.879508
     14375    0.866216
     14400    0.822159
     14425    0.868367
     14450    0.801940
     14475    0.864970
     14500    0.877122
     14525    0.887569
     14550    0.949659
     14575    0.937362
     14600    0.899862
     14625    0.883546
     14650    0.866404
     14675    0.901212
     14700    0.854334
     14725    0.879152
     14750    0.942081
     14775    0.881840
     14800    0.869141
     14825    0.890821
     14850    0.890232
     14875    0.877506
     14900    0.871916
     14925    0.861687
     14950    0.886552
     14975    0.829554
     15000    0.856811
     15025    0.852149
     15050    0.907331
     15075    0.932998
     15100    0.934384
     15125    0.852517
     15150    0.854600
     15175    0.753030
     15200    0.740201
     15225    0.740322
     15250    0.759231
     15275    0.762646
     15300    0.769457
     15325    0.753752
     15350    0.796521
     15375    0.822865
     15400    0.816656
     15425    0.823541
     15450    0.784523
     15475    0.795761
     15500    0.823670
     15525    0.849452
     15550    0.824497
     15575    0.845945
     15600    0.827479
     15625    0.824132
     15650    0.851843
     15675    0.855500
     15700    0.902844
     15725    0.878821
     15750    0.907467
     15775    0.905093
     15800    0.870473
     15825    0.856746
     15850    0.916155
     15875    0.965498
     15900    0.915428
     15925    0.953481
     15950    0.946083
     15975    0.944751
     16000    1.026114
     16025    0.991725
     16050    0.952329
     16075    0.983254
     16100    0.971711
     16125    1.011069
     16150    0.881380
     16175    0.904678
     16200    0.889149
     16225    0.917160
     16250    0.902928
     16275    0.918261
     16300    0.936821
     16325    0.913431
     16350    0.913039
     16375    0.969092
     16400    0.918449
     16425    0.994900
     16450    0.980399
     16475    1.016757
     16500    0.970097
     16525    0.931244
     16550    0.900955
     16575    0.918843
     16600    0.923277
     16625    0.920756
     16650    1.018932
     16675    1.035142
     16700    0.966523
     16725    1.038303
     16750    1.052916
     16775    1.126501
     16800    1.183235
     16825    1.087269
     16850    1.059454
     16875    1.035856
     16900    1.117780
     16925    1.089846
     16950    1.016019
     16975    1.054318
     17000    1.178792
     17025    1.167948
     17050    1.181400
     17075    1.189777
     17100    1.125089
     17125    1.135134
     17150    1.107500
     17175    1.102185
     17200    1.065504
     17225    1.005677
     17250    1.032263
     17275    0.996597
     17300    0.966196
     17325    0.995386
     17350    1.037063
     17375    1.107349
     17400    1.099434
     17425    1.111695
     17450    1.115575
     17475    1.139021
     17500    1.075310
     17525    1.136345
     17550    1.104533
     17575    1.145078
     17600    1.064572
     17625    1.051102
     17650    0.983790
     17675    0.941791
     17700    0.934234
     17725    0.948733
     17750    0.978273
     17775    1.034897
     17800    0.999066
     17825    1.024323
     17850    1.026240
     17875    1.022170
     17900    1.057498
     17925    1.006890
     17950    0.933815
     17975    1.038642
     18000    1.019975
     18025    1.068712
     18050    1.008564
     18075    1.107025
     18100    1.103029
     18125    1.119030
     18150    1.148228
     18175    1.209135
     18200    1.119541
     18225    1.174135
     18250    1.202681
     18275    1.117383
     18300    1.159539
     18325    1.119970
     18350    1.210493
     18375    1.192083
     18400    1.192150
     18425    1.234875
     18450    1.220849
     18475    1.258955
     18500    1.237541
     18525    1.070041
     18550    1.125747
     18575    1.076522
     18600    0.974645
     18625    0.951751
     18650    0.979067
     18675    0.935160
     18700    0.955063
     18725    1.046763
     18750    1.020672
     18775    0.985619
     18800    1.075488
     18825    1.029205
     18850    1.007223
     18875    1.020034
     18900    0.950248
     18925    0.931238
     18950    0.901300
     18975    0.896851
     19000    0.845395
     19025    0.849594
     19050    0.860113
     19075    0.890977
     19100    0.852240
     19125    0.866471
     19150    0.880749
     19175    0.961801
     19200    0.950122
     19225    0.863746
     19250    0.909587
     19275    0.859859
     19300    0.853645
     19325    0.898616
     19350    0.854731
     19375    0.875606
     19400    0.915007
     19425    0.891042
     19450    0.866574
     19475    0.936605
     19500    0.870439
     19525    0.857312
     19550    0.871518
     19575    0.851732
     19600    0.850795
     19625    0.857955
     19650    0.864988
     19675    0.887231
     19700    0.918359
     19725    0.879310
     19750    0.979273
     19775    1.032892
     19800    1.039604
     19825    1.021829
     19850    0.927398
     19875    0.920316
     19900    0.946060
     19925    0.870382
     19950    0.883202
     19975    0.894387
     20000    0.864143
     20025    0.905120
     20050    0.935607
     20075    0.930977
     20100    0.941207
     20125    0.899932
     20150    0.937513
     20175    0.948505
     20200    0.896779
     20225    0.962969
     20250    0.949822
     20275    0.927706
     20300    0.906306
     20325    0.880881
     20350    1.001260
     20375    0.982800
     20400    0.968351
     20425    0.991449
     20450    0.980225
     20475    1.087826
     20500    1.140383
     20525    1.089341
     20550    1.177302
     20575    1.042984
     20600    1.082128
     20625    1.020078
     20650    0.968919
     20675    1.021245
     20700    0.958586
     20725    0.971892
     20750    1.036744
     20775    0.962970
     20800    0.936580
     20825    0.939953
     20850    0.931585
     20875    1.027075
     20900    1.011288
     20925    1.037187
     20950    1.042635
     20975    1.150246
     21000    1.032541
     21025    1.000495
     21050    1.046013
     21075    1.064925
     21100    1.072043
     21125    1.021328
     21150    1.000631
     21175    0.958210
     21200    0.991066
     21225    0.951012
     21250    0.952487
     21275    0.959181
     21300    0.945933
     21325    0.908762
     21350    0.872112
     21375    0.862464
     21400    0.864425
     21425    0.834133
     21450    0.833662
     21475    0.846432
     21500    0.890849
     21525    0.873884
     21550    0.946338
     21575    0.972189
     21600    0.934262
     21625    0.926425
     21650    0.836611
     21675    0.851690
     21700    0.838047
     21725    0.860431
     21750    0.846843
     21775    0.778562
     21800    0.820922
     21825    0.820431
     21850    0.845729
     21875    0.785133
     21900    0.767763
     21925    0.769478
     21950    0.820517
     21975    0.816978
     22000    0.824947
     22025    0.806894
     22050    0.865601
     22075    0.918714
     22100    0.859040
     22125    0.864660
     22150    0.920448
     22175    0.890764
     22200    0.914551
     22225    0.935618
     22250    0.831851
     22275    0.946751
     22300    0.949597
     22325    0.949854
     22350    0.961604
     22375    0.932848
     22400    0.943182
     22425    0.948126
     22450    0.995065
     22475    1.004010
     22500    0.984595
     22525    0.994614
     22550    1.001734
     22575    0.983376
     22600    0.960088
     22625    0.968697
     22650    0.999676
     22675    0.925248
     22700    0.969301
     22725    0.898721
     22750    0.918068
     22775    0.971237
     22800    0.905554
     22825    0.833644
     22850    0.951424
     22875    0.898650
     22900    0.977176
     22925    1.004395
     22950    0.924900
     22975    0.962192
     23000    0.970355
     23025    0.896607
     23050    0.918029
     23075    0.915465
     23100    0.899772
     23125    0.920231
     23150    0.926190
     23175    0.894703
     23200    0.888462
     23225    0.914795
     23250    0.913678
     23275    0.874862
     23300    0.839157
     23325    0.943371
     23350    0.868264
     23375    0.910676
     23400    0.901973
     23425    0.814644
     23450    0.789586
     23475    0.729574
     23500    0.774319
     23525    0.791415
     23550    0.791625
     23575    0.782415
     23600    0.790625
     23625    0.785426
     23650    0.759732
     23675    0.762941
     23700    0.745387
     23725    0.746790
     23750    0.660959
     23775    0.690417
     23800    0.673288
     23825    0.629798
     23850    0.672652
     23875    0.727157
     23900    0.697056
     23925    0.697609
     23950    0.717142
     23975    0.747938
     24000    0.747174
     24025    0.684602
     24050    0.719007
     24075    0.679892
     24100    0.672104
     24125    0.705554
     24150    0.695587
     24175    0.694848
     24200    0.684825
     24225    0.653359
     24250    0.670777
     24275    0.674596
     24300    0.634515
     24325    0.638801
     24350    0.636554
     24375    0.656802
     24400    0.641554
     24425    0.638813
     24450    0.623394
     24475    0.594570
     24500    0.627186
     24525    0.635858
     24550    0.672141
     24575    0.647016
     24600    0.618247
     24625    0.580542
     24650    0.620338
     24675    0.578569
     24700    0.581340
     24725    0.522020
     24750    0.552364
     24775    0.549855
     24800    0.572670
     24825    0.582345
     24850    0.587963
     24875    0.551429
     24900    0.530457
     24925    0.546441
     24950    0.534360
     24975    0.510182
     25000    0.503919
     25025    0.509692
     25050    0.501237
     25075    0.513629
     25100    0.510231
     25125    0.510846
     25150    0.579043
     25175    0.553927
     25200    0.613447
     25225    0.612822
     25250    0.586750
     25275    0.636426
     25300    0.662759
     25325    0.638747
     25350    0.608869
     25375    0.678259
     25400    0.661330
     25425    0.644905
     25450    0.630592
     25475    0.597027
     25500    0.619522
     25525    0.622549
     25550    0.675519
     25575    0.609322
     25600    0.646986
     25625    0.623068
     25650    0.688173
     25675    0.678916
     25700    0.684347
     25725    0.684174
     25750    0.663969
     25775    0.649782
     25800    0.668667
     25825    0.643623
     25850    0.684247
     25875    0.631823
     25900    0.644451
     25925    0.646138
     25950    0.631688
     25975    0.641551
     26000    0.619970
     26025    0.654770
     26050    0.639966
     26075    0.622474
     26100    0.634343
     26125    0.617743
     26150    0.613512
     26175    0.638855
     26200    0.613270
     26225    0.636186
     26250    0.676767
     26275    0.681455
     26300    0.652422
     26325    0.651711
     26350    0.641681
     26375    0.655934
     26400    0.631164
     26425    0.640982
     26450    0.576384
     26475    0.578355
     26500    0.598912
     26525    0.607134
     26550    0.633659
     26575    0.599527
     26600    0.659758
     26625    0.639216
     26650    0.641146
     26675    0.605689
     26700    0.626043
     26725    0.600506
     26750    0.627163
     26775    0.675017
     26800    0.652169
     26825    0.654528
     26850    0.654978
     26875    0.647820
     26900    0.648899
     26925    0.652923
     26950    0.627587
     26975    0.675317
     27000    0.666728
     27025    0.619812
     27050    0.617229
     27075    0.648786
     27100    0.641833
     27125    0.609888
     27150    0.589200
     27175    0.611922
     27200    0.613350
     27225    0.606160
     27250    0.630033
     27275    0.641358
     27300    0.662511
     27325    0.669369
     27350    0.623724
     27375    0.608475
     27400    0.614280
     27425    0.543976
     27450    0.547481
     27475    0.561029
     27500    0.577907
     27525    0.574451
     27550    0.591473
     27575    0.572360
     27600    0.604219
     27625    0.579664
     27650    0.547224
     27675    0.548121
     27700    0.511701
     27725    0.503517
     27750    0.555119
     27775    0.564347
     27800    0.546414
     27825    0.560483
     27850    0.524222
     27875    0.523106
     27900    0.500596
     27925    0.505101
     27950    0.491058
     27975    0.506305
     28000    0.506356
     28025    0.499901
     28050    0.482652
     28075    0.478615
     28100    0.499346
     28125    0.538956
     28150    0.520005
     28175    0.499254
     28200    0.504175
     28225    0.484024
     28250    0.485114
     28275    0.492949
     28300    0.502055
     28325    0.520373
     28350    0.511991
     28375    0.480232
     28400    0.483625
     28425    0.503209
     28450    0.526482
     28475    0.495943
     28500    0.497264
     28525    0.496649
     28550    0.487874
     28575    0.470780
     28600    0.453339
     28625    0.468185
     28650    0.485511
     28675    0.487130
     28700    0.475004
     28725    0.518547
     28750    0.568103
     28775    0.493697
     28800    0.516611
     28825    0.540331
     28850    0.566946
     28875    0.524237
     28900    0.547429
     28925    0.531357
     28950    0.590103
     28975    0.558998
     29000    0.529164
     29025    0.577096
     29050    0.574123
     29075    0.558592
     29100    0.549719
     29125    0.553734
     29150    0.543845
     29175    0.545978
     29200    0.542633
     29225    0.593473
     29250    0.614519
     29275    0.604701
     29300    0.625175
     29325    0.660021
     29350    0.704160
     29375    0.645555
     29400    0.681414
     29425    0.654782
     29450    0.632062
     29475    0.599144
     29500    0.597747
     29525    0.587304
     29550    0.620006
     29575    0.567364
     29600    0.581313
     29625    0.587744
     29650    0.589124
     29675    0.600631
     29700    0.543801
     29725    0.586994
     29750    0.563971
     29775    0.539378
     29800    0.523299
     29825    0.479755
     29850    0.465229
     29875    0.471011
     29900    0.461062
     29925    0.488172
     29950    0.460157
     29975    0.459982
     30000    0.473212
