 I J M_lda_ij SD_lda_ij M_omega_ij SD_omega_ij
    1     1     30.22185459      0.37150265      0.07113976      0.00102829
    1     2     -1.69232004      0.16629160      0.03834210      0.00097593
    1     3     -0.36541574      0.12583021      0.03311674      0.00102138
    1     4     -4.79480928      0.20449257      0.04325699      0.00090150
    1     5     -1.77760946      0.10884129      0.04628403      0.00107451
    1     6      1.38753277      0.11909971      0.00013816      0.00084311
    1     7     -2.41469340      0.19854921      0.02820778      0.00086788
    1     8     -5.56514347      0.22509487      0.03815925      0.00082990
    1     9     -0.72568418      0.15980690      0.03599983      0.00092608
    1    10     -1.09752893      0.20396777      0.03062924      0.00086899
    1    11     -2.03990471      0.22899735      0.02589262      0.00079781
    1    12      1.99303577      0.22998789      0.00220255      0.00076702
    1    13      0.85902692      0.13822984     -0.00892436      0.00091307
    1    14     -0.04616309      0.09062097      0.02348480      0.00113323
    1    15      0.32898058      0.11387747      0.01393793      0.00094785
    1    16     -0.35473816      0.11204587      0.03094059      0.00104592
    1    17     -6.77005312      0.16185388      0.05598812      0.00104161
    1    18      0.04745531      0.16645635      0.01680175      0.00081587
    2     1     -1.69232004      0.16629160      0.03834210      0.00097593
    2     2     13.45646651      0.13340765      0.12231461      0.00158811
    2     3     -1.51426399      0.07231619      0.05656543      0.00123654
    2     4     -0.71253678      0.11965972      0.03977584      0.00100782
    2     5      0.04283847      0.06401758      0.03680966      0.00123571
    2     6      0.24852389      0.07911777      0.01047746      0.00112071
    2     7     -0.72887599      0.13360732      0.03344329      0.00102127
    2     8     -0.43112237      0.12937207      0.03252634      0.00095810
    2     9     -2.92024374      0.10145719      0.05997271      0.00124070
    2    10     -2.73384452      0.11759182      0.05030355      0.00113786
    2    11     -0.72544392      0.13895003      0.03010921      0.00099277
    2    12      0.01304123      0.12386853      0.01546508      0.00099424
    2    13      0.11888569      0.07941323      0.00365666      0.00114693
    2    14     -0.27663367      0.05307325      0.03789892      0.00135181
    2    15     -0.45507634      0.06771243      0.02843452      0.00118714
    2    16     -0.84988570      0.06623658      0.04871377      0.00126771
    2    17     -0.40399263      0.09161498      0.04326016      0.00112058
    2    18     -0.54561908      0.10062939      0.02875057      0.00106705
    3     1     -0.36541574      0.12583021      0.03311674      0.00102138
    3     2     -1.51426399      0.07231619      0.05656543      0.00123654
    3     3      9.81096567      0.09418070      0.14793619      0.00187510
    3     4     -0.39263230      0.08920096      0.03603764      0.00107867
    3     5     -0.02839321      0.04727982      0.03385687      0.00129054
    3     6      0.24571861      0.05742927      0.00856355      0.00114798
    3     7     -0.02972692      0.09350745      0.02857799      0.00107219
    3     8     -0.04865832      0.09938983      0.02868259      0.00102586
    3     9     -2.38796231      0.07685093      0.06063158      0.00129423
    3    10     -2.44164028      0.09535327      0.05121243      0.00114469
    3    11     -0.51526931      0.11134824      0.02785403      0.00104065
    3    12     -0.17897034      0.10616941      0.01533993      0.00107534
    3    13      0.05358826      0.06691150      0.00471793      0.00120542
    3    14     -0.09431751      0.04285503      0.03317800      0.00144092
    3    15     -0.09916971      0.05231752      0.02408417      0.00119883
    3    16     -0.56949260      0.05430117      0.04638358      0.00136466
    3    17     -0.37522749      0.07634885      0.03984319      0.00116980
    3    18     -0.15839292      0.07831098      0.02502980      0.00108707
    4     1     -4.79480928      0.20449257      0.04325699      0.00090150
    4     2     -0.71253678      0.11965972      0.03977584      0.00100782
    4     3     -0.39263230      0.08920096      0.03603764      0.00107867
    4     4     19.65366521      0.21576073      0.08857072      0.00124170
    4     5     -1.72922335      0.07758365      0.04957999      0.00118921
    4     6      0.50052276      0.08690907      0.00729617      0.00097723
    4     7     -1.49222664      0.15484577      0.03168795      0.00094580
    4     8     -2.97864197      0.16115132      0.03784084      0.00089857
    4     9     -0.70689800      0.11787416      0.03859933      0.00101973
    4    10     -0.86284319      0.14373912      0.03398359      0.00095226
    4    11     -1.85638436      0.15506175      0.02938624      0.00087231
    4    12     -0.71857700      0.16025327      0.01204779      0.00089701
    4    13      0.20656459      0.10477450     -0.00022871      0.00105837
    4    14     -0.28874700      0.06675071      0.03095198      0.00118639
    4    15     -0.23785105      0.08269193      0.02179663      0.00104223
    4    16     -0.51273371      0.07761290      0.03641960      0.00120402
    4    17     -1.69172339      0.11828582      0.04863791      0.00103385
    4    18     -0.53652012      0.12354464      0.02383755      0.00092670
    5     1     -1.77760946      0.10884129      0.04628403      0.00107451
    5     2      0.04283847      0.06401758      0.03680966      0.00123571
    5     3     -0.02839321      0.04727982      0.03385687      0.00129054
    5     4     -1.72922335      0.07758365      0.04957999      0.00118921
    5     5      7.57111274      0.06339535      0.17501688      0.00197691
    5     6      0.16346482      0.05234098      0.00407918      0.00122923
    5     7     -0.19940404      0.07970199      0.02924581      0.00108492
    5     8     -1.67369197      0.08530279      0.04222250      0.00107180
    5     9     -0.11443314      0.06365454      0.03699503      0.00121215
    5    10     -0.37548984      0.07544098      0.03311215      0.00116401
    5    11     -0.34353322      0.09291214      0.02772030      0.00108767
    5    12      0.20038584      0.08920717      0.00594629      0.00103054
    5    13      0.21289908      0.05796161     -0.00696444      0.00123361
    5    14     -0.09412564      0.03574634      0.02861551      0.00143049
    5    15     -0.10471860      0.04775955      0.01924821      0.00122062
    5    16     -0.26384816      0.04643233      0.03632396      0.00136418
    5    17     -0.73337219      0.06486164      0.05233008      0.00133103
    5    18     -0.09088636      0.07031972      0.02068170      0.00117873
    6     1      1.38753277      0.11909971      0.00013816      0.00084311
    6     2      0.24852389      0.07911777      0.01047746      0.00112071
    6     3      0.24571861      0.05742927      0.00856355      0.00114798
    6     4      0.50052276      0.08690907      0.00729617      0.00097723
    6     5      0.16346482      0.05234098      0.00407918      0.00122923
    6     6      8.97096824      0.08639625      0.14083902      0.00166742
    6     7     -0.21693441      0.09437734      0.01788442      0.00096247
    6     8      0.15801926      0.09408377      0.00757535      0.00090499
    6     9      0.11873774      0.07404225      0.01025914      0.00107707
    6    10      0.11155534      0.09511448      0.01250373      0.00106666
    6    11     -4.37513539      0.11153992      0.03334041      0.00100889
    6    12     -1.56731483      0.10100065      0.02761889      0.00105020
    6    13      0.17676427      0.06421417      0.01734456      0.00119034
    6    14     -0.05716514      0.04017549      0.02263745      0.00135307
    6    15     -0.64696295      0.05422680      0.02960236      0.00121257
    6    16     -0.09993188      0.05326362      0.01778009      0.00122519
    6    17      0.16454862      0.07126343      0.00525113      0.00104400
    6    18     -1.88485468      0.08602917      0.03406555      0.00111811
    7     1     -2.41469340      0.19854921      0.02820778      0.00086788
    7     2     -0.72887599      0.13360732      0.03344329      0.00102127
    7     3     -0.02972692      0.09350745      0.02857799      0.00107219
    7     4     -1.49222664      0.15484577      0.03168795      0.00094580
    7     5     -0.19940404      0.07970199      0.02924581      0.00108492
    7     6     -0.21693441      0.09437734      0.01788442      0.00096247
    7     7     20.63837319      0.24296487      0.07558051      0.00123990
    7     8     -1.56890387      0.16409717      0.02675947      0.00086648
    7     9     -0.45413780      0.13358891      0.03092004      0.00103721
    7    10     -0.81907835      0.14987464      0.02946960      0.00094957
    7    11     -1.49298976      0.17600268      0.02582113      0.00084599
    7    12     -2.02393992      0.17545670      0.02140440      0.00092337
    7    13      0.21569162      0.10590462      0.00936181      0.00102796
    7    14     -1.27780530      0.06444776      0.04132999      0.00123311
    7    15     -1.33272722      0.09600779      0.03153559      0.00107376
    7    16     -0.89098212      0.09086798      0.03541545      0.00116226
    7    17     -0.61757823      0.12658429      0.03180981      0.00102570
    7    18     -3.00173910      0.13796144      0.03406136      0.00095307
    8     1     -5.56514347      0.22509487      0.03815925      0.00082990
    8     2     -0.43112237      0.12937207      0.03252634      0.00095810
    8     3     -0.04865832      0.09938983      0.02868259      0.00102586
    8     4     -2.97864197      0.16115132      0.03784084      0.00089857
    8     5     -1.67369197      0.08530279      0.04222250      0.00107180
    8     6      0.15801926      0.09408377      0.00757535      0.00090499
    8     7     -1.56890387      0.16409717      0.02675947      0.00086648
    8     8     24.75795217      0.24545837      0.06866729      0.00104534
    8     9     -0.77032770      0.13429764      0.03222879      0.00100215
    8    10     -0.52733432      0.15213472      0.02753743      0.00087676
    8    11     -2.55488930      0.17245436      0.02616204      0.00082253
    8    12     -0.00579354      0.17271660      0.00789329      0.00080726
    8    13      0.42832448      0.10794869     -0.00290298      0.00093787
    8    14     -0.12479513      0.07234611      0.02441743      0.00118552
    8    15     -0.26516114      0.09232363      0.01776596      0.00096749
    8    16     -0.42248273      0.08867813      0.02975621      0.00105958
    8    17     -2.40366938      0.12321145      0.04373047      0.00100409
    8    18     -0.70364722      0.13338690      0.01995294      0.00082725
    9     1     -0.72568418      0.15980690      0.03599983      0.00092608
    9     2     -2.92024374      0.10145719      0.05997271      0.00124070
    9     3     -2.38796231      0.07685093      0.06063158      0.00129423
    9     4     -0.70689800      0.11787416      0.03859933      0.00101973
    9     5     -0.11443314      0.06365454      0.03699503      0.00121215
    9     6      0.11873774      0.07404225      0.01025914      0.00107707
    9     7     -0.45413780      0.13358891      0.03092004      0.00103721
    9     8     -0.77032770      0.13429764      0.03222879      0.00100215
    9     9     14.49768409      0.14022994      0.11696131      0.00153958
    9    10     -3.33071387      0.11898933      0.05104784      0.00109944
    9    11     -1.11728552      0.13271547      0.03016155      0.00093231
    9    12      0.26086482      0.12946563      0.01375731      0.00101826
    9    13      0.02385572      0.08618034      0.00316796      0.00115727
    9    14     -0.27470848      0.05470411      0.03541129      0.00135208
    9    15     -0.03234262      0.07132089      0.02392062      0.00117172
    9    16     -0.88067583      0.06907631      0.04761139      0.00127465
    9    17     -0.67693310      0.09949434      0.04307827      0.00111412
    9    18      0.08699736      0.10623229      0.02482769      0.00106647
   10     1     -1.09752893      0.20396777      0.03062924      0.00086899
   10     2     -2.73384452      0.11759182      0.05030355      0.00113786
   10     3     -2.44164028      0.09535327      0.05121243      0.00114469
   10     4     -0.86284319      0.14373912      0.03398359      0.00095226
   10     5     -0.37548984      0.07544098      0.03311215      0.00116401
   10     6      0.11155534      0.09511448      0.01250373      0.00106666
   10     7     -0.81907835      0.14987464      0.02946960      0.00094957
   10     8     -0.52733432      0.15213472      0.02753743      0.00087676
   10     9     -3.33071387      0.11898933      0.05104784      0.00109944
   10    10     19.52293125      0.20957525      0.08787629      0.00130052
   10    11     -1.07687020      0.16526512      0.02706361      0.00093125
   10    12     -1.67399688      0.16284870      0.01995208      0.00098255
   10    13     -0.28895478      0.10655717      0.01010042      0.00110180
   10    14     -0.24097911      0.06623079      0.03330899      0.00123304
   10    15     -0.24809178      0.08264647      0.02541462      0.00104888
   10    16     -1.12333045      0.08684521      0.04331013      0.00124104
   10    17     -0.54215575      0.12889876      0.03620865      0.00103449
   10    18     -0.78024878      0.12741885      0.02715207      0.00103179
   11     1     -2.03990471      0.22899735      0.02589262      0.00079781
   11     2     -0.72544392      0.13895003      0.03010921      0.00099277
   11     3     -0.51526931      0.11134824      0.02785403      0.00104065
   11     4     -1.85638436      0.15506175      0.02938624      0.00087231
   11     5     -0.34353322      0.09291214      0.02772030      0.00108767
   11     6     -4.37513539      0.11153992      0.03334041      0.00100889
   11     7     -1.49298976      0.17600268      0.02582113      0.00084599
   11     8     -2.55488930      0.17245436      0.02616204      0.00082253
   11     9     -1.11728552      0.13271547      0.03016155      0.00093231
   11    10     -1.07687020      0.16526512      0.02706361      0.00093125
   11    11     24.02139984      0.27785554      0.06575555      0.00105375
   11    12     -1.24232349      0.17726991      0.01674786      0.00084952
   11    13      0.16308151      0.11590754      0.00614797      0.00098049
   11    14      0.00307727      0.07692003      0.02502815      0.00117194
   11    15     -0.38601780      0.10037203      0.02286535      0.00098102
   11    16     -0.45210556      0.09553088      0.02917428      0.00107939
   11    17     -1.52144343      0.13522581      0.03239815      0.00096505
   11    18     -0.80607005      0.13757891      0.02490391      0.00087069
   12     1      1.99303577      0.22998789      0.00220255      0.00076702
   12     2      0.01304123      0.12386853      0.01546508      0.00099424
   12     3     -0.17897034      0.10616941      0.01533993      0.00107534
   12     4     -0.71857700      0.16025327      0.01204779      0.00089701
   12     5      0.20038584      0.08920717      0.00594629      0.00103054
   12     6     -1.56731483      0.10100065      0.02761889      0.00105020
   12     7     -2.02393992      0.17545670      0.02140440      0.00092337
   12     8     -0.00579354      0.17271660      0.00789329      0.00080726
   12     9      0.26086482      0.12946563      0.01375731      0.00101826
   12    10     -1.67399688      0.16284870      0.01995208      0.00098255
   12    11     -1.24232349      0.17726991      0.01674786      0.00084952
   12    12     22.37992298      0.26111262      0.07676336      0.00119778
   12    13     -7.27844301      0.12869291      0.05519049      0.00122414
   12    14     -0.52758728      0.07282268      0.02790296      0.00119834
   12    15     -1.85807106      0.09666424      0.03314849      0.00107531
   12    16     -0.59282496      0.09420524      0.02245019      0.00110898
   12    17      0.09418390      0.13482951      0.00682844      0.00098090
   12    18     -2.71289762      0.14349181      0.03062853      0.00099092
   13     1      0.85902692      0.13822984     -0.00892436      0.00091307
   13     2      0.11888569      0.07941323      0.00365666      0.00114693
   13     3      0.05358826      0.06691150      0.00471793      0.00120542
   13     4      0.20656459      0.10477450     -0.00022871      0.00105837
   13     5      0.21289908      0.05796161     -0.00696444      0.00123361
   13     6      0.17676427      0.06421417      0.01734456      0.00119034
   13     7      0.21569162      0.10590462      0.00936181      0.00102796
   13     8      0.42832448      0.10794869     -0.00290298      0.00093787
   13     9      0.02385572      0.08618034      0.00316796      0.00115727
   13    10     -0.28895478      0.10655717      0.01010042      0.00110180
   13    11      0.16308151      0.11590754      0.00614797      0.00098049
   13    12     -7.27844301      0.12869291      0.05519049      0.00122414
   13    13      9.96721224      0.10647201      0.14215535      0.00179982
   13    14      0.05472697      0.04672384      0.01475901      0.00139561
   13    15     -0.21071861      0.06059811      0.02330604      0.00122438
   13    16     -0.00831770      0.05827615      0.01047388      0.00122651
   13    17      0.08513361      0.08363094     -0.00539388      0.00112574
   13    18     -0.15110412      0.09245538      0.01947390      0.00111102
   14     1     -0.04616309      0.09062097      0.02348480      0.00113323
   14     2     -0.27663367      0.05307325      0.03789892      0.00135181
   14     3     -0.09431751      0.04285503      0.03317800      0.00144092
   14     4     -0.28874700      0.06675071      0.03095198      0.00118639
   14     5     -0.09412564      0.03574634      0.02861551      0.00143049
   14     6     -0.05716514      0.04017549      0.02263745      0.00135307
   14     7     -1.27780530      0.06444776      0.04132999      0.00123311
   14     8     -0.12479513      0.07234611      0.02441743      0.00118552
   14     9     -0.27470848      0.05470411      0.03541129      0.00135208
   14    10     -0.24097911      0.06623079      0.03330899      0.00123304
   14    11      0.00307727      0.07692003      0.02502815      0.00117194
   14    12     -0.52758728      0.07282268      0.02790296      0.00119834
   14    13      0.05472697      0.04672384      0.01475901      0.00139561
   14    14      5.24067063      0.04592755      0.22934702      0.00249769
   14    15     -0.56062238      0.03913381      0.04264835      0.00144124
   14    16     -0.31025026      0.03931604      0.04211926      0.00141051
   14    17      0.13410156      0.05475539      0.02587734      0.00134366
   14    18     -1.16883149      0.05862745      0.04496009      0.00124045
   15     1      0.32898058      0.11387747      0.01393793      0.00094785
   15     2     -0.45507634      0.06771243      0.02843452      0.00118714
   15     3     -0.09916971      0.05231752      0.02408417      0.00119883
   15     4     -0.23785105      0.08269193      0.02179663      0.00104223
   15     5     -0.10471860      0.04775955      0.01924821      0.00122062
   15     6     -0.64696295      0.05422680      0.02960236      0.00121257
   15     7     -1.33272722      0.09600779      0.03153559      0.00107376
   15     8     -0.26516114      0.09232363      0.01776596      0.00096749
   15     9     -0.03234262      0.07132089      0.02392062      0.00117172
   15    10     -0.24809178      0.08264647      0.02541462      0.00104888
   15    11     -0.38601780      0.10037203      0.02286535      0.00098102
   15    12     -1.85807106      0.09666424      0.03314849      0.00107531
   15    13     -0.21071861      0.06059811      0.02330604      0.00122438
   15    14     -0.56062238      0.03913381      0.04264835      0.00144124
   15    15      8.49926755      0.07294883      0.14581773      0.00168995
   15    16     -0.26308755      0.04758103      0.03126946      0.00132630
   15    17      0.05595903      0.06875150      0.01803397      0.00112502
   15    18     -1.13033756      0.07114424      0.03638928      0.00111005
   16     1     -0.35473816      0.11204587      0.03094059      0.00104592
   16     2     -0.84988570      0.06623658      0.04871377      0.00126771
   16     3     -0.56949260      0.05430117      0.04638358      0.00136466
   16     4     -0.51273371      0.07761290      0.03641960      0.00120402
   16     5     -0.26384816      0.04643233      0.03632396      0.00136418
   16     6     -0.09993188      0.05326362      0.01778009      0.00122519
   16     7     -0.89098212      0.09086798      0.03541545      0.00116226
   16     8     -0.42248273      0.08867813      0.02975621      0.00105958
   16     9     -0.88067583      0.06907631      0.04761139      0.00127465
   16    10     -1.12333045      0.08684521      0.04331013      0.00124104
   16    11     -0.45210556      0.09553088      0.02917428      0.00107939
   16    12     -0.59282496      0.09420524      0.02245019      0.00110898
   16    13     -0.00831770      0.05827615      0.01047388      0.00122651
   16    14     -0.31025026      0.03931604      0.04211926      0.00141051
   16    15     -0.26308755      0.04758103      0.03126946      0.00132630
   16    16      8.00094478      0.07283020      0.16373052      0.00197774
   16    17      0.09545448      0.06593164      0.03452207      0.00122465
   16    18     -0.62870461      0.07087358      0.03348418      0.00118366
   17     1     -6.77005312      0.16185388      0.05598812      0.00104161
   17     2     -0.40399263      0.09161498      0.04326016      0.00112058
   17     3     -0.37522749      0.07634885      0.03984319      0.00116980
   17     4     -1.69172339      0.11828582      0.04863791      0.00103385
   17     5     -0.73337219      0.06486164      0.05233008      0.00133103
   17     6      0.16454862      0.07126343      0.00525113      0.00104400
   17     7     -0.61757823      0.12658429      0.03180981      0.00102570
   17     8     -2.40366938      0.12321145      0.04373047      0.00100409
   17     9     -0.67693310      0.09949434      0.04307827      0.00111412
   17    10     -0.54215575      0.12889876      0.03620865      0.00103449
   17    11     -1.52144343      0.13522581      0.03239815      0.00096505
   17    12      0.09418390      0.13482951      0.00682844      0.00098090
   17    13      0.08513361      0.08363094     -0.00539388      0.00112574
   17    14      0.13410156      0.05475539      0.02587734      0.00134366
   17    15      0.05595903      0.06875150      0.01803397      0.00112502
   17    16      0.09545448      0.06593164      0.03452207      0.00122465
   17    17     14.20310183      0.13798905      0.12262817      0.00158648
   17    18      0.26893758      0.10806927      0.01982764      0.00103105
   18     1      0.04745531      0.16645635      0.01680175      0.00081587
   18     2     -0.54561908      0.10062939      0.02875057      0.00106705
   18     3     -0.15839292      0.07831098      0.02502980      0.00108707
   18     4     -0.53652012      0.12354464      0.02383755      0.00092670
   18     5     -0.09088636      0.07031972      0.02068170      0.00117873
   18     6     -1.88485468      0.08602917      0.03406555      0.00111811
   18     7     -3.00173910      0.13796144      0.03406136      0.00095307
   18     8     -0.70364722      0.13338690      0.01995294      0.00082725
   18     9      0.08699736      0.10623229      0.02482769      0.00106647
   18    10     -0.78024878      0.12741885      0.02715207      0.00103179
   18    11     -0.80607005      0.13757891      0.02490391      0.00087069
   18    12     -2.71289762      0.14349181      0.03062853      0.00099092
   18    13     -0.15110412      0.09245538      0.01947390      0.00111102
   18    14     -1.16883149      0.05862745      0.04496009      0.00124045
   18    15     -1.13033756      0.07114424      0.03638928      0.00111005
   18    16     -0.62870461      0.07087358      0.03348418      0.00118366
   18    17      0.26893758      0.10806927      0.01982764      0.00103105
   18    18     15.22944504      0.15155330      0.09518086      0.00127698
