 No of Markers                      =     42046
 No of Populations                  =        18
 Genotype File name                 =    bta.geno
 
 !!!!!!!!!!!!!!!!!!!!!!!!!!!!!!!!!!!!!!
         Model Specifications
 !!!!!!!!!!!!!!!!!!!!!!!!!!!!!!!!!!!!!!
 
 
  -> Basic Mode (no covariate):
  (*) Omega matrix is estimated with prior inv(Omega) ~ Wish_npop((1/rho)Id_npop,rho)  where rho=     1
  (*) Parameters from the Pi prior dist. will be estimated
  (*) Outlier detection: XtX stat. for each SNP        
 
 !!!!!!!!!!!!!!!!!!!!!!!!!!!!!!!!!!!!!!
            MCMC specifications
 !!!!!!!!!!!!!!!!!!!!!!!!!!!!!!!!!!!!!!
 
  Nb. of sampled parameter values       =         1000
  Thinning Rate                         =           25
  Burn in Period Length                 =         2500
  Max Number of Pilot runs              =           20
  Pilot run Length                      =          500
 
 Init. deltas for Pi proposals          =  0.5000
 Coop Pij proposal with init. sig. for Pi. multivariate prop.          =  0.0500
 Pilot Run Adj. Factor Pilot            =  1.25
 Targeted Rej./Acc. rates              =  0.25-0.40
 R.N.G. seed                            =    5001
 
 !!!!!!!!!!!!!!!!!!!!!!!!!!!!!!!!!!!!!!
         READING COUNT DATA
 !!!!!!!!!!!!!!!!!!!!!!!!!!!!!!!!!!!!!!
 
First SNP ref. Allele count     8   11   24   15   12   45   10   26   18   18   16   30   28    9    8   14   25   22
First SNP total Gene count     44   36   60   44   58   92   38   88   44   40   40   44   60   42   60   36   44   36
Last  SNP ref. Allele count     1    0    1    2    1    2    1    0    1    0    0    0    8    0    1    0    0    1
Last  SNP total Gene count     44   36   60   42   58   92   38   88   44   40   40   44   60   36   60   34   44   36
 
 !!!!!!!!!!!!!!!!!!!!!!!!!!!!!!!!!!!!!!
         PILOT RUNS START
 !!!!!!!!!!!!!!!!!!!!!!!!!!!!!!!!!!!!!!
 
 
 ###########INITS VALUES#############
 
Pij min         =      0.01064  Pij max         =      0.98936  Average Pij     =      0.32069
Pij_til min     =     -1.49520  Pij_til max     =      2.96483  Average Pij_til =      0.00000
PI min          =      0.02672  PI max          =      0.96113  Average PI      =      0.32069
Pi_beta_params values       1.42996      3.02910
 PILOT RUN:            1
   iteration=          50
   iteration=         100
   iteration=         150
   iteration=         200
   iteration=         250
   iteration=         300
   iteration=         350
   iteration=         400
   iteration=         450
   iteration=         500
  Acceptance Rate not achieved for     33208   out of     42046   p_ij vectors
  Acceptance Rate not achieved for     42046   out of     42046   pi
      Mean Acceptance Rate Pij  =  0.48328   mean delta_p=  0.05889
      Mean Acceptance Rate Pi   =  0.06966   mean delta_pi=  0.40000
      Mean Acceptance Rate b_mu =  0.05000        delta  =  0.04000
      Mean Acceptance Rate b_phi=  0.01200        delta  =  0.80000
 
 ########### NODE VALUES #############
 
Pij min         =     -0.38585  Pij max         =      1.41721  Average Pij     =      0.31436
Pij_til min     =     -1.52624  Pij_til max     =      2.68969  Average Pij_til =     -0.00510
PI min          =      0.00388  PI max          =      0.98629  Average PI      =      0.31590
Pi_beta_params values       1.33485      2.88762
 
 PILOT RUN:            2
   iteration=          50
   iteration=         100
   iteration=         150
   iteration=         200
   iteration=         250
   iteration=         300
   iteration=         350
   iteration=         400
   iteration=         450
   iteration=         500
  Acceptance Rate not achieved for     25616   out of     42046   p_ij vectors
  Acceptance Rate not achieved for     42046   out of     42046   pi
      Mean Acceptance Rate Pij  =  0.41579   mean delta_p=  0.06759
      Mean Acceptance Rate Pi   =  0.09802   mean delta_pi=  0.32000
      Mean Acceptance Rate b_mu =  0.07600        delta  =  0.03200
      Mean Acceptance Rate b_phi=  0.01400        delta  =  0.64000
 
 ########### NODE VALUES #############
 
Pij min         =     -0.47318  Pij max         =      1.40319  Average Pij     =      0.31335
Pij_til min     =     -1.69044  Pij_til max     =      2.42411  Average Pij_til =     -0.00678
PI min          =      0.00282  PI max          =      0.98217  Average PI      =      0.31537
Pi_beta_params values       1.29155      2.81472
 
 PILOT RUN:            3
   iteration=          50
   iteration=         100
   iteration=         150
   iteration=         200
   iteration=         250
   iteration=         300
   iteration=         350
   iteration=         400
   iteration=         450
   iteration=         500
  Acceptance Rate not achieved for     10749   out of     42046   p_ij vectors
  Acceptance Rate not achieved for     42046   out of     42046   pi
      Mean Acceptance Rate Pij  =  0.35739   mean delta_p=  0.07144
      Mean Acceptance Rate Pi   =  0.13836   mean delta_pi=  0.25600
      Mean Acceptance Rate b_mu =  0.11600        delta  =  0.02560
      Mean Acceptance Rate b_phi=  0.01600        delta  =  0.51200
 
 ########### NODE VALUES #############
 
Pij min         =     -0.53043  Pij max         =      1.38663  Average Pij     =      0.31231
Pij_til min     =     -1.81127  Pij_til max     =      2.10989  Average Pij_til =     -0.00817
PI min          =      0.00203  PI max          =      0.98906  Average PI      =      0.31475
Pi_beta_params values       1.28143      2.76737
 
 PILOT RUN:            4
   iteration=          50
   iteration=         100
   iteration=         150
   iteration=         200
   iteration=         250
   iteration=         300
   iteration=         350
   iteration=         400
   iteration=         450
   iteration=         500
  Acceptance Rate not achieved for      5311   out of     42046   p_ij vectors
  Acceptance Rate not achieved for     16220   out of     42046   pi
      Mean Acceptance Rate Pij  =  0.32893   mean delta_p=  0.07232
      Mean Acceptance Rate Pi   =  0.25576   mean delta_pi=  0.23625
      Mean Acceptance Rate b_mu =  0.14200        delta  =  0.02048
      Mean Acceptance Rate b_phi=  0.04400        delta  =  0.40960
 
 ########### NODE VALUES #############
 
Pij min         =     -0.49765  Pij max         =      1.36768  Average Pij     =      0.31106
Pij_til min     =     -1.80188  Pij_til max     =      2.08651  Average Pij_til =     -0.00952
PI min          =      0.00238  PI max          =      0.98817  Average PI      =      0.31384
Pi_beta_params values       1.31965      2.87530
 
 PILOT RUN:            5
   iteration=          50
   iteration=         100
   iteration=         150
   iteration=         200
   iteration=         250
   iteration=         300
   iteration=         350
   iteration=         400
   iteration=         450
   iteration=         500
  Acceptance Rate not achieved for      4059   out of     42046   p_ij vectors
  Acceptance Rate not achieved for      7744   out of     42046   pi
      Mean Acceptance Rate Pij  =  0.32262   mean delta_p=  0.07256
      Mean Acceptance Rate Pi   =  0.29596   mean delta_pi=  0.22882
      Mean Acceptance Rate b_mu =  0.14000        delta  =  0.01638
      Mean Acceptance Rate b_phi=  0.03200        delta  =  0.32768
 
 ########### NODE VALUES #############
 
Pij min         =     -0.55515  Pij max         =      1.30103  Average Pij     =      0.31097
Pij_til min     =     -1.85854  Pij_til max     =      1.93035  Average Pij_til =     -0.00862
PI min          =      0.00152  PI max          =      0.97440  Average PI      =      0.31338
Pi_beta_params values       1.30971      2.87201
 
 PILOT RUN:            6
   iteration=          50
   iteration=         100
   iteration=         150
   iteration=         200
   iteration=         250
   iteration=         300
   iteration=         350
   iteration=         400
   iteration=         450
   iteration=         500
  Acceptance Rate not achieved for      3457   out of     42046   p_ij vectors
  Acceptance Rate not achieved for      8029   out of     42046   pi
      Mean Acceptance Rate Pij  =  0.32388   mean delta_p=  0.07281
      Mean Acceptance Rate Pi   =  0.28334   mean delta_pi=  0.22159
      Mean Acceptance Rate b_mu =  0.18800        delta  =  0.01311
      Mean Acceptance Rate b_phi=  0.02800        delta  =  0.26214
 
 ########### NODE VALUES #############
 
Pij min         =     -0.45767  Pij max         =      1.52679  Average Pij     =      0.31095
Pij_til min     =     -1.66634  Pij_til max     =      2.15318  Average Pij_til =     -0.00882
PI min          =      0.00187  PI max          =      0.98227  Average PI      =      0.31339
Pi_beta_params values       1.31268      2.86405
 
 PILOT RUN:            7
   iteration=          50
   iteration=         100
   iteration=         150
   iteration=         200
   iteration=         250
   iteration=         300
   iteration=         350
   iteration=         400
   iteration=         450
   iteration=         500
  Acceptance Rate not achieved for      3340   out of     42046   p_ij vectors
  Acceptance Rate not achieved for      5804   out of     42046   pi
      Mean Acceptance Rate Pij  =  0.32278   mean delta_p=  0.07300
      Mean Acceptance Rate Pi   =  0.28830   mean delta_pi=  0.21687
      Mean Acceptance Rate b_mu =  0.21800        delta  =  0.01049
      Mean Acceptance Rate b_phi=  0.03200        delta  =  0.20972
 
 ########### NODE VALUES #############
 
Pij min         =     -0.42528  Pij max         =      1.38585  Average Pij     =      0.31105
Pij_til min     =     -1.67873  Pij_til max     =      2.29417  Average Pij_til =     -0.00838
PI min          =      0.00147  PI max          =      0.96719  Average PI      =      0.31335
Pi_beta_params values       1.30843      2.89699
 
 PILOT RUN:            8
   iteration=          50
   iteration=         100
   iteration=         150
   iteration=         200
   iteration=         250
   iteration=         300
   iteration=         350
   iteration=         400
   iteration=         450
   iteration=         500
  Acceptance Rate not achieved for      3158   out of     42046   p_ij vectors
  Acceptance Rate not achieved for      6388   out of     42046   pi
      Mean Acceptance Rate Pij  =  0.32238   mean delta_p=  0.07309
      Mean Acceptance Rate Pi   =  0.28102   mean delta_pi=  0.21137
      Mean Acceptance Rate b_mu =  0.28400        delta  =  0.01049
      Mean Acceptance Rate b_phi=  0.03000        delta  =  0.16777
 
 ########### NODE VALUES #############
 
Pij min         =     -0.51098  Pij max         =      1.37757  Average Pij     =      0.31115
Pij_til min     =     -1.93673  Pij_til max     =      1.99136  Average Pij_til =     -0.00825
PI min          =      0.00158  PI max          =      0.98743  Average PI      =      0.31347
Pi_beta_params values       1.29371      2.84060
 
 PILOT RUN:            9
   iteration=          50
   iteration=         100
   iteration=         150
   iteration=         200
   iteration=         250
   iteration=         300
   iteration=         350
   iteration=         400
   iteration=         450
   iteration=         500
  Acceptance Rate not achieved for      3181   out of     42046   p_ij vectors
  Acceptance Rate not achieved for      1838   out of     42046   pi
      Mean Acceptance Rate Pij  =  0.31820   mean delta_p=  0.07293
      Mean Acceptance Rate Pi   =  0.32837   mean delta_pi=  0.21168
      Mean Acceptance Rate b_mu =  0.27000        delta  =  0.01049
      Mean Acceptance Rate b_phi=  0.05000        delta  =  0.13422
 
 ########### NODE VALUES #############
 
Pij min         =     -0.47155  Pij max         =      1.36945  Average Pij     =      0.31101
Pij_til min     =     -1.77415  Pij_til max     =      2.17633  Average Pij_til =     -0.00785
PI min          =      0.00132  PI max          =      0.96746  Average PI      =      0.31306
Pi_beta_params values       1.32569      2.92300
 
 PILOT RUN:           10
   iteration=          50
   iteration=         100
   iteration=         150
   iteration=         200
   iteration=         250
   iteration=         300
   iteration=         350
   iteration=         400
   iteration=         450
   iteration=         500
  Acceptance Rate not achieved for      3126   out of     42046   p_ij vectors
  Acceptance Rate not achieved for      4941   out of     42046   pi
      Mean Acceptance Rate Pij  =  0.31735   mean delta_p=  0.07273
      Mean Acceptance Rate Pi   =  0.35814   mean delta_pi=  0.21706
      Mean Acceptance Rate b_mu =  0.28000        delta  =  0.01049
      Mean Acceptance Rate b_phi=  0.06800        delta  =  0.10737
 
 ########### NODE VALUES #############
 
Pij min         =     -0.51718  Pij max         =      1.34454  Average Pij     =      0.31076
Pij_til min     =     -1.95270  Pij_til max     =      1.97297  Average Pij_til =     -0.00825
PI min          =      0.00101  PI max          =      0.97162  Average PI      =      0.31297
Pi_beta_params values       1.35419      2.95758
 
 PILOT RUN:           11
   iteration=          50
   iteration=         100
   iteration=         150
   iteration=         200
   iteration=         250
   iteration=         300
   iteration=         350
   iteration=         400
   iteration=         450
   iteration=         500
  Acceptance Rate not achieved for      3113   out of     42046   p_ij vectors
  Acceptance Rate not achieved for      1476   out of     42046   pi
      Mean Acceptance Rate Pij  =  0.32033   mean delta_p=  0.07270
      Mean Acceptance Rate Pi   =  0.33685   mean delta_pi=  0.21798
      Mean Acceptance Rate b_mu =  0.28200        delta  =  0.01049
      Mean Acceptance Rate b_phi=  0.07000        delta  =  0.08590
 
 ########### NODE VALUES #############
 
Pij min         =     -0.43147  Pij max         =      1.40069  Average Pij     =      0.31082
Pij_til min     =     -1.86844  Pij_til max     =      2.06360  Average Pij_til =     -0.00816
PI min          =      0.00153  PI max          =      0.98201  Average PI      =      0.31303
Pi_beta_params values       1.33172      2.90153
 
 PILOT RUN:           12
   iteration=          50
   iteration=         100
   iteration=         150
   iteration=         200
   iteration=         250
   iteration=         300
   iteration=         350
   iteration=         400
   iteration=         450
   iteration=         500
  Acceptance Rate not achieved for      3199   out of     42046   p_ij vectors
  Acceptance Rate not achieved for      1533   out of     42046   pi
      Mean Acceptance Rate Pij  =  0.32290   mean delta_p=  0.07281
      Mean Acceptance Rate Pi   =  0.30998   mean delta_pi=  0.21671
      Mean Acceptance Rate b_mu =  0.32200        delta  =  0.01049
      Mean Acceptance Rate b_phi=  0.09800        delta  =  0.06872
 
 ########### NODE VALUES #############
 
Pij min         =     -0.46304  Pij max         =      1.44099  Average Pij     =      0.31099
Pij_til min     =     -1.64729  Pij_til max     =      1.89097  Average Pij_til =     -0.00826
PI min          =      0.00119  PI max          =      0.98734  Average PI      =      0.31329
Pi_beta_params values       1.31453      2.88416
 
 PILOT RUN:           13
   iteration=          50
   iteration=         100
   iteration=         150
   iteration=         200
   iteration=         250
   iteration=         300
   iteration=         350
   iteration=         400
   iteration=         450
   iteration=         500
  Acceptance Rate not achieved for      3138   out of     42046   p_ij vectors
  Acceptance Rate not achieved for       884   out of     42046   pi
      Mean Acceptance Rate Pij  =  0.32134   mean delta_p=  0.07283
      Mean Acceptance Rate Pi   =  0.32114   mean delta_pi=  0.21640
      Mean Acceptance Rate b_mu =  0.28400        delta  =  0.01049
      Mean Acceptance Rate b_phi=  0.12400        delta  =  0.05498
 
 ########### NODE VALUES #############
 
Pij min         =     -0.45758  Pij max         =      1.36552  Average Pij     =      0.31095
Pij_til min     =     -1.63966  Pij_til max     =      1.88933  Average Pij_til =     -0.00775
PI min          =      0.00233  PI max          =      0.97153  Average PI      =      0.31306
Pi_beta_params values       1.31370      2.87998
 
 PILOT RUN:           14
   iteration=          50
   iteration=         100
   iteration=         150
   iteration=         200
   iteration=         250
   iteration=         300
   iteration=         350
   iteration=         400
   iteration=         450
   iteration=         500
  Acceptance Rate not achieved for      3144   out of     42046   p_ij vectors
  Acceptance Rate not achieved for      2370   out of     42046   pi
      Mean Acceptance Rate Pij  =  0.32248   mean delta_p=  0.07293
      Mean Acceptance Rate Pi   =  0.29881   mean delta_pi=  0.21396
      Mean Acceptance Rate b_mu =  0.26800        delta  =  0.01049
      Mean Acceptance Rate b_phi=  0.14200        delta  =  0.04398
 
 ########### NODE VALUES #############
 
Pij min         =     -0.44577  Pij max         =      1.35137  Average Pij     =      0.31107
Pij_til min     =     -1.80451  Pij_til max     =      2.05215  Average Pij_til =     -0.00912
PI min          =      0.00233  PI max          =      0.98241  Average PI      =      0.31370
Pi_beta_params values       1.30939      2.86372
 
 PILOT RUN:           15
   iteration=          50
   iteration=         100
   iteration=         150
   iteration=         200
   iteration=         250
   iteration=         300
   iteration=         350
   iteration=         400
   iteration=         450
   iteration=         500
  Acceptance Rate not achieved for      3219   out of     42046   p_ij vectors
  Acceptance Rate not achieved for       928   out of     42046   pi
      Mean Acceptance Rate Pij  =  0.31959   mean delta_p=  0.07286
      Mean Acceptance Rate Pi   =  0.33326   mean delta_pi=  0.21442
      Mean Acceptance Rate b_mu =  0.32000        delta  =  0.01049
      Mean Acceptance Rate b_phi=  0.19800        delta  =  0.03518
 
 ########### NODE VALUES #############
 
Pij min         =     -0.50895  Pij max         =      1.46558  Average Pij     =      0.31096
Pij_til min     =     -1.78242  Pij_til max     =      1.95960  Average Pij_til =     -0.00904
PI min          =      0.00129  PI max          =      0.98228  Average PI      =      0.31359
Pi_beta_params values       1.31407      2.87020
 
 PILOT RUN:           16
   iteration=          50
   iteration=         100
   iteration=         150
   iteration=         200
   iteration=         250
   iteration=         300
   iteration=         350
   iteration=         400
   iteration=         450
   iteration=         500
  Acceptance Rate not achieved for      3130   out of     42046   p_ij vectors
  Acceptance Rate not achieved for       818   out of     42046   pi
      Mean Acceptance Rate Pij  =  0.32020   mean delta_p=  0.07280
      Mean Acceptance Rate Pi   =  0.33313   mean delta_pi=  0.21481
      Mean Acceptance Rate b_mu =  0.28400        delta  =  0.01049
      Mean Acceptance Rate b_phi=  0.20800        delta  =  0.02815
 
 ########### NODE VALUES #############
 
Pij min         =     -0.60264  Pij max         =      1.39963  Average Pij     =      0.31085
Pij_til min     =     -2.01650  Pij_til max     =      2.16142  Average Pij_til =     -0.00798
PI min          =      0.00121  PI max          =      0.97922  Average PI      =      0.31295
Pi_beta_params values       1.31940      2.91530
 
 PILOT RUN:           17
   iteration=          50
   iteration=         100
   iteration=         150
   iteration=         200
   iteration=         250
   iteration=         300
   iteration=         350
   iteration=         400
   iteration=         450
   iteration=         500
  Acceptance Rate not achieved for      3079   out of     42046   p_ij vectors
  Acceptance Rate not achieved for       952   out of     42046   pi
      Mean Acceptance Rate Pij  =  0.32187   mean delta_p=  0.07285
      Mean Acceptance Rate Pi   =  0.31507   mean delta_pi=  0.21414
      Mean Acceptance Rate b_mu =  0.27600        delta  =  0.01049
      Mean Acceptance Rate b_phi=  0.25400        delta  =  0.02815
 
 ########### NODE VALUES #############
 
Pij min         =     -0.54258  Pij max         =      1.32176  Average Pij     =      0.31088
Pij_til min     =     -1.86438  Pij_til max     =      2.21489  Average Pij_til =     -0.00771
PI min          =      0.00124  PI max          =      0.97676  Average PI      =      0.31295
Pi_beta_params values       1.31369      2.89524
 
 PILOT RUN:           18
   iteration=          50
   iteration=         100
   iteration=         150
   iteration=         200
   iteration=         250
   iteration=         300
   iteration=         350
   iteration=         400
   iteration=         450
   iteration=         500
  Acceptance Rate not achieved for      3121   out of     42046   p_ij vectors
  Acceptance Rate not achieved for      1056   out of     42046   pi
      Mean Acceptance Rate Pij  =  0.31963   mean delta_p=  0.07279
      Mean Acceptance Rate Pi   =  0.33830   mean delta_pi=  0.21494
      Mean Acceptance Rate b_mu =  0.31000        delta  =  0.01049
      Mean Acceptance Rate b_phi=  0.25000        delta  =  0.02815
 
 ########### NODE VALUES #############
 
Pij min         =     -0.49855  Pij max         =      1.56278  Average Pij     =      0.31083
Pij_til min     =     -1.99104  Pij_til max     =      2.06963  Average Pij_til =     -0.00831
PI min          =      0.00268  PI max          =      0.96753  Average PI      =      0.31318
Pi_beta_params values       1.33088      2.91653
 
 PILOT RUN:           19
   iteration=          50
   iteration=         100
   iteration=         150
   iteration=         200
   iteration=         250
   iteration=         300
   iteration=         350
   iteration=         400
   iteration=         450
   iteration=         500
  Acceptance Rate not achieved for      3142   out of     42046   p_ij vectors
  Acceptance Rate not achieved for       773   out of     42046   pi
      Mean Acceptance Rate Pij  =  0.32044   mean delta_p=  0.07275
      Mean Acceptance Rate Pi   =  0.32835   mean delta_pi=  0.21503
      Mean Acceptance Rate b_mu =  0.26200        delta  =  0.01049
      Mean Acceptance Rate b_phi=  0.24400        delta  =  0.02252
 
 ########### NODE VALUES #############
 
Pij min         =     -0.46492  Pij max         =      1.38825  Average Pij     =      0.31081
Pij_til min     =     -1.75962  Pij_til max     =      2.14597  Average Pij_til =     -0.00831
PI min          =      0.00140  PI max          =      0.96869  Average PI      =      0.31308
Pi_beta_params values       1.32803      2.91470
 
 PILOT RUN:           20
   iteration=          50
   iteration=         100
   iteration=         150
   iteration=         200
   iteration=         250
   iteration=         300
   iteration=         350
   iteration=         400
   iteration=         450
   iteration=         500
  Acceptance Rate not achieved for      3148   out of     42046   p_ij vectors
  Acceptance Rate not achieved for       716   out of     42046   pi
      Mean Acceptance Rate Pij  =  0.32114   mean delta_p=  0.07277
      Mean Acceptance Rate Pi   =  0.32814   mean delta_pi=  0.21511
      Mean Acceptance Rate b_mu =  0.27200        delta  =  0.01049
      Mean Acceptance Rate b_phi=  0.33200        delta  =  0.02252
 
 ########### NODE VALUES #############
 
Pij min         =     -0.51047  Pij max         =      1.36611  Average Pij     =      0.31099
Pij_til min     =     -1.78907  Pij_til max     =      2.18761  Average Pij_til =     -0.01006
PI min          =      0.00222  PI max          =      0.98001  Average PI      =      0.31408
Pi_beta_params values       1.32309      2.89606
 
 
 !!!!!!!!!!!!!!!!!!!!!!!!!!!!!!!!!!!!!!
         BURN-IN: START
 !!!!!!!!!!!!!!!!!!!!!!!!!!!!!!!!!!!!!!
 
   iteration=         250
   iteration=         500
   iteration=         750
   iteration=        1000
   iteration=        1250
   iteration=        1500
   iteration=        1750
   iteration=        2000
   iteration=        2250
   iteration=        2500
Pij min         =     -0.66782  Pij max         =      1.39584  Average Pij     =      0.31000
Pij_til min     =     -2.61081  Pij_til max     =      2.11123  Average Pij_til =     -0.00808
PI min          =      0.00117  PI max          =      0.99105  Average PI      =      0.31243
Pi_beta_params values       1.42214      3.14268
 
 !!!!!!!!!!!!!!!!!!!!!!!!!!!!!!!!!!!!!!
         MCMC CHAIN STARTED
 !!!!!!!!!!!!!!!!!!!!!!!!!!!!!!!!!!!!!!
 
 
   iteration=          10
   iteration=          20
   iteration=          30
   iteration=          40
   iteration=          50
   iteration=          60
   iteration=          70
   iteration=          80
   iteration=          90
   iteration=         100
   iteration=         110
   iteration=         120
   iteration=         130
   iteration=         140
   iteration=         150
   iteration=         160
   iteration=         170
   iteration=         180
   iteration=         190
   iteration=         200
   iteration=         210
   iteration=         220
   iteration=         230
   iteration=         240
   iteration=         250
   iteration=         260
   iteration=         270
   iteration=         280
   iteration=         290
   iteration=         300
   iteration=         310
   iteration=         320
   iteration=         330
   iteration=         340
   iteration=         350
   iteration=         360
   iteration=         370
   iteration=         380
   iteration=         390
   iteration=         400
   iteration=         410
   iteration=         420
   iteration=         430
   iteration=         440
   iteration=         450
   iteration=         460
   iteration=         470
   iteration=         480
   iteration=         490
   iteration=         500
   iteration=         510
   iteration=         520
   iteration=         530
   iteration=         540
   iteration=         550
   iteration=         560
   iteration=         570
   iteration=         580
   iteration=         590
   iteration=         600
   iteration=         610
   iteration=         620
   iteration=         630
   iteration=         640
   iteration=         650
   iteration=         660
   iteration=         670
   iteration=         680
   iteration=         690
   iteration=         700
   iteration=         710
   iteration=         720
   iteration=         730
   iteration=         740
   iteration=         750
   iteration=         760
   iteration=         770
   iteration=         780
   iteration=         790
   iteration=         800
   iteration=         810
   iteration=         820
   iteration=         830
   iteration=         840
   iteration=         850
   iteration=         860
   iteration=         870
   iteration=         880
   iteration=         890
   iteration=         900
   iteration=         910
   iteration=         920
   iteration=         930
   iteration=         940
   iteration=         950
   iteration=         960
   iteration=         970
   iteration=         980
   iteration=         990
   iteration=        1000
      Mean Final Acceptance Rate Pij  =  0.28679   mean delta_pij=  0.07277
      Mean Final Acceptance Rate Pi   =  0.62404   mean delta_pi=  0.21511
      Mean Final Acceptance Rate b_mu =  0.28108        delta  =  0.01049
      Mean Final Acceptance Rate b_phi=  0.31412        delta  =  0.02252
Analysis took:  0 days  1 h 13 min 29 sec
