 I J M_lda_ij SD_lda_ij M_omega_ij SD_omega_ij
    1     1     30.28060345      0.37526991      0.07115815      0.00104041
    1     2     -1.68500804      0.16374010      0.03851446      0.00104770
    1     3     -0.37396551      0.12643288      0.03348541      0.00096048
    1     4     -4.81246537      0.20658106      0.04342890      0.00092131
    1     5     -1.78429187      0.10916133      0.04653618      0.00113262
    1     6      1.37974532      0.13309058      0.00043533      0.00093247
    1     7     -2.41610657      0.21074774      0.02840390      0.00085817
    1     8     -5.63411699      0.21092590      0.03835052      0.00081398
    1     9     -0.76761091      0.16913317      0.03625147      0.00096698
    1    10     -1.07997042      0.21601880      0.03075121      0.00086393
    1    11     -2.06377411      0.21331451      0.02598483      0.00083976
    1    12      2.00977105      0.20739984      0.00231836      0.00081160
    1    13      0.83559297      0.14019388     -0.00872302      0.00092713
    1    14     -0.05368066      0.09014130      0.02367243      0.00116818
    1    15      0.36099322      0.11657652      0.01396762      0.00093917
    1    16     -0.36288509      0.12193339      0.03119512      0.00105914
    1    17     -6.72002342      0.17253629      0.05593168      0.00111335
    1    18      0.05786889      0.15859736      0.01699258      0.00083484
    2     1     -1.68500804      0.16374010      0.03851446      0.00104770
    2     2     13.43687194      0.13124292      0.12267488      0.00161448
    2     3     -1.51617759      0.07478847      0.05704601      0.00118526
    2     4     -0.71172527      0.11716064      0.04003799      0.00107697
    2     5      0.03969155      0.06429424      0.03717038      0.00129901
    2     6      0.24749116      0.07385044      0.01083687      0.00116085
    2     7     -0.72410221      0.13054118      0.03370489      0.00101382
    2     8     -0.43461979      0.12657677      0.03274455      0.00098984
    2     9     -2.91850209      0.09522914      0.06023913      0.00118680
    2    10     -2.70979205      0.11454268      0.05048665      0.00107166
    2    11     -0.71924049      0.13739871      0.03025642      0.00100768
    2    12      0.01566276      0.13470722      0.01565939      0.00099953
    2    13      0.11996443      0.07907711      0.00385861      0.00109793
    2    14     -0.28009596      0.05389873      0.03819340      0.00142591
    2    15     -0.45455460      0.06708708      0.02863842      0.00121765
    2    16     -0.85638024      0.06948987      0.04908889      0.00128415
    2    17     -0.40892905      0.09212335      0.04338832      0.00121926
    2    18     -0.54630059      0.10046938      0.02907071      0.00110597
    3     1     -0.37396551      0.12643288      0.03348541      0.00096048
    3     2     -1.51617759      0.07478847      0.05704601      0.00118526
    3     3      9.80500878      0.08450978      0.14862223      0.00157129
    3     4     -0.39017221      0.08794702      0.03646961      0.00099992
    3     5     -0.03139283      0.04768383      0.03438829      0.00125441
    3     6      0.24159764      0.05620226      0.00906352      0.00111639
    3     7     -0.03173084      0.09350927      0.02902339      0.00098053
    3     8     -0.05887102      0.09781827      0.02906779      0.00091130
    3     9     -2.39290759      0.07754000      0.06110270      0.00114802
    3    10     -2.44013943      0.09391212      0.05165120      0.00105855
    3    11     -0.51942504      0.10912339      0.02818962      0.00096231
    3    12     -0.19336040      0.09971104      0.01574529      0.00098449
    3    13      0.04975122      0.06553835      0.00507487      0.00114494
    3    14     -0.09003350      0.03972347      0.03355284      0.00139654
    3    15     -0.10198074      0.05378118      0.02448297      0.00115477
    3    16     -0.56957284      0.05720775      0.04689401      0.00130098
    3    17     -0.38364825      0.07704785      0.04020527      0.00118552
    3    18     -0.16923418      0.08025026      0.02556654      0.00104715
    4     1     -4.81246537      0.20658106      0.04342890      0.00092131
    4     2     -0.71172527      0.11716064      0.04003799      0.00107697
    4     3     -0.39017221      0.08794702      0.03646961      0.00099992
    4     4     19.69852707      0.20276010      0.08872053      0.00123496
    4     5     -1.74180647      0.07740444      0.04995850      0.00120600
    4     6      0.49757242      0.08852359      0.00766506      0.00102277
    4     7     -1.48350446      0.14595269      0.03195304      0.00092422
    4     8     -2.96190816      0.15130270      0.03801299      0.00088600
    4     9     -0.71106323      0.11759277      0.03886883      0.00103792
    4    10     -0.86256247      0.14834727      0.03421185      0.00091301
    4    11     -1.81855761      0.16815644      0.02945490      0.00093285
    4    12     -0.75462021      0.16618233      0.01231313      0.00090666
    4    13      0.21882805      0.10172816     -0.00002605      0.00099290
    4    14     -0.28557716      0.06373640      0.03118674      0.00132169
    4    15     -0.25076919      0.08589366      0.02207457      0.00108959
    4    16     -0.51988545      0.08295222      0.03677585      0.00112530
    4    17     -1.72972108      0.12001276      0.04885155      0.00114690
    4    18     -0.56353859      0.12047662      0.02423197      0.00097455
    5     1     -1.78429187      0.10916133      0.04653618      0.00113262
    5     2      0.03969155      0.06429424      0.03717038      0.00129901
    5     3     -0.03139283      0.04768383      0.03438829      0.00125441
    5     4     -1.74180647      0.07740444      0.04995850      0.00120600
    5     5      7.57097888      0.06657090      0.17542979      0.00207012
    5     6      0.15242532      0.04913333      0.00456630      0.00121428
    5     7     -0.20053892      0.08091720      0.02958403      0.00111640
    5     8     -1.67494580      0.08827115      0.04249816      0.00105158
    5     9     -0.11109926      0.06698632      0.03731016      0.00125968
    5    10     -0.37663654      0.08163310      0.03340058      0.00111944
    5    11     -0.33233817      0.08581522      0.02786146      0.00107327
    5    12      0.20465450      0.08967694      0.00617903      0.00111563
    5    13      0.20407504      0.05704477     -0.00665082      0.00124773
    5    14     -0.09115578      0.03546733      0.02885058      0.00152363
    5    15     -0.10440925      0.04446747      0.01949743      0.00126425
    5    16     -0.26672492      0.04530837      0.03675240      0.00142489
    5    17     -0.73741257      0.06139318      0.05258033      0.00133998
    5    18     -0.09309979      0.06736587      0.02105908      0.00113269
    6     1      1.37974532      0.13309058      0.00043533      0.00093247
    6     2      0.24749116      0.07385044      0.01083687      0.00116085
    6     3      0.24159764      0.05620226      0.00906352      0.00111639
    6     4      0.49757242      0.08852359      0.00766506      0.00102277
    6     5      0.15242532      0.04913333      0.00456630      0.00121428
    6     6      8.95604526      0.08409366      0.14135529      0.00173305
    6     7     -0.22870442      0.09206531      0.01827726      0.00098199
    6     8      0.14541721      0.09507033      0.00787782      0.00087204
    6     9      0.10585914      0.07113942      0.01068974      0.00107180
    6    10      0.12918831      0.08950210      0.01277455      0.00100565
    6    11     -4.37998450      0.10397854      0.03365609      0.00102960
    6    12     -1.56800793      0.10033573      0.02790066      0.00112211
    6    13      0.16548848      0.06388295      0.01759448      0.00120077
    6    14     -0.06019239      0.04110915      0.02302732      0.00145142
    6    15     -0.64557654      0.05395719      0.02991247      0.00126780
    6    16     -0.10493156      0.04884623      0.01822456      0.00121818
    6    17      0.16897187      0.07791589      0.00549009      0.00116023
    6    18     -1.88057796      0.07600270      0.03448230      0.00114635
    7     1     -2.41610657      0.21074774      0.02840390      0.00085817
    7     2     -0.72410221      0.13054118      0.03370489      0.00101382
    7     3     -0.03173084      0.09350927      0.02902339      0.00098053
    7     4     -1.48350446      0.14595269      0.03195304      0.00092422
    7     5     -0.20053892      0.08091720      0.02958403      0.00111640
    7     6     -0.22870442      0.09206531      0.01827726      0.00098199
    7     7     20.62515178      0.23341233      0.07585111      0.00107365
    7     8     -1.57677462      0.15866213      0.02699612      0.00079754
    7     9     -0.46063926      0.12309992      0.03122093      0.00096581
    7    10     -0.82178310      0.15428266      0.02971469      0.00085015
    7    11     -1.51526484      0.18529164      0.02604627      0.00087522
    7    12     -2.00444312      0.17237993      0.02156188      0.00092944
    7    13      0.20363940      0.10610443      0.00956465      0.00101444
    7    14     -1.27219508      0.07013817      0.04149375      0.00126199
    7    15     -1.33582309      0.09049306      0.03174039      0.00106054
    7    16     -0.88421481      0.08687216      0.03569538      0.00109469
    7    17     -0.63736688      0.12719684      0.03202344      0.00103404
    7    18     -2.98715354      0.13360319      0.03433235      0.00093098
    8     1     -5.63411699      0.21092590      0.03835052      0.00081398
    8     2     -0.43461979      0.12657677      0.03274455      0.00098984
    8     3     -0.05887102      0.09781827      0.02906779      0.00091130
    8     4     -2.96190816      0.15130270      0.03801299      0.00088600
    8     5     -1.67494580      0.08827115      0.04249816      0.00105158
    8     6      0.14541721      0.09507033      0.00787782      0.00087204
    8     7     -1.57677462      0.15866213      0.02699612      0.00079754
    8     8     24.75896843      0.25158822      0.06883518      0.00093014
    8     9     -0.77368380      0.12629948      0.03244376      0.00090684
    8    10     -0.50479122      0.16380513      0.02766699      0.00083481
    8    11     -2.51840759      0.18549096      0.02621376      0.00081472
    8    12      0.00181801      0.16464698      0.00801548      0.00079532
    8    13      0.42235537      0.11072195     -0.00274880      0.00089201
    8    14     -0.12703571      0.07242953      0.02462148      0.00110524
    8    15     -0.27772899      0.09065500      0.01795917      0.00095713
    8    16     -0.41905528      0.08947206      0.02999074      0.00103521
    8    17     -2.39050192      0.13011075      0.04380542      0.00101795
    8    18     -0.71066677      0.13260653      0.02021164      0.00085608
    9     1     -0.76761091      0.16913317      0.03625147      0.00096698
    9     2     -2.91850209      0.09522914      0.06023913      0.00118680
    9     3     -2.39290759      0.07754000      0.06110270      0.00114802
    9     4     -0.71106323      0.11759277      0.03886883      0.00103792
    9     5     -0.11109926      0.06698632      0.03731016      0.00125968
    9     6      0.10585914      0.07113942      0.01068974      0.00107180
    9     7     -0.46063926      0.12309992      0.03122093      0.00096581
    9     8     -0.77368380      0.12629948      0.03244376      0.00090684
    9     9     14.49909901      0.14138373      0.11720499      0.00145023
    9    10     -3.32496732      0.11780984      0.05127374      0.00101064
    9    11     -1.11549938      0.13626395      0.03032835      0.00096700
    9    12      0.28054846      0.12157912      0.01394323      0.00092523
    9    13      0.01010674      0.08335722      0.00343728      0.00110540
    9    14     -0.27838541      0.05449022      0.03570774      0.00135408
    9    15     -0.03457142      0.06940917      0.02415040      0.00113380
    9    16     -0.86712286      0.06882364      0.04783869      0.00125179
    9    17     -0.65030186      0.09916790      0.04312554      0.00117381
    9    18      0.08779944      0.09852707      0.02515094      0.00104118
   10     1     -1.07997042      0.21601880      0.03075121      0.00086393
   10     2     -2.70979205      0.11454268      0.05048665      0.00107166
   10     3     -2.44013943      0.09391212      0.05165120      0.00105855
   10     4     -0.86256247      0.14834727      0.03421185      0.00091301
   10     5     -0.37663654      0.08163310      0.03340058      0.00111944
   10     6      0.12918831      0.08950210      0.01277455      0.00100565
   10     7     -0.82178310      0.15428266      0.02971469      0.00085015
   10     8     -0.50479122      0.16380513      0.02766699      0.00083481
   10     9     -3.32496732      0.11780984      0.05127374      0.00101064
   10    10     19.47865166      0.20063667      0.08820360      0.00114811
   10    11     -1.09697695      0.16811758      0.02722894      0.00087197
   10    12     -1.70129668      0.16103906      0.02021850      0.00086890
   10    13     -0.28164425      0.09908334      0.01033508      0.00100253
   10    14     -0.24232181      0.06542061      0.03354784      0.00121247
   10    15     -0.24120546      0.08215777      0.02557961      0.00103860
   10    16     -1.13064109      0.08754073      0.04364827      0.00109680
   10    17     -0.54480692      0.13065927      0.03628740      0.00106361
   10    18     -0.76851316      0.13329615      0.02742759      0.00092929
   11     1     -2.06377411      0.21331451      0.02598483      0.00083976
   11     2     -0.71924049      0.13739871      0.03025642      0.00100768
   11     3     -0.51942504      0.10912339      0.02818962      0.00096231
   11     4     -1.81855761      0.16815644      0.02945490      0.00093285
   11     5     -0.33233817      0.08581522      0.02786146      0.00107327
   11     6     -4.37998450      0.10397854      0.03365609      0.00102960
   11     7     -1.51526484      0.18529164      0.02604627      0.00087522
   11     8     -2.51840759      0.18549096      0.02621376      0.00081472
   11     9     -1.11549938      0.13626395      0.03032835      0.00096700
   11    10     -1.09697695      0.16811758      0.02722894      0.00087197
   11    11     24.04981496      0.27079559      0.06579654      0.00106261
   11    12     -1.24743864      0.19097395      0.01687520      0.00087262
   11    13      0.18911374      0.12087518      0.00620752      0.00098167
   11    14      0.00683836      0.07393190      0.02517729      0.00120636
   11    15     -0.38747168      0.09906150      0.02301127      0.00105791
   11    16     -0.44459037      0.09634260      0.02935247      0.00111835
   11    17     -1.51958230      0.13414014      0.03240538      0.00103501
   11    18     -0.82390277      0.14188418      0.02518211      0.00092881
   12     1      2.00977105      0.20739984      0.00231836      0.00081160
   12     2      0.01566276      0.13470722      0.01565939      0.00099953
   12     3     -0.19336040      0.09971104      0.01574529      0.00098449
   12     4     -0.75462021      0.16618233      0.01231313      0.00090666
   12     5      0.20465450      0.08967694      0.00617903      0.00111563
   12     6     -1.56800793      0.10033573      0.02790066      0.00112211
   12     7     -2.00444312      0.17237993      0.02156188      0.00092944
   12     8      0.00181801      0.16464698      0.00801548      0.00079532
   12     9      0.28054846      0.12157912      0.01394323      0.00092523
   12    10     -1.70129668      0.16103906      0.02021850      0.00086890
   12    11     -1.24743864      0.19097395      0.01687520      0.00087262
   12    12     22.41151034      0.26891149      0.07690216      0.00124408
   12    13     -7.29092454      0.13571019      0.05535190      0.00118260
   12    14     -0.53165161      0.07490670      0.02812166      0.00131900
   12    15     -1.84548108      0.08968549      0.03328277      0.00113434
   12    16     -0.59497994      0.09385343      0.02272595      0.00113253
   12    17      0.11580714      0.12817584      0.00684193      0.00101438
   12    18     -2.74082601      0.14993356      0.03096411      0.00102218
   13     1      0.83559297      0.14019388     -0.00872302      0.00092713
   13     2      0.11996443      0.07907711      0.00385861      0.00109793
   13     3      0.04975122      0.06553835      0.00507487      0.00114494
   13     4      0.21882805      0.10172816     -0.00002605      0.00099290
   13     5      0.20407504      0.05704477     -0.00665082      0.00124773
   13     6      0.16548848      0.06388295      0.01759448      0.00120077
   13     7      0.20363940      0.10610443      0.00956465      0.00101444
   13     8      0.42235537      0.11072195     -0.00274880      0.00089201
   13     9      0.01010674      0.08335722      0.00343728      0.00110540
   13    10     -0.28164425      0.09908334      0.01033508      0.00100253
   13    11      0.18911374      0.12087518      0.00620752      0.00098167
   13    12     -7.29092454      0.13571019      0.05535190      0.00118260
   13    13      9.97136716      0.10965321      0.14223370      0.00170326
   13    14      0.05533747      0.04347941      0.01497357      0.00136081
   13    15     -0.21612232      0.05919004      0.02351764      0.00124588
   13    16     -0.01033287      0.05916710      0.01075493      0.00124914
   13    17      0.09234249      0.08428368     -0.00532848      0.00113243
   13    18     -0.14401522      0.08876841      0.01971936      0.00109087
   14     1     -0.05368066      0.09014130      0.02367243      0.00116818
   14     2     -0.28009596      0.05389873      0.03819340      0.00142591
   14     3     -0.09003350      0.03972347      0.03355284      0.00139654
   14     4     -0.28557716      0.06373640      0.03118674      0.00132169
   14     5     -0.09115578      0.03546733      0.02885058      0.00152363
   14     6     -0.06019239      0.04110915      0.02302732      0.00145142
   14     7     -1.27219508      0.07013817      0.04149375      0.00126199
   14     8     -0.12703571      0.07242953      0.02462148      0.00110524
   14     9     -0.27838541      0.05449022      0.03570774      0.00135408
   14    10     -0.24232181      0.06542061      0.03354784      0.00121247
   14    11      0.00683836      0.07393190      0.02517729      0.00120636
   14    12     -0.53165161      0.07490670      0.02812166      0.00131900
   14    13      0.05533747      0.04347941      0.01497357      0.00136081
   14    14      5.24162615      0.04815449      0.22947869      0.00279688
   14    15     -0.56038936      0.03944769      0.04282747      0.00150499
   14    16     -0.31141688      0.03974397      0.04243621      0.00157336
   14    17      0.13567636      0.05542924      0.02597941      0.00141357
   14    18     -1.16157966      0.05838583      0.04518696      0.00135891
   15     1      0.36099322      0.11657652      0.01396762      0.00093917
   15     2     -0.45455460      0.06708708      0.02863842      0.00121765
   15     3     -0.10198074      0.05378118      0.02448297      0.00115477
   15     4     -0.25076919      0.08589366      0.02207457      0.00108959
   15     5     -0.10440925      0.04446747      0.01949743      0.00126425
   15     6     -0.64557654      0.05395719      0.02991247      0.00126780
   15     7     -1.33582309      0.09049306      0.03174039      0.00106054
   15     8     -0.27772899      0.09065500      0.01795917      0.00095713
   15     9     -0.03457142      0.06940917      0.02415040      0.00113380
   15    10     -0.24120546      0.08215777      0.02557961      0.00103860
   15    11     -0.38747168      0.09906150      0.02301127      0.00105791
   15    12     -1.84548108      0.08968549      0.03328277      0.00113434
   15    13     -0.21612232      0.05919004      0.02351764      0.00124588
   15    14     -0.56038936      0.03944769      0.04282747      0.00150499
   15    15      8.50627142      0.07989844      0.14591329      0.00184609
   15    16     -0.26663077      0.04916770      0.03158120      0.00129887
   15    17      0.05613399      0.06779072      0.01808202      0.00119593
   15    18     -1.13674511      0.07361018      0.03671840      0.00113584
   16     1     -0.36288509      0.12193339      0.03119512      0.00105914
   16     2     -0.85638024      0.06948987      0.04908889      0.00128415
   16     3     -0.56957284      0.05720775      0.04689401      0.00130098
   16     4     -0.51988545      0.08295222      0.03677585      0.00112530
   16     5     -0.26672492      0.04530837      0.03675240      0.00142489
   16     6     -0.10493156      0.04884623      0.01822456      0.00121818
   16     7     -0.88421481      0.08687216      0.03569538      0.00109469
   16     8     -0.41905528      0.08947206      0.02999074      0.00103521
   16     9     -0.86712286      0.06882364      0.04783869      0.00125179
   16    10     -1.13064109      0.08754073      0.04364827      0.00109680
   16    11     -0.44459037      0.09634260      0.02935247      0.00111835
   16    12     -0.59497994      0.09385343      0.02272595      0.00113253
   16    13     -0.01033287      0.05916710      0.01075493      0.00124914
   16    14     -0.31141688      0.03974397      0.04243621      0.00157336
   16    15     -0.26663077      0.04916770      0.03158120      0.00129887
   16    16      7.99757582      0.07080457      0.16416303      0.00202836
   16    17      0.09608761      0.07376006      0.03469646      0.00126667
   16    18     -0.62631331      0.07302639      0.03385503      0.00121669
   17     1     -6.72002342      0.17253629      0.05593168      0.00111335
   17     2     -0.40892905      0.09212335      0.04338832      0.00121926
   17     3     -0.38364825      0.07704785      0.04020527      0.00118552
   17     4     -1.72972108      0.12001276      0.04885155      0.00114690
   17     5     -0.73741257      0.06139318      0.05258033      0.00133998
   17     6      0.16897187      0.07791589      0.00549009      0.00116023
   17     7     -0.63736688      0.12719684      0.03202344      0.00103404
   17     8     -2.39050192      0.13011075      0.04380542      0.00101795
   17     9     -0.65030186      0.09916790      0.04312554      0.00117381
   17    10     -0.54480692      0.13065927      0.03628740      0.00106361
   17    11     -1.51958230      0.13414014      0.03240538      0.00103501
   17    12      0.11580714      0.12817584      0.00684193      0.00101438
   17    13      0.09234249      0.08428368     -0.00532848      0.00113243
   17    14      0.13567636      0.05542924      0.02597941      0.00141357
   17    15      0.05613399      0.06779072      0.01808202      0.00119593
   17    16      0.09608761      0.07376006      0.03469646      0.00126667
   17    17     14.20300107      0.14329020      0.12255753      0.00160797
   17    18      0.28199649      0.10402875      0.01995770      0.00107012
   18     1      0.05786889      0.15859736      0.01699258      0.00083484
   18     2     -0.54630059      0.10046938      0.02907071      0.00110597
   18     3     -0.16923418      0.08025026      0.02556654      0.00104715
   18     4     -0.56353859      0.12047662      0.02423197      0.00097455
   18     5     -0.09309979      0.06736587      0.02105908      0.00113269
   18     6     -1.88057796      0.07600270      0.03448230      0.00114635
   18     7     -2.98715354      0.13360319      0.03433235      0.00093098
   18     8     -0.71066677      0.13260653      0.02021164      0.00085608
   18     9      0.08779944      0.09852707      0.02515094      0.00104118
   18    10     -0.76851316      0.13329615      0.02742759      0.00092929
   18    11     -0.82390277      0.14188418      0.02518211      0.00092881
   18    12     -2.74082601      0.14993356      0.03096411      0.00102218
   18    13     -0.14401522      0.08876841      0.01971936      0.00109087
   18    14     -1.16157966      0.05838583      0.04518696      0.00135891
   18    15     -1.13674511      0.07361018      0.03671840      0.00113584
   18    16     -0.62631331      0.07302639      0.03385503      0.00121669
   18    17      0.28199649      0.10402875      0.01995770      0.00107012
   18    18     15.21070255      0.16480586      0.09564083      0.00135149
