   locus        mean         std
       1    0.917991    0.029262
       2    0.772735    0.055286
       3    0.889915    0.037413
       4    0.916256    0.029502
       5    0.886184    0.037156
       6    0.128907    0.037486
       7    0.789235    0.048976
       8    0.675782    0.056629
       9    0.688213    0.060014
      10    0.922179    0.031621
      11    0.710033    0.056565
      12    0.256664    0.054232
      13    0.878129    0.037608
      14    0.927063    0.029787
      15    0.312696    0.059421
      16    0.678567    0.061485
      17    0.225379    0.051027
      18    0.888606    0.035451
      19    0.941569    0.025896
      20    0.704688    0.060742
      21    0.784380    0.052747
      22    0.920163    0.029310
      23    0.722341    0.057613
      24    0.718630    0.059855
      25    0.735283    0.057740
      26    0.854942    0.040848
      27    0.233358    0.050700
      28    0.897097    0.033428
      29    0.883396    0.037702
      30    0.717369    0.055762
      31    0.878486    0.038131
      32    0.565443    0.065251
      33    0.935188    0.027865
      34    0.937143    0.026266
      35    0.915664    0.032513
      36    0.937168    0.026868
      37    0.880698    0.037437
      38    0.591211    0.064568
      39    0.587646    0.063811
      40    0.917101    0.031268
      41    0.583334    0.065984
      42    0.916086    0.032180
      43    0.161743    0.043432
      44    0.868347    0.040567
      45    0.856334    0.042332
      46    0.857607    0.043063
      47    0.858645    0.041868
      48    0.158549    0.044986
      49    0.708628    0.056124
      50    0.862296    0.039567
      51    0.274637    0.056637
      52    0.947657    0.024915
      53    0.850338    0.043070
      54    0.405084    0.065997
      55    0.247653    0.054046
      56    0.775064    0.051399
      57    0.771214    0.051997
      58    0.821432    0.046831
      59    0.771154    0.051569
      60    0.691162    0.058439
      61    0.948824    0.025179
      62    0.614100    0.062112
      63    0.366873    0.060959
      64    0.348528    0.058957
      65    0.669705    0.059631
      66    0.351103    0.063934
      67    0.352225    0.061218
      68    0.353986    0.062195
      69    0.668900    0.060033
      70    0.864433    0.040517
      71    0.352445    0.060351
      72    0.772016    0.050252
      73    0.247703    0.054401
      74    0.769462    0.052212
      75    0.903109    0.036260
      76    0.771982    0.053402
      77    0.866634    0.040309
      78    0.240343    0.052387
      79    0.777527    0.050592
      80    0.779314    0.050170
      81    0.778732    0.050975
      82    0.867795    0.039311
      83    0.875414    0.038689
      84    0.339581    0.060459
      85    0.884088    0.036790
      86    0.840188    0.042525
      87    0.878820    0.036343
      88    0.225068    0.050788
      89    0.310578    0.058003
      90    0.885854    0.036545
      91    0.631301    0.058961
      92    0.566549    0.064523
      93    0.956790    0.021581
      94    0.527760    0.066157
      95    0.902016    0.033618
      96    0.913474    0.033638
      97    0.902114    0.033560
      98    0.600008    0.062053
      99    0.511516    0.065642
     100    0.665879    0.060204
     101    0.899554    0.032988
     102    0.903089    0.034987
     103    0.113232    0.036533
     104    0.898846    0.033171
     105    0.902776    0.032140
     106    0.641662    0.060806
     107    0.921634    0.029653
     108    0.903430    0.033791
     109    0.274901    0.055199
     110    0.672257    0.059789
     111    0.746301    0.056107
     112    0.275785    0.055438
     113    0.739529    0.054283
     114    0.595632    0.062953
     115    0.496003    0.062803
     116    0.522055    0.065833
     117    0.403063    0.067498
     118    0.928935    0.027740
     119    0.619669    0.062716
     120    0.721773    0.060274
     121    0.617725    0.065560
     122    0.456844    0.061765
     123    0.653459    0.060783
     124    0.897644    0.034619
     125    0.742454    0.055750
     126    0.577250    0.063524
     127    0.652547    0.062044
     128    0.543814    0.065010
     129    0.697403    0.057155
     130    0.937061    0.026150
     131    0.893691    0.040357
     132    0.895474    0.039144
     133    0.595093    0.060120
     134    0.745622    0.055315
     135    0.894911    0.038434
     136    0.847582    0.043204
     137    0.808285    0.048295
     138    0.416069    0.062051
     139    0.425706    0.064273
     140    0.808506    0.047431
     141    0.209599    0.048977
     142    0.804259    0.046672
     143    0.924424    0.028387
     144    0.608070    0.062733
     145    0.613645    0.063643
     146    0.349004    0.064001
     147    0.928662    0.028062
     148    0.613674    0.061131
     149    0.704736    0.056659
     150    0.583010    0.063241
     151    0.610296    0.063084
     152    0.740316    0.052368
     153    0.808863    0.049455
     154    0.890611    0.038085
     155    0.940633    0.025579
     156    0.759135    0.053864
     157    0.802936    0.047325
     158    0.889363    0.039124
     159    0.433905    0.060760
     160    0.428302    0.065288
     161    0.931256    0.027043
     162    0.798848    0.049550
     163    0.259357    0.056748
     164    0.256625    0.054053
     165    0.286738    0.054945
     166    0.926060    0.027595
     167    0.939995    0.024825
     168    0.854524    0.040813
     169    0.614128    0.063829
     170    0.628772    0.062826
     171    0.826607    0.046849
     172    0.904954    0.035962
     173    0.880887    0.037565
     174    0.860605    0.040224
     175    0.901370    0.033628
     176    0.742639    0.054348
     177    0.161475    0.043205
     178    0.882447    0.036608
     179    0.883197    0.036578
     180    0.690888    0.060742
     181    0.779646    0.051140
     182    0.902558    0.033420
     183    0.940322    0.025183
     184    0.281920    0.058688
     185    0.939621    0.026208
     186    0.831460    0.044493
     187    0.879577    0.037991
     188    0.882222    0.037493
     189    0.302787    0.057167
     190    0.775838    0.052241
     191    0.871781    0.039354
     192    0.852879    0.041616
     193    0.732183    0.055841
     194    0.878327    0.038121
     195    0.871448    0.038937
     196    0.589520    0.064017
     197    0.894887    0.034960
     198    0.731492    0.055366
     199    0.894343    0.035145
     200    0.820491    0.047447
     201    0.648100    0.063507
     202    0.380085    0.060649
     203    0.378621    0.063097
     204    0.920267    0.029985
     205    0.757820    0.052987
     206    0.663216    0.061131
     207    0.662194    0.060325
     208    0.920732    0.028594
     209    0.847104    0.041518
     210    0.756321    0.054197
     211    0.357968    0.060729
     212    0.749749    0.053099
     213    0.357998    0.063053
     214    0.875453    0.038451
     215    0.909291    0.031115
     216    0.924549    0.027155
     217    0.283761    0.055716
     218    0.915113    0.030054
     219    0.906158    0.033929
     220    0.917553    0.029462
     221    0.791746    0.050366
     222    0.108798    0.032022
     223    0.872108    0.038148
     224    0.200310    0.047589
     225    0.099832    0.033067
     226    0.915548    0.030004
     227    0.914382    0.030514
     228    0.873484    0.037664
     229    0.770329    0.053072
     230    0.934614    0.025476
     231    0.080711    0.028227
     232    0.079090    0.028927
     233    0.934410    0.025721
     234    0.182401    0.047661
     235    0.934614    0.026930
     236    0.078528    0.027731
     237    0.934930    0.025698
     238    0.933952    0.025786
     239    0.912002    0.031481
     240    0.489452    0.063792
     241    0.821643    0.043677
     242    0.919358    0.030059
     243    0.875734    0.039767
     244    0.747956    0.053439
     245    0.595528    0.064989
     246    0.594913    0.061758
     247    0.595301    0.062695
     248    0.891376    0.035615
     249    0.820743    0.046325
     250    0.919381    0.029279
     251    0.754057    0.052824
     252    0.877760    0.038864
     253    0.425556    0.062834
     254    0.880695    0.036413
     255    0.478491    0.065886
     256    0.406381    0.062819
     257    0.884008    0.036714
     258    0.823798    0.048162
     259    0.814933    0.049138
     260    0.918276    0.028654
     261    0.436512    0.064031
     262    0.193065    0.047761
     263    0.820241    0.045853
     264    0.923322    0.031797
     265    0.488663    0.064141
     266    0.875314    0.037935
     267    0.527191    0.063479
     268    0.819668    0.049369
     269    0.534218    0.063096
     270    0.848106    0.043796
     271    0.814674    0.048223
     272    0.527031    0.067003
     273    0.518998    0.064848
     274    0.850255    0.043948
     275    0.847954    0.043284
     276    0.853465    0.042586
     277    0.655403    0.059954
     278    0.886616    0.036584
     279    0.926900    0.030316
     280    0.469919    0.065686
     281    0.556155    0.061893
     282    0.914420    0.031761
     283    0.352648    0.059453
     284    0.357881    0.059893
     285    0.658931    0.060164
     286    0.935089    0.026762
     287    0.818149    0.048574
     288    0.647330    0.062359
     289    0.900740    0.033541
     290    0.721044    0.058431
     291    0.839857    0.043730
     292    0.914534    0.031527
     293    0.862916    0.042399
     294    0.438811    0.062755
     295    0.580477    0.061664
     296    0.581319    0.061395
     297    0.679981    0.057257
     298    0.862793    0.043611
     299    0.737466    0.055253
     300    0.745202    0.055707
     301    0.864484    0.042686
     302    0.873705    0.038069
     303    0.744549    0.054990
     304    0.743686    0.055350
     305    0.740111    0.057095
     306    0.488573    0.064811
     307    0.783411    0.050660
     308    0.182611    0.046505
     309    0.831048    0.046465
     310    0.647775    0.061349
     311    0.847470    0.044789
     312    0.750116    0.052410
     313    0.868949    0.039398
     314    0.855868    0.043035
     315    0.781632    0.052321
     316    0.779110    0.054378
     317    0.866570    0.039678
     318    0.915136    0.032143
     319    0.236550    0.053390
     320    0.700405    0.060568
     321    0.548608    0.066642
     322    0.234155    0.053184
     323    0.788718    0.052185
     324    0.785212    0.050312
     325    0.853526    0.042966
     326    0.421701    0.065915
     327    0.249490    0.053821
     328    0.793033    0.048423
     329    0.840570    0.044942
     330    0.814329    0.047479
     331    0.810397    0.047581
     332    0.833477    0.046500
     333    0.898409    0.033945
     334    0.463330    0.069916
     335    0.556975    0.064954
     336    0.769419    0.053766
     337    0.747367    0.053523
     338    0.937731    0.025660
     339    0.881674    0.037260
     340    0.261284    0.056587
     341    0.325427    0.058168
     342    0.814228    0.048635
     343    0.321082    0.059227
     344    0.698941    0.058404
     345    0.701871    0.057182
     346    0.674732    0.058332
     347    0.374902    0.060141
     348    0.759685    0.053969
     349    0.411258    0.062394
     350    0.677344    0.060183
     351    0.932323    0.027280
     352    0.252474    0.052980
     353    0.832588    0.044573
     354    0.256075    0.053109
     355    0.785366    0.052290
     356    0.900630    0.033079
     357    0.825608    0.044353
     358    0.825011    0.045419
     359    0.822638    0.047969
     360    0.721406    0.057368
     361    0.824167    0.047252
     362    0.902393    0.032789
     363    0.682301    0.060147
     364    0.915484    0.030350
     365    0.765671    0.051639
     366    0.471455    0.065474
     367    0.469991    0.065375
     368    0.836893    0.044394
     369    0.783434    0.050573
     370    0.916995    0.029954
     371    0.928401    0.029594
     372    0.474676    0.064254
     373    0.835907    0.043629
     374    0.784307    0.048409
     375    0.470635    0.065104
     376    0.876776    0.038468
     377    0.837747    0.044297
     378    0.584993    0.065459
     379    0.843790    0.043391
     380    0.915653    0.029616
     381    0.735194    0.058423
     382    0.915052    0.029902
     383    0.872502    0.038507
     384    0.572141    0.065061
     385    0.866487    0.039827
     386    0.889002    0.036674
     387    0.893752    0.035076
     388    0.891788    0.036506
     389    0.861698    0.041435
     390    0.824997    0.045736
     391    0.882848    0.037626
     392    0.834266    0.045384
     393    0.869996    0.040137
     394    0.776668    0.051670
     395    0.773868    0.049824
     396    0.383250    0.061549
     397    0.771329    0.051804
     398    0.854259    0.043347
     399    0.386936    0.061508
     400    0.628534    0.062867
     401    0.385870    0.062718
     402    0.874893    0.038583
     403    0.815532    0.046898
     404    0.382885    0.059375
     405    0.389554    0.063600
     406    0.817775    0.047524
     407    0.388272    0.063493
     408    0.233022    0.051045
     409    0.787110    0.049794
     410    0.237755    0.051869
     411    0.782269    0.049847
     412    0.780339    0.050821
     413    0.906474    0.031773
     414    0.831954    0.045488
     415    0.524332    0.064176
     416    0.716100    0.061143
     417    0.824773    0.044900
     418    0.895481    0.035367
     419    0.827147    0.045365
     420    0.754332    0.053878
     421    0.733219    0.055068
     422    0.823018    0.047163
     423    0.885436    0.036795
     424    0.853309    0.041457
     425    0.851997    0.042707
     426    0.934290    0.026958
     427    0.083403    0.030712
     428    0.929674    0.030021
     429    0.110029    0.034185
     430    0.111814    0.035569
     431    0.761128    0.052662
     432    0.867364    0.041985
     433    0.744735    0.056022
     434    0.813724    0.046445
     435    0.814435    0.047498
     436    0.787232    0.051431
     437    0.690926    0.058311
     438    0.907226    0.035278
     439    0.955408    0.025288
     440    0.847846    0.042367
     441    0.285080    0.056971
     442    0.771065    0.052633
     443    0.783892    0.053080
     444    0.771011    0.053203
     445    0.781082    0.052327
     446    0.420808    0.063252
     447    0.919140    0.030936
     448    0.229096    0.053559
     449    0.784840    0.051338
     450    0.791434    0.051344
     451    0.790550    0.051084
     452    0.203219    0.048021
     453    0.917861    0.031902
     454    0.631903    0.064287
     455    0.807492    0.049009
     456    0.614894    0.063513
     457    0.573188    0.061564
     458    0.595313    0.063678
     459    0.577577    0.062890
     460    0.738155    0.057584
     461    0.558196    0.065959
     462    0.851585    0.043915
     463    0.619838    0.066481
     464    0.417953    0.065208
     465    0.410308    0.064149
     466    0.604387    0.063458
     467    0.913318    0.033482
     468    0.176464    0.047341
     469    0.523374    0.066637
     470    0.086949    0.031133
     471    0.086034    0.030452
     472    0.912595    0.032836
     473    0.085883    0.029832
     474    0.912938    0.034583
     475    0.251093    0.053425
     476    0.925532    0.032107
     477    0.257457    0.057704
     478    0.923658    0.031796
     479    0.814702    0.047556
     480    0.595521    0.062095
     481    0.487422    0.066415
     482    0.905817    0.034440
     483    0.898921    0.036829
     484    0.469479    0.062432
     485    0.674052    0.061036
     486    0.676235    0.058365
     487    0.874075    0.041083
     488    0.565107    0.065325
     489    0.892213    0.036444
     490    0.232809    0.051792
     491    0.788137    0.052137
     492    0.788593    0.050709
     493    0.909617    0.031111
     494    0.564393    0.064720
     495    0.555814    0.063347
     496    0.786296    0.049259
     497    0.678985    0.060279
     498    0.910635    0.030801
     499    0.680731    0.061845
     500    0.930180    0.029230
     501    0.558357    0.064210
     502    0.913268    0.033411
     503    0.422483    0.065700
     504    0.421019    0.063886
     505    0.742163    0.056241
     506    0.612238    0.062709
     507    0.478867    0.063338
     508    0.567647    0.064162
     509    0.717039    0.058431
     510    0.612922    0.062586
     511    0.873428    0.041725
     512    0.918176    0.029610
     513    0.572416    0.063697
     514    0.914837    0.032316
     515    0.571304    0.064471
     516    0.573246    0.064308
     517    0.912641    0.032966
     518    0.852750    0.043115
     519    0.733684    0.054887
     520    0.915556    0.033079
     521    0.884123    0.036441
     522    0.830779    0.045040
     523    0.929827    0.028011
     524    0.922110    0.028705
     525    0.922130    0.031451
     526    0.357455    0.060847
     527    0.664504    0.060589
     528    0.482507    0.064359
     529    0.929271    0.028021
     530    0.935403    0.026809
     531    0.936212    0.026002
     532    0.677325    0.060067
     533    0.967926    0.016801
     534    0.437201    0.066970
     535    0.927379    0.026600
     536    0.809057    0.050078
     537    0.435412    0.063829
     538    0.934059    0.026008
     539    0.543333    0.063086
     540    0.545081    0.064160
     541    0.895822    0.034309
     542    0.744821    0.054354
     543    0.563443    0.063363
     544    0.954041    0.023023
     545    0.610777    0.062444
     546    0.411814    0.064675
     547    0.346522    0.063473
     548    0.757170    0.054865
     549    0.688427    0.061074
     550    0.957192    0.021532
     551    0.687780    0.058240
     552    0.933456    0.027393
     553    0.823484    0.046527
     554    0.889280    0.035629
     555    0.908011    0.032720
     556    0.915062    0.033788
     557    0.869134    0.040027
     558    0.870900    0.039379
     559    0.684417    0.062274
     560    0.871435    0.040223
     561    0.777871    0.054856
     562    0.774825    0.052497
     563    0.941627    0.025571
     564    0.776310    0.053903
     565    0.911814    0.031046
     566    0.856065    0.042940
     567    0.941752    0.026851
     568    0.941365    0.024326
     569    0.914425    0.031161
     570    0.710392    0.057634
     571    0.904338    0.033776
     572    0.940429    0.026363
     573    0.790257    0.051515
     574    0.938769    0.027899
     575    0.520961    0.064931
     576    0.942772    0.024729
     577    0.531282    0.062974
     578    0.079557    0.030403
     579    0.949156    0.024195
     580    0.091460    0.032189
     581    0.096563    0.032997
     582    0.920529    0.031060
     583    0.096245    0.034412
     584    0.922276    0.032370
     585    0.097126    0.033284
     586    0.878532    0.037528
     587    0.920196    0.031690
     588    0.882977    0.039038
     589    0.915027    0.030092
     590    0.921642    0.031382
     591    0.711403    0.057119
     592    0.910948    0.034367
     593    0.105276    0.036711
     594    0.189753    0.045432
     595    0.966908    0.018152
     596    0.842802    0.044535
     597    0.848636    0.043311
     598    0.334952    0.059274
     599    0.168686    0.045010
     600    0.836986    0.043873
     601    0.926247    0.028787
     602    0.372607    0.060288
     603    0.895616    0.035111
     604    0.810292    0.049801
     605    0.807704    0.049645
     606    0.880627    0.036827
     607    0.212493    0.048865
     608    0.932698    0.026960
     609    0.212359    0.048143
     610    0.809212    0.048424
     611    0.806641    0.048526
     612    0.903141    0.035386
     613    0.870943    0.040659
     614    0.782223    0.051199
     615    0.236307    0.052706
     616    0.912746    0.032274
     617    0.302508    0.058271
     618    0.719186    0.058884
     619    0.873456    0.039779
     620    0.297794    0.057271
     621    0.724857    0.057024
     622    0.772192    0.054440
     623    0.724221    0.057112
     624    0.290196    0.056243
     625    0.944560    0.024555
     626    0.890376    0.038089
     627    0.774913    0.052934
     628    0.293576    0.056462
     629    0.294013    0.058439
     630    0.581630    0.062842
     631    0.922950    0.028113
     632    0.944173    0.024751
     633    0.926022    0.027650
     634    0.756798    0.053935
     635    0.639316    0.061460
     636    0.393429    0.064985
     637    0.936292    0.026676
     638    0.639551    0.061370
     639    0.937061    0.026134
     640    0.633651    0.062919
     641    0.926739    0.027829
     642    0.617474    0.064395
     643    0.882544    0.036917
     644    0.618409    0.063232
     645    0.882192    0.037650
     646    0.911471    0.033991
     647    0.136036    0.040675
     648    0.413674    0.064391
     649    0.828824    0.045823
     650    0.418764    0.064349
     651    0.501015    0.063536
     652    0.878909    0.037047
     653    0.824391    0.044743
     654    0.438618    0.063718
     655    0.975361    0.014537
     656    0.437420    0.063798
     657    0.585087    0.064932
     658    0.595579    0.065922
     659    0.948095    0.023309
     660    0.584371    0.064040
     661    0.865862    0.040202
     662    0.436236    0.061078
     663    0.956709    0.021350
     664    0.958031    0.021334
     665    0.433871    0.063862
     666    0.909402    0.034205
     667    0.900097    0.033937
     668    0.590167    0.064134
     669    0.638923    0.062457
     670    0.645766    0.067014
     671    0.381642    0.063852
     672    0.661068    0.062792
     673    0.340293    0.064698
     674    0.920657    0.031511
     675    0.942201    0.025016
     676    0.784020    0.051917
     677    0.334446    0.061473
     678    0.873561    0.039827
     679    0.883098    0.038187
     680    0.853056    0.042575
     681    0.870231    0.040728
     682    0.683630    0.060906
     683    0.720395    0.055963
     684    0.940661    0.025097
     685    0.719034    0.057069
     686    0.865301    0.042666
     687    0.769050    0.052895
     688    0.808993    0.048591
     689    0.929858    0.027396
     690    0.906327    0.033206
     691    0.680127    0.060190
     692    0.885731    0.038223
     693    0.940384    0.026772
     694    0.852042    0.043275
     695    0.903280    0.035433
     696    0.776154    0.051873
     697    0.604153    0.063977
     698    0.511128    0.065359
     699    0.625067    0.064311
     700    0.465396    0.069812
     701    0.558416    0.068149
     702    0.974679    0.014882
     703    0.553520    0.069113
     704    0.465810    0.066301
     705    0.862844    0.040271
     706    0.555398    0.065342
     707    0.872632    0.041519
     708    0.790132    0.051037
     709    0.951242    0.023667
     710    0.901276    0.033584
     711    0.685608    0.059401
     712    0.441190    0.065109
     713    0.511146    0.063826
     714    0.678751    0.057583
     715    0.281225    0.055298
     716    0.939337    0.026599
     717    0.953719    0.024258
     718    0.804842    0.047638
     719    0.435424    0.063757
     720    0.893139    0.033904
     721    0.276986    0.057105
     722    0.275118    0.054794
     723    0.743068    0.057058
     724    0.911447    0.031871
     725    0.265457    0.053656
     726    0.854493    0.046514
     727    0.638503    0.065977
     728    0.656954    0.062326
     729    0.910039    0.031986
     730    0.938131    0.026045
     731    0.818095    0.046723
     732    0.252505    0.054605
     733    0.252721    0.054370
     734    0.938839    0.026067
     735    0.738776    0.056621
     736    0.801794    0.051316
     737    0.916216    0.030340
     738    0.975751    0.014332
     739    0.739979    0.055887
     740    0.600153    0.063491
     741    0.855230    0.040899
     742    0.859037    0.041035
     743    0.939666    0.025628
     744    0.813141    0.046065
     745    0.904877    0.032887
     746    0.160645    0.043467
     747    0.942430    0.024827
     748    0.856150    0.042324
     749    0.109739    0.034244
     750    0.941433    0.024432
     751    0.126117    0.038595
     752    0.888977    0.038258
     753    0.657818    0.065040
     754    0.890704    0.036003
     755    0.715964    0.055763
     756    0.859031    0.041631
     757    0.126003    0.037671
     758    0.888677    0.034640
     759    0.929635    0.027670
     760    0.889534    0.037538
     761    0.145157    0.040003
     762    0.903108    0.032708
     763    0.145195    0.040556
     764    0.879315    0.038873
     765    0.877129    0.036525
     766    0.879464    0.036896
     767    0.495289    0.066960
     768    0.497387    0.065125
     769    0.527324    0.064222
     770    0.499588    0.064021
     771    0.838058    0.044067
     772    0.810434    0.048647
     773    0.333101    0.059530
     774    0.975871    0.015321
     775    0.329136    0.060222
     776    0.512253    0.064691
     777    0.962018    0.019058
     778    0.935288    0.026750
     779    0.416757    0.063015
     780    0.936727    0.026461
     781    0.691105    0.058954
     782    0.525413    0.064503
     783    0.380615    0.060525
     784    0.957512    0.020244
     785    0.709387    0.054684
     786    0.934265    0.026577
     787    0.906614    0.032457
     788    0.916883    0.029463
     789    0.919758    0.028634
     790    0.954197    0.021309
     791    0.347696    0.060652
     792    0.665507    0.060865
     793    0.834121    0.045568
     794    0.743243    0.055612
     795    0.580603    0.062805
     796    0.443730    0.063954
     797    0.726973    0.059283
     798    0.894150    0.034610
     799    0.443520    0.064851
     800    0.798316    0.050356
     801    0.798096    0.048649
     802    0.245638    0.053237
     803    0.596498    0.064392
     804    0.732072    0.057578
     805    0.835460    0.044529
     806    0.791212    0.050228
     807    0.653915    0.062503
     808    0.956838    0.020395
     809    0.711501    0.059883
     810    0.722956    0.057080
     811    0.814543    0.046693
     812    0.573573    0.064569
     813    0.903279    0.033183
     814    0.937908    0.025635
     815    0.804922    0.048621
     816    0.575478    0.065302
     817    0.470982    0.066338
     818    0.724721    0.057024
     819    0.916733    0.029693
     820    0.934856    0.026888
     821    0.496847    0.067188
     822    0.563352    0.066313
     823    0.493523    0.072340
     824    0.617373    0.062391
     825    0.525829    0.065052
     826    0.920581    0.030720
     827    0.507500    0.067997
     828    0.883363    0.036848
     829    0.921968    0.033296
     830    0.434071    0.065217
     831    0.723650    0.057573
     832    0.723280    0.059492
     833    0.271626    0.055573
     834    0.902129    0.033119
     835    0.341267    0.062545
     836    0.696912    0.059936
     837    0.628669    0.061894
     838    0.881824    0.037498
     839    0.581261    0.062910
     840    0.931323    0.028958
     841    0.514700    0.064524
     842    0.926606    0.027872
     843    0.327893    0.060456
     844    0.929765    0.028698
     845    0.842285    0.045657
     846    0.841564    0.045807
     847    0.615520    0.063419
     848    0.687198    0.061313
     849    0.836306    0.045171
     850    0.784999    0.048837
     851    0.912290    0.032183
     852    0.912338    0.032941
     853    0.917557    0.028756
     854    0.900006    0.033235
     855    0.917766    0.029735
     856    0.918241    0.030348
     857    0.898606    0.034656
     858    0.899049    0.032016
     859    0.470953    0.069667
     860    0.468757    0.067452
     861    0.119348    0.037184
     862    0.118138    0.036387
     863    0.898122    0.035318
     864    0.641821    0.066216
     865    0.464275    0.067402
     866    0.468495    0.065240
     867    0.508071    0.064866
     868    0.511658    0.066457
     869    0.572133    0.068634
     870    0.942958    0.024879
     871    0.507247    0.065151
     872    0.900024    0.032610
     873    0.900398    0.033640
     874    0.682578    0.060940
     875    0.704603    0.058808
     876    0.878837    0.036862
     877    0.942295    0.025396
     878    0.903477    0.032932
     879    0.701945    0.058745
     880    0.841839    0.046259
     881    0.505586    0.065590
     882    0.517988    0.065729
     883    0.943893    0.026481
     884    0.842640    0.043006
     885    0.867897    0.041747
     886    0.844981    0.043455
     887    0.941696    0.026058
     888    0.853882    0.043169
     889    0.581681    0.065870
     890    0.538931    0.067592
     891    0.815800    0.049317
     892    0.163811    0.042962
     893    0.964834    0.018345
     894    0.165827    0.042753
     895    0.162976    0.042153
     896    0.856357    0.041406
     897    0.880102    0.040093
     898    0.856416    0.041795
     899    0.159991    0.040666
     900    0.857431    0.041746
     901    0.881297    0.038598
     902    0.555217    0.066919
     903    0.165021    0.044282
     904    0.163772    0.042919
     905    0.875049    0.040429
     906    0.855179    0.041931
     907    0.857085    0.042173
     908    0.801201    0.051073
     909    0.619607    0.062690
     910    0.803523    0.049422
     911    0.860419    0.041616
     912    0.800823    0.050693
     913    0.801454    0.049043
     914    0.857800    0.041225
     915    0.799907    0.048220
     916    0.711584    0.058437
     917    0.715099    0.059620
     918    0.313756    0.059169
     919    0.939934    0.024590
     920    0.939779    0.028407
     921    0.822482    0.046100
     922    0.400261    0.062850
     923    0.845992    0.043750
     924    0.922269    0.029611
     925    0.767473    0.051977
     926    0.868480    0.041933
     927    0.852734    0.042665
     928    0.813966    0.047306
     929    0.808621    0.046855
     930    0.886426    0.035992
     931    0.944694    0.026288
     932    0.944874    0.026255
     933    0.833964    0.044486
     934    0.926505    0.029628
     935    0.768598    0.052425
     936    0.791256    0.050658
     937    0.722900    0.055294
     938    0.958998    0.021755
     939    0.698132    0.060064
     940    0.854707    0.043235
     941    0.511335    0.064967
     942    0.894166    0.035568
     943    0.513019    0.065433
     944    0.508019    0.064495
     945    0.784095    0.051338
     946    0.635324    0.061762
     947    0.718930    0.057258
     948    0.307147    0.058782
     949    0.715893    0.058920
     950    0.862276    0.041666
     951    0.708516    0.059040
     952    0.862760    0.041604
     953    0.709456    0.060142
     954    0.862565    0.041861
     955    0.891227    0.035407
     956    0.933307    0.027224
     957    0.889617    0.037024
     958    0.861822    0.041237
     959    0.893028    0.035282
     960    0.891228    0.035932
     961    0.125545    0.035335
     962    0.945148    0.026344
     963    0.862040    0.041407
     964    0.892171    0.036321
     965    0.943072    0.028243
     966    0.893523    0.035313
     967    0.892209    0.035354
     968    0.125051    0.036258
     969    0.881821    0.036020
     970    0.776412    0.050444
     971    0.781240    0.051409
     972    0.781995    0.050670
     973    0.912933    0.029583
     974    0.780313    0.050872
     975    0.238986    0.050465
     976    0.247473    0.053998
     977    0.886423    0.035924
     978    0.619998    0.063093
     979    0.777631    0.052377
     980    0.401594    0.063122
     981    0.888156    0.036239
     982    0.415014    0.067130
     983    0.937056    0.026799
     984    0.733482    0.054668
     985    0.776057    0.052541
     986    0.810889    0.050569
     987    0.910200    0.033988
     988    0.776830    0.052702
     989    0.669279    0.062659
     990    0.763764    0.053037
     991    0.705775    0.056332
     992    0.812149    0.048510
     993    0.900615    0.034364
     994    0.810462    0.049611
     995    0.596704    0.062995
     996    0.885955    0.035913
     997    0.542391    0.063136
     998    0.813844    0.047711
     999    0.651950    0.063679
    1000    0.811675    0.051336
    1001    0.911910    0.032753
    1002    0.650460    0.063032
    1003    0.689290    0.057837
    1004    0.938718    0.025215
    1005    0.648568    0.059558
    1006    0.945788    0.023856
    1007    0.803242    0.049272
    1008    0.718676    0.058824
    1009    0.646805    0.063588
    1010    0.650162    0.060719
    1011    0.907196    0.034415
    1012    0.665437    0.061374
    1013    0.850188    0.041608
    1014    0.813110    0.048271
    1015    0.665246    0.064581
    1016    0.910265    0.033731
    1017    0.897461    0.035731
    1018    0.704598    0.061752
    1019    0.908441    0.032869
    1020    0.584457    0.070275
    1021    0.733500    0.059372
    1022    0.896906    0.034170
    1023    0.672783    0.060950
    1024    0.900405    0.034560
    1025    0.901195    0.033554
    1026    0.808152    0.049226
    1027    0.933917    0.027560
    1028    0.851598    0.043749
    1029    0.808168    0.049459
    1030    0.211376    0.050512
    1031    0.214582    0.051363
    1032    0.899786    0.034338
    1033    0.296096    0.059989
    1034    0.901080    0.035390
    1035    0.899841    0.034043
    1036    0.827793    0.046502
    1037    0.739359    0.059613
    1038    0.701105    0.061413
    1039    0.492210    0.068989
    1040    0.944189    0.023857
    1041    0.279364    0.056583
    1042    0.830610    0.047359
    1043    0.821748    0.050337
    1044    0.835048    0.046756
    1045    0.231663    0.051568
    1046    0.750081    0.058887
    1047    0.931234    0.028376
    1048    0.899297    0.034204
    1049    0.875256    0.038037
    1050    0.934568    0.026410
    1051    0.825461    0.047068
    1052    0.950066    0.022278
    1053    0.728463    0.055489
    1054    0.194844    0.047130
    1055    0.939032    0.026991
    1056    0.940328    0.026609
    1057    0.133716    0.038592
    1058    0.928350    0.027246
    1059    0.185449    0.046532
    1060    0.181610    0.046941
    1061    0.171359    0.044699
    1062    0.941156    0.025046
    1063    0.693848    0.062866
    1064    0.340540    0.058205
    1065    0.840292    0.045313
    1066    0.644617    0.061298
    1067    0.323945    0.059892
    1068    0.696538    0.060826
    1069    0.660623    0.064439
    1070    0.421668    0.063239
    1071    0.600950    0.062975
    1072    0.643702    0.061124
    1073    0.898474    0.035056
    1074    0.599319    0.067993
    1075    0.856547    0.041834
    1076    0.964502    0.018804
    1077    0.884177    0.037604
    1078    0.883440    0.037604
    1079    0.899101    0.038678
    1080    0.860041    0.039562
    1081    0.852648    0.043809
    1082    0.606094    0.063083
    1083    0.260485    0.055363
    1084    0.258935    0.053822
    1085    0.256828    0.054085
    1086    0.872502    0.039357
    1087    0.553812    0.064285
    1088    0.460618    0.064198
    1089    0.881471    0.036623
    1090    0.134340    0.037928
    1091    0.137776    0.039569
    1092    0.918841    0.029337
    1093    0.924846    0.027887
    1094    0.931152    0.033370
    1095    0.921322    0.027919
    1096    0.928613    0.028782
    1097    0.879651    0.037431
    1098    0.881958    0.038458
    1099    0.397289    0.070396
    1100    0.389711    0.063585
    1101    0.945944    0.024861
    1102    0.882793    0.035713
    1103    0.303604    0.057519
    1104    0.862466    0.042513
    1105    0.919796    0.031033
    1106    0.682820    0.061924
    1107    0.681689    0.058413
    1108    0.945767    0.024499
    1109    0.674163    0.059348
    1110    0.927750    0.029355
    1111    0.928922    0.028611
    1112    0.841894    0.047376
    1113    0.714840    0.058634
    1114    0.912689    0.041181
    1115    0.450005    0.068096
    1116    0.924522    0.026735
    1117    0.332607    0.058335
    1118    0.684753    0.059376
    1119    0.905718    0.035039
    1120    0.909432    0.041612
    1121    0.813241    0.047516
    1122    0.821003    0.045812
    1123    0.805041    0.048848
    1124    0.966749    0.018644
    1125    0.473712    0.079069
    1126    0.838956    0.047218
    1127    0.931966    0.028841
    1128    0.477918    0.077701
    1129    0.889396    0.041228
    1130    0.795398    0.058001
    1131    0.225245    0.051003
    1132    0.224232    0.051094
    1133    0.224118    0.050651
    1134    0.780549    0.050940
    1135    0.923544    0.027780
    1136    0.961708    0.020133
    1137    0.577238    0.065689
    1138    0.581246    0.066940
    1139    0.585849    0.064773
    1140    0.807662    0.048328
    1141    0.838574    0.044695
    1142    0.837426    0.044025
    1143    0.837920    0.044490
    1144    0.182083    0.046531
    1145    0.836874    0.044300
    1146    0.836189    0.044956
    1147    0.838139    0.043013
    1148    0.561916    0.066881
    1149    0.951558    0.024041
    1150    0.815101    0.054648
    1151    0.942646    0.025535
    1152    0.947062    0.023808
    1153    0.873364    0.039967
    1154    0.785883    0.052730
    1155    0.920311    0.028841
    1156    0.706337    0.070050
    1157    0.924161    0.027935
    1158    0.776720    0.055054
    1159    0.943800    0.025074
    1160    0.887229    0.037332
    1161    0.349238    0.062775
    1162    0.931584    0.032050
    1163    0.797847    0.049913
    1164    0.800233    0.051359
    1165    0.800843    0.049610
    1166    0.686349    0.061697
    1167    0.693848    0.062735
    1168    0.328627    0.063642
    1169    0.331949    0.061749
    1170    0.689020    0.059624
    1171    0.704100    0.058254
    1172    0.702316    0.061641
    1173    0.871753    0.040244
    1174    0.910855    0.031845
    1175    0.928157    0.029317
    1176    0.800404    0.051859
    1177    0.663249    0.063043
    1178    0.670743    0.061518
    1179    0.853642    0.041686
    1180    0.865177    0.040052
    1181    0.800140    0.050295
    1182    0.841964    0.044610
    1183    0.932753    0.026204
    1184    0.510856    0.063785
    1185    0.584807    0.064378
    1186    0.484369    0.072320
    1187    0.771435    0.054481
    1188    0.513448    0.064836
    1189    0.929526    0.029095
    1190    0.884418    0.037739
    1191    0.930106    0.029100
    1192    0.817225    0.047412
    1193    0.528768    0.063130
    1194    0.528960    0.067095
    1195    0.528014    0.069492
    1196    0.976072    0.015310
    1197    0.928761    0.030094
    1198    0.672408    0.061514
    1199    0.820239    0.045890
    1200    0.919080    0.030087
    1201    0.902357    0.032757
    1202    0.820365    0.048157
    1203    0.166951    0.046436
    1204    0.949884    0.025787
    1205    0.930458    0.027706
    1206    0.823067    0.046125
    1207    0.931112    0.028368
    1208    0.691716    0.058871
    1209    0.956546    0.021563
    1210    0.700231    0.057529
    1211    0.703282    0.057908
    1212    0.905224    0.038411
    1213    0.892897    0.035791
    1214    0.791076    0.051495
    1215    0.948815    0.024342
    1216    0.949261    0.023803
    1217    0.807155    0.047295
    1218    0.683443    0.059809
    1219    0.812789    0.048154
    1220    0.915791    0.030200
    1221    0.911313    0.030981
    1222    0.812949    0.049403
    1223    0.732067    0.055901
    1224    0.503844    0.063095
    1225    0.293674    0.054582
    1226    0.285698    0.056228
    1227    0.930290    0.026189
    1228    0.948093    0.025999
    1229    0.497773    0.062851
    1230    0.917773    0.029661
    1231    0.731479    0.054897
    1232    0.743916    0.053244
    1233    0.742029    0.052947
    1234    0.357418    0.059845
    1235    0.949005    0.026398
    1236    0.908417    0.030912
    1237    0.706156    0.056232
    1238    0.822313    0.048297
    1239    0.708262    0.058446
    1240    0.808780    0.048726
    1241    0.811602    0.046744
    1242    0.931009    0.029218
    1243    0.650887    0.059968
    1244    0.647507    0.061116
    1245    0.635387    0.061897
    1246    0.394234    0.065087
    1247    0.634363    0.060261
    1248    0.631562    0.059642
    1249    0.837547    0.045899
    1250    0.837286    0.044017
    1251    0.684303    0.059956
    1252    0.180943    0.044440
    1253    0.837587    0.046670
    1254    0.973868    0.015000
    1255    0.923627    0.027584
    1256    0.830412    0.046854
    1257    0.836219    0.044633
    1258    0.826679    0.046214
    1259    0.832497    0.044897
    1260    0.830846    0.044119
    1261    0.662334    0.060884
    1262    0.772789    0.054585
    1263    0.303161    0.056478
    1264    0.304553    0.057730
    1265    0.605362    0.063589
    1266    0.852974    0.042710
    1267    0.379905    0.064293
    1268    0.764396    0.055142
    1269    0.639538    0.062138
    1270    0.899631    0.035174
    1271    0.736745    0.055595
    1272    0.900926    0.032668
    1273    0.900063    0.033327
    1274    0.900278    0.033435
    1275    0.899817    0.033336
    1276    0.631333    0.062422
    1277    0.887423    0.034745
    1278    0.391192    0.060764
    1279    0.869320    0.039728
    1280    0.899875    0.034365
    1281    0.751510    0.056888
    1282    0.856837    0.042153
    1283    0.901485    0.032366
    1284    0.930140    0.025833
    1285    0.890563    0.036205
    1286    0.343593    0.060472
    1287    0.339003    0.058439
    1288    0.912678    0.030602
    1289    0.638328    0.061591
    1290    0.638018    0.061372
    1291    0.213642    0.050612
    1292    0.889478    0.040860
    1293    0.825004    0.045106
    1294    0.567444    0.063769
    1295    0.958928    0.020270
    1296    0.321090    0.057971
    1297    0.615721    0.063271
    1298    0.848124    0.044247
    1299    0.802378    0.050250
    1300    0.742783    0.055393
    1301    0.913895    0.032222
    1302    0.584855    0.062439
    1303    0.675113    0.061205
    1304    0.743689    0.056570
    1305    0.929581    0.026589
    1306    0.741350    0.056209
    1307    0.480484    0.067632
    1308    0.737027    0.056220
    1309    0.886806    0.038014
    1310    0.475606    0.067618
    1311    0.931595    0.028836
    1312    0.924301    0.028528
    1313    0.926176    0.027882
    1314    0.520791    0.064983
    1315    0.926579    0.027943
    1316    0.901667    0.032987
    1317    0.526574    0.065151
    1318    0.739004    0.054786
    1319    0.252655    0.054432
    1320    0.927018    0.028026
    1321    0.761594    0.053622
    1322    0.262840    0.053500
    1323    0.921940    0.028746
    1324    0.928218    0.029217
    1325    0.392239    0.063727
    1326    0.281325    0.057719
    1327    0.280812    0.056480
    1328    0.924410    0.029086
    1329    0.926309    0.028204
    1330    0.678211    0.063041
    1331    0.924454    0.030427
    1332    0.899632    0.033958
    1333    0.919995    0.031060
    1334    0.538278    0.066497
    1335    0.888762    0.035751
    1336    0.900727    0.033668
    1337    0.932472    0.028419
    1338    0.775741    0.050819
    1339    0.925412    0.027831
    1340    0.847738    0.042250
    1341    0.544501    0.064787
    1342    0.847731    0.043845
    1343    0.939674    0.026564
    1344    0.309725    0.058350
    1345    0.315010    0.058830
    1346    0.937920    0.026098
    1347    0.850911    0.041326
    1348    0.431307    0.062745
    1349    0.895704    0.035355
    1350    0.298552    0.056445
    1351    0.435774    0.064864
    1352    0.935315    0.026324
    1353    0.718450    0.055023
    1354    0.300041    0.057903
    1355    0.934987    0.026647
    1356    0.837126    0.045516
    1357    0.929413    0.029719
    1358    0.926887    0.028659
    1359    0.929296    0.028346
    1360    0.937406    0.026238
    1361    0.770858    0.050602
    1362    0.771968    0.051966
    1363    0.763648    0.055034
    1364    0.762097    0.051904
    1365    0.882492    0.037161
    1366    0.687306    0.059116
    1367    0.823376    0.046975
    1368    0.335075    0.059037
    1369    0.916973    0.028779
    1370    0.924532    0.029535
    1371    0.370291    0.060564
    1372    0.654839    0.059403
    1373    0.865489    0.041649
    1374    0.397253    0.063178
    1375    0.627939    0.060012
    1376    0.636585    0.062698
    1377    0.638489    0.059043
    1378    0.565651    0.066879
    1379    0.591816    0.062990
    1380    0.412899    0.060443
    1381    0.415655    0.065907
    1382    0.605537    0.060920
    1383    0.933249    0.027756
    1384    0.896818    0.035556
    1385    0.666536    0.061862
    1386    0.661370    0.061247
    1387    0.362568    0.058245
    1388    0.653599    0.059234
    1389    0.904791    0.035364
    1390    0.895465    0.035100
    1391    0.341845    0.061814
    1392    0.340840    0.060552
    1393    0.329526    0.062133
    1394    0.696110    0.060584
    1395    0.699086    0.060476
    1396    0.293141    0.058260
    1397    0.702550    0.059461
    1398    0.700712    0.058584
    1399    0.881536    0.042044
    1400    0.717494    0.060257
    1401    0.909011    0.031864
    1402    0.468164    0.065519
    1403    0.555441    0.062829
    1404    0.809153    0.049375
    1405    0.746337    0.055026
    1406    0.814587    0.047703
    1407    0.528595    0.063749
    1408    0.529370    0.062888
    1409    0.729940    0.055930
    1410    0.930983    0.028288
    1411    0.674524    0.060390
    1412    0.595513    0.064547
    1413    0.697219    0.060596
    1414    0.912718    0.032341
    1415    0.750878    0.056508
    1416    0.595420    0.062512
    1417    0.753484    0.055165
    1418    0.640774    0.063488
    1419    0.787057    0.050698
    1420    0.698862    0.058122
    1421    0.621466    0.061051
    1422    0.947448    0.024304
    1423    0.934850    0.026780
    1424    0.552298    0.063646
    1425    0.955757    0.020551
    1426    0.556592    0.065278
    1427    0.910612    0.033350
    1428    0.899040    0.035292
    1429    0.788245    0.050479
    1430    0.908844    0.032800
    1431    0.483175    0.065858
    1432    0.532775    0.066726
    1433    0.533396    0.062711
    1434    0.788026    0.048949
    1435    0.536196    0.062807
    1436    0.486013    0.065107
    1437    0.536736    0.064380
    1438    0.485354    0.064339
    1439    0.586336    0.064929
    1440    0.534345    0.064451
    1441    0.584698    0.065438
    1442    0.486749    0.061913
    1443    0.899374    0.035556
    1444    0.838705    0.044124
    1445    0.486403    0.063765
    1446    0.531189    0.063697
    1447    0.897239    0.035744
    1448    0.917193    0.030644
    1449    0.739539    0.055935
    1450    0.533472    0.065266
    1451    0.528307    0.064225
    1452    0.496890    0.066410
    1453    0.493335    0.063248
    1454    0.594312    0.065312
    1455    0.492421    0.064070
    1456    0.478119    0.063826
    1457    0.913126    0.034200
    1458    0.434906    0.064031
    1459    0.436221    0.063710
    1460    0.918533    0.031374
    1461    0.917925    0.031802
    1462    0.099592    0.033528
    1463    0.098636    0.032524
    1464    0.915951    0.032735
    1465    0.916851    0.032994
    1466    0.935236    0.025655
    1467    0.942433    0.024367
    1468    0.396705    0.067063
    1469    0.776324    0.052943
    1470    0.914844    0.032550
    1471    0.914851    0.033352
    1472    0.247168    0.053779
    1473    0.923410    0.028663
    1474    0.874438    0.038981
    1475    0.420439    0.063330
    1476    0.860849    0.042350
    1477    0.418749    0.062513
    1478    0.685154    0.059045
    1479    0.686956    0.057855
    1480    0.854708    0.042776
    1481    0.684992    0.059715
    1482    0.415979    0.064360
    1483    0.595898    0.061765
    1484    0.425658    0.063523
    1485    0.911060    0.035466
    1486    0.308155    0.060496
    1487    0.714963    0.057674
    1488    0.799951    0.049378
    1489    0.912847    0.031548
    1490    0.714807    0.057520
    1491    0.309920    0.058524
    1492    0.912653    0.033290
    1493    0.901942    0.032756
    1494    0.391072    0.061560
    1495    0.090082    0.031569
    1496    0.372497    0.064618
    1497    0.710938    0.057979
    1498    0.369772    0.062085
    1499    0.871101    0.039548
    1500    0.918675    0.029986
    1501    0.919715    0.028968
    1502    0.830034    0.045421
    1503    0.895102    0.034646
    1504    0.941520    0.025548
    1505    0.606946    0.062793
    1506    0.553950    0.063066
    1507    0.926965    0.029293
    1508    0.552016    0.065077
    1509    0.457966    0.063912
    1510    0.558304    0.063363
    1511    0.461832    0.064095
    1512    0.464294    0.062565
    1513    0.530286    0.067516
    1514    0.638176    0.061686
    1515    0.627221    0.063056
    1516    0.935663    0.026476
    1517    0.632701    0.061728
    1518    0.597916    0.062117
    1519    0.623643    0.061209
    1520    0.620271    0.062706
    1521    0.931292    0.027410
    1522    0.422893    0.066081
    1523    0.879884    0.038192
    1524    0.601448    0.064226
    1525    0.935262    0.027241
    1526    0.799354    0.048276
    1527    0.216156    0.049987
    1528    0.843042    0.043490
    1529    0.197311    0.049068
    1530    0.564008    0.062387
    1531    0.811306    0.048689
    1532    0.805137    0.049909
    1533    0.210180    0.049046
    1534    0.811487    0.047942
    1535    0.828291    0.046626
    1536    0.184686    0.045558
    1537    0.188614    0.047991
    1538    0.612764    0.062787
    1539    0.831836    0.044760
    1540    0.184384    0.046341
    1541    0.831866    0.045170
    1542    0.209667    0.050191
    1543    0.545816    0.066392
    1544    0.867432    0.039930
    1545    0.243520    0.052848
    1546    0.545708    0.063732
    1547    0.523706    0.064742
    1548    0.923319    0.029560
    1549    0.536725    0.065839
    1550    0.570237    0.066042
    1551    0.491606    0.065207
    1552    0.526228    0.064748
    1553    0.665026    0.061775
    1554    0.891608    0.035908
    1555    0.929447    0.028697
    1556    0.930270    0.027990
    1557    0.639334    0.062024
    1558    0.928769    0.027939
    1559    0.866071    0.039935
    1560    0.305189    0.058304
    1561    0.874158    0.039158
    1562    0.450473    0.064365
    1563    0.949840    0.022308
    1564    0.279364    0.056830
    1565    0.875756    0.038362
    1566    0.173361    0.046750
    1567    0.873139    0.040342
    1568    0.874836    0.037287
    1569    0.328494    0.060683
    1570    0.909501    0.031718
    1571    0.288068    0.055485
    1572    0.917921    0.031221
    1573    0.601484    0.063088
    1574    0.732608    0.054996
    1575    0.095990    0.033865
    1576    0.097565    0.032826
    1577    0.920692    0.030917
    1578    0.921588    0.030483
    1579    0.551490    0.064293
    1580    0.723165    0.058607
    1581    0.874197    0.036340
    1582    0.874070    0.036653
    1583    0.631779    0.061511
    1584    0.876317    0.039472
    1585    0.877011    0.036402
    1586    0.485483    0.066410
    1587    0.843632    0.043723
    1588    0.845528    0.042577
    1589    0.520754    0.064376
    1590    0.917268    0.029749
    1591    0.503757    0.064095
    1592    0.730211    0.058244
    1593    0.692127    0.059406
    1594    0.521307    0.067533
    1595    0.503500    0.065219
    1596    0.524945    0.065274
    1597    0.498914    0.062040
    1598    0.526196    0.066255
    1599    0.525339    0.063580
    1600    0.526083    0.064609
    1601    0.794266    0.050306
    1602    0.918632    0.028750
    1603    0.499032    0.062974
    1604    0.501399    0.065305
    1605    0.936841    0.025636
    1606    0.716440    0.060119
    1607    0.734843    0.057113
    1608    0.905101    0.034021
    1609    0.898942    0.037203
    1610    0.791425    0.050765
    1611    0.901572    0.035759
    1612    0.616575    0.063381
    1613    0.929210    0.028080
    1614    0.556745    0.064184
    1615    0.938717    0.025185
    1616    0.925975    0.029466
    1617    0.852406    0.041639
    1618    0.923134    0.029664
    1619    0.091966    0.031384
    1620    0.855566    0.042940
    1621    0.923278    0.029363
    1622    0.088531    0.031292
    1623    0.930298    0.031080
    1624    0.269236    0.055066
    1625    0.137450    0.041253
    1626    0.882343    0.036336
    1627    0.871933    0.042681
    1628    0.761517    0.053320
    1629    0.115224    0.036703
    1630    0.493965    0.064765
    1631    0.534940    0.068431
    1632    0.665539    0.064617
    1633    0.901755    0.034510
    1634    0.116629    0.035430
    1635    0.677386    0.061695
    1636    0.488048    0.066636
    1637    0.594871    0.061621
    1638    0.929631    0.028856
    1639    0.771712    0.051775
    1640    0.927847    0.028795
    1641    0.934047    0.026844
    1642    0.803944    0.049474
    1643    0.933984    0.026574
    1644    0.829207    0.045884
    1645    0.943647    0.025385
    1646    0.827058    0.047057
    1647    0.825774    0.047325
    1648    0.909567    0.032413
    1649    0.881840    0.036381
    1650    0.825036    0.047168
    1651    0.827834    0.046023
    1652    0.825453    0.046325
    1653    0.792020    0.049690
    1654    0.224010    0.052229
    1655    0.660486    0.062700
    1656    0.859727    0.042117
    1657    0.818219    0.046071
    1658    0.861163    0.040183
    1659    0.814223    0.047431
    1660    0.942118    0.024899
    1661    0.520379    0.063617
    1662    0.514937    0.066852
    1663    0.860683    0.039997
    1664    0.938566    0.026048
    1665    0.939466    0.025809
    1666    0.772952    0.054493
    1667    0.795598    0.048848
    1668    0.271784    0.054776
    1669    0.823461    0.044031
    1670    0.776074    0.050865
    1671    0.884286    0.036334
    1672    0.873519    0.039134
    1673    0.520710    0.065319
    1674    0.774274    0.052542
    1675    0.924706    0.033240
    1676    0.922722    0.029798
    1677    0.777972    0.050245
    1678    0.528001    0.064707
    1679    0.780175    0.052826
    1680    0.897785    0.034970
    1681    0.747924    0.051989
    1682    0.813811    0.048254
    1683    0.816488    0.047160
    1684    0.692820    0.058390
    1685    0.580982    0.062673
    1686    0.583753    0.065409
    1687    0.718685    0.055789
    1688    0.718071    0.056172
    1689    0.561472    0.065257
    1690    0.708693    0.056870
    1691    0.896505    0.036028
    1692    0.808433    0.048559
    1693    0.770694    0.055166
    1694    0.642351    0.062090
    1695    0.955125    0.022843
    1696    0.883794    0.036666
    1697    0.752861    0.055447
    1698    0.708113    0.059073
    1699    0.711974    0.057876
    1700    0.286450    0.055813
    1701    0.741350    0.055915
    1702    0.739310    0.055671
    1703    0.885103    0.037465
    1704    0.757703    0.053050
    1705    0.764358    0.054929
    1706    0.746886    0.053162
    1707    0.281181    0.056280
    1708    0.561362    0.063375
    1709    0.893803    0.033584
    1710    0.500035    0.065463
    1711    0.686191    0.058700
    1712    0.530835    0.066156
    1713    0.918076    0.030309
    1714    0.489411    0.066489
    1715    0.530724    0.063368
    1716    0.576516    0.061601
    1717    0.443140    0.063152
    1718    0.606598    0.064243
    1719    0.669524    0.061977
    1720    0.924746    0.030912
    1721    0.656616    0.061338
    1722    0.923521    0.028807
    1723    0.923434    0.029231
    1724    0.836828    0.043228
    1725    0.923524    0.029938
    1726    0.739631    0.056657
    1727    0.771234    0.052605
    1728    0.760127    0.053837
    1729    0.825257    0.048043
    1730    0.804198    0.048204
    1731    0.540108    0.064691
    1732    0.822392    0.045654
    1733    0.936617    0.026713
    1734    0.925743    0.028174
    1735    0.451209    0.064964
    1736    0.462310    0.065179
    1737    0.644089    0.061100
    1738    0.558320    0.063080
    1739    0.502868    0.066044
    1740    0.903052    0.032389
    1741    0.497869    0.064395
    1742    0.520233    0.065136
    1743    0.897838    0.036229
    1744    0.752940    0.053679
    1745    0.914118    0.031137
    1746    0.915498    0.031643
    1747    0.913009    0.030688
    1748    0.498968    0.067945
    1749    0.914220    0.032038
    1750    0.496927    0.063155
    1751    0.100327    0.033696
    1752    0.916282    0.031318
    1753    0.519522    0.066758
    1754    0.129234    0.038884
    1755    0.835462    0.043985
    1756    0.822972    0.047115
    1757    0.915604    0.030333
    1758    0.852561    0.040394
    1759    0.204647    0.046323
    1760    0.834622    0.045290
    1761    0.181340    0.046659
    1762    0.917735    0.030781
    1763    0.208063    0.050551
    1764    0.837438    0.045001
    1765    0.670754    0.058156
    1766    0.834526    0.043964
    1767    0.862729    0.040455
    1768    0.888727    0.036206
    1769    0.865032    0.039542
    1770    0.907246    0.031028
    1771    0.826488    0.045866
    1772    0.866002    0.040361
    1773    0.825942    0.044996
    1774    0.884297    0.037242
    1775    0.772494    0.052632
    1776    0.771552    0.050190
    1777    0.884855    0.035831
    1778    0.885849    0.035777
    1779    0.627846    0.062905
    1780    0.673205    0.062477
    1781    0.513842    0.065188
    1782    0.865455    0.039609
    1783    0.903000    0.032077
    1784    0.880220    0.036730
    1785    0.832000    0.045346
    1786    0.774178    0.054486
    1787    0.470474    0.064353
    1788    0.901571    0.032401
    1789    0.688717    0.061019
    1790    0.898412    0.034323
    1791    0.754892    0.055815
    1792    0.928206    0.028311
    1793    0.953573    0.022715
    1794    0.651364    0.061155
    1795    0.786444    0.051352
    1796    0.759269    0.054153
    1797    0.848623    0.043531
    1798    0.567028    0.065237
    1799    0.900337    0.031777
    1800    0.819677    0.045629
    1801    0.874607    0.037805
    1802    0.636182    0.061234
    1803    0.898883    0.033424
    1804    0.876248    0.038481
    1805    0.751791    0.051579
    1806    0.289798    0.055780
    1807    0.752906    0.053007
    1808    0.732734    0.056511
    1809    0.821821    0.044638
    1810    0.734485    0.056105
    1811    0.850534    0.042591
    1812    0.924417    0.028502
    1813    0.951164    0.024625
    1814    0.368001    0.062798
    1815    0.366711    0.060197
    1816    0.363013    0.061281
    1817    0.913058    0.030831
    1818    0.348997    0.062127
    1819    0.859088    0.041096
    1820    0.922527    0.029157
    1821    0.889104    0.034790
    1822    0.652991    0.060571
    1823    0.737801    0.055844
    1824    0.737933    0.055324
    1825    0.871985    0.038836
    1826    0.915457    0.030205
    1827    0.127381    0.036450
    1828    0.889088    0.035401
    1829    0.889123    0.035421
    1830    0.724630    0.055068
    1831    0.725012    0.057502
    1832    0.887993    0.035534
    1833    0.666085    0.061168
    1834    0.957436    0.026200
    1835    0.358474    0.060948
    1836    0.910047    0.030032
    1837    0.911449    0.030714
    1838    0.911518    0.030783
    1839    0.752035    0.054212
    1840    0.736362    0.056633
    1841    0.101805    0.032921
    1842    0.838605    0.042309
    1843    0.104686    0.032617
    1844    0.105060    0.032216
    1845    0.288005    0.055800
    1846    0.735764    0.057111
    1847    0.848108    0.041418
    1848    0.898119    0.035132
    1849    0.739377    0.054527
    1850    0.660800    0.059715
    1851    0.952402    0.024290
    1852    0.752821    0.058415
    1853    0.589838    0.063028
    1854    0.610438    0.061772
    1855    0.413550    0.066249
    1856    0.888845    0.035148
    1857    0.609105    0.062946
    1858    0.686556    0.059986
    1859    0.608221    0.063289
    1860    0.918711    0.029876
    1861    0.917718    0.030185
    1862    0.876411    0.038043
    1863    0.793205    0.051601
    1864    0.792102    0.052510
    1865    0.857670    0.041200
    1866    0.779617    0.052813
    1867    0.863203    0.041910
    1868    0.916715    0.027639
    1869    0.251307    0.053978
    1870    0.795812    0.052838
    1871    0.246943    0.052068
    1872    0.874186    0.037321
    1873    0.906834    0.031212
    1874    0.816467    0.046999
    1875    0.889823    0.035380
    1876    0.819994    0.047062
    1877    0.458416    0.063205
    1878    0.916627    0.030647
    1879    0.564949    0.066929
    1880    0.887445    0.036819
    1881    0.873874    0.038690
    1882    0.753987    0.055227
    1883    0.920783    0.029535
    1884    0.785131    0.048964
    1885    0.575504    0.062724
    1886    0.916479    0.030149
    1887    0.218631    0.051177
    1888    0.613062    0.063604
    1889    0.134396    0.038490
    1890    0.730345    0.058000
    1891    0.865253    0.038168
    1892    0.526383    0.065637
    1893    0.150355    0.042056
    1894    0.863973    0.039919
    1895    0.866115    0.038826
    1896    0.589746    0.064819
    1897    0.915586    0.032258
    1898    0.155945    0.042460
    1899    0.856235    0.043966
    1900    0.864981    0.040335
    1901    0.862101    0.040536
    1902    0.555626    0.064188
    1903    0.956743    0.021833
    1904    0.705033    0.059649
    1905    0.696057    0.058762
    1906    0.811685    0.049507
    1907    0.855998    0.040188
    1908    0.910696    0.031578
    1909    0.476432    0.066273
    1910    0.908135    0.032568
    1911    0.697324    0.059670
    1912    0.703126    0.058804
    1913    0.431110    0.062199
    1914    0.679749    0.059972
    1915    0.747648    0.057023
    1916    0.744866    0.058587
    1917    0.595238    0.065409
    1918    0.882632    0.035869
    1919    0.520940    0.063337
    1920    0.887637    0.035736
    1921    0.910581    0.030753
    1922    0.563713    0.064606
    1923    0.455895    0.063041
    1924    0.455275    0.064884
    1925    0.816292    0.047563
    1926    0.451781    0.065046
    1927    0.814955    0.048101
    1928    0.721279    0.057422
    1929    0.876439    0.039030
    1930    0.911457    0.030338
    1931    0.876948    0.039062
    1932    0.725482    0.056978
    1933    0.719974    0.054948
    1934    0.720813    0.056231
    1935    0.722838    0.056788
    1936    0.808800    0.051639
    1937    0.941090    0.024514
    1938    0.697859    0.057006
    1939    0.917914    0.032295
    1940    0.838649    0.044852
    1941    0.838064    0.044828
    1942    0.896009    0.035254
    1943    0.892753    0.033304
    1944    0.374243    0.062720
    1945    0.344835    0.060282
    1946    0.836148    0.043060
    1947    0.563802    0.063818
    1948    0.723908    0.055887
    1949    0.913363    0.030216
    1950    0.837766    0.044681
    1951    0.704154    0.058224
    1952    0.702861    0.058296
    1953    0.455513    0.063983
    1954    0.840239    0.045430
    1955    0.840073    0.044063
    1956    0.856614    0.040890
    1957    0.838786    0.043119
    1958    0.714669    0.058185
    1959    0.839704    0.042014
    1960    0.839626    0.046387
    1961    0.690484    0.058656
    1962    0.881301    0.035790
    1963    0.758986    0.056325
    1964    0.846719    0.043014
    1965    0.907059    0.033946
    1966    0.923115    0.031559
    1967    0.844135    0.043613
    1968    0.840154    0.043838
    1969    0.898377    0.034855
    1970    0.872123    0.037344
    1971    0.883219    0.036447
    1972    0.135255    0.036156
    1973    0.878190    0.038854
    1974    0.876767    0.036128
    1975    0.644075    0.061582
    1976    0.487168    0.065228
    1977    0.857665    0.041973
    1978    0.476588    0.065897
    1979    0.851509    0.043679
    1980    0.481127    0.061924
    1981    0.462793    0.062002
    1982    0.904122    0.032195
    1983    0.883705    0.036537
    1984    0.480704    0.061442
    1985    0.687424    0.058237
    1986    0.906657    0.033358
    1987    0.501198    0.066428
    1988    0.926446    0.029096
    1989    0.902060    0.033920
    1990    0.924737    0.030490
    1991    0.827131    0.046759
    1992    0.793780    0.048613
    1993    0.883350    0.035943
    1994    0.792890    0.048970
    1995    0.926967    0.030399
    1996    0.774959    0.053164
    1997    0.248558    0.054777
    1998    0.744614    0.053878
    1999    0.748104    0.053276
    2000    0.758747    0.051891
    2001    0.926503    0.029304
    2002    0.655414    0.061095
    2003    0.773487    0.053902
    2004    0.829921    0.047020
    2005    0.802414    0.050143
    2006    0.932025    0.028968
    2007    0.799693    0.049300
    2008    0.932809    0.026944
    2009    0.635248    0.060333
    2010    0.805660    0.045572
    2011    0.775459    0.052884
    2012    0.699762    0.058722
    2013    0.692428    0.057161
    2014    0.712699    0.060270
    2015    0.472929    0.064369
    2016    0.797421    0.049369
    2017    0.796563    0.048436
    2018    0.472851    0.065010
    2019    0.657317    0.060421
    2020    0.935037    0.026555
    2021    0.796582    0.048833
    2022    0.488296    0.063525
    2023    0.761987    0.051657
    2024    0.584394    0.063333
    2025    0.922530    0.031372
    2026    0.592528    0.064616
    2027    0.892301    0.036315
    2028    0.825359    0.048463
    2029    0.407970    0.068177
    2030    0.322256    0.058038
    2031    0.684275    0.060275
    2032    0.478582    0.063918
    2033    0.575421    0.062141
    2034    0.802817    0.048858
    2035    0.771700    0.051440
    2036    0.902563    0.032371
    2037    0.922050    0.030749
    2038    0.935025    0.031483
    2039    0.905398    0.033214
    2040    0.884303    0.038686
    2041    0.303323    0.058024
    2042    0.925334    0.028172
    2043    0.903207    0.033209
    2044    0.917149    0.032221
    2045    0.903511    0.033607
    2046    0.693226    0.060290
    2047    0.882777    0.037583
    2048    0.491383    0.065416
    2049    0.105139    0.033738
    2050    0.928462    0.027720
    2051    0.327610    0.057734
    2052    0.944566    0.023620
    2053    0.956086    0.022230
    2054    0.846591    0.042541
    2055    0.710210    0.056684
    2056    0.917397    0.031531
    2057    0.394704    0.061135
    2058    0.608629    0.064750
    2059    0.944365    0.024177
    2060    0.908917    0.032062
    2061    0.393731    0.061531
    2062    0.717291    0.058649
    2063    0.305912    0.058778
    2064    0.291183    0.056324
    2065    0.726388    0.055746
    2066    0.841508    0.045668
    2067    0.172367    0.045550
    2068    0.908358    0.033357
    2069    0.179312    0.047794
    2070    0.866989    0.039025
    2071    0.908230    0.029692
    2072    0.837772    0.045767
    2073    0.180138    0.044541
    2074    0.867050    0.039744
    2075    0.857619    0.041647
    2076    0.855413    0.040494
    2077    0.162311    0.044042
    2078    0.271070    0.054919
    2079    0.269298    0.053345
    2080    0.881537    0.036973
    2081    0.169712    0.045078
    2082    0.323936    0.059203
    2083    0.890475    0.035009
    2084    0.790474    0.049267
    2085    0.792194    0.050413
    2086    0.440770    0.063405
    2087    0.922254    0.029623
    2088    0.922947    0.028439
    2089    0.757989    0.053426
    2090    0.905350    0.031752
    2091    0.752297    0.052527
    2092    0.237015    0.051392
    2093    0.908758    0.031615
    2094    0.366044    0.060775
    2095    0.656084    0.060627
    2096    0.364777    0.063706
    2097    0.901136    0.032652
    2098    0.354576    0.060842
    2099    0.927011    0.031418
    2100    0.667097    0.063233
    2101    0.686273    0.062675
    2102    0.438948    0.064188
    2103    0.441593    0.064972
    2104    0.908629    0.033575
    2105    0.442905    0.063517
    2106    0.429347    0.064312
    2107    0.589018    0.062941
    2108    0.431903    0.063223
    2109    0.927271    0.030064
    2110    0.431849    0.062726
    2111    0.861099    0.040590
    2112    0.302788    0.062129
    2113    0.299112    0.058585
    2114    0.883719    0.038128
    2115    0.877194    0.039840
    2116    0.212313    0.048847
    2117    0.404789    0.061621
    2118    0.886787    0.035199
    2119    0.395669    0.061860
    2120    0.943200    0.024506
    2121    0.942718    0.025081
    2122    0.890273    0.035192
    2123    0.128505    0.037374
    2124    0.127382    0.037493
    2125    0.284158    0.054234
    2126    0.123839    0.037975
    2127    0.124491    0.036767
    2128    0.913214    0.029905
    2129    0.123632    0.037064
    2130    0.891876    0.033849
    2131    0.891620    0.033429
    2132    0.891750    0.037030
    2133    0.123674    0.036594
    2134    0.902888    0.034199
    2135    0.923530    0.028779
    2136    0.902751    0.033304
    2137    0.904814    0.033054
    2138    0.112580    0.034038
    2139    0.160863    0.041195
    2140    0.742062    0.054721
    2141    0.745483    0.055106
    2142    0.925853    0.028778
    2143    0.352949    0.062224
    2144    0.638261    0.062010
    2145    0.631069    0.061554
    2146    0.389486    0.061210
    2147    0.397763    0.063298
    2148    0.398406    0.063688
    2149    0.623223    0.063682
    2150    0.553994    0.061827
    2151    0.471524    0.063996
    2152    0.895780    0.034446
    2153    0.551397    0.066186
    2154    0.922422    0.029376
    2155    0.852576    0.041939
    2156    0.908349    0.030733
    2157    0.360579    0.064343
    2158    0.649732    0.065106
    2159    0.649432    0.062595
    2160    0.656755    0.063023
    2161    0.922989    0.029330
    2162    0.862788    0.041222
    2163    0.924092    0.029151
    2164    0.431573    0.067018
    2165    0.440701    0.065507
    2166    0.936018    0.026385
    2167    0.429912    0.064423
    2168    0.592430    0.063332
    2169    0.651086    0.063679
    2170    0.826067    0.044292
    2171    0.644762    0.059951
    2172    0.183909    0.044610
    2173    0.835303    0.044702
    2174    0.437496    0.063803
    2175    0.905584    0.032708
    2176    0.432631    0.065258
    2177    0.432219    0.064015
    2178    0.429793    0.065061
    2179    0.424267    0.062876
    2180    0.813706    0.047775
    2181    0.917319    0.031217
    2182    0.395750    0.062603
    2183    0.621999    0.062242
    2184    0.777240    0.052115
    2185    0.673695    0.059686
    2186    0.443028    0.065507
    2187    0.916212    0.031384
    2188    0.442470    0.065512
    2189    0.898956    0.037400
    2190    0.453030    0.065402
    2191    0.782973    0.052157
    2192    0.343897    0.060730
    2193    0.819772    0.045241
    2194    0.277791    0.056022
    2195    0.279199    0.057034
    2196    0.758484    0.055132
    2197    0.763068    0.053895
    2198    0.760805    0.053991
    2199    0.925863    0.028940
    2200    0.834060    0.045041
    2201    0.364690    0.061187
    2202    0.658654    0.064339
    2203    0.771403    0.053181
    2204    0.365363    0.063230
    2205    0.617268    0.062147
    2206    0.398875    0.063548
    2207    0.537896    0.061449
    2208    0.915589    0.031087
    2209    0.424719    0.066430
    2210    0.863908    0.041463
    2211    0.738597    0.054564
    2212    0.189651    0.046032
    2213    0.911818    0.031412
    2214    0.911422    0.031535
    2215    0.427011    0.067033
    2216    0.768503    0.052271
    2217    0.891720    0.035257
    2218    0.922245    0.030222
    2219    0.443029    0.064583
    2220    0.445753    0.063313
    2221    0.480315    0.063486
    2222    0.485426    0.066196
    2223    0.878525    0.038092
    2224    0.538822    0.063469
    2225    0.601288    0.061220
    2226    0.912812    0.032880
    2227    0.542701    0.066909
    2228    0.829411    0.048246
    2229    0.860358    0.040467
    2230    0.913112    0.033976
    2231    0.622717    0.064225
    2232    0.801593    0.050715
    2233    0.800938    0.049429
    2234    0.884041    0.038659
    2235    0.663620    0.061774
    2236    0.845671    0.042722
    2237    0.349330    0.060667
    2238    0.747918    0.054962
    2239    0.669993    0.059323
    2240    0.351138    0.059461
    2241    0.349794    0.061363
    2242    0.668916    0.059711
    2243    0.619621    0.063146
    2244    0.596175    0.062021
    2245    0.900731    0.035375
    2246    0.846308    0.043825
    2247    0.906997    0.030197
    2248    0.919634    0.030248
    2249    0.937277    0.026478
