 iteration      beta_a      beta_b
      5025    2.392517    1.044024
      5050    2.411697    1.073259
      5075    2.306890    1.040019
      5100    2.335849    1.068780
      5125    2.380854    1.063643
      5150    2.291541    1.052998
      5175    2.436812    1.097087
      5200    2.354898    1.044523
      5225    2.394005    1.047174
      5250    2.400709    1.078104
      5275    2.337037    1.083470
      5300    2.268826    1.029447
      5325    2.272832    1.041825
      5350    2.381794    1.088048
      5375    2.216773    0.996734
      5400    2.267139    1.038914
      5425    2.131025    0.966673
      5450    2.346173    1.077202
      5475    2.328361    1.025776
      5500    2.287169    1.036141
      5525    2.349976    1.077132
      5550    2.267505    1.016991
      5575    2.159324    1.007224
      5600    2.411663    1.073512
      5625    2.283462    1.054272
      5650    2.139458    1.007557
      5675    2.429185    1.069119
      5700    2.219088    1.016003
      5725    2.344771    1.039746
      5750    2.210841    1.028704
      5775    2.278571    1.017332
      5800    2.257796    1.036969
      5825    2.297317    1.020273
      5850    2.291043    1.049456
      5875    2.346208    1.057189
      5900    2.261001    1.002516
      5925    2.265058    1.043309
      5950    2.362558    1.035956
      5975    2.376042    1.079373
      6000    2.444029    1.065209
      6025    2.267961    1.059429
      6050    2.479036    1.099524
      6075    2.249644    1.073970
      6100    2.281295    1.038637
      6125    2.234816    1.045354
      6150    2.315692    1.020202
      6175    2.315329    1.038444
      6200    2.362176    1.062108
      6225    2.225166    1.011771
      6250    2.464848    1.129853
      6275    2.312362    1.056283
      6300    2.369252    1.074692
      6325    2.342431    1.079346
      6350    2.240191    1.049345
      6375    2.234048    1.034311
      6400    2.211773    0.983493
      6425    2.284940    1.047360
      6450    2.198478    1.034708
      6475    2.451024    1.090535
      6500    2.356465    1.074439
      6525    2.308045    1.090421
      6550    2.235461    1.036340
      6575    2.330300    1.022573
      6600    2.414935    1.080522
      6625    2.274446    1.065858
      6650    2.298760    1.051238
      6675    2.399362    1.086353
      6700    2.265933    1.039947
      6725    2.301848    1.057178
      6750    2.245414    1.036676
      6775    2.201694    1.023407
      6800    2.400154    1.078485
      6825    2.290612    1.036319
      6850    2.410021    1.086328
      6875    2.245729    0.991457
      6900    2.204801    0.994164
      6925    2.364829    1.042017
      6950    2.340263    1.063972
      6975    2.333663    1.031308
      7000    2.353748    1.065444
      7025    2.447267    1.107776
      7050    2.458498    1.097005
      7075    2.202533    1.006932
      7100    2.515568    1.096608
      7125    2.204514    1.043349
      7150    2.091870    0.973799
      7175    2.210027    0.999510
      7200    2.206130    1.037650
      7225    2.273637    1.047573
      7250    2.310568    1.048445
      7275    2.471108    1.117798
      7300    2.341181    1.052404
      7325    2.322080    1.034418
      7350    2.379054    1.024254
      7375    2.356247    1.078857
      7400    2.325421    1.043343
      7425    2.252698    1.092773
      7450    2.389310    1.064739
      7475    2.307947    1.055632
      7500    2.214105    1.044316
      7525    2.263809    1.051500
      7550    2.318951    1.039821
      7575    2.303408    1.014670
      7600    2.278505    1.009358
      7625    2.146327    1.028644
      7650    2.195999    1.000759
      7675    2.360585    1.068894
      7700    2.154457    0.970731
      7725    2.267100    1.035027
      7750    2.294242    1.066868
      7775    2.344414    1.041772
      7800    2.313862    1.059223
      7825    2.283760    1.052511
      7850    2.379365    1.083523
      7875    2.362141    1.064229
      7900    2.407135    1.063839
      7925    2.193627    1.044889
      7950    2.313411    1.029785
      7975    2.241235    1.074245
      8000    2.328408    1.075263
      8025    2.233663    1.036629
      8050    2.270299    1.074624
      8075    2.387741    1.089342
      8100    2.282995    1.017839
      8125    2.137060    0.977219
      8150    2.334797    1.042094
      8175    2.306468    1.069636
      8200    2.216993    1.023708
      8225    2.285950    1.092776
      8250    2.266312    1.032877
      8275    2.254653    1.014505
      8300    2.311452    1.066341
      8325    2.246156    1.016317
      8350    2.138322    0.978179
      8375    2.284107    1.058319
      8400    2.268192    0.993259
      8425    2.442708    1.086243
      8450    2.378096    1.094013
      8475    2.310392    1.059370
      8500    2.420981    1.071325
      8525    2.423368    1.087466
      8550    2.374211    1.070541
      8575    2.238465    1.020575
      8600    2.281635    1.045800
      8625    2.171939    0.987600
      8650    2.287571    1.032906
      8675    2.220708    1.038531
      8700    2.452732    1.107692
      8725    2.441391    1.080881
      8750    2.281392    1.069944
      8775    2.259397    1.070753
      8800    2.265646    1.029514
      8825    2.237770    1.054957
      8850    2.187910    0.996033
      8875    2.312966    1.012538
      8900    2.235353    1.029345
      8925    2.230213    1.008231
      8950    2.320650    1.030931
      8975    2.248197    1.047617
      9000    2.361700    1.039397
      9025    2.211732    1.036258
      9050    2.284883    1.070373
      9075    2.447260    1.071495
      9100    2.267655    1.027542
      9125    2.207087    0.994423
      9150    2.358667    1.054286
      9175    2.272996    1.023601
      9200    2.369250    1.082977
      9225    2.263982    1.034823
      9250    2.441649    1.102777
      9275    2.367817    1.046749
      9300    2.361733    1.035311
      9325    2.362022    1.036242
      9350    2.401070    1.111250
      9375    2.278367    1.037510
      9400    2.246321    1.055896
      9425    2.394921    1.059717
      9450    2.255882    1.073187
      9475    2.331421    1.056447
      9500    2.311420    1.050015
      9525    2.291191    1.037321
      9550    2.215703    0.997827
      9575    2.293906    1.051521
      9600    2.232791    1.002125
      9625    2.316456    1.061603
      9650    2.300423    1.053908
      9675    2.318803    1.065163
      9700    2.367370    1.049557
      9725    2.417991    1.107908
      9750    2.244176    1.037034
      9775    2.383805    1.080601
      9800    2.361809    1.080784
      9825    2.450134    1.077693
      9850    2.287599    1.046455
      9875    2.281172    1.084729
      9900    2.206218    1.013191
      9925    2.266436    1.038317
      9950    2.292146    1.063535
      9975    2.315275    1.012253
     10000    2.393099    1.089630
     10025    2.196952    1.047521
     10050    2.329456    1.039240
     10075    2.231595    1.018007
     10100    2.363954    1.064141
     10125    2.425059    1.079519
     10150    2.250971    1.051825
     10175    2.249582    1.041377
     10200    2.346657    1.056228
     10225    2.361071    1.017202
     10250    2.383653    1.129052
     10275    2.316765    1.089732
     10300    2.411338    1.068559
     10325    2.247348    1.022172
     10350    2.247913    1.081993
     10375    2.285758    1.035775
     10400    2.161662    0.976449
     10425    2.470555    1.090376
     10450    2.369763    1.051476
     10475    2.261177    1.074673
     10500    2.272391    1.041869
     10525    2.339673    1.066017
     10550    2.211480    1.014860
     10575    2.336209    1.052955
     10600    2.345276    1.037319
     10625    2.324275    1.053813
     10650    2.399986    1.070314
     10675    2.332521    1.100227
     10700    2.354833    1.055732
     10725    2.347703    1.042984
     10750    2.414839    1.056135
     10775    2.272529    1.035374
     10800    2.351056    1.062420
     10825    2.345052    1.095377
     10850    2.292389    1.039975
     10875    2.289433    1.058126
     10900    2.283139    1.034631
     10925    2.347491    1.059523
     10950    2.226615    1.038187
     10975    2.237831    1.005306
     11000    2.332702    1.033094
     11025    2.189027    0.995930
     11050    2.294425    1.075278
     11075    2.259567    1.012963
     11100    2.360845    1.074048
     11125    2.265012    1.013777
     11150    2.332254    1.038258
     11175    2.274167    1.008204
     11200    2.476740    1.093659
     11225    2.379030    1.055963
     11250    2.320324    1.022406
     11275    2.256815    1.043388
     11300    2.333984    1.045893
     11325    2.326964    1.045113
     11350    2.285893    1.059070
     11375    2.306436    1.068040
     11400    2.288689    1.029664
     11425    2.426997    1.083887
     11450    2.351648    1.084348
     11475    2.235666    1.010783
     11500    2.310884    1.043660
     11525    2.320997    1.059584
     11550    2.261222    1.079566
     11575    2.249923    1.031290
     11600    2.253754    1.016242
     11625    2.348642    1.092130
     11650    2.331604    1.064311
     11675    2.192643    1.035578
     11700    2.261348    1.051709
     11725    2.292945    1.068123
     11750    2.140616    0.970430
     11775    2.136945    0.992470
     11800    2.237269    1.049288
     11825    2.233340    1.005411
     11850    2.279972    1.043879
     11875    2.333891    1.058463
     11900    2.349045    1.088717
     11925    2.346103    1.060099
     11950    2.308877    1.059340
     11975    2.349184    1.050417
     12000    2.453088    1.088605
     12025    2.432708    1.065412
     12050    2.348064    1.046219
     12075    2.332625    1.061171
     12100    2.394143    1.046098
     12125    2.400787    1.080973
     12150    2.332168    1.075246
     12175    2.348723    1.014205
     12200    2.486863    1.074542
     12225    2.286018    1.054809
     12250    2.278215    1.051202
     12275    2.161621    1.011949
     12300    2.311252    1.083768
     12325    2.392047    1.049267
     12350    2.229233    1.012785
     12375    2.308795    1.060773
     12400    2.138761    1.004660
     12425    2.326844    1.046447
     12450    2.176378    1.017495
     12475    2.318142    1.086120
     12500    2.385227    1.047591
     12525    2.264475    1.055730
     12550    2.374181    1.049080
     12575    2.414054    1.061971
     12600    2.299139    1.044945
     12625    2.368229    1.076503
     12650    2.184682    1.016044
     12675    2.400029    1.043749
     12700    2.225568    1.001195
     12725    2.344817    1.050632
     12750    2.150877    0.991117
     12775    2.343708    1.041734
     12800    2.362362    1.041678
     12825    2.361033    1.059950
     12850    2.361243    1.065705
     12875    2.227391    1.044023
     12900    2.430621    1.078994
     12925    2.352637    1.076787
     12950    2.306900    1.041536
     12975    2.253665    1.066218
     13000    2.206989    0.984323
     13025    2.348263    1.069227
     13050    2.301541    1.035247
     13075    2.385259    1.064211
     13100    2.401351    1.034444
     13125    2.351181    1.067682
     13150    2.324633    1.035002
     13175    2.313401    1.024494
     13200    2.256855    1.026728
     13225    2.389673    1.046010
     13250    2.287025    1.052994
     13275    2.483330    1.118142
     13300    2.272533    1.003188
     13325    2.310728    1.029268
     13350    2.291242    1.004534
     13375    2.328135    1.074169
     13400    2.333808    1.037269
     13425    2.351263    1.067377
     13450    2.280632    1.049039
     13475    2.343967    1.057027
     13500    2.151569    0.988055
     13525    2.233476    1.033283
     13550    2.163285    1.023223
     13575    2.336115    1.051416
     13600    2.240677    1.045065
     13625    2.329122    1.060403
     13650    2.240693    1.032956
     13675    2.225530    1.016272
     13700    2.285581    1.015008
     13725    2.397825    1.075854
     13750    2.214757    1.026184
     13775    2.265962    1.012498
     13800    2.327482    1.053853
     13825    2.412900    1.099347
     13850    2.350871    1.061087
     13875    2.251464    1.026641
     13900    2.254717    1.058350
     13925    2.341581    1.063083
     13950    2.470079    1.075244
     13975    2.216404    1.038116
     14000    2.319210    1.037392
     14025    2.442718    1.099710
     14050    2.317761    1.018164
     14075    2.292400    1.024355
     14100    2.266840    1.012533
     14125    2.328938    1.082102
     14150    2.394352    1.080015
     14175    2.353919    1.071873
     14200    2.326803    1.068705
     14225    2.419388    1.045329
     14250    2.315425    1.070857
     14275    2.102542    1.023119
     14300    2.342695    1.084233
     14325    2.292807    1.074156
     14350    2.362085    1.050955
     14375    2.339840    1.044982
     14400    2.196108    1.014692
     14425    2.305545    1.022825
     14450    2.344942    1.073750
     14475    2.391258    1.104843
     14500    2.461275    1.096709
     14525    2.384977    1.077265
     14550    2.247906    1.026100
     14575    2.320615    1.049656
     14600    2.298151    1.042172
     14625    2.312031    1.083327
     14650    2.253007    1.039274
     14675    2.374809    1.069713
     14700    2.273718    1.046534
     14725    2.198705    1.010577
     14750    2.229827    0.987633
     14775    2.232133    1.023035
     14800    2.209929    1.007907
     14825    2.192068    1.032797
     14850    2.339718    1.052445
     14875    2.227175    0.997366
     14900    2.385415    1.089559
     14925    2.465913    1.109183
     14950    2.374273    1.051713
     14975    2.159700    1.025679
     15000    2.301781    1.028658
     15025    2.227946    1.028152
     15050    2.195409    1.057613
     15075    2.254219    1.016721
     15100    2.341755    1.010091
     15125    2.448996    1.121416
     15150    2.327114    1.025217
     15175    2.376884    1.094397
     15200    2.344285    1.085677
     15225    2.355717    1.122748
     15250    2.303454    1.052128
     15275    2.281107    1.042025
     15300    2.346915    1.054712
     15325    2.077247    0.969819
     15350    2.185178    0.988490
     15375    2.330684    1.059714
     15400    2.301678    1.053529
     15425    2.321367    1.075247
     15450    2.436636    1.102834
     15475    2.403752    1.097871
     15500    2.296460    1.063551
     15525    2.340017    1.051989
     15550    2.340568    1.076073
     15575    2.304320    1.074322
     15600    2.405052    1.106531
     15625    2.224511    1.013543
     15650    2.380057    1.099533
     15675    2.148858    1.031589
     15700    2.377140    1.062037
     15725    2.446788    1.088645
     15750    2.311653    1.011001
     15775    2.273102    1.055308
     15800    2.311230    1.029674
     15825    2.245915    1.025115
     15850    2.302507    1.045234
     15875    2.417518    1.080796
     15900    2.134285    1.028447
     15925    2.386658    1.073337
     15950    2.368960    1.090258
     15975    2.272386    1.037794
     16000    2.359115    1.080094
     16025    2.365384    1.055070
     16050    2.285773    1.055935
     16075    2.233665    1.025954
     16100    2.284692    1.024843
     16125    2.385611    1.085266
     16150    2.414994    1.107479
     16175    2.492724    1.122920
     16200    2.279249    1.082714
     16225    2.290678    1.073269
     16250    2.165899    1.018693
     16275    2.377703    1.039731
     16300    2.318390    1.032883
     16325    2.278890    1.034620
     16350    2.144899    1.000882
     16375    2.177849    0.993885
     16400    2.340785    1.064589
     16425    2.281600    1.021762
     16450    2.334602    1.058523
     16475    2.187486    1.006622
     16500    2.209329    1.023193
     16525    2.299567    1.025083
     16550    2.297383    1.056688
     16575    2.234413    1.031557
     16600    2.311198    1.063335
     16625    2.251750    1.029703
     16650    2.249391    1.032063
     16675    2.404487    1.103898
     16700    2.500186    1.111818
     16725    2.487875    1.090602
     16750    2.381527    1.077915
     16775    2.439773    1.075117
     16800    2.277371    1.054286
     16825    2.419077    1.038801
     16850    2.184479    1.009416
     16875    2.378344    1.074957
     16900    2.242184    1.016844
     16925    2.088364    0.938300
     16950    2.177532    0.997002
     16975    2.501280    1.115722
     17000    2.268414    0.986932
     17025    2.261993    1.015857
     17050    2.250648    1.032281
     17075    2.370293    1.079437
     17100    2.350154    1.068363
     17125    2.347233    1.083398
     17150    2.200061    1.011049
     17175    2.350676    1.060648
     17200    2.267004    1.024466
     17225    2.129102    0.982585
     17250    2.303271    1.053576
     17275    2.318151    1.009465
     17300    2.302701    1.023572
     17325    2.452730    1.106601
     17350    2.327329    1.058619
     17375    2.368229    1.084106
     17400    2.340956    1.030049
     17425    2.387644    1.064972
     17450    2.222123    1.010174
     17475    2.290273    1.064689
     17500    2.203629    1.049702
     17525    2.277360    1.035137
     17550    2.348317    1.022642
     17575    2.257163    1.054636
     17600    2.249346    1.047503
     17625    2.321571    1.059014
     17650    2.357679    1.036070
     17675    2.232117    1.055085
     17700    2.284942    1.063712
     17725    2.308835    1.052947
     17750    2.219785    1.025021
     17775    2.288098    1.052691
     17800    2.324575    1.052134
     17825    2.244107    1.017725
     17850    2.335965    1.011869
     17875    2.285014    1.059165
     17900    2.333355    1.026566
     17925    2.091238    0.976458
     17950    2.214718    1.017116
     17975    2.339571    1.059749
     18000    2.201925    1.045375
     18025    2.249824    1.044403
     18050    2.389025    1.077235
     18075    2.308064    1.054178
     18100    2.283938    1.005032
     18125    2.267982    1.058900
     18150    2.344386    1.034429
     18175    2.402875    1.082272
     18200    2.443994    1.110680
     18225    2.235807    1.048847
     18250    2.380663    1.057083
     18275    2.437820    1.104171
     18300    2.213406    1.021308
     18325    2.294055    1.054477
     18350    2.298829    1.044058
     18375    2.315977    1.067135
     18400    2.379149    1.045566
     18425    2.388754    1.069519
     18450    2.311569    1.025339
     18475    2.283824    1.048480
     18500    2.344562    1.063489
     18525    2.382597    1.071046
     18550    2.337699    1.021406
     18575    2.392460    1.065628
     18600    2.399662    1.085324
     18625    2.325559    1.059851
     18650    2.326504    1.049860
     18675    2.306634    1.058361
     18700    2.435502    1.062249
     18725    2.275036    1.067386
     18750    2.371923    1.032171
     18775    2.309276    1.048719
     18800    2.355614    1.065763
     18825    2.346072    1.072016
     18850    2.330439    1.049517
     18875    2.178333    0.980854
     18900    2.377637    1.056403
     18925    2.415151    1.087669
     18950    2.312808    1.064760
     18975    2.237552    1.017256
     19000    2.377314    1.076375
     19025    2.219407    1.029664
     19050    2.465105    1.041506
     19075    2.297513    1.062660
     19100    2.275856    1.047468
     19125    2.217132    1.033779
     19150    2.402326    1.107587
     19175    2.374339    1.051801
     19200    2.319414    1.048507
     19225    2.405182    1.069001
     19250    2.398271    1.066357
     19275    2.226755    1.008827
     19300    2.277501    1.038034
     19325    2.286156    1.019357
     19350    2.470175    1.104186
     19375    2.372528    1.054767
     19400    2.352569    1.038063
     19425    2.305874    1.053628
     19450    2.427867    1.075342
     19475    2.339151    1.037780
     19500    2.325125    1.034963
     19525    2.174150    1.028546
     19550    2.260980    1.044370
     19575    2.189852    1.031845
     19600    2.323192    1.076127
     19625    2.240747    1.034780
     19650    2.308853    1.035026
     19675    2.333768    1.045631
     19700    2.327790    1.084828
     19725    2.304202    1.063848
     19750    2.253284    1.059161
     19775    2.405187    1.073047
     19800    2.334571    1.026433
     19825    2.260289    1.029377
     19850    2.241846    1.016573
     19875    2.325789    1.074169
     19900    2.221579    1.017522
     19925    2.243588    1.037018
     19950    2.229777    1.048972
     19975    2.266655    1.062159
     20000    2.324111    1.044559
     20025    2.283170    1.022884
     20050    2.304481    1.064851
     20075    2.320321    1.047412
     20100    2.182254    1.004319
     20125    2.321478    1.039489
     20150    2.291015    1.040953
     20175    2.339947    1.041864
     20200    2.346872    1.091808
     20225    2.388994    1.077037
     20250    2.431547    1.085334
     20275    2.359413    1.070437
     20300    2.340530    1.086018
     20325    2.266025    1.055151
     20350    2.257005    1.024028
     20375    2.203682    1.028586
     20400    2.350111    1.059659
     20425    2.278789    0.987374
     20450    2.368069    1.068991
     20475    2.425827    1.061553
     20500    2.373231    1.082479
     20525    2.371413    1.076051
     20550    2.350734    1.053093
     20575    2.315915    1.038875
     20600    2.306050    1.076774
     20625    2.255568    1.019846
     20650    2.385087    1.071625
     20675    2.288375    1.038805
     20700    2.454484    1.094955
     20725    2.153287    1.009280
     20750    2.391404    1.064726
     20775    2.215722    1.012565
     20800    2.201738    1.018270
     20825    2.247764    1.069217
     20850    2.413803    1.094092
     20875    2.361537    1.093886
     20900    2.180795    1.015147
     20925    2.288463    1.047045
     20950    2.272566    0.990892
     20975    2.217094    0.997903
     21000    2.274670    0.995071
     21025    2.254308    1.055629
     21050    2.240851    1.009903
     21075    2.329890    1.026825
     21100    2.230828    1.003633
     21125    2.378213    1.089984
     21150    2.548097    1.133905
     21175    2.229765    1.020080
     21200    2.294056    1.027459
     21225    2.282144    1.089799
     21250    2.275215    1.035830
     21275    2.232352    1.003418
     21300    2.348880    1.035730
     21325    2.148114    0.973792
     21350    2.150287    1.005113
     21375    2.233279    1.024419
     21400    2.425051    1.044524
     21425    2.251236    1.027583
     21450    2.337491    1.089150
     21475    2.402760    1.048938
     21500    2.266872    0.999571
     21525    2.330008    1.070281
     21550    2.321868    1.072022
     21575    2.187500    1.042936
     21600    2.306729    1.056509
     21625    2.410930    1.098730
     21650    2.402740    1.066043
     21675    2.321430    1.051261
     21700    2.292982    1.025809
     21725    2.268683    1.007704
     21750    2.176775    1.014771
     21775    2.253441    1.028896
     21800    2.291254    1.029502
     21825    2.310765    1.037237
     21850    2.336051    1.014566
     21875    2.313381    1.049971
     21900    2.354951    1.050268
     21925    2.404522    1.043716
     21950    2.319649    1.081630
     21975    2.183638    1.010396
     22000    2.334062    1.067001
     22025    2.101988    1.014070
     22050    2.274795    1.044311
     22075    2.317322    1.065472
     22100    2.312550    1.019259
     22125    2.204750    1.000822
     22150    2.344356    1.074321
     22175    2.306472    1.069896
     22200    2.275313    1.012240
     22225    2.369201    1.039348
     22250    2.278465    1.024860
     22275    2.326224    1.001309
     22300    2.367056    1.114295
     22325    2.239054    0.995088
     22350    2.342940    1.030769
     22375    2.257491    1.046935
     22400    2.285515    1.018911
     22425    2.247803    1.012995
     22450    2.452813    1.075727
     22475    2.336266    1.055658
     22500    2.287284    1.030296
     22525    2.247068    1.034373
     22550    2.345501    1.076366
     22575    2.441097    1.058687
     22600    2.463680    1.087424
     22625    2.325892    1.046301
     22650    2.301102    1.087820
     22675    2.210785    1.002118
     22700    2.348505    1.044129
     22725    2.487147    1.091077
     22750    2.378688    1.071344
     22775    2.266365    1.036207
     22800    2.141114    0.980118
     22825    2.268013    1.041156
     22850    2.272554    1.027914
     22875    2.262810    1.062369
     22900    2.235899    1.016756
     22925    2.272412    1.004862
     22950    2.301951    1.071423
     22975    2.333596    1.046946
     23000    2.232892    1.048803
     23025    2.234156    1.009935
     23050    2.268184    1.061545
     23075    2.250804    1.010934
     23100    2.274190    1.028139
     23125    2.595491    1.122128
     23150    2.292358    1.032504
     23175    2.381746    1.067739
     23200    2.264688    1.027333
     23225    2.362232    1.075546
     23250    2.287863    1.057559
     23275    2.320754    1.029247
     23300    2.237027    1.063934
     23325    2.349083    1.073095
     23350    2.263513    1.017209
     23375    2.252133    1.022948
     23400    2.311407    1.051312
     23425    2.186029    0.991036
     23450    2.214108    1.007900
     23475    2.365483    1.079233
     23500    2.373788    1.064008
     23525    2.187208    1.003913
     23550    2.402277    1.072327
     23575    2.424729    1.104661
     23600    2.419726    1.067734
     23625    2.233716    1.033554
     23650    2.331067    1.044912
     23675    2.288708    1.020560
     23700    2.222679    1.061471
     23725    2.274967    1.036724
     23750    2.335331    1.065202
     23775    2.354739    1.039496
     23800    2.315557    1.049124
     23825    2.342149    1.071063
     23850    2.327393    1.063868
     23875    2.239925    0.999928
     23900    2.270677    1.049059
     23925    2.400105    1.084991
     23950    2.287389    1.023793
     23975    2.322596    1.081255
     24000    2.245940    0.992312
     24025    2.261346    1.037032
     24050    2.286574    1.049467
     24075    2.338899    1.062749
     24100    2.233863    1.010228
     24125    2.243804    1.029692
     24150    2.187508    1.004859
     24175    2.351684    1.083707
     24200    2.385942    1.086311
     24225    2.267179    1.011456
     24250    2.345193    1.037211
     24275    2.219796    1.034058
     24300    2.249622    1.037762
     24325    2.333161    1.095106
     24350    2.414533    1.074998
     24375    2.403308    1.117372
     24400    2.259313    1.045569
     24425    2.253021    1.050115
     24450    2.354168    1.076216
     24475    2.380900    1.066442
     24500    2.270153    1.029920
     24525    2.451685    1.064876
     24550    2.245949    1.020119
     24575    2.219180    0.981226
     24600    2.242501    1.014604
     24625    2.320766    1.031810
     24650    2.425339    1.082868
     24675    2.253917    1.008089
     24700    2.294835    1.051634
     24725    2.368511    1.107438
     24750    2.300923    1.032093
     24775    2.387009    1.121023
     24800    2.327316    1.068953
     24825    2.325101    1.033406
     24850    2.296067    1.070215
     24875    2.455523    1.117404
     24900    2.345397    1.039294
     24925    2.261843    1.045113
     24950    2.246827    1.034307
     24975    2.407658    1.079599
     25000    2.350536    1.085792
     25025    2.295515    1.030811
     25050    2.232858    1.037799
     25075    2.361384    1.059903
     25100    2.196350    1.011701
     25125    2.265550    1.036438
     25150    2.366629    1.068528
     25175    2.213097    1.006976
     25200    2.436579    1.065200
     25225    2.224245    0.987554
     25250    2.349944    1.045760
     25275    2.336241    1.073821
     25300    2.455468    1.096455
     25325    2.245635    1.029641
     25350    2.245335    0.978337
     25375    2.357713    1.052378
     25400    2.411566    1.109086
     25425    2.325725    1.037297
     25450    2.058176    1.001504
     25475    2.311076    1.032326
     25500    2.294802    1.050923
     25525    2.286647    1.024662
     25550    2.319094    1.110092
     25575    2.436998    1.094569
     25600    2.437290    1.084592
     25625    2.327654    1.047635
     25650    2.272792    1.024085
     25675    2.286008    1.076831
     25700    2.291259    0.991972
     25725    2.389985    1.079497
     25750    2.257523    1.036468
     25775    2.214241    1.018709
     25800    2.168198    1.001546
     25825    2.345101    1.048596
     25850    2.204038    1.038817
     25875    2.298491    1.045963
     25900    2.274314    1.040838
     25925    2.304653    1.046581
     25950    2.396201    1.058739
     25975    2.304192    1.072009
     26000    2.363534    1.050644
     26025    2.365948    1.055744
     26050    2.259255    1.039491
     26075    2.324799    1.044959
     26100    2.375177    1.048621
     26125    2.366727    1.054029
     26150    2.270793    1.062298
     26175    2.217168    1.004542
     26200    2.316228    1.061162
     26225    2.367561    1.056951
     26250    2.369184    1.028801
     26275    2.336559    1.011884
     26300    2.292788    1.060835
     26325    2.134637    1.008134
     26350    2.240230    1.045983
     26375    2.288800    1.032685
     26400    2.401820    1.068511
     26425    2.297093    1.027854
     26450    2.301397    1.068455
     26475    2.240164    1.034261
     26500    2.363246    1.060865
     26525    2.305848    1.046487
     26550    2.201409    1.010159
     26575    2.299148    1.035568
     26600    2.269361    1.008757
     26625    2.292480    1.026882
     26650    2.192996    0.991522
     26675    2.087001    0.993119
     26700    2.313783    1.007170
     26725    2.125124    0.982885
     26750    2.288036    1.016268
     26775    2.265694    1.032074
     26800    2.350231    1.039368
     26825    2.363147    1.044342
     26850    2.327695    1.056240
     26875    2.430651    1.071102
     26900    2.387301    1.089999
     26925    2.196800    0.984133
     26950    2.299774    1.057839
     26975    2.232425    1.011260
     27000    2.288056    1.062759
     27025    2.184100    0.991327
     27050    2.254799    1.061208
     27075    2.201644    1.002236
     27100    2.394644    1.075360
     27125    2.385260    1.089330
     27150    2.310376    1.034878
     27175    2.298134    1.059510
     27200    2.234913    1.016515
     27225    2.255732    1.062320
     27250    2.228757    1.027262
     27275    2.422331    1.098827
     27300    2.207916    1.000916
     27325    2.228636    1.013381
     27350    2.220228    1.031245
     27375    2.365508    1.051789
     27400    2.274003    1.051133
     27425    2.236297    0.988748
     27450    2.214102    1.036934
     27475    2.275163    1.081079
     27500    2.312693    1.052615
     27525    2.300882    1.012209
     27550    2.242714    1.032363
     27575    2.334863    1.053972
     27600    2.401167    1.073545
     27625    2.249595    1.037942
     27650    2.176048    0.996914
     27675    2.301016    1.044299
     27700    2.325510    1.055222
     27725    2.110831    0.990401
     27750    2.196268    1.028211
     27775    2.292076    1.026846
     27800    2.177481    1.024182
     27825    2.289466    1.059618
     27850    2.131896    0.959861
     27875    2.315112    1.081722
     27900    2.364214    1.075666
     27925    2.344737    1.031437
     27950    2.313880    1.070369
     27975    2.392821    1.049150
     28000    2.293403    1.063712
     28025    2.223001    0.998399
     28050    2.180035    1.032097
     28075    2.284631    1.035688
     28100    2.348523    1.059690
     28125    2.260127    1.038199
     28150    2.302731    1.060983
     28175    2.163115    0.992236
     28200    2.234768    1.007209
     28225    2.399597    1.080735
     28250    2.383804    1.058071
     28275    2.359658    1.103547
     28300    2.307153    1.046065
     28325    2.137664    0.961077
     28350    2.299062    1.054912
     28375    2.267386    1.081718
     28400    2.351140    1.040414
     28425    2.349897    1.040054
     28450    2.430258    1.079655
     28475    2.239973    1.037189
     28500    2.411229    1.087563
     28525    2.252309    1.047664
     28550    2.272177    1.037040
     28575    2.284521    1.034923
     28600    2.333032    1.039853
     28625    2.306370    1.047252
     28650    2.292794    1.035722
     28675    2.420028    1.066551
     28700    2.234616    1.004264
     28725    2.209079    1.035482
     28750    2.403401    1.068781
     28775    2.201996    1.024389
     28800    2.422828    1.107944
     28825    2.279621    1.027740
     28850    2.279553    1.049777
     28875    2.202516    1.030420
     28900    2.269236    1.039447
     28925    2.361780    1.065124
     28950    2.273206    1.048808
     28975    2.441231    1.069416
     29000    2.233216    1.022996
     29025    2.287509    1.020548
     29050    2.208059    1.017895
     29075    2.327193    1.046587
     29100    2.348259    1.069663
     29125    2.252751    1.047496
     29150    2.394755    1.089465
     29175    2.394647    1.079990
     29200    2.275032    1.066260
     29225    2.349809    1.096373
     29250    2.368274    1.064379
     29275    2.254766    1.064507
     29300    2.277814    1.040317
     29325    2.427999    1.090356
     29350    2.248574    1.015642
     29375    2.428143    1.092988
     29400    2.316944    1.025722
     29425    2.331941    1.079441
     29450    2.343717    1.073413
     29475    2.086745    0.963754
     29500    2.338470    1.088171
     29525    2.305511    1.047222
     29550    2.389283    1.065767
     29575    2.444473    1.088071
     29600    2.341440    1.067242
     29625    2.395237    1.083907
     29650    2.449142    1.089926
     29675    2.298785    1.056719
     29700    2.373038    1.075853
     29725    2.285917    1.047540
     29750    2.247438    1.030876
     29775    2.259333    1.037811
     29800    2.359710    1.021576
     29825    2.296151    1.052081
     29850    2.307011    1.023332
     29875    2.269088    1.008676
     29900    2.285521    1.050692
     29925    2.300432    1.033380
     29950    2.296627    1.073950
     29975    2.105757    1.016458
     30000    2.277063    1.038649
