 iteration         deme_1         deme_2         deme_3         deme_4
      5025      11.614341      15.197698      14.887555      21.393101
      5050      11.600529      15.643912      17.548435      22.244832
      5075      11.090030      16.400501      16.029792      23.089022
      5100      11.404834      14.829130      16.463612      21.099955
      5125      10.951323      14.980776      15.595819      21.871538
      5150      11.847909      15.078544      16.373811      22.400958
      5175      12.121584      15.049593      16.073596      21.748544
      5200      11.440267      14.913451      16.292959      22.320151
      5225      11.750805      14.733789      16.225549      24.008202
      5250      11.249353      15.755360      15.435363      21.765675
      5275      11.487031      14.819853      16.336278      22.299784
      5300      10.655907      14.424234      16.862716      22.678033
      5325      11.133543      15.945282      15.807424      22.665293
      5350      11.364546      16.554023      16.120003      21.515971
      5375      11.952051      15.255941      16.480952      23.315174
      5400      11.415996      15.310606      16.389820      22.777723
      5425      11.918086      15.159290      15.498361      25.802013
      5450      11.370223      15.945126      16.134902      23.216374
      5475      11.604065      14.983279      16.626546      24.143645
      5500      12.076165      15.094107      16.062649      23.511232
      5525      11.615145      15.331806      15.336669      22.276586
      5550      11.407467      14.541965      15.993005      21.067260
      5575      11.396596      14.336691      15.076737      22.485980
      5600      11.836434      14.859264      15.569581      22.769667
      5625      12.260711      14.391080      15.713655      22.959671
      5650      11.976051      14.440202      16.011861      22.892132
      5675      11.333258      14.798832      15.189559      22.047372
      5700      11.765203      15.845004      15.811499      22.890591
      5725      10.691054      15.133069      14.871539      22.966810
      5750      11.383935      14.819704      16.858535      23.987871
      5775      11.175028      14.791739      16.289736      24.619901
      5800      11.478464      14.629347      15.638926      26.909663
      5825      11.218423      13.812743      15.808534      24.365301
      5850      11.580008      14.605871      17.020870      22.579290
      5875      11.950230      14.663153      16.011311      22.460014
      5900      11.583313      15.697331      16.141077      22.322061
      5925      11.408301      15.596201      16.953953      21.146098
      5950      11.942479      16.181625      15.797186      19.970983
      5975      11.648791      16.026390      15.966333      23.215907
      6000      11.877806      15.177542      15.421177      21.414423
      6025      11.729363      14.630774      15.268129      23.474675
      6050      12.049301      14.973942      14.779551      22.331057
      6075      11.093985      14.645097      15.799180      21.584008
      6100      11.576727      15.210461      15.519148      23.938515
      6125      11.873392      15.110492      16.601207      23.392627
      6150      11.748583      14.575404      16.443994      21.454037
      6175      11.742305      14.628857      15.531753      24.530176
      6200      12.011770      14.514261      14.824856      21.061420
      6225      11.726441      15.018502      15.077151      24.823787
      6250      11.491422      15.057282      16.008933      23.604355
      6275      11.362670      14.448692      15.832365      22.893509
      6300      11.610348      16.348013      15.905395      22.361205
      6325      12.178568      15.605161      15.670274      19.982591
      6350      11.808361      15.687513      16.404829      20.026910
      6375      11.440294      15.421910      16.758214      22.443164
      6400      11.470589      15.289750      15.520249      21.027299
      6425      11.253074      16.215156      16.681983      22.250952
      6450      11.276971      14.126556      16.761275      20.838047
      6475      11.391522      15.103047      15.605434      22.117691
      6500      11.431604      14.631754      15.914834      22.913716
      6525      11.457212      15.639625      15.692897      24.475870
      6550      11.787283      15.409617      16.373383      22.468200
      6575      11.787547      15.134301      16.400909      21.006173
      6600      11.869702      14.887545      16.341853      24.443932
      6625      11.922573      15.578998      16.612608      23.374777
      6650      11.362080      14.923694      16.527240      21.815281
      6675      11.412454      15.101604      15.881527      24.135711
      6700      11.273081      16.542890      14.926363      22.993187
      6725      11.956497      15.033262      15.401961      22.082383
      6750      11.415649      16.737638      15.278556      20.938038
      6775      11.470482      14.686155      14.876476      24.362227
      6800      11.182733      14.199883      15.764934      23.549645
      6825      11.338708      15.565444      15.733385      23.653680
      6850      11.052858      15.212111      15.914071      22.299019
      6875      11.340044      15.300757      16.048203      22.623324
      6900      11.742311      15.364114      16.661636      23.506839
      6925      11.307768      14.747254      14.661649      21.066425
      6950      11.243965      14.913915      15.916241      21.950428
      6975      11.722360      16.304935      14.772007      21.552431
      7000      10.397563      15.415119      15.368096      21.736708
      7025      10.803041      15.707168      15.463513      21.013876
      7050      11.773307      15.213886      16.068650      22.018461
      7075      10.602494      15.878413      15.039241      22.013001
      7100      11.310683      15.117595      17.172525      23.297293
      7125      11.562455      15.334501      15.660955      19.809748
      7150      10.907184      15.814833      16.162990      21.936419
      7175      11.384570      14.644212      15.651832      25.444309
      7200      11.888458      14.867786      15.583822      21.661920
      7225      11.938574      14.852080      14.746107      21.743293
      7250      11.667317      15.584017      15.464899      23.126725
      7275      11.447801      15.119693      15.888062      20.111057
      7300      11.153070      15.620983      16.209892      22.246518
      7325      11.186171      16.042544      15.454417      20.828360
      7350      11.008089      16.483492      16.388535      21.508022
      7375      11.596420      14.624656      16.018561      24.498351
      7400      11.792555      14.447260      15.932574      23.331826
      7425      11.448842      14.282449      17.110534      22.333122
      7450      10.835441      15.152803      16.602922      24.549025
      7475      11.265207      15.289351      16.209919      22.175545
      7500      11.766298      15.582505      16.438964      23.603639
      7525      11.544640      16.167726      15.863721      23.577767
      7550      11.039291      14.246545      15.845307      23.465209
      7575      10.905465      15.184924      16.651013      21.115667
      7600      12.120959      16.537467      16.327918      22.471655
      7625      10.898668      15.719080      16.297341      23.778560
      7650      11.903663      15.439675      15.561831      21.544536
      7675      11.473591      16.091981      16.633712      20.493365
      7700      11.059682      14.809000      15.764312      22.447046
      7725      11.841725      15.161460      15.915418      23.583919
      7750      11.422588      15.203913      15.404640      21.256202
      7775      11.525830      15.703382      15.856763      21.965672
      7800      12.239627      15.347355      16.279287      22.769619
      7825      12.082967      15.721370      16.091914      21.077569
      7850      12.173748      16.654383      14.986186      22.484953
      7875      11.602411      15.475465      15.895761      21.498169
      7900      11.726889      15.048948      15.388798      22.782953
      7925      11.756072      15.118793      15.494057      22.255077
      7950      11.986844      15.511130      17.971344      21.534460
      7975      11.169852      14.872641      15.847764      22.541228
      8000      12.475600      14.360373      15.796962      23.827537
      8025      11.610598      14.676173      15.829636      23.711345
      8050      12.103950      16.121398      16.142320      21.823942
      8075      11.562403      15.938422      17.450659      21.403569
      8100      12.112807      14.691679      16.406645      22.488707
      8125      11.430143      14.958583      17.348375      23.344192
      8150      11.631034      15.699418      16.978697      21.278907
      8175      11.362437      15.137281      15.775869      21.453895
      8200      12.129527      15.808138      15.935991      21.069906
      8225      11.413787      15.949371      14.866679      22.410400
      8250      11.798362      16.750193      16.448011      21.303318
      8275      11.734973      15.710145      16.552403      23.896524
      8300      11.895797      16.582471      16.200125      25.435006
      8325      11.670213      14.324797      16.668677      23.766912
      8350      12.070768      14.695670      17.043752      22.952799
      8375      11.930864      14.714206      14.886405      23.801970
      8400      11.565579      15.378031      16.117257      23.907799
      8425      11.589833      14.953275      16.157557      23.373563
      8450      11.650179      16.821348      15.359171      22.614206
      8475      11.268772      14.864595      16.271520      23.305728
      8500      11.671742      15.303156      16.524564      22.506762
      8525      11.091869      15.513608      16.220786      23.632208
      8550      11.498804      15.499550      15.362388      22.190766
      8575      11.977713      17.358297      16.067319      20.977510
      8600      12.037042      16.192013      16.452152      22.160117
      8625      11.677978      15.880969      17.879824      21.563599
      8650      11.793941      16.459982      15.871464      23.241178
      8675      11.459358      15.695283      15.848943      22.839508
      8700      11.332924      15.667196      16.465280      22.406606
      8725      11.433719      15.832933      15.573059      22.528810
      8750      11.730255      16.810982      15.304697      21.898098
      8775      12.550315      14.754885      16.273529      22.763138
      8800      11.031114      16.326029      16.875241      23.375506
      8825      11.137362      15.890400      17.526994      22.810559
      8850      12.050042      16.138127      17.451546      23.960714
      8875      12.029351      16.561141      16.270396      21.398798
      8900      12.045627      15.451300      16.623995      22.343521
      8925      12.181882      14.508663      16.345915      22.017987
      8950      11.303573      14.986830      15.827771      20.650380
      8975      12.378316      15.496998      15.581944      21.740068
      9000      12.062540      14.775737      16.386885      23.127256
      9025      11.982310      15.419656      15.739493      25.188805
      9050      12.073237      16.459605      15.350352      22.065779
      9075      12.063776      15.121719      15.569537      21.839637
      9100      11.294620      15.637818      15.661605      24.315308
      9125      12.400991      15.979550      16.718468      25.229087
      9150      11.581783      14.717134      16.787490      23.146981
      9175      10.951066      14.568106      16.280613      21.016874
      9200      11.751093      15.231203      14.991647      22.653389
      9225      11.597312      15.263073      15.632925      23.965636
      9250      12.152328      14.540505      16.083874      21.169173
      9275      11.742948      15.316619      15.821481      21.524954
      9300      11.669518      15.228290      16.275801      23.529486
      9325      11.435703      15.193005      16.043988      22.309321
      9350      11.857510      15.334086      16.337338      22.635681
      9375      11.634776      15.131916      14.501129      21.939052
      9400      11.438067      16.103404      15.027455      21.515197
      9425      11.245327      15.089881      15.747347      21.388777
      9450      11.108353      16.560812      14.853695      20.133748
      9475      11.862534      15.703390      15.763718      21.476596
      9500      11.605659      15.694889      15.515999      22.448784
      9525      10.923335      15.165474      15.209782      23.283807
      9550      12.104185      14.988390      14.882917      21.623752
      9575      11.646285      14.492911      15.796879      20.411328
      9600      11.138683      14.641343      15.253228      21.733350
      9625      10.817895      15.576312      15.091610      23.053988
      9650      11.836565      14.568726      15.223541      21.175255
      9675      11.004323      14.589396      14.671383      21.838033
      9700      11.814046      16.045536      14.671857      21.847874
      9725      11.857107      15.416595      14.593915      23.222450
      9750      12.410294      13.757875      14.749869      21.253030
      9775      11.350821      15.322841      15.113755      21.860764
      9800      12.461589      14.679660      15.769343      22.396420
      9825      11.164147      15.303986      15.351468      23.513619
      9850      11.488806      14.323638      16.361662      22.954916
      9875      11.432121      15.713501      16.867108      23.089442
      9900      11.454558      15.709645      14.769996      22.803693
      9925      12.348244      14.375605      16.616180      24.165557
      9950      11.191986      16.112038      16.218087      22.823051
      9975      11.559961      16.625802      15.642468      22.908655
     10000      11.703551      14.537627      16.823897      21.348207
     10025      12.019547      15.810685      15.025653      24.573241
     10050      11.776237      15.677320      15.653067      24.206502
     10075      11.984149      14.947115      15.564003      23.119545
     10100      11.421355      15.040644      15.334093      22.661407
     10125      11.433366      15.108793      16.205335      20.103177
     10150      11.579013      14.816123      15.256726      22.319560
     10175      11.457690      15.414120      16.655424      21.787039
     10200      11.395057      14.755864      16.041938      22.316181
     10225      11.003790      14.797797      15.085692      23.011546
     10250      11.566382      15.925264      15.819486      24.078456
     10275      11.743618      15.848715      15.635021      22.648984
     10300      11.339526      15.488604      15.571927      21.962170
     10325      12.233962      16.904520      15.985332      22.211464
     10350      11.453864      15.840014      14.943206      22.597750
     10375      11.534081      15.174038      16.829900      22.899449
     10400      12.204392      15.229225      16.830349      23.074463
     10425      11.959677      14.634338      16.117693      22.586787
     10450      11.925242      14.635613      16.919680      22.249695
     10475      12.410420      14.421443      16.660351      22.681453
     10500      11.036232      13.647008      16.324232      21.809900
     10525      12.157028      14.246637      15.889800      23.519961
     10550      12.001439      15.639359      16.298125      23.909258
     10575      11.595517      16.122605      15.664385      26.278862
     10600      11.803760      15.445364      17.580639      22.912653
     10625      11.645904      14.554940      17.068337      21.658664
     10650      11.580455      14.656148      15.972290      25.040186
     10675      10.973371      15.566020      15.547925      23.736940
     10700      11.463745      14.802312      15.932340      23.354836
     10725      11.331943      15.097994      16.858221      22.623495
     10750      11.325285      15.328779      15.247320      23.882309
     10775      12.277268      16.146960      15.237464      26.367945
     10800      11.450408      14.554581      16.706338      22.831153
     10825      11.328820      15.772330      15.472581      24.835874
     10850      11.509502      13.721183      16.240306      22.610556
     10875      11.727997      14.497306      15.826305      23.325880
     10900      12.151642      15.251513      15.859151      23.148494
     10925      11.608247      14.691725      16.190377      23.674744
     10950      11.128567      15.266854      15.796169      23.408883
     10975      11.590826      14.970089      16.530488      23.265533
     11000      11.432756      14.863519      16.094244      23.492536
     11025      11.428394      15.185610      16.581118      22.253780
     11050      11.576779      15.559678      15.177522      23.715982
     11075      11.468196      14.891725      16.141698      22.788419
     11100      11.892753      14.919150      15.497922      22.619784
     11125      11.808237      14.082324      16.278596      23.197071
     11150      11.204957      16.031135      15.598464      23.831164
     11175      11.427938      15.125756      15.810172      21.590599
     11200      11.093114      16.234023      15.330687      21.823882
     11225      12.168842      16.906745      15.355731      21.263765
     11250      12.127971      15.496894      16.242214      20.617188
     11275      11.024692      15.032025      15.112368      22.795406
     11300      12.047712      15.370397      15.476691      20.930649
     11325      12.843941      14.915322      16.416502      21.310245
     11350      11.130678      16.269263      16.910471      22.172528
     11375      11.246025      14.847012      15.701562      23.589916
     11400      11.678401      16.257677      16.221059      23.889370
     11425      11.402606      16.951105      14.989320      22.907977
     11450      11.788178      16.390511      15.028269      23.245572
     11475      11.607975      15.589144      16.022961      22.834956
     11500      11.684543      16.341499      15.794924      22.697624
     11525      11.839115      14.840142      16.132019      23.497624
     11550      12.056039      15.361068      16.285554      21.936151
     11575      10.815980      15.303019      16.700196      24.376520
     11600      11.699906      15.233706      15.624982      22.515717
     11625      12.626759      15.501426      14.592946      21.604752
     11650      11.755615      15.832219      15.938349      24.031964
     11675      11.832097      15.625517      16.591367      23.105463
     11700      10.753402      15.589458      15.463077      23.297568
     11725      12.060777      15.211276      16.644187      21.333087
     11750      11.067902      16.228850      16.643523      23.959674
     11775      12.281575      15.525955      16.306652      20.319883
     11800      12.333438      15.852282      15.732682      22.972641
     11825      11.550783      15.860680      16.245726      21.922053
     11850      11.448971      15.022025      15.464303      24.611000
     11875      11.704166      15.250957      16.351290      24.747414
     11900      11.740684      15.374720      16.976443      22.576462
     11925      11.920502      15.027761      16.390732      23.649228
     11950      11.954378      15.936795      14.934050      23.715813
     11975      11.199891      14.685816      15.186853      22.772317
     12000      11.486971      15.427030      15.949395      21.691481
     12025      11.499256      14.500829      16.637882      23.421675
     12050      10.820675      14.867886      15.683017      23.894341
     12075      11.453415      15.076151      15.053960      23.132988
     12100      11.469928      15.434930      16.493401      21.691936
     12125      12.325430      13.896634      15.488774      22.700028
     12150      11.173787      14.857412      15.671093      22.336101
     12175      11.834446      14.867382      16.250679      21.541875
     12200      11.472414      16.055458      16.082689      21.345845
     12225      11.409773      15.429514      15.686440      21.857580
     12250      11.062548      15.633505      15.800916      21.285779
     12275      11.990804      15.334866      16.393528      22.380481
     12300      11.724449      15.018340      15.872879      22.858943
     12325      12.033708      15.146762      16.418197      21.325404
     12350      11.743832      15.800665      16.289996      21.771910
     12375      10.957848      15.427596      15.826245      22.748610
     12400      12.035097      16.379000      16.375279      23.006691
     12425      12.404704      15.075108      16.049818      21.775086
     12450      11.727681      15.976698      15.359593      22.360957
     12475      11.391201      15.271466      15.176174      22.129035
     12500      11.400712      15.473829      15.485799      23.746198
     12525      11.463811      16.311004      16.109129      23.490857
     12550      11.632339      14.937757      15.905284      23.769041
     12575      11.455633      14.512808      15.199889      24.777954
     12600      11.593592      14.779128      16.907336      22.361225
     12625      11.270161      14.189611      15.884189      22.690988
     12650      11.477898      14.368301      15.941649      22.497623
     12675      12.239541      15.138327      15.483685      22.688189
     12700      11.368343      15.266684      15.475681      21.919636
     12725      11.742478      15.310415      16.635310      21.434700
     12750      12.441331      15.921906      15.410393      20.799833
     12775      12.860118      15.561825      15.768587      23.484484
     12800      11.194778      15.373362      16.407085      23.134433
     12825      12.235503      15.041856      15.611946      23.324244
     12850      12.319124      15.059436      15.959154      24.696152
     12875      11.651406      15.111818      15.843205      23.018698
     12900      12.454369      15.700611      16.101041      22.877416
     12925      11.580894      15.413602      16.478089      22.795124
     12950      11.570927      15.247998      15.922173      23.259133
     12975      12.052045      15.299712      15.838810      22.527306
     13000      12.564187      14.930041      15.832193      24.313717
     13025      12.191934      14.789657      15.563726      24.099782
     13050      12.220223      14.885574      16.483479      22.552393
     13075      11.976726      15.444752      15.332514      23.004761
     13100      11.507494      15.280609      16.496254      23.915463
     13125      12.045570      15.709673      15.890448      22.847254
     13150      10.944544      15.931929      16.047423      23.433064
     13175      12.299892      15.008803      15.591203      22.094779
     13200      12.205901      15.765072      15.125712      22.708081
     13225      12.212768      15.506999      16.007575      23.637285
     13250      12.140794      15.204485      17.222294      23.396203
     13275      11.827143      15.197038      17.073104      21.534310
     13300      11.545043      15.439139      17.161805      22.693681
     13325      12.042895      15.436553      16.662848      22.312463
     13350      11.916423      16.130323      16.251308      23.103957
     13375      11.682510      16.552366      15.498401      23.061331
     13400      11.508760      15.253958      16.876399      23.610804
     13425      11.818463      14.677795      15.195876      23.065766
     13450      11.198540      15.301153      15.724589      22.682255
     13475      11.509314      16.204141      15.209017      25.647380
     13500      11.442790      15.847934      16.118451      21.506314
     13525      12.248265      14.835793      16.306283      21.659947
     13550      11.453443      14.764886      15.285297      22.431896
     13575      11.699847      15.699131      16.486120      22.318273
     13600      11.136682      14.463970      15.632295      22.786106
     13625      11.225411      15.145855      16.518640      23.998145
     13650      11.100335      17.057849      16.616679      24.637946
     13675      11.747318      15.792960      16.715232      25.605315
     13700      11.434633      16.594991      16.327018      22.907704
     13725      11.505275      15.542105      15.266990      22.518747
     13750      11.967924      15.190120      15.873198      23.464929
     13775      11.648547      14.142959      16.776729      23.204149
     13800      11.460050      15.614010      16.364219      21.274769
     13825      11.594794      14.173076      17.201777      20.931295
     13850      11.134940      15.262729      15.605806      23.281725
     13875      11.186986      14.965187      16.553877      23.553501
     13900      11.084380      16.249958      15.159706      21.863829
     13925      11.583315      15.509981      16.763659      21.946460
     13950      11.248768      14.844919      16.797804      21.343280
     13975      11.077619      15.404254      17.835953      24.045105
     14000      10.486298      15.185194      16.148829      23.538211
     14025      11.458228      14.542427      14.827184      21.557048
     14050      11.444615      14.830911      15.220279      22.891430
     14075      11.508077      14.950438      15.587093      22.865207
     14100      11.432525      14.044555      15.161763      22.641877
     14125      11.461021      15.070995      16.744350      23.657108
     14150      12.182472      16.806128      15.711452      23.064191
     14175      11.085986      14.749796      16.248964      19.234244
     14200      11.476733      15.297730      15.401474      21.615889
     14225      11.242652      14.866034      16.720649      21.690497
     14250      12.007435      15.501745      16.447346      22.097760
     14275      11.248445      15.880181      15.853591      21.482601
     14300      12.031153      14.999463      15.999556      22.516709
     14325      11.272840      14.366484      14.792506      22.178139
     14350      12.148328      16.498671      15.664345      21.285107
     14375      10.953775      15.466640      16.353659      20.436461
     14400      11.682150      15.896180      14.453981      21.836358
     14425      11.273332      15.108916      15.909621      20.566617
     14450      10.920883      15.995238      16.370995      21.886429
     14475      11.200385      15.738956      15.131782      23.481178
     14500      11.226265      15.557392      16.465539      21.914742
     14525      11.369817      13.936192      15.563574      24.441027
     14550      11.424977      14.752131      16.848072      23.959647
     14575      11.716865      15.562034      16.653457      21.092033
     14600      11.152581      15.139678      15.191676      21.814528
     14625      11.447289      14.691298      15.875072      22.140126
     14650      11.391273      15.606456      16.131346      21.399620
     14675      12.109617      14.939357      15.266847      21.916260
     14700      11.718323      13.902301      16.869168      21.140863
     14725      11.349870      14.683477      16.774611      21.882567
     14750      11.861410      14.604066      16.099077      22.712509
     14775      11.149915      14.902792      14.862377      24.398396
     14800      11.318959      16.373205      15.430884      23.469550
     14825      11.441250      15.828913      15.742944      23.589318
     14850      11.112294      15.110581      15.678529      22.224360
     14875      11.475319      16.692220      16.545027      22.659044
     14900      11.953661      14.776848      16.246035      22.245965
     14925      11.567734      14.881828      15.535731      23.645867
     14950      11.464395      15.141578      15.768495      21.422047
     14975      10.599274      15.128973      16.033493      21.781769
     15000      11.088030      15.186400      16.481546      23.955942
     15025      11.118424      14.724808      15.819022      23.435653
     15050      11.831254      15.593420      15.047840      22.055948
     15075      11.480596      15.018370      17.120764      24.819662
     15100      12.239134      14.501363      14.468063      22.516838
     15125      10.814499      15.611352      15.905042      21.670187
     15150      11.314203      15.963256      15.048760      23.306744
     15175      10.699866      15.774894      16.716612      21.662999
     15200      11.507636      15.173977      15.573296      20.144428
     15225      11.127071      15.937460      15.365286      21.823983
     15250      11.124027      14.968729      16.159446      23.837446
     15275      11.368263      14.909637      14.849846      21.966456
     15300      11.454168      15.061342      16.945255      22.526766
     15325      10.975856      16.258111      15.372583      24.050086
     15350      10.981469      15.327698      15.027816      22.825956
     15375      12.140647      13.986769      16.414508      20.312133
     15400      11.144983      15.592217      16.899376      22.016348
     15425      10.941628      14.743728      15.840765      22.758755
     15450      11.759224      15.036859      14.816469      24.761963
     15475      12.187904      15.838575      15.116054      22.366548
     15500      12.105726      15.166614      14.446909      22.563195
     15525      12.631094      15.914750      15.857269      22.230332
     15550      11.001492      15.388543      16.553015      23.846313
     15575      11.569472      15.375937      15.472096      22.703208
     15600      11.510657      15.030932      14.457394      24.256213
     15625      11.471150      15.294447      15.700722      23.976898
     15650      11.433601      15.758731      15.205705      21.195066
     15675      12.005362      14.362074      15.623248      25.296287
     15700      12.053772      13.883222      15.988772      23.064234
     15725      11.100059      14.178351      16.757142      22.888882
     15750      11.890535      15.887795      16.441466      22.213323
     15775      11.508082      16.211564      15.328423      21.960540
     15800      10.732113      14.845421      16.494554      23.158593
     15825      11.025328      14.187575      15.605996      23.118615
     15850      11.422914      15.076057      15.463393      23.548263
     15875      11.384477      14.410792      16.311915      23.991858
     15900      11.435912      15.886811      16.360520      23.234506
     15925      11.308981      14.683680      15.074791      22.372791
     15950      12.352251      15.321305      15.255944      21.189784
     15975      11.257539      14.626942      16.868613      22.733403
     16000      10.671371      15.210192      17.449387      23.312221
     16025      11.230573      15.780526      16.544994      22.303373
     16050      11.372620      15.970248      16.503903      21.574561
     16075      12.151893      14.733565      16.666580      21.824535
     16100      12.343148      15.461803      16.388886      23.515300
     16125      11.414214      15.875291      16.062194      21.840507
     16150      11.845999      15.672806      15.375531      23.228534
     16175      11.810324      16.105111      17.165230      22.470698
     16200      12.756967      15.433193      17.379872      22.698183
     16225      11.957766      14.515165      16.311125      24.613398
     16250      11.209593      15.423999      16.377267      21.550150
     16275      11.646966      15.618714      16.702258      23.259906
     16300      11.626899      15.114885      15.943180      22.519923
     16325      11.824821      15.538849      15.251501      22.146953
     16350      11.137096      15.496428      16.470722      22.416479
     16375      12.762163      15.948741      17.692134      23.584924
     16400      11.338413      15.907119      15.063328      22.023156
     16425      12.345134      15.208981      16.183852      22.167139
     16450      11.982946      15.954780      16.163219      23.762090
     16475      11.999368      14.851223      16.081185      21.088277
     16500      11.682400      15.331428      15.838170      23.425037
     16525      11.865140      16.601441      15.452095      22.502892
     16550      11.377136      15.094949      16.682434      22.817295
     16575      11.680012      16.446861      16.659071      23.963279
     16600      12.132053      15.948717      17.038984      21.709264
     16625      12.079559      15.616225      17.676120      22.525309
     16650      11.692586      15.649648      16.883360      24.423480
     16675      12.053238      15.920341      16.692643      23.559927
     16700      12.337817      16.799244      15.865031      23.328078
     16725      12.113090      15.176152      16.347541      22.294968
     16750      11.390484      15.108720      16.303633      21.228297
     16775      12.031384      15.029482      16.419314      23.123363
     16800      11.588529      14.938238      16.780040      23.185783
     16825      12.066006      15.203669      15.770288      21.566785
     16850      12.342530      14.334972      16.972828      24.105771
     16875      11.578602      14.936355      16.170821      21.598712
     16900      11.807147      16.658202      15.898837      24.406313
     16925      11.771080      15.654835      17.445813      23.521304
     16950      12.232950      15.586835      16.192018      21.880157
     16975      12.311942      15.511149      15.377964      22.762736
     17000      11.586500      15.526269      16.088397      23.134506
     17025      11.656694      15.508520      15.228921      22.982575
     17050      12.272995      15.125119      16.217383      24.613966
     17075      11.940790      13.932780      16.121976      23.316326
     17100      12.287957      15.270198      14.870596      22.849388
     17125      12.019245      16.060794      14.579535      23.462139
     17150      11.357002      14.979557      16.336687      23.592115
     17175      11.756741      14.992735      16.320760      24.509195
     17200      11.648644      16.463315      16.096838      23.407097
     17225      11.321645      15.519641      16.425829      22.661489
     17250      11.828826      16.110732      16.488287      24.100836
     17275      12.359171      15.467604      15.978361      21.985614
     17300      11.986315      15.392643      17.119869      24.906779
     17325      11.701854      14.663788      16.133467      23.601366
     17350      12.063554      15.088504      16.317222      24.290826
     17375      12.409212      14.808681      16.924709      25.612192
     17400      12.335201      14.979422      17.223233      22.994257
     17425      12.020825      16.436736      17.636393      22.246788
     17450      12.429446      15.249479      16.904678      23.449835
     17475      12.210675      15.444583      16.483880      23.993824
     17500      12.145426      16.182282      16.355384      22.371882
     17525      12.367971      14.895339      15.281119      22.665681
     17550      12.058540      15.035384      15.965123      23.731998
     17575      12.476441      14.677560      16.146015      21.839555
     17600      11.926522      14.777301      14.756731      22.517640
     17625      12.213240      16.021293      16.037343      23.067802
     17650      12.113605      15.439027      16.510366      23.695757
     17675      11.726189      16.591187      15.554483      22.919506
     17700      11.896578      15.996359      15.953530      22.054629
     17725      11.618507      15.527881      15.534446      23.476951
     17750      12.607892      14.674460      16.963035      24.055745
     17775      11.062379      14.310640      16.949574      24.236608
     17800      12.062547      15.437918      16.563321      22.112991
     17825      12.067084      15.528049      16.047091      22.716428
     17850      10.947228      15.771107      17.132628      23.283711
     17875      11.871775      14.874553      16.256246      23.208731
     17900      12.039999      15.690883      16.721152      22.919348
     17925      12.054164      15.822212      17.507889      22.985200
     17950      11.195733      15.553007      16.245946      25.500430
     17975      11.361336      15.580454      16.393030      24.541219
     18000      11.331287      16.162503      16.671692      23.163578
     18025      11.451458      15.283994      16.660540      24.352038
     18050      11.662402      13.708183      15.621469      21.748324
     18075      11.870169      15.103906      16.014629      22.357949
     18100      11.667185      15.722250      15.744211      21.320326
     18125      11.993404      15.608217      16.368011      21.533228
     18150      12.333897      16.539090      16.176663      21.604001
     18175      12.478396      15.508953      16.341053      24.167676
     18200      12.628069      15.494930      15.682898      23.732199
     18225      11.376104      16.174364      16.811245      22.445806
     18250      12.188008      15.863019      17.394689      23.772269
     18275      12.593254      15.604068      15.225251      22.804086
     18300      12.238440      14.874663      15.898346      23.802379
     18325      11.838235      16.078868      15.455422      22.368618
     18350      11.846153      17.086584      17.345371      22.255730
     18375      12.167918      15.917972      17.290037      22.424710
     18400      11.658955      16.522985      16.275532      22.285042
     18425      12.989373      15.202804      16.227736      23.811235
     18450      12.486368      15.190035      15.305724      23.978370
     18475      11.877734      15.114864      15.670420      22.474545
     18500      11.212783      14.633534      15.742546      25.059910
     18525      11.769469      16.727020      14.993615      21.389440
     18550      11.674730      16.508194      16.718462      22.937212
     18575      11.516232      15.483433      16.761978      24.497353
     18600      11.397352      15.002883      16.611322      23.278213
     18625      11.550159      15.478730      16.081299      21.882724
     18650      12.009546      15.773771      15.702899      22.088507
     18675      11.589417      15.051513      16.042842      23.423656
     18700      12.192313      14.808303      16.196441      23.489163
     18725      12.101730      15.601408      16.700602      22.524065
     18750      11.964464      15.750934      16.687163      25.058556
     18775      11.837170      15.239715      15.998750      24.531052
     18800      12.024544      15.746165      15.557971      22.503210
     18825      11.520236      15.361062      15.377561      24.312903
     18850      11.632614      16.141590      17.519194      21.690643
     18875      10.916833      16.135150      17.798989      23.607021
     18900      12.474026      14.944650      15.410391      22.434068
     18925      11.680165      16.773781      15.920658      22.482020
     18950      11.510252      15.510348      16.364031      22.112598
     18975      12.398524      14.756842      15.536232      24.078497
     19000      11.182052      15.343988      15.205583      23.364352
     19025      10.830986      17.301200      15.245573      24.788715
     19050      11.832177      17.251281      16.415653      22.417227
     19075      11.534783      15.018749      16.026845      21.961946
     19100      11.885885      15.380090      15.762586      23.576815
     19125      11.892373      15.315941      15.210640      21.858165
     19150      11.875146      15.785213      15.294921      23.211939
     19175      11.599095      15.027799      15.626948      23.738397
     19200      11.144287      15.648785      15.976167      21.095775
     19225      11.665256      15.231801      16.344196      22.522880
     19250      11.944568      14.308383      15.994660      21.768255
     19275      11.714530      14.735176      17.110094      23.045083
     19300      11.825624      15.000059      16.315561      23.881292
     19325      12.602331      15.569999      16.480522      21.691796
     19350      12.024337      16.121724      16.444990      22.958703
     19375      12.239100      16.700661      16.768714      25.084236
     19400      12.038727      14.530908      15.920544      21.815430
     19425      11.266685      15.772710      15.514929      22.463425
     19450      11.769686      15.643090      16.192058      25.417917
     19475      12.455660      15.279016      17.195116      24.674888
     19500      11.921433      16.120934      16.317736      24.328454
     19525      12.068815      16.684069      15.931142      25.208668
     19550      11.621104      15.505007      16.775548      24.532115
     19575      11.556690      15.175852      16.637663      23.537994
     19600      11.886409      15.803184      15.728889      22.422814
     19625      10.872137      15.649086      16.967942      22.366714
     19650      11.715096      16.119924      17.491341      22.375923
     19675      12.000813      16.208640      15.974367      23.358625
     19700      11.331724      15.985978      17.948501      21.508990
     19725      11.930058      15.878957      15.018269      22.802339
     19750      11.473058      15.918474      16.135189      25.167588
     19775      11.286508      14.876888      15.260200      23.042199
     19800      11.136380      15.382998      16.185848      22.719632
     19825      11.083725      14.807660      16.268557      21.559981
     19850      11.401655      14.711684      15.439033      22.605815
     19875      11.308443      15.069508      15.996012      22.671078
     19900      11.438431      15.541356      15.569058      22.605164
     19925      11.624651      15.008598      16.013349      22.776078
     19950      11.177774      15.304604      15.339389      21.072452
     19975      11.736920      15.330121      14.927250      22.654283
     20000      10.950623      14.453251      16.929390      23.490497
     20025      11.327600      15.435304      15.325900      22.065701
     20050      11.730344      15.743115      15.827172      22.926556
     20075      12.219327      15.067854      15.601402      23.390928
     20100      11.113292      14.881626      15.611373      24.706956
     20125      12.527977      15.509797      14.832159      24.942718
     20150      11.107053      16.051341      15.151385      23.891331
     20175      11.956677      16.005729      15.958477      22.618628
     20200      11.124423      15.257045      15.209053      21.826352
     20225      11.371246      14.515525      15.408358      22.965687
     20250      11.460013      14.685272      15.446157      22.977413
     20275      11.547222      15.276270      16.572866      22.326458
     20300      11.930664      15.001789      15.668335      24.419358
     20325      11.146578      16.133532      15.401819      23.482463
     20350      11.232989      14.485513      16.886292      21.944828
     20375      11.414643      15.615418      15.602194      21.734911
     20400      11.204339      14.214592      15.601111      27.053362
     20425      12.415937      15.266684      15.334360      28.178711
     20450      11.149100      15.675214      16.017080      22.151751
     20475      11.444181      15.616890      15.222136      22.806562
     20500      11.763921      15.543805      15.839239      23.645071
     20525      11.206895      15.302899      16.186430      22.033266
     20550      12.062629      15.521495      15.892727      21.531549
     20575      10.771249      15.861467      15.352752      22.221905
     20600      10.431940      16.776530      15.890995      21.818352
     20625      11.355294      15.155305      15.570443      23.262879
     20650      11.871193      15.087857      15.850614      20.808005
     20675      11.128961      15.832041      16.321629      22.630523
     20700      10.825633      14.656036      16.570337      23.133808
     20725      11.644796      15.102259      15.980312      23.662399
     20750      11.315067      15.059050      16.260785      23.074129
     20775      11.394760      15.625284      16.000533      23.791605
     20800      11.968861      14.445684      16.353727      22.769719
     20825      11.548260      15.533070      16.140163      21.604530
     20850      10.982582      16.181983      15.278989      22.355401
     20875      11.818372      16.300760      15.445475      22.967055
     20900      12.279112      14.355992      15.078972      22.229663
     20925      12.173484      14.800401      15.064050      21.777896
     20950      11.726210      15.618763      15.475732      21.432196
     20975      11.596698      16.753049      16.731319      22.669920
     21000      11.310387      17.948954      16.188090      23.085106
     21025      11.217502      15.518239      16.392919      21.428441
     21050      11.395290      16.331750      15.668365      23.190260
     21075      11.302685      15.458469      17.886410      22.183676
     21100      11.710451      14.529018      16.787150      21.543084
     21125      11.446896      15.723085      16.669122      23.167920
     21150      11.295862      15.143549      16.707155      22.064965
     21175      11.312348      15.623475      14.530095      22.152639
     21200      11.611667      16.158936      16.399591      22.737856
     21225      11.634526      15.997420      15.788811      22.792072
     21250      11.288673      15.753056      16.559935      20.499751
     21275      11.126706      15.881900      16.369190      24.660373
     21300      11.308874      15.224556      15.819391      23.024148
     21325      12.074526      15.976203      15.506204      22.091998
     21350      11.523933      16.146833      14.938614      23.089186
     21375      12.472869      16.567661      15.421093      23.256679
     21400      11.402916      14.663089      16.544846      23.839617
     21425      10.963311      14.884874      17.122493      25.672526
     21450      11.500068      14.215312      15.461351      23.108579
     21475      11.621008      15.250520      15.994581      23.027588
     21500      11.851267      15.641139      16.223498      22.902326
     21525      11.360839      15.790812      16.298920      22.047212
     21550      11.224004      15.860606      15.942123      21.845800
     21575      12.211606      16.487545      16.937321      24.086423
     21600      11.591672      16.646797      16.168042      21.734007
     21625      11.660720      15.335038      15.597946      23.224320
     21650      12.954061      15.409080      16.195601      21.447923
     21675      11.480813      16.176154      15.585734      23.280721
     21700      12.118997      16.692597      16.737716      22.304438
     21725      12.298209      15.118618      17.620490      23.657175
     21750      11.948230      15.893365      16.817461      23.655675
     21775      12.689818      16.870712      17.370327      22.372442
     21800      11.772736      17.249391      16.921907      22.802709
     21825      11.622371      15.434467      15.698647      23.462764
     21850      12.031359      15.958388      15.606732      25.230667
     21875      12.236697      15.939994      16.064271      21.564521
     21900      10.972232      15.666556      16.082424      22.015534
     21925      11.829241      15.736842      15.470680      20.984263
     21950      11.165163      16.046749      15.459560      24.006176
     21975      11.382931      16.107718      16.740912      21.299088
     22000      11.519071      16.004765      17.376535      24.653746
     22025      11.554698      15.636366      15.592375      23.943533
     22050      11.871715      15.029189      18.202822      24.583201
     22075      12.266358      15.814744      16.752741      24.845667
     22100      11.408353      14.542232      16.310477      24.411858
     22125      11.021366      16.650417      16.985779      24.880199
     22150      11.882786      15.542098      15.460308      21.387368
     22175      12.579099      16.691844      16.480262      22.892234
     22200      11.838158      16.194995      15.939371      23.347750
     22225      11.759999      15.111571      16.474028      24.908189
     22250      11.087138      15.867247      15.880766      23.425603
     22275      11.327361      14.564848      15.748645      24.230467
     22300      11.524314      14.871520      16.809234      22.875572
     22325      11.826566      15.175243      15.851106      22.492087
     22350      11.451547      15.263064      16.630266      22.584925
     22375      12.249521      15.030655      16.679923      22.578541
     22400      12.386896      15.334536      17.904393      22.352220
     22425      11.454900      15.865462      17.065067      21.408587
     22450      12.403633      16.263472      15.490441      20.575261
     22475      12.196804      16.006389      16.217020      23.834018
     22500      11.769212      17.329440      16.169077      25.549938
     22525      11.737561      16.787270      15.282862      22.477671
     22550      11.907376      15.497575      14.928029      23.434762
     22575      12.379644      14.831622      15.493290      21.826931
     22600      11.791025      15.257108      15.091882      22.988190
     22625      12.034017      14.995836      16.255744      24.532318
     22650      11.709716      15.772790      15.375205      22.660497
     22675      11.262565      15.925963      16.852978      20.980079
     22700      11.703284      15.547310      16.445753      22.368583
     22725      12.978041      15.377300      16.522432      25.007778
     22750      11.726609      15.313930      16.105972      22.557169
     22775      10.894953      16.253036      16.067378      23.138587
     22800      12.221698      15.321377      16.370044      22.896763
     22825      11.331993      15.666937      14.891069      22.202276
     22850      11.894993      15.026471      16.484691      23.951186
     22875      11.809392      15.165566      17.571596      22.085200
     22900      11.888322      15.017337      16.456386      22.044477
     22925      11.684940      16.166556      16.816463      22.171020
     22950      11.734616      14.225042      17.165998      21.909204
     22975      11.723540      14.914926      16.901470      24.158350
     23000      11.452891      14.434596      15.727082      24.564738
     23025      11.598734      15.357669      15.477945      22.599849
     23050      12.113867      14.263880      16.813511      23.242970
     23075      12.067426      15.263678      16.623493      22.088914
     23100      11.333405      15.002134      15.215429      23.584379
     23125      11.077290      15.131049      17.109564      23.674111
     23150      11.331369      15.504113      17.344888      23.561846
     23175      11.804003      16.698235      16.530549      23.133629
     23200      11.431238      16.018598      15.664312      23.771253
     23225      11.557468      15.532987      15.980645      22.457129
     23250      11.489365      14.771554      16.208504      24.042071
     23275      12.079755      15.638847      16.743056      24.930471
     23300      11.583519      15.448111      15.748984      21.493636
     23325      12.211609      15.615427      16.666998      23.103484
     23350      11.399410      15.196804      16.060994      21.986497
     23375      11.578062      16.554046      16.305025      21.057703
     23400      11.448112      15.704178      16.447563      23.369751
     23425      12.498135      16.089616      15.770872      23.574785
     23450      12.050949      14.849198      16.754586      23.741526
     23475      11.178956      15.293511      15.794584      23.010554
     23500      12.806914      16.337410      15.531198      23.897960
     23525      11.827976      14.983156      16.473945      23.441521
     23550      12.146252      15.056258      15.754049      22.084799
     23575      11.490219      13.478400      15.710710      21.650069
     23600      11.449615      14.449505      15.145217      21.676337
     23625      12.203815      15.276184      16.651927      21.386045
     23650      11.373543      15.464254      15.545176      23.347677
     23675      11.641355      15.204067      16.242509      23.975974
     23700      11.400857      14.195768      16.473394      22.176777
     23725      11.935687      15.149240      16.722981      23.021951
     23750      11.263843      15.086501      14.738747      25.554124
     23775      11.286747      15.420911      16.227121      25.401624
     23800      12.430807      14.864712      16.421751      21.403093
     23825      11.344641      15.143650      16.659897      22.065582
     23850      11.051367      16.311071      16.683409      24.474054
     23875      11.567532      14.438244      16.211032      22.123384
     23900      12.167921      13.853200      16.390161      23.030715
     23925      11.766461      15.265778      15.491263      24.066484
     23950      11.565996      15.285951      16.526306      22.122811
     23975      12.205029      15.706212      16.851886      21.440656
     24000      12.092115      16.267572      15.877747      21.438093
     24025      11.241643      15.903247      17.140957      24.422956
     24050      11.778864      15.823441      16.052140      22.649332
     24075      11.731065      17.110735      15.309502      22.487220
     24100      11.368501      15.484379      17.156160      25.092939
     24125      11.473540      15.408826      15.299466      23.669837
     24150      11.512654      14.947580      16.550097      23.544330
     24175      11.165827      14.575114      15.536342      22.240368
     24200      11.819535      15.140928      15.334446      22.238185
     24225      11.672443      15.810906      15.432687      24.344103
     24250      11.805167      15.275805      15.258055      22.296344
     24275      11.220234      15.617788      16.352186      21.844905
     24300      11.079171      14.901947      16.765707      22.374084
     24325      11.803972      16.014696      16.356846      22.595987
     24350      11.624881      14.697027      16.187630      20.256533
     24375      12.398138      14.849134      16.501137      20.662142
     24400      10.830831      15.305790      16.076582      22.625512
     24425      12.086281      15.120055      17.462019      22.038800
     24450      11.644662      14.810662      16.752823      22.220519
     24475      12.168489      14.878837      17.288424      21.664485
     24500      11.174043      14.691097      15.680685      22.797498
     24525      12.394105      15.996974      16.267706      20.934395
     24550      11.006449      16.504092      17.042395      23.809774
     24575      11.960717      15.789077      15.722114      25.228811
     24600      12.398978      14.811966      16.546922      23.776551
     24625      11.618604      15.741659      15.917093      22.414029
     24650      11.575501      16.024533      15.745851      23.751109
     24675      11.528933      16.042451      16.900429      23.774412
     24700      12.485302      15.617045      16.847657      22.612942
     24725      11.876434      16.217055      16.448092      22.971158
     24750      12.052270      15.319291      16.364265      25.297363
     24775      12.542037      15.915125      16.685840      22.778140
     24800      12.529462      16.333974      16.644110      22.131908
     24825      11.619285      14.786414      16.674474      23.265772
     24850      11.760779      15.754516      15.592156      23.642300
     24875      12.847833      14.744144      16.166771      24.132618
     24900      12.768242      15.309964      15.700142      23.190462
     24925      11.394739      16.413050      16.351258      21.580626
     24950      12.604701      15.615912      16.278519      21.033470
     24975      12.408208      15.890141      16.637404      20.235933
     25000      11.382455      15.248335      16.341433      24.039130
     25025      11.132309      15.336126      15.770858      22.603562
     25050      11.484539      15.608360      16.726181      22.354007
     25075      12.081286      15.222689      15.717894      22.724326
     25100      11.678318      15.985628      15.252598      20.933171
     25125      10.646158      15.285306      16.238366      23.781732
     25150      12.243980      15.329373      16.642149      22.036469
     25175      11.857741      15.429076      15.476755      24.092423
     25200      11.345370      14.710852      15.439952      22.987636
     25225      10.936515      16.478526      16.089436      21.547327
     25250      11.507179      16.009196      16.942130      24.172127
     25275      12.753636      14.960114      15.695371      23.388687
     25300      10.910082      14.891734      15.525531      21.476215
     25325      11.494112      15.270336      16.372908      23.948563
     25350      11.181672      16.589050      15.758801      23.261407
     25375      11.675587      15.791951      15.856147      25.132961
     25400      11.117887      14.931178      16.224801      21.011281
     25425      11.537899      14.895419      14.480164      22.184368
     25450      10.930540      16.114945      15.934300      22.740130
     25475      11.634338      15.819640      17.004465      20.829760
     25500      11.817315      15.556953      14.653556      22.158022
     25525      11.936711      15.028120      16.447626      22.996332
     25550      12.369337      16.000970      15.999880      23.347079
     25575      11.401868      15.082733      15.619437      21.967080
     25600      11.196705      15.936615      15.606442      24.027775
     25625      11.348279      15.555069      16.378991      22.385168
     25650      12.972976      16.017739      15.793031      23.331976
     25675      11.313094      16.324659      15.500435      23.092532
     25700      12.051203      15.703580      16.929044      21.809588
     25725      12.191836      16.522140      15.050007      23.414725
     25750      12.097361      16.037349      17.574163      22.597018
     25775      11.383422      16.053698      17.532520      21.781443
     25800      11.251483      15.180376      15.360117      22.476134
     25825      10.765377      15.632532      16.311403      20.488312
     25850      10.805495      16.478976      15.571807      22.197012
     25875      11.815562      15.888454      16.592853      24.115496
     25900      11.111986      16.348148      16.879685      22.964512
     25925      11.566308      15.494692      16.851014      22.242368
     25950      11.086181      13.790569      15.555082      21.873482
     25975      11.009879      15.090715      15.151248      22.603871
     26000      11.286982      15.653761      15.501434      23.510008
     26025      12.105358      15.453642      16.143643      23.993930
     26050      11.459686      14.697664      16.395548      20.959512
     26075      10.465458      15.821994      15.498547      22.079402
     26100      12.307759      15.837215      15.994107      24.355616
     26125      11.987697      16.047559      16.502517      22.979459
     26150      10.935245      16.603704      15.347116      22.092186
     26175      11.085589      15.519782      15.905586      20.287469
     26200      11.906618      16.315497      16.786825      20.710745
     26225      11.442184      15.129713      15.753801      21.266469
     26250      11.299355      14.796507      16.679032      25.277094
     26275      11.213079      14.589367      15.994400      24.731526
     26300      11.286448      15.738919      15.266707      22.225461
     26325      12.257865      15.129040      16.448118      22.948061
     26350      11.321290      15.699998      15.521539      22.800150
     26375      11.177747      15.620856      16.371613      24.043012
     26400      10.744829      15.671438      15.711728      22.599765
     26425      11.820980      16.173058      16.538321      22.896249
     26450      11.659735      15.233941      16.052470      24.023925
     26475      11.647651      15.163485      15.359253      22.654711
     26500      11.359622      14.965233      16.678377      22.726396
     26525      11.636679      15.150920      15.560597      22.531470
     26550      11.827648      15.126664      16.188536      22.106539
     26575      11.436848      16.002282      15.864518      22.413183
     26600      11.111642      15.300960      16.223791      21.837726
     26625      11.310414      14.825593      15.895322      23.015614
     26650      12.059844      15.802840      15.797047      23.438392
     26675      12.002510      14.831775      16.086914      20.456436
     26700      11.708904      16.085760      17.095181      23.910577
     26725      12.446862      14.773481      16.550873      23.077705
     26750      12.192748      15.184759      16.597577      21.929678
     26775      11.383078      16.213229      16.198683      20.945025
     26800      11.246006      16.446666      16.239932      22.541898
     26825      11.368185      14.996949      16.496414      22.759831
     26850      11.537182      15.672319      17.216838      22.279392
     26875      11.986337      15.590020      17.056205      24.121417
     26900      11.275915      14.986607      16.086353      23.445765
     26925      12.681049      15.951411      15.166307      20.873378
     26950      11.678057      15.147638      14.827048      22.898147
     26975      11.796156      16.586931      15.999346      22.526230
     27000      11.811008      15.240335      17.111166      23.818346
     27025      11.212832      16.380901      16.616639      23.159246
     27050      12.228817      16.404190      16.271748      22.107950
     27075      11.803752      15.825687      16.716371      23.464405
     27100      12.059677      16.147213      16.255304      22.000624
     27125      11.952063      15.357193      16.616761      22.130051
     27150      12.304467      17.378546      16.197899      22.164192
     27175      12.835103      14.868039      16.065112      23.706310
     27200      11.796981      16.451635      16.798534      23.664842
     27225      12.532641      15.745220      16.447484      22.954101
     27250      11.819744      16.955916      16.774241      22.405060
     27275      12.103132      15.890451      16.717958      24.230793
     27300      11.667614      16.530693      16.685844      23.031519
     27325      12.539700      16.236781      16.291211      22.560542
     27350      12.335658      15.575045      16.827264      21.690795
     27375      12.171682      15.811193      16.592051      23.484165
     27400      11.800229      15.593322      16.825954      24.669632
     27425      11.779025      15.024206      15.230355      22.994315
     27450      11.926356      14.654600      15.633271      24.676190
     27475      12.494159      15.523817      15.274769      22.925138
     27500      11.986831      16.120259      16.085409      23.293314
     27525      12.011402      16.987969      15.956902      22.994208
     27550      11.538392      15.841198      16.019995      24.227463
     27575      11.611841      14.929370      16.112816      24.826127
     27600      12.012462      15.966173      16.235587      24.513273
     27625      11.961250      15.409035      15.989931      24.913971
     27650      12.442420      15.588402      16.306242      24.600238
     27675      11.338992      15.063618      16.179988      24.350183
     27700      11.705418      15.792096      15.627480      22.437684
     27725      11.567594      15.817622      15.734552      23.889154
     27750      12.032373      15.931374      16.425698      25.354652
     27775      11.572364      16.574633      16.310405      23.055996
     27800      12.179875      15.582039      15.862704      23.685141
     27825      12.327274      16.638482      16.332027      26.372855
     27850      12.306421      16.170874      17.575699      24.679417
     27875      12.032425      15.648484      16.092456      21.869287
     27900      11.993548      14.860072      15.958304      26.153349
     27925      11.761639      15.523813      14.444060      23.909810
     27950      11.667754      16.660604      14.954982      22.264798
     27975      12.255812      15.873944      16.058901      24.975733
     28000      11.811589      16.445036      17.763794      24.518413
     28025      11.896879      14.959829      16.173800      24.365130
     28050      12.446378      15.355876      16.890436      23.249374
     28075      11.698105      15.818295      16.730784      24.136749
     28100      12.147198      15.526060      16.180002      21.907161
     28125      12.923699      14.715692      17.722105      24.255332
     28150      12.668974      16.698528      17.154695      21.682862
     28175      12.696435      16.423425      17.138596      22.939091
     28200      12.439243      15.859659      16.834480      24.018330
     28225      12.158433      16.013733      16.225134      21.029153
     28250      11.804401      15.740274      16.201152      23.271095
     28275      13.298068      15.584591      16.884712      22.104069
     28300      12.569671      16.030262      16.512735      21.922771
     28325      12.226729      16.803517      16.712521      22.655160
     28350      12.206053      15.216512      15.755574      24.257629
     28375      11.536009      15.851423      15.589134      23.529606
     28400      12.605024      15.687063      18.412776      24.787204
     28425      12.045281      15.673763      15.906048      22.898459
     28450      12.864267      14.933213      16.152219      22.599936
     28475      12.458581      14.949574      16.135094      23.181035
     28500      11.917030      15.441653      17.236966      23.755302
     28525      12.515151      16.383891      16.642201      23.673719
     28550      11.298543      16.666009      15.739603      23.205727
     28575      12.113852      15.674244      17.541215      20.808236
     28600      11.945814      16.171291      16.414596      23.059947
     28625      11.514129      16.403314      16.837913      22.643176
     28650      12.056346      15.109443      17.241180      22.962004
     28675      12.075232      16.024841      16.635847      22.997624
     28700      11.595761      15.670787      17.150320      22.508275
     28725      12.059145      14.976103      17.474797      24.550639
     28750      11.662107      15.334554      16.074828      25.087494
     28775      11.743266      14.923331      17.165032      23.105815
     28800      11.713670      15.311359      16.245788      23.331544
     28825      11.290907      15.230861      16.429095      23.261643
     28850      11.903400      16.508434      16.076095      24.119580
     28875      11.797705      16.510279      15.896297      24.704185
     28900      13.022954      14.781099      16.357708      22.179450
     28925      11.248282      16.077479      15.442128      21.014026
     28950      11.525061      16.765766      15.923387      22.235117
     28975      11.402901      15.142037      15.551339      22.765517
     29000      11.209205      16.755213      15.167408      23.007302
     29025      11.933864      15.602069      16.332669      22.941581
     29050      11.332967      14.853745      15.961702      21.443811
     29075      11.266781      14.313794      16.195176      23.114010
     29100      11.586481      14.404494      16.738504      22.985462
     29125      11.610149      15.821566      17.131818      23.010983
     29150      11.285314      15.233570      15.590545      23.497252
     29175      11.268875      14.802200      15.762222      22.369900
     29200      10.992092      14.486033      16.694861      23.576259
     29225      11.304083      15.342195      15.183586      23.165428
     29250      11.243376      14.763397      15.603784      21.483649
     29275      11.244265      13.767891      17.380823      21.783241
     29300      11.468803      15.556890      17.534736      24.624664
     29325      11.293441      14.407296      15.776309      23.448845
     29350      12.046310      14.334620      15.902351      23.715601
     29375      10.988158      15.252340      15.574289      22.513611
     29400      11.389154      16.264008      16.325427      21.536417
     29425      11.555791      15.118463      16.162207      20.179935
     29450      10.811728      14.415231      16.737390      20.720703
     29475      11.316128      15.715647      15.705894      23.068844
     29500      11.846664      14.432997      15.959215      21.186694
     29525      11.584523      14.574023      15.329489      22.326568
     29550      11.856812      14.390350      16.597017      24.695027
     29575      11.450994      15.566307      15.172831      25.697910
     29600      11.458401      15.010002      16.209566      23.016960
     29625      11.251130      14.486674      15.129760      21.675351
     29650      11.598366      14.386060      17.464505      23.114351
     29675      10.962590      15.185764      16.239410      21.868714
     29700      11.580934      15.175722      16.667642      23.756009
     29725      12.058913      15.889377      16.489955      22.178486
     29750      11.458495      15.751445      16.543295      23.411700
     29775      11.631494      15.924436      17.641144      23.347621
     29800      11.708708      17.186025      16.079714      21.480023
     29825      12.289198      14.826145      14.937481      25.101301
     29850      11.750016      15.591042      16.524504      24.953329
     29875      11.688737      16.997301      15.597288      23.367556
     29900      11.519428      15.966973      16.240390      22.406831
     29925      11.375322      15.479590      16.186650      21.541398
     29950      11.060113      14.578306      16.355467      22.771783
     29975      11.448781      16.513083      15.715128      22.060486
     30000      11.833261      15.301060      15.976665      23.353856
