 iteration      lambda
      5025    1.169146
      5050    1.165310
      5075    1.224715
      5100    1.112470
      5125    1.100714
      5150    1.118337
      5175    1.006868
      5200    1.044477
      5225    1.104335
      5250    1.100183
      5275    1.038524
      5300    1.077829
      5325    1.078207
      5350    1.071095
      5375    1.029839
      5400    1.026738
      5425    1.112864
      5450    1.066117
      5475    1.025510
      5500    1.016164
      5525    1.022513
      5550    1.023543
      5575    1.039953
      5600    1.024674
      5625    1.001859
      5650    0.994300
      5675    1.018469
      5700    1.033319
      5725    1.019900
      5750    1.053974
      5775    1.068812
      5800    1.049309
      5825    1.078922
      5850    1.106301
      5875    1.094801
      5900    1.109399
      5925    1.176894
      5950    1.135152
      5975    1.107394
      6000    1.129549
      6025    1.035644
      6050    1.007589
      6075    1.011736
      6100    1.021437
      6125    1.087421
      6150    1.018244
      6175    0.996845
      6200    1.104313
      6225    1.079077
      6250    1.086276
      6275    1.135879
      6300    1.027437
      6325    1.053307
      6350    1.073849
      6375    1.102926
      6400    1.089694
      6425    1.126966
      6450    1.046551
      6475    1.058619
      6500    1.051986
      6525    1.108667
      6550    1.142054
      6575    1.118773
      6600    1.151092
      6625    1.140893
      6650    1.117927
      6675    1.054748
      6700    1.061698
      6725    1.072197
      6750    0.974900
      6775    1.067042
      6800    1.014742
      6825    1.071060
      6850    1.083888
      6875    1.072874
      6900    1.112133
      6925    1.152422
      6950    1.077835
      6975    1.118760
      7000    1.103829
      7025    1.172039
      7050    1.224851
      7075    1.095368
      7100    1.052922
      7125    1.070630
      7150    1.067104
      7175    0.989421
      7200    1.003982
      7225    0.978597
      7250    1.015238
      7275    1.022773
      7300    1.038546
      7325    1.149557
      7350    1.145865
      7375    1.214065
      7400    1.131476
      7425    1.083853
      7450    1.074735
      7475    1.188780
      7500    1.144472
      7525    1.151315
      7550    1.135619
      7575    1.183759
      7600    1.207962
      7625    1.190947
      7650    1.163856
      7675    1.285414
      7700    1.190765
      7725    1.187246
      7750    1.282173
      7775    1.277229
      7800    1.310565
      7825    1.334417
      7850    1.253033
      7875    1.259552
      7900    1.199051
      7925    1.157074
      7950    1.123856
      7975    1.180066
      8000    1.134733
      8025    1.144237
      8050    1.098668
      8075    1.137812
      8100    1.146862
      8125    1.117481
      8150    1.088869
      8175    1.178335
      8200    1.180964
      8225    1.210708
      8250    1.165024
      8275    1.205325
      8300    1.140744
      8325    1.201137
      8350    1.207265
      8375    1.218232
      8400    1.203358
      8425    1.232393
      8450    1.245488
      8475    1.255340
      8500    1.349184
      8525    1.312742
      8550    1.346044
      8575    1.450882
      8600    1.469028
      8625    1.384796
      8650    1.336094
      8675    1.238395
      8700    1.269115
      8725    1.326748
      8750    1.267291
      8775    1.251584
      8800    1.363496
      8825    1.288608
      8850    1.333104
      8875    1.307709
      8900    1.211119
      8925    1.179329
      8950    1.192513
      8975    1.288222
      9000    1.266327
      9025    1.259342
      9050    1.379833
      9075    1.277482
      9100    1.282436
      9125    1.291527
      9150    1.268395
      9175    1.191859
      9200    1.128503
      9225    1.156845
      9250    1.125242
      9275    1.127942
      9300    1.138435
      9325    1.076050
      9350    1.094889
      9375    1.091969
      9400    1.100068
      9425    1.132672
      9450    1.100631
      9475    1.161183
      9500    1.051096
      9525    1.069201
      9550    1.034476
      9575    0.973435
      9600    1.014911
      9625    1.006900
      9650    1.012298
      9675    0.992806
      9700    0.973806
      9725    0.970166
      9750    1.010108
      9775    1.019932
      9800    0.982867
      9825    0.936216
      9850    0.994243
      9875    1.065175
      9900    1.044823
      9925    1.162092
      9950    1.094197
      9975    1.092754
     10000    1.094890
     10025    1.079605
     10050    1.083490
     10075    1.152534
     10100    1.225095
     10125    1.154943
     10150    1.222186
     10175    1.110728
     10200    1.133229
     10225    1.175745
     10250    1.264628
     10275    1.163546
     10300    1.163040
     10325    1.247049
     10350    1.230473
     10375    1.240243
     10400    1.258721
     10425    1.183536
     10450    1.202876
     10475    1.187265
     10500    1.232592
     10525    1.180796
     10550    1.202315
     10575    1.186178
     10600    1.162648
     10625    1.116557
     10650    1.035652
     10675    1.030783
     10700    1.047201
     10725    1.062859
     10750    1.029382
     10775    1.086397
     10800    1.093015
     10825    1.177042
     10850    1.061242
     10875    1.106178
     10900    1.141103
     10925    1.073204
     10950    1.081151
     10975    1.046551
     11000    1.037834
     11025    1.088260
     11050    1.078500
     11075    1.073669
     11100    1.146560
     11125    1.091229
     11150    1.094440
     11175    1.087997
     11200    1.098342
     11225    1.053354
     11250    1.089822
     11275    1.064168
     11300    0.997063
     11325    1.053382
     11350    1.047067
     11375    1.183372
     11400    1.073421
     11425    1.118451
     11450    1.038612
     11475    1.057287
     11500    1.153321
     11525    1.102086
     11550    1.087773
     11575    1.089756
     11600    1.080698
     11625    1.092070
     11650    1.176270
     11675    1.224587
     11700    1.168649
     11725    1.208778
     11750    1.171754
     11775    1.133828
     11800    1.112221
     11825    1.125598
     11850    1.181117
     11875    1.132862
     11900    1.160848
     11925    1.171435
     11950    1.148679
     11975    1.096050
     12000    1.086113
     12025    1.039476
     12050    1.097837
     12075    1.108595
     12100    1.074715
     12125    1.151240
     12150    1.208003
     12175    1.361345
     12200    1.239822
     12225    1.225621
     12250    1.135912
     12275    1.151416
     12300    1.109776
     12325    1.065932
     12350    1.136635
     12375    1.131337
     12400    1.141543
     12425    1.167449
     12450    1.154433
     12475    1.262781
     12500    1.255079
     12525    1.200836
     12550    1.211118
     12575    1.169935
     12600    1.214912
     12625    1.196232
     12650    1.199014
     12675    1.183276
     12700    1.161248
     12725    1.221857
     12750    1.161876
     12775    1.142705
     12800    1.220991
     12825    1.264768
     12850    1.234235
     12875    1.297802
     12900    1.289950
     12925    1.294670
     12950    1.359095
     12975    1.412725
     13000    1.431217
     13025    1.361646
     13050    1.439647
     13075    1.383659
     13100    1.369989
     13125    1.361095
     13150    1.313987
     13175    1.334079
     13200    1.333593
     13225    1.265785
     13250    1.264634
     13275    1.255039
     13300    1.288829
     13325    1.243778
     13350    1.239467
     13375    1.189364
     13400    1.209490
     13425    1.216521
     13450    1.228126
     13475    1.192087
     13500    1.214771
     13525    1.217387
     13550    1.258504
     13575    1.148563
     13600    1.213936
     13625    1.259251
     13650    1.234273
     13675    1.084034
     13700    1.135917
     13725    1.169838
     13750    1.154872
     13775    1.084115
     13800    1.136453
     13825    1.145492
     13850    1.245879
     13875    1.271746
     13900    1.191117
     13925    1.099431
     13950    1.090343
     13975    1.107751
     14000    1.081970
     14025    1.084531
     14050    0.978804
     14075    0.985212
     14100    1.013762
     14125    1.128697
     14150    1.144456
     14175    1.146804
     14200    1.119631
     14225    1.049771
     14250    1.039325
     14275    1.073118
     14300    1.024550
     14325    1.013122
     14350    1.061506
     14375    1.110048
     14400    1.105587
     14425    1.095032
     14450    1.044865
     14475    1.112215
     14500    1.021261
     14525    1.034905
     14550    1.092712
     14575    1.104147
     14600    1.008008
     14625    1.144989
     14650    1.142929
     14675    1.145125
     14700    1.092536
     14725    1.129357
     14750    1.211727
     14775    1.234930
     14800    1.155666
     14825    1.142534
     14850    1.147739
     14875    1.076311
     14900    1.089897
     14925    1.049639
     14950    1.089153
     14975    1.154802
     15000    1.055985
     15025    0.999051
     15050    1.068580
     15075    1.148787
     15100    1.116126
     15125    1.145410
     15150    1.221335
     15175    1.191879
     15200    1.119379
     15225    1.149870
     15250    1.055156
     15275    1.109379
     15300    1.157434
     15325    1.157656
     15350    1.070485
     15375    1.166253
     15400    1.113876
     15425    1.064359
     15450    1.071255
     15475    1.107927
     15500    1.064999
     15525    1.124843
     15550    1.111102
     15575    1.069940
     15600    1.081229
     15625    1.089478
     15650    1.070153
     15675    1.127924
     15700    1.136244
     15725    1.130461
     15750    1.122436
     15775    1.155909
     15800    1.149236
     15825    1.172144
     15850    1.098632
     15875    1.125451
     15900    1.086369
     15925    1.162248
     15950    1.162906
     15975    1.130740
     16000    1.142913
     16025    1.168370
     16050    1.200049
     16075    1.142122
     16100    1.187763
     16125    1.185292
     16150    1.221470
     16175    1.257934
     16200    1.314699
     16225    1.217215
     16250    1.246189
     16275    1.288445
     16300    1.244595
     16325    1.241428
     16350    1.239218
     16375    1.219043
     16400    1.224612
     16425    1.291252
     16450    1.302172
     16475    1.246929
     16500    1.460384
     16525    1.270188
     16550    1.344289
     16575    1.354103
     16600    1.413214
     16625    1.437399
     16650    1.468651
     16675    1.481521
     16700    1.407565
     16725    1.319355
     16750    1.347645
     16775    1.239654
     16800    1.281616
     16825    1.203967
     16850    1.177066
     16875    1.169888
     16900    1.204989
     16925    1.237671
     16950    1.107523
     16975    1.118339
     17000    1.126985
     17025    1.135295
     17050    1.099026
     17075    1.055729
     17100    1.143302
     17125    1.188532
     17150    1.152314
     17175    1.214937
     17200    1.316899
     17225    1.284721
     17250    1.375014
     17275    1.363863
     17300    1.347058
     17325    1.395867
     17350    1.482746
     17375    1.458486
     17400    1.406198
     17425    1.487469
     17450    1.400272
     17475    1.423651
     17500    1.333050
     17525    1.351833
     17550    1.341296
     17575    1.364636
     17600    1.316073
     17625    1.322794
     17650    1.355361
     17675    1.343784
     17700    1.350339
     17725    1.292783
     17750    1.221933
     17775    1.315227
     17800    1.283543
     17825    1.318752
     17850    1.387996
     17875    1.346862
     17900    1.332427
     17925    1.358787
     17950    1.442215
     17975    1.408884
     18000    1.336125
     18025    1.402807
     18050    1.385546
     18075    1.341778
     18100    1.343512
     18125    1.351831
     18150    1.337467
     18175    1.469104
     18200    1.449724
     18225    1.446261
     18250    1.558531
     18275    1.503490
     18300    1.407599
     18325    1.500739
     18350    1.467381
     18375    1.493152
     18400    1.381126
     18425    1.402881
     18450    1.394573
     18475    1.412987
     18500    1.371772
     18525    1.397781
     18550    1.337296
     18575    1.344410
     18600    1.326844
     18625    1.321095
     18650    1.350419
     18675    1.324464
     18700    1.360110
     18725    1.421112
     18750    1.403929
     18775    1.320491
     18800    1.337992
     18825    1.377200
     18850    1.316421
     18875    1.308968
     18900    1.359896
     18925    1.383966
     18950    1.348781
     18975    1.285751
     19000    1.198668
     19025    1.236836
     19050    1.228534
     19075    1.302850
     19100    1.250751
     19125    1.253467
     19150    1.208779
     19175    1.225883
     19200    1.219892
     19225    1.210662
     19250    1.251558
     19275    1.254884
     19300    1.263718
     19325    1.445730
     19350    1.357232
     19375    1.465115
     19400    1.331192
     19425    1.339535
     19450    1.401413
     19475    1.363612
     19500    1.323134
     19525    1.311387
     19550    1.241399
     19575    1.217994
     19600    1.173070
     19625    1.134643
     19650    1.211480
     19675    1.144630
     19700    1.204016
     19725    1.223019
     19750    1.234103
     19775    1.182861
     19800    1.193322
     19825    1.124899
     19850    1.097004
     19875    1.146833
     19900    1.124896
     19925    1.103169
     19950    1.095041
     19975    1.195197
     20000    1.164909
     20025    1.144889
     20050    1.186633
     20075    1.020848
     20100    1.035971
     20125    1.031832
     20150    0.996125
     20175    1.003053
     20200    1.054946
     20225    1.099393
     20250    1.165249
     20275    1.131319
     20300    1.107608
     20325    1.158887
     20350    1.151095
     20375    1.114367
     20400    1.116467
     20425    1.038448
     20450    1.087641
     20475    1.055250
     20500    0.962128
     20525    1.017838
     20550    1.076398
     20575    1.106258
     20600    1.119825
     20625    1.066963
     20650    1.104882
     20675    1.100410
     20700    1.110611
     20725    1.136216
     20750    1.174627
     20775    1.202570
     20800    1.244289
     20825    1.178948
     20850    1.152391
     20875    1.138179
     20900    1.199178
     20925    1.151278
     20950    1.193959
     20975    1.273157
     21000    1.244662
     21025    1.260878
     21050    1.258363
     21075    1.266771
     21100    1.221149
     21125    1.219466
     21150    1.262975
     21175    1.207267
     21200    1.210650
     21225    1.135341
     21250    1.203081
     21275    1.200045
     21300    1.257477
     21325    1.259265
     21350    1.333765
     21375    1.256299
     21400    1.261838
     21425    1.121357
     21450    1.236385
     21475    1.216209
     21500    1.191563
     21525    1.258848
     21550    1.308175
     21575    1.344048
     21600    1.351117
     21625    1.506017
     21650    1.483989
     21675    1.539368
     21700    1.532630
     21725    1.534353
     21750    1.493905
     21775    1.464299
     21800    1.553575
     21825    1.431650
     21850    1.432647
     21875    1.322196
     21900    1.324714
     21925    1.361841
     21950    1.315728
     21975    1.263443
     22000    1.321657
     22025    1.400688
     22050    1.445006
     22075    1.405924
     22100    1.324145
     22125    1.404611
     22150    1.436080
     22175    1.354379
     22200    1.409366
     22225    1.412450
     22250    1.423613
     22275    1.357288
     22300    1.266658
     22325    1.367391
     22350    1.298847
     22375    1.269135
     22400    1.302857
     22425    1.291720
     22450    1.314285
     22475    1.285525
     22500    1.370801
     22525    1.330088
     22550    1.318405
     22575    1.404647
     22600    1.280296
     22625    1.321744
     22650    1.374929
     22675    1.322619
     22700    1.309227
     22725    1.262855
     22750    1.278330
     22775    1.344521
     22800    1.299462
     22825    1.300429
     22850    1.406482
     22875    1.387147
     22900    1.351565
     22925    1.381949
     22950    1.329032
     22975    1.346635
     23000    1.306066
     23025    1.261428
     23050    1.268457
     23075    1.299888
     23100    1.267136
     23125    1.316103
     23150    1.365772
     23175    1.331980
     23200    1.376775
     23225    1.320560
     23250    1.290356
     23275    1.326605
     23300    1.377126
     23325    1.348206
     23350    1.305812
     23375    1.318433
     23400    1.311125
     23425    1.277513
     23450    1.333074
     23475    1.311897
     23500    1.324512
     23525    1.394284
     23550    1.282844
     23575    1.247790
     23600    1.165678
     23625    1.244695
     23650    1.163209
     23675    1.235063
     23700    1.137434
     23725    1.230889
     23750    1.212286
     23775    1.210528
     23800    1.291481
     23825    1.227761
     23850    1.287403
     23875    1.309534
     23900    1.251515
     23925    1.195233
     23950    1.250688
     23975    1.258220
     24000    1.240555
     24025    1.247327
     24050    1.218304
     24075    1.236760
     24100    1.242036
     24125    1.250029
     24150    1.162585
     24175    1.155519
     24200    1.155305
     24225    1.214009
     24250    1.238199
     24275    1.250516
     24300    1.180743
     24325    1.179022
     24350    1.202447
     24375    1.207219
     24400    1.222783
     24425    1.206538
     24450    1.202242
     24475    1.244378
     24500    1.231581
     24525    1.295830
     24550    1.282103
     24575    1.280421
     24600    1.247411
     24625    1.342649
     24650    1.390575
     24675    1.365073
     24700    1.461878
     24725    1.552317
     24750    1.632034
     24775    1.551784
     24800    1.529718
     24825    1.516042
     24850    1.446219
     24875    1.500426
     24900    1.519978
     24925    1.383013
     24950    1.393638
     24975    1.326562
     25000    1.264990
     25025    1.345817
     25050    1.301478
     25075    1.230912
     25100    1.262725
     25125    1.367155
     25150    1.332479
     25175    1.267275
     25200    1.188907
     25225    1.275238
     25250    1.209566
     25275    1.249698
     25300    1.312413
     25325    1.245801
     25350    1.247856
     25375    1.224582
     25400    1.247228
     25425    1.278648
     25450    1.215240
     25475    1.143544
     25500    1.175324
     25525    1.197409
     25550    1.209023
     25575    1.075565
     25600    1.137119
     25625    1.184459
     25650    1.096034
     25675    1.143075
     25700    1.178278
     25725    1.189074
     25750    1.155732
     25775    1.154265
     25800    1.122039
     25825    1.137411
     25850    1.194292
     25875    1.143394
     25900    1.141114
     25925    1.040394
     25950    1.047759
     25975    1.038886
     26000    1.053149
     26025    1.032158
     26050    1.050435
     26075    1.093342
     26100    1.091025
     26125    1.122743
     26150    1.070908
     26175    1.061988
     26200    1.102639
     26225    1.078391
     26250    1.128758
     26275    1.199103
     26300    1.146865
     26325    1.129513
     26350    1.156758
     26375    1.171567
     26400    1.199099
     26425    1.129405
     26450    1.133242
     26475    1.214998
     26500    1.170389
     26525    1.202719
     26550    1.308329
     26575    1.297599
     26600    1.297162
     26625    1.324358
     26650    1.358556
     26675    1.346956
     26700    1.385172
     26725    1.377138
     26750    1.380309
     26775    1.330731
     26800    1.347364
     26825    1.278902
     26850    1.375879
     26875    1.370347
     26900    1.272122
     26925    1.428780
     26950    1.380509
     26975    1.375315
     27000    1.360656
     27025    1.469511
     27050    1.637129
     27075    1.460674
     27100    1.541685
     27125    1.524719
     27150    1.509989
     27175    1.437899
     27200    1.542279
     27225    1.536166
     27250    1.453490
     27275    1.528125
     27300    1.534756
     27325    1.484087
     27350    1.469674
     27375    1.378130
     27400    1.423868
     27425    1.329847
     27450    1.396229
     27475    1.321395
     27500    1.395572
     27525    1.325344
     27550    1.385777
     27575    1.400831
     27600    1.441233
     27625    1.486593
     27650    1.442106
     27675    1.496298
     27700    1.398542
     27725    1.273378
     27750    1.381182
     27775    1.447436
     27800    1.403738
     27825    1.456253
     27850    1.459027
     27875    1.463450
     27900    1.524569
     27925    1.528690
     27950    1.520745
     27975    1.455806
     28000    1.537474
     28025    1.525998
     28050    1.552811
     28075    1.614815
     28100    1.720400
     28125    1.803748
     28150    1.764371
     28175    1.740496
     28200    1.634119
     28225    1.644214
     28250    1.545084
     28275    1.690085
     28300    1.565402
     28325    1.586051
     28350    1.626702
     28375    1.538250
     28400    1.528294
     28425    1.433894
     28450    1.413537
     28475    1.447978
     28500    1.427730
     28525    1.312170
     28550    1.351285
     28575    1.456466
     28600    1.493477
     28625    1.380153
     28650    1.414892
     28675    1.382586
     28700    1.397615
     28725    1.414874
     28750    1.435148
     28775    1.391131
     28800    1.405732
     28825    1.290452
     28850    1.358490
     28875    1.275695
     28900    1.330018
     28925    1.217468
     28950    1.227387
     28975    1.170246
     29000    1.152513
     29025    1.156422
     29050    1.157770
     29075    1.238197
     29100    1.158152
     29125    1.157866
     29150    1.159976
     29175    1.073846
     29200    1.044656
     29225    1.096704
     29250    1.085023
     29275    1.001854
     29300    1.004803
     29325    0.986628
     29350    1.001851
     29375    1.021930
     29400    1.024070
     29425    1.076776
     29450    1.038012
     29475    1.050235
     29500    1.090129
     29525    1.042663
     29550    1.101373
     29575    1.078605
     29600    1.084230
     29625    1.167061
     29650    1.150613
     29675    1.110468
     29700    1.230091
     29725    1.209535
     29750    1.229674
     29775    1.287309
     29800    1.266536
     29825    1.265653
     29850    1.237034
     29875    1.249189
     29900    1.205385
     29925    1.215408
     29950    1.280739
     29975    1.142073
     30000    1.229745
