 iteration      lambda
     50025   22.805280
     50050   23.406878
     50075   23.454541
     50100   22.775555
     50125   22.202332
     50150   23.179948
     50175   22.825428
     50200   22.688748
     50225   24.042031
     50250   23.764302
     50275   23.110204
     50300   22.439193
     50325   22.451154
     50350   22.694620
     50375   22.338727
     50400   22.256119
     50425   22.210710
     50450   23.106379
     50475   23.095250
     50500   23.533541
     50525   23.079463
     50550   23.189593
     50575   22.439100
     50600   23.151852
     50625   23.082811
     50650   22.139689
     50675   22.122366
     50700   21.737963
     50725   22.851608
     50750   21.905895
     50775   22.564865
     50800   21.904861
     50825   22.528621
     50850   21.443417
     50875   21.271850
     50900   22.455204
     50925   22.154324
     50950   22.941734
     50975   23.019054
     51000   22.446161
     51025   22.774540
     51050   22.155897
     51075   22.958862
     51100   22.977956
     51125   22.731950
     51150   22.555505
     51175   24.124945
     51200   23.027084
     51225   22.522810
     51250   22.437664
     51275   22.850390
     51300   22.860922
     51325   24.051119
     51350   22.306812
     51375   22.105754
     51400   22.404205
     51425   22.500913
     51450   21.240524
     51475   21.696508
     51500   21.723014
     51525   21.912198
     51550   21.337801
     51575   20.925225
     51600   21.129835
     51625   21.341620
     51650   21.510637
     51675   21.483195
     51700   22.043344
     51725   22.271627
     51750   22.051940
     51775   22.600508
     51800   23.462380
     51825   23.280535
     51850   22.964625
     51875   23.278945
     51900   23.563873
     51925   22.802122
     51950   22.255484
     51975   23.004257
     52000   23.108097
     52025   22.434397
     52050   22.233372
     52075   22.690484
     52100   22.357401
     52125   22.529767
     52150   22.247557
     52175   22.667113
     52200   23.559650
     52225   22.535131
     52250   22.550031
     52275   22.649375
     52300   22.720439
     52325   22.479280
     52350   22.660653
     52375   23.299450
     52400   22.775875
     52425   23.070413
     52450   22.860398
     52475   22.378972
     52500   22.465951
     52525   22.715526
     52550   21.822459
     52575   22.162843
     52600   22.361263
     52625   20.714596
     52650   21.086065
     52675   20.518925
     52700   20.049577
     52725   20.230655
     52750   20.968555
     52775   22.282142
     52800   21.790964
     52825   21.733440
     52850   21.513715
     52875   21.662990
     52900   21.064758
     52925   21.142702
     52950   21.198584
     52975   20.978913
     53000   21.423581
     53025   21.652906
     53050   21.519864
     53075   20.937537
     53100   21.326937
     53125   21.514182
     53150   22.049218
     53175   21.243365
     53200   21.718689
     53225   21.450151
     53250   21.598925
     53275   21.411816
     53300   22.074928
     53325   22.238718
     53350   21.405483
     53375   21.241575
     53400   21.532726
     53425   21.154012
     53450   21.438096
     53475   21.588249
     53500   21.093177
     53525   20.852002
     53550   21.604259
     53575   20.639781
     53600   20.806002
     53625   21.238482
     53650   22.397236
     53675   22.011970
     53700   21.833007
     53725   22.228932
     53750   21.739217
     53775   21.301024
     53800   20.483587
     53825   20.681342
     53850   20.487920
     53875   20.184890
     53900   19.623091
     53925   19.640873
     53950   20.121024
     53975   20.189549
     54000   20.680160
     54025   20.474689
     54050   21.406647
     54075   21.005940
     54100   22.219900
     54125   21.507971
     54150   21.346968
     54175   21.931389
     54200   21.338648
     54225   21.409348
     54250   21.122366
     54275   22.267861
     54300   23.025239
     54325   22.968329
     54350   22.712499
     54375   22.572684
     54400   22.395943
     54425   22.746460
     54450   23.017177
     54475   22.948014
     54500   23.790510
     54525   24.080264
     54550   23.251621
     54575   24.077236
     54600   23.570407
     54625   23.612356
     54650   23.423411
     54675   23.460287
     54700   24.589827
     54725   24.490633
     54750   24.751763
     54775   25.024453
     54800   26.096504
     54825   25.442162
     54850   25.261589
     54875   24.553589
     54900   24.213060
     54925   25.205345
     54950   25.897431
     54975   25.203607
     55000   23.881830
     55025   23.764919
     55050   23.712249
     55075   24.621259
     55100   24.941546
     55125   24.778427
     55150   24.124454
     55175   25.404340
     55200   24.694393
     55225   25.094329
     55250   24.681010
     55275   24.644623
     55300   24.828303
     55325   24.169141
     55350   24.562306
     55375   24.718315
     55400   25.147693
     55425   25.170978
     55450   25.746781
     55475   25.632584
     55500   25.229523
     55525   24.608835
     55550   24.229257
     55575   24.356907
     55600   24.918705
     55625   25.114587
     55650   25.014399
     55675   25.927723
     55700   25.765213
     55725   24.085397
     55750   25.181549
     55775   25.443314
     55800   25.647260
     55825   25.163716
     55850   25.349078
     55875   25.505002
     55900   25.667228
     55925   25.190677
     55950   24.335212
     55975   24.334969
     56000   25.210383
     56025   25.350081
     56050   25.159252
     56075   25.576591
     56100   25.306479
     56125   25.295634
     56150   25.481614
     56175   25.915978
     56200   26.491359
     56225   25.905434
     56250   25.147031
     56275   25.602779
     56300   25.722349
     56325   24.336234
     56350   24.370910
     56375   25.151788
     56400   25.885240
     56425   25.826823
     56450   25.935894
     56475   25.884876
     56500   26.265239
     56525   26.529303
     56550   25.879063
     56575   26.035145
     56600   26.295642
     56625   25.297939
     56650   25.395225
     56675   26.231749
     56700   25.968220
     56725   26.429022
     56750   26.265204
     56775   27.446747
     56800   28.198039
     56825   26.910094
     56850   27.515905
     56875   27.228000
     56900   27.821561
     56925   26.987604
     56950   27.267487
     56975   26.333998
     57000   26.279994
     57025   26.369463
     57050   27.243053
     57075   27.533307
     57100   27.496534
     57125   28.047887
     57150   27.937340
     57175   27.597063
     57200   27.407095
     57225   27.111955
     57250   26.075439
     57275   25.240581
     57300   25.334733
     57325   25.515204
     57350   25.671066
     57375   25.427187
     57400   26.351211
     57425   25.703567
     57450   25.613706
     57475   26.014110
     57500   25.748654
     57525   26.150655
     57550   26.055502
     57575   26.232302
     57600   25.634744
     57625   25.477567
     57650   25.072219
     57675   24.301623
     57700   26.390603
     57725   25.428618
     57750   25.135990
     57775   25.962623
     57800   25.150610
     57825   25.101050
     57850   26.821809
     57875   26.411545
     57900   26.302660
     57925   25.290074
     57950   25.959662
     57975   26.455332
     58000   25.927924
     58025   25.792213
     58050   25.912460
     58075   26.543966
     58100   26.389359
     58125   26.109748
     58150   26.392437
     58175   26.191726
     58200   26.247949
     58225   27.363063
     58250   26.748021
     58275   26.599136
     58300   26.292683
     58325   26.185959
     58350   25.949836
     58375   25.749528
     58400   25.878968
     58425   26.296399
     58450   26.928444
     58475   27.007427
     58500   27.249732
     58525   25.570605
     58550   25.490633
     58575   25.720036
     58600   25.439736
     58625   25.744278
     58650   25.809225
     58675   25.433938
     58700   26.318428
     58725   25.981806
     58750   26.545500
     58775   28.019950
     58800   26.388843
     58825   27.241821
     58850   25.899513
     58875   27.468450
     58900   25.456997
     58925   25.982402
     58950   25.980295
     58975   27.531056
     59000   26.854911
     59025   26.966604
     59050   27.300244
     59075   28.885478
     59100   28.525977
     59125   28.860989
     59150   27.947760
     59175   28.583807
     59200   27.429374
     59225   27.784963
     59250   27.925041
     59275   27.491985
     59300   27.696582
     59325   27.987265
     59350   28.641112
     59375   27.706738
     59400   28.387394
     59425   27.805476
     59450   27.854942
     59475   28.561619
     59500   27.970484
     59525   28.396261
     59550   27.905771
     59575   28.690377
     59600   27.986626
     59625   28.672483
     59650   29.558344
     59675   29.351002
     59700   29.511691
     59725   28.915066
     59750   28.691103
     59775   28.211677
     59800   28.954043
     59825   28.514966
     59850   28.959718
     59875   29.688076
     59900   28.766511
     59925   29.122671
     59950   29.706348
     59975   29.472387
     60000   28.936110
     60025   27.997317
     60050   27.790064
     60075   28.529252
     60100   28.388914
     60125   28.437435
     60150   27.657819
     60175   27.086945
     60200   28.004708
     60225   28.026076
     60250   28.374165
     60275   28.664659
     60300   29.550824
     60325   28.932304
     60350   27.448692
     60375   28.135365
     60400   29.588921
     60425   28.688900
     60450   28.753546
     60475   27.726521
     60500   28.471864
     60525   28.177398
     60550   29.411138
     60575   28.652444
     60600   28.151728
     60625   27.778061
     60650   26.778936
     60675   27.643916
     60700   27.920703
     60725   27.534134
     60750   28.125972
     60775   27.992961
     60800   27.513178
     60825   27.787161
     60850   28.640096
     60875   28.470973
     60900   29.310994
     60925   28.678452
     60950   28.021759
     60975   27.812933
     61000   27.127676
     61025   27.513306
     61050   27.931888
     61075   27.517453
     61100   27.963481
     61125   27.684476
     61150   27.364768
     61175   27.081474
     61200   26.883484
     61225   27.154109
     61250   28.156617
     61275   27.610639
     61300   27.536482
     61325   27.077136
     61350   26.762138
     61375   26.415271
     61400   27.311763
     61425   26.090570
     61450   26.202628
     61475   25.921820
     61500   26.944774
     61525   26.521283
     61550   27.805836
     61575   27.242767
     61600   27.276178
     61625   26.690693
     61650   27.463481
     61675   28.296016
     61700   27.292120
     61725   26.923749
     61750   27.544591
     61775   26.827556
     61800   26.827214
     61825   26.157681
     61850   27.579280
     61875   27.499410
     61900   25.675191
     61925   26.095213
     61950   25.855722
     61975   27.382945
     62000   27.241489
     62025   26.990641
     62050   25.566345
     62075   25.684032
     62100   25.808733
     62125   25.983293
     62150   26.625799
     62175   26.685388
     62200   26.234491
     62225   26.680731
     62250   26.061525
     62275   26.343276
     62300   26.388118
     62325   26.462261
     62350   27.144445
     62375   26.196873
     62400   25.549169
     62425   25.748425
     62450   25.487813
     62475   26.971430
     62500   26.167201
     62525   26.362140
     62550   26.160897
     62575   26.339374
     62600   26.876684
     62625   27.361040
     62650   27.302798
     62675   26.623191
     62700   25.462520
     62725   26.757336
     62750   27.527325
     62775   27.393556
     62800   25.978572
     62825   26.701199
     62850   26.860993
     62875   26.660811
     62900   26.783854
     62925   26.141206
     62950   27.080993
     62975   26.938765
     63000   26.657649
     63025   26.903254
     63050   25.818569
     63075   26.024320
     63100   25.306032
     63125   26.687836
     63150   25.954863
     63175   26.137385
     63200   27.327159
     63225   25.859572
     63250   26.325609
     63275   27.547672
     63300   25.976771
     63325   26.500545
     63350   25.962649
     63375   26.051502
     63400   25.653709
     63425   25.614928
     63450   25.122527
     63475   24.525181
     63500   26.113797
     63525   24.807330
     63550   26.362441
     63575   26.026729
     63600   24.805125
     63625   25.346428
     63650   25.789609
     63675   25.914600
     63700   25.954426
     63725   26.088967
     63750   26.519676
     63775   27.242104
     63800   26.315648
     63825   26.643296
     63850   26.603981
     63875   25.388600
     63900   25.735186
     63925   25.843886
     63950   26.020309
     63975   25.611410
     64000   25.040435
     64025   26.481219
     64050   25.152801
     64075   26.311512
     64100   26.443539
     64125   27.502992
     64150   27.394160
     64175   26.596078
     64200   26.630152
     64225   25.859810
     64250   26.653470
     64275   25.532394
     64300   25.167603
     64325   25.760873
     64350   25.886629
     64375   26.475355
     64400   26.468874
     64425   26.149850
     64450   26.388023
     64475   26.441089
     64500   26.208179
     64525   26.268591
     64550   26.359971
     64575   25.436539
     64600   26.541921
     64625   26.830255
     64650   27.432013
     64675   27.912558
     64700   26.329379
     64725   26.710253
     64750   26.893297
     64775   27.552416
     64800   26.586209
     64825   26.170641
     64850   27.127900
     64875   27.002362
     64900   26.466797
     64925   26.465927
     64950   27.178002
     64975   26.319753
     65000   26.950365
     65025   27.330209
     65050   25.993031
     65075   26.615875
     65100   26.194213
     65125   26.265462
     65150   26.645377
     65175   26.890348
     65200   26.447478
     65225   26.860149
     65250   26.274002
     65275   25.840864
     65300   26.842712
     65325   26.888286
     65350   26.740691
     65375   25.946752
     65400   26.411553
     65425   26.648943
     65450   27.516623
     65475   26.995150
     65500   27.083439
     65525   27.886711
     65550   27.468988
     65575   28.064001
     65600   26.739229
     65625   28.082615
     65650   27.740300
     65675   28.065696
     65700   28.861510
     65725   28.057873
     65750   29.258910
     65775   29.674792
     65800   29.707129
     65825   28.706898
     65850   29.356612
     65875   29.165917
     65900   30.584990
     65925   31.093232
     65950   30.362414
     65975   31.249177
     66000   29.771364
     66025   29.290781
     66050   29.226515
     66075   29.656320
     66100   30.578612
     66125   29.762906
     66150   28.867623
     66175   29.999003
     66200   29.396143
     66225   29.275322
     66250   28.146335
     66275   28.356288
     66300   28.238637
     66325   29.115993
     66350   29.747418
     66375   29.841406
     66400   29.015692
     66425   29.709912
     66450   29.962927
     66475   29.983391
     66500   29.552980
     66525   28.637098
     66550   28.194423
     66575   28.262299
     66600   28.413458
     66625   27.599628
     66650   27.876678
     66675   27.843426
     66700   27.128976
     66725   27.279922
     66750   27.786945
     66775   28.914035
     66800   28.241025
     66825   28.969894
     66850   27.781522
     66875   28.214929
     66900   27.775808
     66925   27.865212
     66950   28.328480
     66975   27.472851
     67000   27.512822
     67025   27.979632
     67050   28.596716
     67075   27.701119
     67100   27.824336
     67125   27.635578
     67150   27.900448
     67175   28.041217
     67200   27.291812
     67225   27.825337
     67250   27.297366
     67275   28.837930
     67300   27.286163
     67325   28.550120
     67350   29.055228
     67375   28.722664
     67400   29.010417
     67425   28.315644
     67450   27.888512
     67475   27.756296
     67500   26.885771
     67525   26.518065
     67550   26.727671
     67575   26.656160
     67600   26.282343
     67625   25.821333
     67650   25.442668
     67675   26.354642
     67700   27.187711
     67725   27.465336
     67750   27.609079
     67775   27.449856
     67800   26.664390
     67825   27.047585
     67850   27.236022
     67875   27.353412
     67900   27.095158
     67925   27.246277
     67950   27.056163
     67975   26.909375
     68000   28.238749
     68025   27.891669
     68050   27.834510
     68075   29.236027
     68100   27.947391
     68125   26.662665
     68150   26.640172
     68175   28.141500
     68200   27.091039
     68225   28.233869
     68250   27.630010
     68275   27.429344
     68300   27.204038
     68325   26.772415
     68350   27.425354
     68375   26.871780
     68400   28.120993
     68425   27.310600
     68450   26.935375
     68475   26.424759
     68500   26.268828
     68525   26.565225
     68550   26.271459
     68575   25.807972
     68600   27.173395
     68625   26.983374
     68650   26.116022
     68675   26.398364
     68700   26.249037
     68725   25.874429
     68750   26.384261
     68775   26.697057
     68800   26.282130
     68825   25.818933
     68850   25.854997
     68875   25.855576
     68900   25.962887
     68925   25.605104
     68950   25.842796
     68975   26.431481
     69000   25.623255
     69025   26.290696
     69050   26.368338
     69075   25.901068
     69100   25.114172
     69125   25.385378
     69150   25.982790
     69175   25.967406
     69200   25.374209
     69225   24.856487
     69250   26.151312
     69275   25.644999
     69300   25.385970
     69325   25.742092
     69350   24.631001
     69375   24.987094
     69400   25.891858
     69425   26.772261
     69450   24.854792
     69475   26.890010
     69500   26.972404
     69525   26.940060
     69550   27.636331
     69575   27.735916
     69600   26.857239
     69625   26.424103
     69650   27.210109
     69675   27.166483
     69700   26.088951
     69725   27.645371
     69750   27.793955
     69775   27.072956
     69800   27.647390
     69825   26.655275
     69850   26.805449
     69875   27.096087
     69900   26.790888
     69925   27.790863
     69950   27.731311
     69975   26.879296
     70000   26.754061
     70025   27.438109
     70050   28.139096
     70075   27.344563
     70100   26.086836
     70125   26.873894
     70150   27.082562
     70175   27.578545
     70200   27.953815
     70225   27.450254
     70250   27.142612
     70275   28.839666
     70300   27.150242
     70325   27.625933
     70350   26.011707
     70375   28.293359
     70400   27.384983
     70425   27.594107
     70450   26.845560
     70475   25.765858
     70500   25.785458
     70525   26.163321
     70550   26.202005
     70575   26.442993
     70600   25.682942
     70625   26.073614
     70650   26.143991
     70675   26.064732
     70700   25.353824
     70725   25.362903
     70750   25.099344
     70775   26.326033
     70800   25.295415
     70825   24.440609
     70850   25.160338
     70875   25.152549
     70900   23.898938
     70925   24.145994
     70950   24.340271
     70975   23.318524
     71000   22.694220
     71025   23.128388
     71050   22.414330
     71075   22.482897
     71100   22.172387
     71125   22.962159
     71150   23.958266
     71175   23.261975
     71200   23.463885
     71225   23.069059
     71250   22.870801
     71275   22.486531
     71300   23.004973
     71325   23.005135
     71350   22.329310
     71375   23.266479
     71400   23.534563
     71425   23.882899
     71450   24.437427
     71475   23.537413
     71500   23.661881
     71525   22.827657
     71550   23.965932
     71575   24.060612
     71600   23.673675
     71625   23.841249
     71650   24.759128
     71675   23.995562
     71700   24.939255
     71725   24.493564
     71750   23.958427
     71775   24.473252
     71800   24.882767
     71825   23.681969
     71850   23.535884
     71875   23.378037
     71900   24.183755
     71925   23.856879
     71950   24.247245
     71975   23.944804
     72000   24.069127
     72025   24.012546
     72050   24.574581
     72075   25.721004
     72100   24.943911
     72125   24.933806
     72150   24.891910
     72175   23.858236
     72200   24.224743
     72225   23.894686
     72250   24.428958
     72275   24.653440
     72300   25.240782
     72325   25.400441
     72350   25.423129
     72375   26.422339
     72400   25.009771
     72425   25.414620
     72450   25.424665
     72475   24.621300
     72500   25.444219
     72525   25.796870
     72550   25.541722
     72575   25.717196
     72600   26.069281
     72625   25.535569
     72650   26.204225
     72675   26.644426
     72700   26.579823
     72725   25.561673
     72750   26.019521
     72775   25.984475
     72800   26.710287
     72825   26.461988
     72850   26.132880
     72875   26.039112
     72900   25.799378
     72925   25.566196
     72950   25.696965
     72975   24.199805
     73000   25.215096
     73025   24.354624
     73050   25.472872
     73075   25.666458
     73100   26.051471
     73125   26.041737
     73150   25.198122
     73175   25.351462
     73200   25.324593
     73225   26.194132
     73250   25.481421
     73275   25.530832
     73300   26.526756
     73325   27.723021
     73350   27.359426
     73375   27.635943
     73400   27.121169
     73425   26.296224
     73450   26.847611
     73475   27.171145
     73500   25.661061
     73525   27.385798
     73550   26.531711
     73575   28.271822
     73600   28.114430
     73625   28.555681
     73650   28.940102
     73675   28.643764
     73700   29.204241
     73725   28.654113
     73750   28.291913
     73775   29.068118
     73800   28.741890
     73825   28.710887
     73850   28.577248
     73875   27.187588
     73900   26.802284
     73925   28.428987
     73950   28.290672
     73975   27.301804
     74000   28.363914
     74025   27.447854
     74050   28.181508
     74075   28.453359
     74100   28.398872
     74125   27.475228
     74150   28.860191
     74175   27.873241
     74200   27.677232
     74225   27.865583
     74250   28.069477
     74275   26.732265
     74300   27.426613
     74325   26.720057
     74350   28.000011
     74375   26.368556
     74400   25.646582
     74425   25.327105
     74450   26.886713
     74475   25.972561
     74500   27.668161
     74525   26.265044
     74550   26.860900
     74575   26.163384
     74600   27.600286
     74625   26.068616
     74650   27.307048
     74675   27.379813
     74700   27.238033
     74725   28.151242
     74750   28.063860
     74775   27.382323
     74800   28.672897
     74825   27.776909
     74850   26.948692
     74875   27.544214
     74900   26.869671
     74925   28.337282
     74950   27.369165
     74975   27.543181
     75000   26.019245
     75025   25.825469
     75050   26.041507
     75075   26.423630
     75100   25.727524
     75125   26.454423
     75150   25.556400
     75175   26.442717
     75200   26.670398
     75225   25.888459
     75250   26.680581
     75275   26.806864
     75300   26.037811
     75325   26.583239
     75350   26.560766
     75375   27.546727
     75400   27.664272
     75425   27.005817
     75450   27.156110
     75475   26.520545
     75500   26.653593
     75525   27.466100
     75550   26.752885
     75575   26.500311
     75600   26.566904
     75625   25.768968
     75650   25.660195
     75675   26.168634
     75700   26.437963
     75725   26.833191
     75750   26.583288
     75775   27.498932
     75800   26.207484
     75825   27.899477
     75850   27.672562
     75875   27.266379
     75900   27.190772
     75925   27.392986
     75950   26.258388
     75975   26.608728
     76000   26.344446
     76025   26.400263
     76050   26.928158
     76075   27.673393
     76100   27.674307
     76125   27.783904
     76150   27.502864
     76175   27.010879
     76200   26.910952
     76225   25.456293
     76250   26.521126
     76275   25.254088
     76300   26.122872
     76325   26.582393
     76350   26.424767
     76375   25.575049
     76400   26.315626
     76425   26.954720
     76450   27.391907
     76475   26.475403
     76500   26.198598
     76525   28.213335
     76550   27.567704
     76575   28.034612
     76600   26.382920
     76625   27.276670
     76650   27.578999
     76675   28.514900
     76700   26.381798
     76725   27.950625
     76750   27.795099
     76775   26.174197
     76800   26.440869
     76825   26.484017
     76850   27.325935
     76875   27.024073
     76900   26.310949
     76925   26.119511
     76950   26.590838
     76975   26.895793
     77000   26.820989
     77025   26.623328
     77050   26.220429
     77075   25.745088
     77100   26.078131
     77125   26.544248
     77150   27.433460
     77175   27.202601
     77200   26.617043
     77225   26.712614
     77250   26.641277
     77275   26.470414
     77300   25.524267
     77325   25.751815
     77350   25.523021
     77375   25.388510
     77400   26.010090
     77425   25.536693
     77450   25.480669
     77475   25.357178
     77500   26.301243
     77525   26.519667
     77550   26.033109
     77575   25.775178
     77600   25.527140
     77625   25.810514
     77650   25.749115
     77675   25.562175
     77700   25.817894
     77725   26.488002
     77750   25.935109
     77775   25.715730
     77800   26.498899
     77825   25.649813
     77850   25.045800
     77875   25.369046
     77900   25.549239
     77925   25.102654
     77950   24.737117
     77975   24.202424
     78000   23.251846
     78025   23.265854
     78050   23.836177
     78075   23.462280
     78100   23.094715
     78125   24.571192
     78150   24.312783
     78175   23.902291
     78200   24.323360
     78225   22.770690
     78250   23.283831
     78275   24.016200
     78300   24.605919
     78325   24.371909
     78350   23.158912
     78375   23.358780
     78400   24.093927
     78425   24.337311
     78450   23.874899
     78475   25.370795
     78500   24.380206
     78525   24.851261
     78550   24.216023
     78575   24.082175
     78600   23.667373
     78625   24.348019
     78650   23.334501
     78675   23.340985
     78700   23.217299
     78725   22.505180
     78750   22.320088
     78775   22.339545
     78800   22.589500
     78825   22.086853
     78850   22.878591
     78875   22.921444
     78900   22.854915
     78925   22.361187
     78950   22.395657
     78975   22.789108
     79000   23.886299
     79025   23.009135
     79050   24.087905
     79075   23.386828
     79100   24.573746
     79125   23.105348
     79150   23.565789
     79175   23.437476
     79200   23.073814
     79225   22.981910
     79250   22.868900
     79275   22.795989
     79300   22.711244
     79325   23.618215
     79350   24.073513
     79375   23.530251
     79400   23.570947
     79425   23.860272
     79450   24.823973
     79475   25.527089
     79500   25.372087
     79525   25.975956
     79550   25.005151
     79575   24.869513
     79600   24.340479
     79625   24.898596
     79650   23.884580
     79675   24.816317
     79700   24.693790
     79725   24.261703
     79750   24.425307
     79775   24.448821
     79800   25.097176
     79825   25.279522
     79850   25.181733
     79875   24.840028
     79900   24.760402
     79925   24.656661
     79950   23.737380
     79975   23.440996
     80000   23.744412
     80025   23.566079
     80050   23.591725
     80075   23.619284
     80100   23.941331
     80125   24.839234
     80150   24.186806
     80175   24.624239
     80200   25.110226
     80225   25.101683
     80250   25.686700
     80275   25.275512
     80300   25.202596
     80325   24.336690
     80350   24.231364
     80375   23.394086
     80400   23.512598
     80425   22.880196
     80450   24.180253
     80475   23.409166
     80500   23.346862
     80525   23.419772
     80550   23.054517
     80575   23.740955
     80600   24.011182
     80625   24.403596
     80650   23.453037
     80675   23.593811
     80700   22.935069
     80725   23.476852
     80750   23.493774
     80775   22.435188
     80800   23.286954
     80825   24.220978
     80850   23.567981
     80875   23.632107
     80900   23.430008
     80925   23.205348
     80950   22.993317
     80975   22.818588
     81000   22.978869
     81025   24.200971
     81050   22.854536
     81075   22.763889
     81100   23.115278
     81125   22.518485
     81150   22.513382
     81175   21.612929
     81200   22.022764
     81225   22.260705
     81250   22.234699
     81275   22.306849
     81300   22.730751
     81325   22.827710
     81350   21.684089
     81375   22.385477
     81400   23.358098
     81425   23.883515
     81450   23.984913
     81475   23.267183
     81500   22.985992
     81525   22.464114
     81550   22.695869
     81575   22.847314
     81600   22.554537
     81625   22.980003
     81650   22.589233
     81675   22.654850
     81700   22.939659
     81725   22.840162
     81750   22.887798
     81775   22.107338
     81800   22.767946
     81825   22.437851
     81850   22.477797
     81875   22.345185
     81900   22.897934
     81925   23.291050
     81950   24.515922
     81975   24.336896
     82000   24.773898
     82025   24.311838
     82050   24.975588
     82075   23.583888
     82100   23.714087
     82125   24.481617
     82150   24.343143
     82175   25.430913
     82200   26.039119
     82225   25.409364
     82250   26.098285
     82275   25.331012
     82300   26.124924
     82325   25.365795
     82350   24.585404
     82375   24.355044
     82400   25.017070
     82425   24.766306
     82450   24.826351
     82475   23.812563
     82500   24.813275
     82525   25.423802
     82550   24.369190
     82575   23.921273
     82600   23.810417
     82625   23.578974
     82650   23.058432
     82675   23.754748
     82700   23.579400
     82725   23.242915
     82750   24.310337
     82775   24.187191
     82800   25.388117
     82825   24.452914
     82850   23.994025
     82875   24.521239
     82900   24.768086
     82925   24.364996
     82950   23.624228
     82975   23.922434
     83000   24.271202
     83025   24.549469
     83050   23.918896
     83075   24.123712
     83100   24.013286
     83125   24.892523
     83150   24.263229
     83175   24.564497
     83200   24.380732
     83225   26.189609
     83250   24.619716
     83275   25.322638
     83300   24.604193
     83325   25.306167
     83350   24.445439
     83375   25.452299
     83400   25.444747
     83425   25.105322
     83450   26.000433
     83475   25.784270
     83500   26.280327
     83525   25.252337
     83550   26.025950
     83575   27.030286
     83600   27.342020
     83625   27.130595
     83650   27.085700
     83675   27.629146
     83700   27.972567
     83725   28.630166
     83750   28.509825
     83775   27.895163
     83800   27.977423
     83825   27.843567
     83850   28.170057
     83875   28.371923
     83900   27.191617
     83925   27.123161
     83950   28.007529
     83975   26.669865
     84000   25.700000
     84025   26.606872
     84050   26.192977
     84075   26.896436
     84100   27.500588
     84125   25.813550
     84150   26.534240
     84175   26.409795
     84200   26.353805
     84225   27.031028
     84250   27.306732
     84275   25.745575
     84300   25.344030
     84325   25.488718
     84350   24.869451
     84375   26.002647
     84400   25.612496
     84425   25.207303
     84450   25.947968
     84475   25.867369
     84500   25.554353
     84525   26.037328
     84550   25.961558
     84575   25.733816
     84600   25.700907
     84625   26.424583
     84650   25.737448
     84675   26.147201
     84700   25.830411
     84725   25.613807
     84750   25.153917
     84775   26.116280
     84800   25.942407
     84825   25.186275
     84850   25.414957
     84875   25.629882
     84900   25.634892
     84925   25.584354
     84950   24.606978
     84975   25.790616
     85000   24.132047
     85025   24.623064
     85050   24.827727
     85075   24.096738
     85100   24.501692
     85125   24.736993
     85150   24.974908
     85175   24.221352
     85200   25.034747
     85225   25.560366
     85250   25.341674
     85275   25.807713
     85300   26.292743
     85325   26.359689
     85350   26.850686
     85375   25.873032
     85400   26.163964
     85425   26.343950
     85450   25.650364
     85475   24.817967
     85500   25.790629
     85525   26.018840
     85550   26.470635
     85575   27.375091
     85600   25.435179
     85625   26.453453
     85650   26.956815
     85675   26.852071
     85700   26.656368
     85725   27.634106
     85750   26.314906
     85775   26.222406
     85800   26.711136
     85825   25.257341
     85850   27.438831
     85875   27.564936
     85900   28.005460
     85925   27.155575
     85950   28.263856
     85975   27.230086
     86000   27.519169
     86025   26.923944
     86050   26.797637
     86075   26.955479
     86100   27.133017
     86125   27.117015
     86150   26.960757
     86175   27.224152
     86200   26.392903
     86225   26.349303
     86250   25.545638
     86275   25.864651
     86300   26.924160
     86325   26.505993
     86350   25.871989
     86375   26.064536
     86400   25.510917
     86425   26.432123
     86450   27.377104
     86475   25.785611
     86500   26.639703
     86525   26.850393
     86550   26.626030
     86575   26.709944
     86600   26.600978
     86625   26.841047
     86650   28.408779
     86675   27.264437
     86700   26.824946
     86725   27.174833
     86750   26.238059
     86775   26.600191
     86800   25.823865
     86825   25.270405
     86850   25.958377
     86875   26.507952
     86900   26.425629
     86925   25.949819
     86950   27.346372
     86975   26.903849
     87000   27.291196
     87025   26.599992
     87050   26.562159
     87075   27.348607
     87100   26.766328
     87125   27.012028
     87150   27.290845
     87175   26.760420
     87200   27.095025
     87225   26.888521
     87250   26.251781
     87275   25.590650
     87300   26.271257
     87325   25.548356
     87350   26.961677
     87375   25.794698
     87400   26.473665
     87425   26.601601
     87450   26.622546
     87475   27.263673
     87500   26.658059
     87525   26.569613
     87550   26.327657
     87575   26.456642
     87600   25.684465
     87625   25.862223
     87650   26.008972
     87675   26.827150
     87700   26.161470
     87725   26.590209
     87750   27.061891
     87775   26.846843
     87800   26.777536
     87825   26.684594
     87850   26.955669
     87875   26.315541
     87900   26.765460
     87925   26.976548
     87950   27.546345
     87975   26.992323
     88000   27.216122
     88025   27.604724
     88050   27.219959
     88075   26.315185
     88100   26.920003
     88125   27.122306
     88150   26.864458
     88175   26.389669
     88200   26.835097
     88225   26.245397
     88250   27.369242
     88275   26.648327
     88300   26.047195
     88325   24.653073
     88350   24.683711
     88375   24.575820
     88400   25.375005
     88425   25.562555
     88450   24.714545
     88475   25.939276
     88500   25.684828
     88525   25.928030
     88550   25.474098
     88575   24.836509
     88600   24.716758
     88625   25.758592
     88650   25.600755
     88675   25.314508
     88700   24.924815
     88725   24.580860
     88750   25.446302
     88775   25.941765
     88800   24.999392
     88825   25.231583
     88850   25.653283
     88875   25.627080
     88900   25.434952
     88925   25.583313
     88950   25.903915
     88975   25.979518
     89000   25.755743
     89025   25.403706
     89050   26.339726
     89075   26.222492
     89100   26.265510
     89125   26.587048
     89150   25.745932
     89175   25.668109
     89200   25.943275
     89225   24.904322
     89250   24.748296
     89275   25.810275
     89300   24.941224
     89325   26.655930
     89350   26.040168
     89375   25.647722
     89400   24.851090
     89425   26.128906
     89450   25.519651
     89475   25.702761
     89500   25.214589
     89525   26.154806
     89550   26.451900
     89575   26.118579
     89600   25.611374
     89625   27.252938
     89650   27.024757
     89675   26.331428
     89700   26.346878
     89725   26.564620
     89750   26.168461
     89775   25.821506
     89800   25.016019
     89825   24.432304
     89850   24.164354
     89875   24.581575
     89900   24.373653
     89925   24.880649
     89950   24.794225
     89975   24.677552
     90000   23.869601
     90025   26.102405
     90050   25.252246
     90075   26.263893
     90100   25.876537
     90125   26.993861
     90150   24.840204
     90175   25.608142
     90200   24.943164
     90225   23.603157
     90250   24.102759
     90275   23.561258
     90300   24.241571
     90325   25.118535
     90350   26.147786
     90375   24.486869
     90400   24.595308
     90425   24.721530
     90450   24.254866
     90475   24.264713
     90500   25.055997
     90525   25.114301
     90550   24.988849
     90575   23.987302
     90600   24.768101
     90625   24.545551
     90650   25.390974
     90675   24.410675
     90700   24.041282
     90725   24.469425
     90750   23.796407
     90775   23.870333
     90800   24.604793
     90825   23.202379
     90850   24.058104
     90875   22.894746
     90900   22.543517
     90925   22.399946
     90950   22.334552
     90975   22.995382
     91000   21.975211
     91025   21.943236
     91050   21.479417
     91075   22.359877
     91100   23.045108
     91125   22.240730
     91150   22.165080
     91175   22.154111
     91200   22.288165
     91225   21.986271
     91250   21.697240
     91275   22.342134
     91300   22.307443
     91325   22.176103
     91350   22.270182
     91375   22.534955
     91400   22.759106
     91425   22.692970
     91450   22.811256
     91475   22.225821
     91500   22.091556
     91525   21.823389
     91550   21.570524
     91575   22.738983
     91600   22.449470
     91625   21.508986
     91650   21.328657
     91675   21.118600
     91700   22.158330
     91725   22.525359
     91750   21.679986
     91775   21.891480
     91800   23.141250
     91825   23.337843
     91850   22.225920
     91875   22.357023
     91900   22.613995
     91925   22.841611
     91950   22.196403
     91975   23.724379
     92000   23.349304
     92025   23.674546
     92050   22.885224
     92075   23.409872
     92100   23.336341
     92125   23.300201
     92150   23.613180
     92175   23.408635
     92200   23.009783
     92225   22.941650
     92250   23.380261
     92275   23.421495
     92300   24.459578
     92325   23.974665
     92350   24.325097
     92375   26.486354
     92400   25.332213
     92425   24.388282
     92450   23.375815
     92475   22.971116
     92500   23.030336
     92525   23.563095
     92550   23.593408
     92575   23.238255
     92600   23.150519
     92625   23.803933
     92650   23.781252
     92675   23.975410
     92700   24.075680
     92725   24.348479
     92750   23.577130
     92775   23.995608
     92800   23.215495
     92825   23.233480
     92850   23.324746
     92875   23.078890
     92900   23.266450
     92925   23.031419
     92950   23.113003
     92975   22.792133
     93000   22.759715
     93025   23.787561
     93050   23.203934
     93075   22.792695
     93100   23.403403
     93125   22.139495
     93150   22.974923
     93175   23.535164
     93200   23.220638
     93225   22.681230
     93250   23.135529
     93275   22.987887
     93300   23.931290
     93325   23.113023
     93350   23.653988
     93375   24.173133
     93400   23.389362
     93425   23.710453
     93450   23.081174
     93475   23.954555
     93500   24.118029
     93525   24.445868
     93550   23.648653
     93575   22.465486
     93600   22.681627
     93625   23.229494
     93650   23.360591
     93675   22.868458
     93700   24.020359
     93725   24.608210
     93750   23.491608
     93775   23.628420
     93800   24.334374
     93825   23.988125
     93850   24.089374
     93875   24.206089
     93900   24.436181
     93925   25.500254
     93950   24.626340
     93975   23.415983
     94000   25.297835
     94025   24.658370
     94050   23.935407
     94075   24.638138
     94100   25.330380
     94125   25.281325
     94150   25.622684
     94175   26.517623
     94200   25.540862
     94225   25.608158
     94250   25.768779
     94275   25.139648
     94300   25.772280
     94325   25.567110
     94350   25.320326
     94375   25.654843
     94400   26.160283
     94425   25.224035
     94450   26.611462
     94475   25.826910
     94500   24.749952
     94525   24.969967
     94550   24.185024
     94575   25.304039
     94600   25.365065
     94625   24.891660
     94650   25.598787
     94675   25.890826
     94700   24.896147
     94725   26.191094
     94750   26.960515
     94775   27.004497
     94800   26.780894
     94825   26.634921
     94850   25.633035
     94875   26.201051
     94900   26.880138
     94925   26.478227
     94950   25.680891
     94975   26.170242
     95000   26.245589
     95025   26.062191
     95050   26.430724
     95075   26.753968
     95100   27.273411
     95125   26.410159
     95150   26.223246
     95175   27.115700
     95200   26.562618
     95225   25.748332
     95250   26.772978
     95275   26.862869
     95300   27.742944
     95325   27.219041
     95350   26.878520
     95375   26.855702
     95400   26.828260
     95425   27.987709
     95450   27.194144
     95475   27.362612
     95500   27.782302
     95525   27.938206
     95550   27.574868
     95575   27.597947
     95600   27.317924
     95625   27.025840
     95650   28.088081
     95675   27.452072
     95700   27.512273
     95725   26.855910
     95750   27.378469
     95775   27.756228
     95800   27.345023
     95825   26.919170
     95850   25.627275
     95875   25.336704
     95900   25.406704
     95925   25.172164
     95950   26.191559
     95975   24.842977
     96000   24.771766
     96025   24.231803
     96050   24.685356
     96075   23.799515
     96100   24.548936
     96125   24.718430
     96150   23.639739
     96175   23.367407
     96200   23.914977
     96225   24.311736
     96250   24.674512
     96275   24.225279
     96300   25.097796
     96325   24.817293
     96350   24.796567
     96375   24.770112
     96400   24.578504
     96425   24.275250
     96450   24.252785
     96475   23.844250
     96500   24.263139
     96525   23.296796
     96550   23.865081
     96575   23.422784
     96600   23.814106
     96625   23.626351
     96650   23.889044
     96675   24.574366
     96700   24.032951
     96725   24.239131
     96750   24.528705
     96775   24.796001
     96800   24.596369
     96825   24.671618
     96850   23.827655
     96875   23.718622
     96900   24.714593
     96925   24.990486
     96950   25.148468
     96975   25.337102
     97000   25.976223
     97025   26.009366
     97050   26.612885
     97075   25.970894
     97100   25.949801
     97125   25.301019
     97150   24.643873
     97175   24.270894
     97200   24.440970
     97225   24.944947
     97250   26.248172
     97275   25.255732
     97300   24.731781
     97325   24.438873
     97350   23.802110
     97375   23.522560
     97400   24.537185
     97425   23.660098
     97450   24.912206
     97475   25.098192
     97500   25.390708
     97525   25.574651
     97550   24.984024
     97575   24.644551
     97600   24.999321
     97625   25.583227
     97650   24.503572
     97675   24.631699
     97700   24.643356
     97725   24.778160
     97750   24.279497
     97775   24.398920
     97800   24.298248
     97825   23.839789
     97850   24.690374
     97875   23.952783
     97900   24.954772
     97925   24.774366
     97950   24.084485
     97975   24.538710
     98000   24.779520
     98025   23.858153
     98050   23.646336
     98075   23.973747
     98100   24.071083
     98125   24.400975
     98150   24.317108
     98175   24.008433
     98200   24.551108
     98225   23.611865
     98250   23.715156
     98275   24.205578
     98300   24.141061
     98325   24.072154
     98350   24.347019
     98375   24.106257
     98400   24.108789
     98425   23.858415
     98450   23.897901
     98475   23.405563
     98500   24.612676
     98525   24.103488
     98550   24.699664
     98575   24.667789
     98600   24.487556
     98625   24.390725
     98650   24.209724
     98675   23.928148
     98700   24.079424
     98725   23.972444
     98750   23.784967
     98775   24.273852
     98800   24.897131
     98825   24.535919
     98850   25.060118
     98875   23.976660
     98900   24.461123
     98925   23.699690
     98950   25.611426
     98975   25.045358
     99000   25.075446
     99025   25.690165
     99050   24.405148
     99075   24.375210
     99100   25.814452
     99125   26.252114
     99150   25.028822
     99175   26.065626
     99200   26.174724
     99225   26.889182
     99250   25.529274
     99275   24.717032
     99300   24.015311
     99325   25.518761
     99350   25.454372
     99375   25.235691
     99400   24.232382
     99425   25.003593
     99450   24.991989
     99475   25.050126
     99500   24.957913
     99525   25.008728
     99550   24.961347
     99575   25.002420
     99600   25.221987
     99625   24.988131
     99650   25.633211
     99675   24.482706
     99700   24.361169
     99725   25.086774
     99750   25.062980
     99775   25.655323
     99800   24.858976
     99825   24.426202
     99850   26.043521
     99875   25.890749
     99900   26.365923
     99925   25.421879
     99950   26.318688
     99975   26.163609
    100000   25.987022
    100025   27.421721
    100050   26.785793
    100075   26.571638
    100100   25.379403
    100125   26.250470
    100150   27.282642
    100175   27.462652
    100200   26.393227
    100225   27.337273
    100250   27.084470
    100275   26.681346
    100300   27.020041
    100325   26.929544
    100350   27.617485
    100375   26.546294
    100400   27.009869
    100425   26.479023
    100450   26.745330
    100475   25.668031
    100500   25.742627
    100525   26.532926
    100550   24.691282
    100575   26.200798
    100600   25.473690
    100625   25.312070
    100650   25.983773
    100675   25.512685
    100700   26.166975
    100725   26.779200
    100750   26.587963
    100775   26.491634
    100800   25.793749
    100825   27.095790
    100850   27.231198
    100875   26.359818
    100900   26.040985
    100925   26.715094
    100950   27.070228
    100975   26.312445
    101000   27.150647
    101025   26.261440
    101050   26.116354
    101075   25.526216
    101100   25.853874
    101125   26.460351
    101150   25.428011
    101175   24.695758
    101200   24.786638
    101225   25.906047
    101250   26.473745
    101275   26.889711
    101300   26.335954
    101325   25.816650
    101350   26.177878
    101375   26.602187
    101400   27.080198
    101425   27.253163
    101450   26.955748
    101475   25.959125
    101500   26.643433
    101525   26.217635
    101550   26.473076
    101575   27.202332
    101600   27.107329
    101625   26.756503
    101650   26.575876
    101675   27.049968
    101700   27.549099
    101725   26.571254
    101750   27.899963
    101775   28.555810
    101800   28.549789
    101825   29.471419
    101850   28.132154
    101875   28.087040
    101900   27.966618
    101925   28.854577
    101950   28.632031
    101975   28.359112
    102000   28.551746
    102025   28.846023
    102050   29.519551
    102075   28.514980
    102100   28.497701
    102125   28.023525
    102150   29.456241
    102175   28.779274
    102200   28.859137
    102225   28.903619
    102250   28.803378
    102275   28.851801
    102300   29.393460
    102325   27.761192
    102350   26.531116
    102375   26.975399
    102400   27.249694
    102425   26.973923
    102450   28.103194
    102475   27.605699
    102500   27.620564
    102525   27.547623
    102550   27.747870
    102575   27.355800
    102600   28.170510
    102625   27.613891
    102650   27.704860
    102675   26.916666
    102700   27.071441
    102725   27.061509
    102750   26.874989
    102775   26.140909
    102800   25.789081
    102825   25.001723
    102850   26.130264
    102875   26.334957
    102900   26.409153
    102925   26.660199
    102950   26.582830
    102975   26.220016
    103000   25.591295
    103025   25.167102
    103050   26.026828
    103075   26.540022
    103100   26.026618
    103125   25.234046
    103150   25.501241
    103175   25.349444
    103200   25.336481
    103225   23.362781
    103250   23.666116
    103275   24.603021
    103300   24.821223
    103325   24.319064
    103350   25.140791
    103375   25.219733
    103400   26.373475
    103425   26.496475
    103450   25.634029
    103475   25.928477
    103500   26.013897
    103525   25.268885
    103550   25.171870
    103575   24.791267
    103600   24.807432
    103625   24.475018
    103650   23.718431
    103675   23.570074
    103700   23.391382
    103725   24.778783
    103750   23.530208
    103775   24.264284
    103800   23.146570
    103825   24.402919
    103850   24.103891
    103875   24.513963
    103900   24.723769
    103925   24.926556
    103950   24.627182
    103975   23.973806
    104000   24.638808
    104025   24.372157
    104050   24.780901
    104075   25.199907
    104100   24.426962
    104125   26.124445
    104150   25.301242
    104175   25.601944
    104200   25.164782
    104225   25.278095
    104250   24.839129
    104275   24.715610
    104300   24.744042
    104325   24.546460
    104350   24.777486
    104375   24.921837
    104400   24.192851
    104425   24.406627
    104450   24.067342
    104475   24.486812
    104500   24.038302
    104525   24.564274
    104550   23.478699
    104575   23.767895
    104600   24.005675
    104625   24.557416
    104650   23.629011
    104675   24.470294
    104700   24.181597
    104725   24.458782
    104750   24.635872
    104775   25.370824
    104800   25.658799
    104825   25.900410
    104850   25.105754
    104875   25.060756
    104900   25.938008
    104925   24.824448
    104950   24.754256
    104975   24.532222
    105000   26.035516
    105025   25.688493
    105050   26.063794
    105075   24.939295
    105100   24.658299
    105125   24.674375
    105150   25.198463
    105175   25.990548
    105200   25.897602
    105225   26.292175
    105250   25.743971
    105275   26.914456
    105300   25.988828
    105325   25.924180
    105350   25.209146
    105375   25.723538
    105400   25.367631
    105425   25.962133
    105450   25.549702
    105475   26.034497
    105500   26.570787
    105525   26.721771
    105550   27.070154
    105575   26.714520
    105600   27.060349
    105625   26.562557
    105650   26.925872
    105675   26.552417
    105700   26.535179
    105725   27.016669
    105750   27.156618
    105775   27.158801
    105800   27.427781
    105825   27.762043
    105850   27.649156
    105875   26.864913
    105900   27.754662
    105925   27.276487
    105950   27.618058
    105975   28.599882
    106000   27.659885
    106025   27.800859
    106050   27.476654
    106075   27.735146
    106100   28.448092
    106125   28.422868
    106150   27.723101
    106175   27.249392
    106200   27.628112
    106225   27.243472
    106250   27.340908
    106275   26.545904
    106300   27.088645
    106325   26.895443
    106350   26.284906
    106375   26.441425
    106400   27.285580
    106425   27.128417
    106450   27.267946
    106475   27.557664
    106500   26.958850
    106525   27.836103
    106550   27.534405
    106575   27.865357
    106600   27.721231
    106625   27.707307
    106650   26.381797
    106675   27.516274
    106700   27.526130
    106725   27.668267
    106750   27.361454
    106775   26.644438
    106800   28.446658
    106825   27.416629
    106850   28.046227
    106875   27.944705
    106900   27.000661
    106925   29.066837
    106950   28.969342
    106975   28.952142
    107000   28.489972
    107025   28.861874
    107050   28.186534
    107075   28.578696
    107100   27.694216
    107125   27.123401
    107150   27.113834
    107175   28.064172
    107200   27.872752
    107225   27.814399
    107250   28.530316
    107275   29.221053
    107300   28.903007
    107325   28.566987
    107350   28.004858
    107375   28.561344
    107400   28.508105
    107425   28.358384
    107450   27.830927
    107475   28.230223
    107500   27.930434
    107525   28.203425
    107550   28.580824
    107575   29.058282
    107600   27.930446
    107625   27.601778
    107650   28.329005
    107675   26.793036
    107700   27.471058
    107725   27.766428
    107750   28.167375
    107775   28.105945
    107800   27.232743
    107825   26.830250
    107850   27.497623
    107875   26.474315
    107900   25.578859
    107925   25.923831
    107950   25.808648
    107975   26.387176
    108000   26.776081
    108025   26.553090
    108050   27.737462
    108075   26.902320
    108100   28.216853
    108125   26.734985
    108150   26.646501
    108175   26.747630
    108200   26.592458
    108225   27.356491
    108250   27.634815
    108275   26.408522
    108300   26.673984
    108325   26.033996
    108350   26.887791
    108375   26.645849
    108400   28.283257
    108425   26.394425
    108450   26.525461
    108475   26.847115
    108500   27.261163
    108525   27.534947
    108550   27.195264
    108575   26.998320
    108600   26.525607
    108625   26.025825
    108650   28.061162
    108675   28.091508
    108700   27.171938
    108725   27.682372
    108750   26.617745
    108775   27.895425
    108800   27.279527
    108825   28.075450
    108850   28.356130
    108875   26.817096
    108900   27.771069
    108925   28.022357
    108950   27.709477
    108975   27.427818
    109000   26.150261
    109025   26.979739
    109050   27.181324
    109075   27.281294
    109100   27.049458
    109125   26.611641
    109150   25.882652
    109175   25.360950
    109200   26.155640
    109225   26.346462
    109250   26.590940
    109275   26.578022
    109300   27.084644
    109325   26.818176
    109350   26.032510
    109375   27.395730
    109400   26.450210
    109425   26.297738
    109450   25.626755
    109475   26.541869
    109500   26.175256
    109525   25.908894
    109550   26.601483
    109575   25.955971
    109600   26.535290
    109625   26.775769
    109650   26.666806
    109675   27.183033
    109700   27.424428
    109725   28.695253
    109750   27.276347
    109775   27.659141
    109800   28.147271
    109825   27.632868
    109850   27.206464
    109875   28.323668
    109900   27.523144
    109925   27.628949
    109950   27.245697
    109975   26.721803
    110000   28.208845
    110025   27.745469
    110050   26.606941
    110075   26.426902
    110100   24.843949
    110125   26.899475
    110150   26.809556
    110175   27.498208
    110200   28.415069
    110225   27.492082
    110250   27.323168
    110275   27.247230
    110300   27.133433
    110325   26.591994
    110350   26.299000
    110375   27.937546
    110400   26.968410
    110425   26.306784
    110450   27.364934
    110475   26.484752
    110500   26.473154
    110525   26.501205
    110550   27.802969
    110575   27.468557
    110600   27.125938
    110625   27.631604
    110650   26.170586
    110675   26.998095
    110700   26.828403
    110725   26.172014
    110750   26.679659
    110775   26.931008
    110800   27.040096
    110825   27.729481
    110850   27.392142
    110875   28.628192
    110900   27.493086
    110925   27.120785
    110950   27.883049
    110975   27.587006
    111000   26.669029
    111025   27.889730
    111050   26.147920
    111075   27.543087
    111100   26.411639
    111125   26.945999
    111150   28.090304
    111175   27.434718
    111200   28.518170
    111225   27.141142
    111250   27.981183
    111275   27.507282
    111300   27.714121
    111325   28.138403
    111350   27.345556
    111375   27.971872
    111400   29.064598
    111425   28.804865
    111450   28.486776
    111475   28.312475
    111500   27.574962
    111525   27.955531
    111550   28.096301
    111575   28.897493
    111600   28.388548
    111625   27.983968
    111650   29.088410
    111675   28.530901
    111700   27.944369
    111725   28.072878
    111750   28.163077
    111775   28.267100
    111800   29.760753
    111825   29.333214
    111850   29.104941
    111875   28.949239
    111900   27.562636
    111925   27.252810
    111950   27.358144
    111975   28.537293
    112000   27.830889
    112025   28.004957
    112050   27.203673
    112075   27.271145
    112100   26.666596
    112125   27.347193
    112150   27.485494
    112175   26.517753
    112200   27.325178
    112225   26.329616
    112250   25.829933
    112275   26.760412
    112300   25.610085
    112325   25.986783
    112350   25.044135
    112375   26.076998
    112400   25.568823
    112425   25.386535
    112450   25.844993
    112475   25.905473
    112500   25.992308
    112525   25.007600
    112550   25.431401
    112575   26.081501
    112600   25.757987
    112625   24.993160
    112650   24.770909
    112675   25.816257
    112700   24.699299
    112725   26.420338
    112750   26.247364
    112775   26.032315
    112800   25.368349
    112825   25.975405
    112850   25.675033
    112875   26.041998
    112900   26.524724
    112925   25.913588
    112950   27.081810
    112975   25.798785
    113000   25.275545
    113025   26.371218
    113050   25.581091
    113075   26.905404
    113100   26.360577
    113125   26.416815
    113150   25.862179
    113175   24.939655
    113200   25.687396
    113225   25.126586
    113250   25.578307
    113275   24.382365
    113300   24.249515
    113325   24.801396
    113350   25.108592
    113375   25.088252
    113400   24.981465
    113425   24.678579
    113450   25.232323
    113475   25.476041
    113500   25.173665
    113525   26.467181
    113550   26.127520
    113575   26.100816
    113600   26.220951
    113625   26.322554
    113650   26.563176
    113675   26.172989
    113700   26.165184
    113725   25.816354
    113750   25.912753
    113775   25.900848
    113800   26.686885
    113825   24.979585
    113850   25.662229
    113875   26.044361
    113900   25.662860
    113925   27.198023
    113950   25.577579
    113975   26.518929
    114000   27.234774
    114025   26.283200
    114050   24.885441
    114075   24.619209
    114100   24.446131
    114125   24.226495
    114150   24.246577
    114175   25.297238
    114200   25.167527
    114225   25.459248
    114250   25.401320
    114275   25.461106
    114300   24.939416
    114325   25.537190
    114350   25.535069
    114375   25.838500
    114400   25.691005
    114425   24.873859
    114450   25.860947
    114475   26.169207
    114500   25.791350
    114525   26.271811
    114550   27.096740
    114575   26.380124
    114600   26.914053
    114625   25.747981
    114650   25.023605
    114675   25.741691
    114700   25.193623
    114725   25.355836
    114750   26.099038
    114775   26.078397
    114800   25.462873
    114825   25.569759
    114850   26.591595
    114875   25.528325
    114900   25.920084
    114925   26.251149
    114950   26.675518
    114975   25.882476
    115000   25.250605
    115025   25.097381
    115050   24.463106
    115075   25.325888
    115100   25.269421
    115125   26.229160
    115150   26.346680
    115175   26.871402
    115200   26.063882
    115225   26.236626
    115250   25.692512
    115275   25.058462
    115300   25.114826
    115325   26.503732
    115350   25.962515
    115375   26.070322
    115400   25.910815
    115425   27.420158
    115450   26.575176
    115475   26.359831
    115500   26.148941
    115525   26.439932
    115550   25.928169
    115575   25.073866
    115600   24.391812
    115625   23.897534
    115650   24.712900
    115675   25.089051
    115700   24.924789
    115725   24.487330
    115750   24.411595
    115775   25.279167
    115800   25.131366
    115825   24.676695
    115850   25.878364
    115875   25.956079
    115900   25.873251
    115925   25.489175
    115950   25.521112
    115975   25.227595
    116000   24.717602
    116025   25.791366
    116050   25.302385
    116075   24.894611
    116100   25.266589
    116125   25.563131
    116150   26.095288
    116175   25.662359
    116200   24.830326
    116225   25.816190
    116250   25.311906
    116275   25.340606
    116300   24.846781
    116325   25.116797
    116350   24.656326
    116375   25.830198
    116400   24.821427
    116425   25.610933
    116450   26.111917
    116475   26.031205
    116500   27.028083
    116525   25.882286
    116550   26.349559
    116575   25.904631
    116600   26.823896
    116625   26.812235
    116650   26.768780
    116675   27.362469
    116700   27.399312
    116725   27.521548
    116750   27.778179
    116775   27.342539
    116800   27.158958
    116825   27.799916
    116850   26.507179
    116875   26.627580
    116900   26.731403
    116925   27.031487
    116950   27.245009
    116975   25.737318
    117000   26.849568
    117025   26.644575
    117050   27.312200
    117075   27.811516
    117100   27.165629
    117125   26.246385
    117150   26.106957
    117175   26.072659
    117200   26.124176
    117225   25.778466
    117250   25.996315
    117275   26.755608
    117300   27.263855
    117325   26.542526
    117350   27.786400
    117375   26.593849
    117400   26.222246
    117425   26.772162
    117450   27.066602
    117475   26.300957
    117500   27.148368
    117525   26.646585
    117550   25.687220
    117575   26.707288
    117600   27.283768
    117625   26.557075
    117650   26.797703
    117675   26.623983
    117700   26.602368
    117725   26.973292
    117750   26.615887
    117775   25.490718
    117800   26.803824
    117825   26.542283
    117850   27.107447
    117875   26.466376
    117900   26.825901
    117925   26.935274
    117950   26.754569
    117975   25.918919
    118000   26.710870
    118025   26.354113
    118050   26.424390
    118075   26.580045
    118100   26.475003
    118125   26.737941
    118150   25.775903
    118175   24.849271
    118200   25.027418
    118225   25.736182
    118250   25.887653
    118275   25.291410
    118300   24.819660
    118325   24.653914
    118350   24.711413
    118375   24.785578
    118400   24.878014
    118425   23.837880
    118450   24.359082
    118475   24.430286
    118500   24.685452
    118525   24.262673
    118550   23.438557
    118575   23.982618
    118600   24.162584
    118625   23.804527
    118650   22.869216
    118675   22.909291
    118700   23.565041
    118725   23.447459
    118750   23.334018
    118775   22.813031
    118800   23.859307
    118825   23.852766
    118850   23.819946
    118875   24.142759
    118900   24.354150
    118925   23.636680
    118950   23.269677
    118975   23.535831
    119000   23.361040
    119025   23.664098
    119050   23.241215
    119075   23.917128
    119100   23.894435
    119125   24.738742
    119150   24.217578
    119175   24.197154
    119200   24.550158
    119225   25.598672
    119250   25.465725
    119275   26.084271
    119300   25.923646
    119325   25.552059
    119350   26.327250
    119375   24.995485
    119400   24.840912
    119425   25.480591
    119450   23.689988
    119475   23.452265
    119500   23.094863
    119525   24.258997
    119550   24.247949
    119575   23.725051
    119600   23.329316
    119625   24.301246
    119650   24.097501
    119675   24.717197
    119700   23.739756
    119725   24.618295
    119750   23.005535
    119775   22.828217
    119800   23.340247
    119825   22.648408
    119850   22.659867
    119875   23.056059
    119900   21.788985
    119925   22.175778
    119950   22.177711
    119975   22.537712
    120000   22.818887
    120025   22.454218
    120050   23.105903
    120075   22.785224
    120100   22.825938
    120125   23.356424
    120150   23.362350
    120175   23.448557
    120200   23.201890
    120225   23.285273
    120250   24.048775
    120275   23.173928
    120300   22.848727
    120325   23.692649
    120350   23.248443
    120375   23.287776
    120400   23.888019
    120425   24.331065
    120450   24.341377
    120475   24.631810
    120500   23.093173
    120525   23.842439
    120550   23.716197
    120575   24.047784
    120600   24.177942
    120625   25.235930
    120650   24.201249
    120675   24.140793
    120700   23.736732
    120725   23.366602
    120750   23.928606
    120775   23.877520
    120800   23.886682
    120825   24.399532
    120850   24.079788
    120875   23.152918
    120900   23.180064
    120925   24.354206
    120950   24.290654
    120975   24.084559
    121000   24.619702
    121025   23.893024
    121050   24.077764
    121075   23.919935
    121100   22.814435
    121125   23.346005
    121150   23.260432
    121175   24.614329
    121200   23.979435
    121225   24.156461
    121250   23.872331
    121275   23.884970
    121300   24.416017
    121325   24.315949
    121350   23.771966
    121375   23.631385
    121400   23.189061
    121425   24.022636
    121450   23.312159
    121475   22.893977
    121500   23.496152
    121525   23.774358
    121550   23.336207
    121575   24.027995
    121600   23.132008
    121625   23.747189
    121650   23.742083
    121675   24.650963
    121700   24.024877
    121725   24.865842
    121750   24.679949
    121775   24.480118
    121800   24.132619
    121825   25.260188
    121850   25.152834
    121875   24.361799
    121900   24.991535
    121925   24.512244
    121950   24.375471
    121975   24.797610
    122000   24.766292
    122025   24.708878
    122050   24.172887
    122075   23.588439
    122100   23.739282
    122125   23.193675
    122150   23.836230
    122175   23.822797
    122200   24.171312
    122225   24.148976
    122250   24.115388
    122275   23.488424
    122300   24.070319
    122325   23.609983
    122350   23.951565
    122375   24.516261
    122400   25.090738
    122425   24.326550
    122450   25.204688
    122475   24.346250
    122500   23.864113
    122525   24.161876
    122550   23.895321
    122575   23.406571
    122600   23.307622
    122625   23.701883
    122650   23.150323
    122675   23.915879
    122700   23.951061
    122725   22.353469
    122750   23.182911
    122775   23.196761
    122800   24.113175
    122825   24.832529
    122850   24.604289
    122875   23.799940
    122900   24.872042
    122925   23.802331
    122950   24.327459
    122975   24.015212
    123000   23.667471
    123025   22.930789
    123050   23.423776
    123075   23.292100
    123100   24.475768
    123125   23.907369
    123150   22.429710
    123175   22.623853
    123200   23.223933
    123225   23.722378
    123250   22.090247
    123275   23.603142
    123300   24.820933
    123325   23.604480
    123350   24.485081
    123375   23.864322
    123400   23.551581
    123425   23.802574
    123450   23.341908
    123475   23.143955
    123500   23.292707
    123525   23.825794
    123550   23.569072
    123575   23.214235
    123600   23.832724
    123625   23.564776
    123650   23.313084
    123675   24.259296
    123700   23.834158
    123725   23.178374
    123750   24.160644
    123775   24.082197
    123800   23.594592
    123825   23.764400
    123850   24.166522
    123875   24.984220
    123900   25.001265
    123925   24.562314
    123950   25.153980
    123975   25.109250
    124000   25.444574
    124025   25.636787
    124050   25.614979
    124075   25.389556
    124100   24.917027
    124125   24.735320
    124150   24.594894
    124175   24.932234
    124200   25.272245
    124225   24.444648
    124250   24.469581
    124275   23.729507
    124300   24.867302
    124325   24.780419
    124350   25.554761
    124375   25.288205
    124400   25.218785
    124425   25.338991
    124450   25.585742
    124475   25.269104
    124500   24.979555
    124525   24.603187
    124550   23.996413
    124575   24.644953
    124600   24.978998
    124625   25.588559
    124650   24.757364
    124675   24.494949
    124700   24.624618
    124725   25.121757
    124750   24.556743
    124775   24.250430
    124800   25.165397
    124825   24.282722
    124850   24.788860
    124875   24.792429
    124900   25.821311
    124925   24.345669
    124950   24.527884
    124975   24.044694
    125000   23.977717
    125025   23.580249
    125050   23.421818
    125075   23.627663
    125100   24.011450
    125125   23.613158
    125150   24.343396
    125175   23.842371
    125200   24.466329
    125225   24.131490
    125250   24.507739
    125275   24.208179
    125300   23.839527
    125325   24.602944
    125350   23.990229
    125375   24.362433
    125400   24.085066
    125425   23.478224
    125450   23.141776
    125475   24.828059
    125500   24.710817
    125525   25.261415
    125550   24.448527
    125575   24.616744
    125600   24.779496
    125625   24.631061
    125650   24.007120
    125675   24.034100
    125700   23.772750
    125725   23.567853
    125750   23.928215
    125775   24.783764
    125800   24.612115
    125825   24.472849
    125850   24.325870
    125875   24.324835
    125900   23.721960
    125925   23.460669
    125950   24.104827
    125975   23.573919
    126000   24.001059
    126025   23.687932
    126050   24.973623
    126075   24.118382
    126100   24.072592
    126125   24.517334
    126150   24.135838
    126175   23.528872
    126200   23.950736
    126225   22.963838
    126250   23.514483
    126275   23.265411
    126300   22.887846
    126325   23.196758
    126350   22.993089
    126375   24.027569
    126400   23.063907
    126425   22.991215
    126450   24.332037
    126475   23.146286
    126500   24.570492
    126525   24.501280
    126550   24.566280
    126575   24.049679
    126600   24.299195
    126625   23.843593
    126650   24.323623
    126675   24.194833
    126700   23.816659
    126725   23.649996
    126750   22.765487
    126775   24.027359
    126800   23.461046
    126825   22.109078
    126850   23.244466
    126875   24.101553
    126900   22.441913
    126925   22.644773
    126950   22.755863
    126975   22.054348
    127000   22.268217
    127025   23.078300
    127050   23.476499
    127075   22.934714
    127100   22.980588
    127125   23.438539
    127150   23.763541
    127175   23.248486
    127200   23.374945
    127225   23.765066
    127250   24.116118
    127275   23.630956
    127300   23.146010
    127325   22.497670
    127350   22.351939
    127375   22.151305
    127400   22.664306
    127425   23.488117
    127450   22.984345
    127475   22.907127
    127500   23.344822
    127525   23.075902
    127550   23.010305
    127575   23.023326
    127600   23.637227
    127625   22.732287
    127650   23.007255
    127675   23.087379
    127700   22.900936
    127725   22.705683
    127750   22.545259
    127775   21.928081
    127800   21.853068
    127825   22.656206
    127850   21.593413
    127875   22.144856
    127900   21.709227
    127925   22.235789
    127950   21.738410
    127975   22.188519
    128000   22.165964
    128025   22.623795
    128050   21.802655
    128075   23.067633
    128100   23.877653
    128125   22.518268
    128150   22.090109
    128175   22.875357
    128200   23.588981
    128225   23.902419
    128250   23.459535
    128275   23.241848
    128300   22.753930
    128325   23.833658
    128350   23.646204
    128375   24.002684
    128400   24.103995
    128425   24.574097
    128450   23.256692
    128475   23.351787
    128500   24.037646
    128525   23.759102
    128550   24.170914
    128575   23.073524
    128600   23.257723
    128625   22.613003
    128650   23.207469
    128675   23.302970
    128700   22.002309
    128725   22.164812
    128750   22.467551
    128775   22.660929
    128800   22.725970
    128825   22.980581
    128850   23.138354
    128875   22.167353
    128900   22.651055
    128925   22.090732
    128950   22.032840
    128975   22.646947
    129000   22.749927
    129025   22.070921
    129050   22.076077
    129075   23.259499
    129100   23.065999
    129125   23.150781
    129150   22.974912
    129175   23.686053
    129200   23.541385
    129225   24.501574
    129250   24.463558
    129275   23.520021
    129300   22.879183
    129325   23.720625
    129350   21.902339
    129375   22.092152
    129400   22.899935
    129425   22.785640
    129450   21.399354
    129475   22.060953
    129500   23.267633
    129525   22.412847
    129550   22.761206
    129575   23.384046
    129600   24.336995
    129625   23.851765
    129650   23.692384
    129675   24.077616
    129700   23.333429
    129725   23.972549
    129750   23.409650
    129775   23.039340
    129800   22.835096
    129825   22.766501
    129850   22.124079
    129875   23.508846
    129900   23.165214
    129925   22.730755
    129950   23.567586
    129975   23.367442
    130000   23.547668
    130025   23.756835
    130050   23.439726
    130075   24.365546
    130100   24.439382
    130125   24.092331
    130150   24.063766
    130175   23.695595
    130200   23.311260
    130225   22.543515
    130250   22.235261
    130275   22.875306
    130300   22.440189
    130325   23.323502
    130350   22.601741
    130375   23.538458
    130400   23.572013
    130425   23.208777
    130450   23.373822
    130475   23.112699
    130500   23.437678
    130525   23.355639
    130550   22.702162
    130575   23.802854
    130600   24.304562
    130625   23.666609
    130650   24.170883
    130675   24.290108
    130700   24.386033
    130725   23.529941
    130750   23.950061
    130775   24.977102
    130800   24.102182
    130825   24.745216
    130850   24.071000
    130875   23.382243
    130900   23.942166
    130925   23.767988
    130950   24.596773
    130975   23.244165
    131000   23.050901
    131025   24.884601
    131050   24.735353
    131075   24.600584
    131100   25.219264
    131125   23.512616
    131150   23.664899
    131175   24.430254
    131200   24.166360
    131225   23.735920
    131250   24.531219
    131275   24.216162
    131300   25.891074
    131325   25.941746
    131350   25.743372
    131375   25.855666
    131400   25.587468
    131425   27.150878
    131450   26.815231
    131475   26.725598
    131500   27.678254
    131525   26.833454
    131550   26.907225
    131575   26.660131
    131600   27.402077
    131625   25.883809
    131650   26.460066
    131675   26.598640
    131700   26.990500
    131725   26.555221
    131750   25.627707
    131775   26.813346
    131800   26.978194
    131825   27.010737
    131850   26.303069
    131875   27.348155
    131900   27.296050
    131925   26.863683
    131950   26.860179
    131975   27.733959
    132000   27.902267
    132025   27.533129
    132050   27.856655
    132075   27.829020
    132100   27.562464
    132125   27.369786
    132150   27.390387
    132175   26.679683
    132200   27.343750
    132225   27.068406
    132250   27.511625
    132275   27.158101
    132300   27.396835
    132325   26.829425
    132350   26.609218
    132375   26.607389
    132400   26.549349
    132425   26.475813
    132450   27.860643
    132475   27.107447
    132500   27.677266
    132525   27.301413
    132550   27.108312
    132575   26.888942
    132600   25.672977
    132625   25.342099
    132650   26.332919
    132675   25.904486
    132700   25.582882
    132725   26.150494
    132750   26.160918
    132775   25.326208
    132800   26.019818
    132825   26.461452
    132850   27.401394
    132875   26.736717
    132900   27.162513
    132925   26.254054
    132950   27.561398
    132975   26.401405
    133000   26.289860
    133025   24.931650
    133050   26.184704
    133075   26.810524
    133100   27.059431
    133125   26.049387
    133150   26.685660
    133175   26.132635
    133200   26.478057
    133225   25.434010
    133250   26.069024
    133275   25.112406
    133300   24.625616
    133325   25.319960
    133350   25.954570
    133375   26.084627
    133400   26.106008
    133425   26.725035
    133450   26.390782
    133475   26.454650
    133500   25.729890
    133525   25.369845
    133550   25.878492
    133575   25.861281
    133600   27.054278
    133625   26.647975
    133650   26.318433
    133675   26.668384
    133700   26.986207
    133725   26.776573
    133750   26.276199
    133775   26.867279
    133800   25.129854
    133825   25.968942
    133850   26.178254
    133875   26.168238
    133900   26.037955
    133925   27.122967
    133950   26.212383
    133975   26.332791
    134000   26.483507
    134025   26.287753
    134050   25.295675
    134075   26.111189
    134100   25.733294
    134125   25.525866
    134150   24.195281
    134175   24.725869
    134200   25.375324
    134225   25.330784
    134250   25.412087
    134275   25.072686
    134300   25.166230
    134325   25.602685
    134350   26.471935
    134375   27.376942
    134400   26.503392
    134425   26.345831
    134450   26.106888
    134475   27.024103
    134500   25.487445
    134525   26.043875
    134550   25.163291
    134575   24.729157
    134600   25.649784
    134625   25.035990
    134650   25.164230
    134675   25.693734
    134700   25.850092
    134725   25.702019
    134750   25.896937
    134775   26.290711
    134800   27.491110
    134825   26.273562
    134850   26.369787
    134875   25.080385
    134900   25.940455
    134925   24.781789
    134950   26.631714
    134975   25.650738
    135000   25.467244
    135025   26.433685
    135050   26.454415
    135075   26.511850
    135100   26.338665
    135125   26.200171
    135150   25.819740
    135175   25.294560
    135200   25.727704
    135225   25.571874
    135250   26.003742
    135275   25.152225
    135300   25.752296
    135325   25.284816
    135350   24.854925
    135375   25.876399
    135400   26.306800
    135425   25.525910
    135450   26.094610
    135475   26.369612
    135500   25.740620
    135525   25.168622
    135550   25.978704
    135575   26.099840
    135600   26.657453
    135625   25.792424
    135650   26.558560
    135675   27.530364
    135700   28.584848
    135725   26.421934
    135750   27.667913
    135775   27.972820
    135800   26.221200
    135825   26.946845
    135850   26.250572
    135875   27.088330
    135900   26.651103
    135925   26.074511
    135950   25.621213
    135975   24.925363
    136000   25.702973
    136025   24.845329
    136050   23.789944
    136075   24.688339
    136100   24.206263
    136125   24.194132
    136150   22.910112
    136175   23.472068
    136200   23.032452
    136225   23.592464
    136250   24.151453
    136275   24.002973
    136300   23.922872
    136325   24.463849
    136350   23.649791
    136375   23.827674
    136400   22.953445
    136425   22.765387
    136450   23.248797
    136475   23.482847
    136500   23.319333
    136525   23.461341
    136550   23.354943
    136575   22.669766
    136600   23.741629
    136625   23.324054
    136650   23.210390
    136675   23.410242
    136700   24.122602
    136725   22.829957
    136750   23.660767
    136775   24.030966
    136800   23.790501
    136825   23.037665
    136850   23.419227
    136875   23.314227
    136900   23.399217
    136925   23.277993
    136950   22.097545
    136975   23.628627
    137000   23.162187
    137025   22.981666
    137050   22.538697
    137075   23.467841
    137100   23.078098
    137125   23.187373
    137150   23.705932
    137175   24.237926
    137200   23.099498
    137225   23.197282
    137250   23.616885
    137275   24.255686
    137300   24.301108
    137325   24.205406
    137350   25.204459
    137375   25.062670
    137400   24.949975
    137425   24.865993
    137450   24.955036
    137475   25.577715
    137500   24.540681
    137525   26.016402
    137550   26.254468
    137575   25.371273
    137600   25.462066
    137625   25.848911
    137650   25.852347
    137675   26.267509
    137700   25.315797
    137725   26.110645
    137750   25.149246
    137775   25.462726
    137800   25.122793
    137825   24.902157
    137850   24.714974
    137875   23.994584
    137900   24.142762
    137925   23.598974
    137950   24.762782
    137975   24.605675
    138000   23.868852
    138025   24.583410
    138050   24.110616
    138075   24.103055
    138100   22.798608
    138125   24.488380
    138150   24.611293
    138175   23.427910
    138200   22.902501
    138225   24.248356
    138250   23.244539
    138275   23.057949
    138300   24.282189
    138325   24.230577
    138350   24.595961
    138375   25.208784
    138400   25.127329
    138425   24.745630
    138450   25.537679
    138475   23.979202
    138500   24.559956
    138525   24.921076
    138550   24.150887
    138575   24.247588
    138600   24.010205
    138625   25.044792
    138650   23.858150
    138675   23.762711
    138700   23.789330
    138725   25.546207
    138750   24.624515
    138775   25.645583
    138800   25.195133
    138825   25.021958
    138850   25.497132
    138875   26.660161
    138900   25.898255
    138925   25.867320
    138950   26.974930
    138975   27.030419
    139000   25.697424
    139025   26.130805
    139050   26.104945
    139075   26.031538
    139100   26.232869
    139125   25.451690
    139150   25.597595
    139175   25.598173
    139200   25.136477
    139225   26.097898
    139250   26.163593
    139275   26.351644
    139300   26.936183
    139325   26.809141
    139350   26.962008
    139375   27.923727
    139400   27.476012
    139425   27.590872
    139450   27.495870
    139475   27.371610
    139500   27.230258
    139525   26.640023
    139550   26.684043
    139575   26.700911
    139600   27.803159
    139625   27.693991
    139650   28.762488
    139675   28.339603
    139700   27.385455
    139725   27.054423
    139750   28.041081
    139775   28.665653
    139800   27.868039
    139825   28.171661
    139850   28.145657
    139875   28.856273
    139900   28.788952
    139925   28.394908
    139950   28.454016
    139975   28.279674
    140000   28.263626
    140025   29.190099
    140050   29.564659
    140075   28.427141
    140100   29.102030
    140125   29.400504
    140150   28.519775
    140175   29.621262
    140200   28.805764
    140225   29.317537
    140250   29.429634
    140275   28.604421
    140300   27.272455
    140325   28.611060
    140350   29.210305
    140375   29.289406
    140400   28.877884
    140425   29.712299
    140450   28.680973
    140475   28.251283
    140500   29.344785
    140525   29.538745
    140550   28.448403
    140575   28.207809
    140600   27.234749
    140625   27.159031
    140650   26.947091
    140675   25.570466
    140700   26.063478
    140725   26.964611
    140750   25.745339
    140775   26.266888
    140800   25.052743
    140825   25.652827
    140850   25.995372
    140875   26.020964
    140900   26.565786
    140925   25.746943
    140950   26.084140
    140975   26.096804
    141000   25.117131
    141025   26.985265
    141050   26.563298
    141075   27.070077
    141100   25.071566
    141125   26.604749
    141150   26.907464
    141175   25.806738
    141200   25.454455
    141225   26.854437
    141250   27.325104
    141275   27.049809
    141300   26.338650
    141325   26.422959
    141350   26.869601
    141375   25.842757
    141400   26.701952
    141425   26.753710
    141450   26.981515
    141475   27.471954
    141500   27.284157
    141525   27.617778
    141550   26.564621
    141575   26.201960
    141600   27.369700
    141625   26.499177
    141650   27.539556
    141675   26.823425
    141700   27.388950
    141725   26.651643
    141750   26.658674
    141775   27.309509
    141800   27.544999
    141825   28.325622
    141850   27.819534
    141875   27.954892
    141900   27.689004
    141925   27.223484
    141950   27.310654
    141975   27.139329
    142000   26.407749
    142025   27.182264
    142050   25.929353
    142075   26.880692
    142100   26.298040
    142125   25.512964
    142150   25.262105
    142175   25.114488
    142200   25.319810
    142225   25.605449
    142250   25.053408
    142275   24.773986
    142300   24.085632
    142325   23.957702
    142350   24.161624
    142375   25.579778
    142400   24.767023
    142425   24.196836
    142450   25.368899
    142475   24.495865
    142500   24.636931
    142525   24.452528
    142550   24.640305
    142575   24.875555
    142600   24.314798
    142625   25.009935
    142650   24.402505
    142675   24.219748
    142700   24.252447
    142725   24.567218
    142750   24.325429
    142775   25.430405
    142800   24.789336
    142825   23.873358
    142850   24.133580
    142875   24.796342
    142900   25.565025
    142925   25.273222
    142950   24.376114
    142975   25.117734
    143000   25.868096
    143025   25.770520
    143050   26.162655
    143075   25.565828
    143100   25.869358
    143125   25.781787
    143150   25.394067
    143175   25.548651
    143200   25.737597
    143225   26.235534
    143250   26.182816
    143275   25.773953
    143300   26.116268
    143325   25.701011
    143350   26.327905
    143375   26.254096
    143400   26.087174
    143425   26.236244
    143450   25.884398
    143475   26.518993
    143500   25.776507
    143525   26.687993
    143550   25.085999
    143575   26.460824
    143600   26.825241
    143625   27.025034
    143650   26.821428
    143675   26.047013
    143700   26.613842
    143725   26.045965
    143750   25.620722
    143775   26.167423
    143800   26.824663
    143825   26.334187
    143850   26.605417
    143875   26.985901
    143900   26.081425
    143925   26.252327
    143950   26.392022
    143975   26.068688
    144000   26.993569
    144025   26.895465
    144050   26.464053
    144075   27.703064
    144100   27.213034
    144125   28.715386
    144150   28.313017
    144175   28.445901
    144200   28.199498
    144225   28.000283
    144250   27.146107
    144275   27.968882
    144300   27.883070
    144325   27.775181
    144350   27.341823
    144375   27.183928
    144400   27.720514
    144425   27.563471
    144450   27.375521
    144475   27.893132
    144500   29.388135
    144525   27.860389
    144550   28.343644
    144575   27.425419
    144600   27.060135
    144625   26.992945
    144650   26.537718
    144675   26.933471
    144700   26.969574
    144725   27.099144
    144750   27.645914
    144775   27.779574
    144800   28.346943
    144825   26.820178
    144850   27.839021
    144875   27.257329
    144900   27.114891
    144925   26.558357
    144950   26.622146
    144975   26.906161
    145000   26.915671
    145025   27.415735
    145050   27.558003
    145075   28.419486
    145100   28.388954
    145125   27.132257
    145150   27.504982
    145175   27.932949
    145200   28.267977
    145225   27.859212
    145250   26.661187
    145275   27.901225
    145300   26.008285
    145325   27.624060
    145350   28.453535
    145375   28.196219
    145400   27.760867
    145425   27.240518
    145450   27.327140
    145475   26.527312
    145500   27.147477
    145525   26.342945
    145550   26.857535
    145575   27.378291
    145600   28.200786
    145625   27.650355
    145650   28.441620
    145675   27.551491
    145700   26.610984
    145725   26.472031
    145750   27.054310
    145775   26.608389
    145800   27.464687
    145825   27.273668
    145850   26.507627
    145875   26.249669
    145900   25.948905
    145925   26.361339
    145950   25.434469
    145975   27.139340
    146000   26.699439
    146025   26.583203
    146050   26.422360
    146075   27.406960
    146100   27.027015
    146125   26.489137
    146150   27.314810
    146175   26.639446
    146200   25.783845
    146225   26.073972
    146250   26.795564
    146275   26.962514
    146300   26.123146
    146325   26.723804
    146350   26.592274
    146375   25.508317
    146400   25.824178
    146425   25.676228
    146450   25.671305
    146475   26.964318
    146500   26.049345
    146525   26.341400
    146550   26.567766
    146575   26.453310
    146600   26.716273
    146625   26.532486
    146650   27.074389
    146675   26.961703
    146700   26.950461
    146725   27.664188
    146750   27.358345
    146775   27.256042
    146800   26.641415
    146825   26.396759
    146850   26.181269
    146875   25.955373
    146900   26.530137
    146925   27.293199
    146950   25.780451
    146975   26.908633
    147000   26.587744
    147025   25.542187
    147050   26.956413
    147075   26.733763
    147100   25.609972
    147125   26.181830
    147150   26.258025
    147175   25.991511
    147200   25.832020
    147225   26.413646
    147250   26.259697
    147275   26.000539
    147300   26.812804
    147325   26.178431
    147350   26.920563
    147375   26.643423
    147400   27.017462
    147425   26.569725
    147450   25.585557
    147475   26.199268
    147500   25.458441
    147525   25.973836
    147550   25.559627
    147575   25.353386
    147600   24.840455
    147625   25.448153
    147650   25.508228
    147675   26.497770
    147700   26.415258
    147725   26.312913
    147750   26.118013
    147775   26.136706
    147800   26.078704
    147825   27.170290
    147850   26.941617
    147875   27.321756
    147900   27.208199
    147925   27.815668
    147950   26.810142
    147975   26.911417
    148000   27.427742
    148025   28.050453
    148050   27.235219
    148075   28.331096
    148100   28.090226
    148125   27.071120
    148150   27.236891
    148175   27.177015
    148200   26.969395
    148225   27.502426
    148250   28.277311
    148275   28.694210
    148300   27.922083
    148325   27.540528
    148350   28.857291
    148375   29.381943
    148400   29.045168
    148425   29.034891
    148450   29.516933
    148475   29.427312
    148500   29.570355
    148525   29.981618
    148550   28.422809
    148575   28.980788
    148600   29.051317
    148625   28.011617
    148650   27.526701
    148675   28.220899
    148700   28.087349
    148725   29.027033
    148750   27.804775
    148775   27.919217
    148800   27.036256
    148825   28.381705
    148850   27.538828
    148875   27.921046
    148900   27.583476
    148925   26.694948
    148950   28.098162
    148975   28.350688
    149000   26.837383
    149025   26.595093
    149050   27.805789
    149075   28.056566
    149100   27.064426
    149125   26.914919
    149150   26.690627
    149175   26.870655
    149200   26.017940
    149225   26.160612
    149250   25.945958
    149275   27.289050
    149300   26.943124
    149325   26.753123
    149350   26.811293
    149375   27.566968
    149400   27.128181
    149425   27.559651
    149450   28.416728
    149475   28.039369
    149500   28.795892
    149525   28.889224
    149550   28.365978
    149575   28.962426
    149600   29.129562
    149625   29.129647
    149650   28.101988
    149675   27.926731
    149700   28.249209
    149725   28.032394
    149750   27.388787
    149775   26.911210
    149800   28.419563
    149825   27.603200
    149850   27.834581
    149875   27.820254
    149900   28.130924
    149925   28.253811
    149950   27.411538
    149975   27.928917
    150000   27.685780
