 iteration      lambda
     50025   31.799219
     50050   31.335435
     50075   32.020439
     50100   31.847247
     50125   31.648790
     50150   31.392415
     50175   31.232248
     50200   31.417354
     50225   31.387589
     50250   31.197311
     50275   31.564026
     50300   31.463275
     50325   31.619684
     50350   31.517417
     50375   31.370026
     50400   31.350498
     50425   31.461724
     50450   31.431252
     50475   31.528479
     50500   31.273099
     50525   30.899828
     50550   30.937385
     50575   30.561251
     50600   31.128728
     50625   31.118002
     50650   30.870569
     50675   31.179907
     50700   30.780049
     50725   30.338173
     50750   30.673703
     50775   30.861558
     50800   31.149715
     50825   30.774422
     50850   30.936153
     50875   31.196150
     50900   30.677057
     50925   31.141047
     50950   31.318312
     50975   31.380683
     51000   31.257729
     51025   31.460694
     51050   31.165186
     51075   30.911893
     51100   31.178425
     51125   30.922119
     51150   30.933080
     51175   31.082033
     51200   31.220542
     51225   30.680586
     51250   30.519076
     51275   30.549564
     51300   31.236455
     51325   30.218187
     51350   30.667725
     51375   30.853100
     51400   31.273440
     51425   31.070534
     51450   30.882206
     51475   31.219408
     51500   30.919170
     51525   31.051522
     51550   31.129113
     51575   31.353190
     51600   32.149926
     51625   31.885284
     51650   31.253422
     51675   31.352810
     51700   31.138264
     51725   31.703683
     51750   30.855008
     51775   31.760346
     51800   31.621190
     51825   31.356085
     51850   31.201899
     51875   31.617041
     51900   31.550901
     51925   31.683050
     51950   31.507516
     51975   31.564077
     52000   31.171742
     52025   31.792708
     52050   31.519054
     52075   30.931784
     52100   30.902820
     52125   31.857707
     52150   31.430475
     52175   31.909408
     52200   31.474197
     52225   31.624562
     52250   32.271071
     52275   32.104014
     52300   31.880223
     52325   31.735713
     52350   31.643397
     52375   31.661900
     52400   31.741832
     52425   31.856544
     52450   31.547563
     52475   31.473549
     52500   32.314404
     52525   32.451427
     52550   32.180223
     52575   31.626809
     52600   31.806057
     52625   32.403899
     52650   31.911638
     52675   31.252268
     52700   31.161340
     52725   31.286255
     52750   31.175031
     52775   31.220880
     52800   31.667997
     52825   32.114266
     52850   32.019981
     52875   31.868350
     52900   31.877991
     52925   32.117042
     52950   32.214202
     52975   32.446840
     53000   32.133771
     53025   32.529392
     53050   32.705818
     53075   32.912999
     53100   32.503261
     53125   32.564220
     53150   32.774638
     53175   32.328370
     53200   32.611899
     53225   31.922522
     53250   31.559956
     53275   31.972360
     53300   32.853928
     53325   32.755530
     53350   33.156853
     53375   32.796155
     53400   33.351380
     53425   32.813814
     53450   32.863282
     53475   32.728942
     53500   32.915945
     53525   32.708709
     53550   32.450658
     53575   32.590639
     53600   32.587536
     53625   32.240058
     53650   32.339007
     53675   32.490446
     53700   32.350447
     53725   32.281716
     53750   32.425042
     53775   32.377400
     53800   32.808793
     53825   32.465743
     53850   32.214842
     53875   31.970147
     53900   31.975404
     53925   31.983562
     53950   32.088611
     53975   31.932556
     54000   32.278630
     54025   32.342034
     54050   32.618554
     54075   32.608192
     54100   32.484799
     54125   32.486658
     54150   32.227936
     54175   32.433381
     54200   32.529395
     54225   31.956551
     54250   31.471047
     54275   32.238268
     54300   32.198007
     54325   31.695167
     54350   31.528600
     54375   32.589383
     54400   32.011742
     54425   31.731713
     54450   31.862010
     54475   32.254559
     54500   31.940268
     54525   32.273489
     54550   32.037668
     54575   32.137000
     54600   31.905738
     54625   32.214690
     54650   32.327286
     54675   32.761508
     54700   32.228763
     54725   32.617103
     54750   32.563212
     54775   32.265226
     54800   32.277475
     54825   32.502733
     54850   32.034180
     54875   32.103032
     54900   31.445307
     54925   31.932353
     54950   32.240735
     54975   32.344865
     55000   32.545822
     55025   32.401408
     55050   33.119649
     55075   32.638466
     55100   32.679026
     55125   32.460916
     55150   32.933632
     55175   32.058632
     55200   33.063943
     55225   32.919830
     55250   32.676633
     55275   32.567721
     55300   32.037525
     55325   32.562185
     55350   31.842950
     55375   31.632999
     55400   31.395510
     55425   31.348207
     55450   31.416937
     55475   31.322285
     55500   31.758475
     55525   31.232396
     55550   31.306996
     55575   31.709221
     55600   31.944741
     55625   31.397490
     55650   31.482246
     55675   31.345925
     55700   31.071713
     55725   31.472285
     55750   31.265745
     55775   31.205124
     55800   30.936710
     55825   32.128143
     55850   32.252684
     55875   31.940808
     55900   32.170664
     55925   32.255451
     55950   32.518768
     55975   32.819463
     56000   32.708809
     56025   32.383562
     56050   32.111738
     56075   32.492652
     56100   32.294267
     56125   32.038739
     56150   32.538506
     56175   32.596525
     56200   32.348615
     56225   32.165343
     56250   32.775501
     56275   33.062351
     56300   32.840685
     56325   32.795605
     56350   31.715942
     56375   32.280290
     56400   31.678145
     56425   32.445807
     56450   32.076708
     56475   32.269773
     56500   32.184328
     56525   32.093087
     56550   32.251287
     56575   31.725988
     56600   31.848726
     56625   31.900519
     56650   31.726040
     56675   32.072725
     56700   32.147144
     56725   32.143464
     56750   32.251838
     56775   32.213801
     56800   32.758524
     56825   32.961170
     56850   33.479106
     56875   32.649098
     56900   32.359343
     56925   32.386916
     56950   33.106064
     56975   32.660240
     57000   33.288746
     57025   32.214470
     57050   32.272829
     57075   31.866660
     57100   31.769637
     57125   31.713583
     57150   31.722962
     57175   31.959208
     57200   31.987080
     57225   32.160736
     57250   32.326246
     57275   32.036836
     57300   32.350280
     57325   31.847518
     57350   32.149710
     57375   31.440653
     57400   31.270312
     57425   31.230656
     57450   30.860006
     57475   31.030182
     57500   31.307185
     57525   31.598172
     57550   31.615317
     57575   31.343411
     57600   31.514839
     57625   32.485101
     57650   31.841395
     57675   31.588451
     57700   31.810514
     57725   31.320838
     57750   31.547462
     57775   31.146071
     57800   31.552991
     57825   31.759442
     57850   31.256966
     57875   31.722642
     57900   31.428108
     57925   31.665774
     57950   31.420615
     57975   31.240935
     58000   31.260051
     58025   31.738065
     58050   32.158214
     58075   31.584436
     58100   31.656546
     58125   31.259489
     58150   31.605093
     58175   31.891913
     58200   31.817236
     58225   31.912547
     58250   31.486513
     58275   31.471666
     58300   31.518774
     58325   31.795775
     58350   31.998736
     58375   32.222544
     58400   31.898321
     58425   31.617016
     58450   31.908468
     58475   31.646780
     58500   31.686563
     58525   31.762680
     58550   31.263000
     58575   31.524091
     58600   31.417614
     58625   31.679488
     58650   30.769664
     58675   31.262010
     58700   30.930986
     58725   31.850040
     58750   30.934811
     58775   31.272972
     58800   31.190300
     58825   32.381589
     58850   31.823035
     58875   31.229540
     58900   31.074943
     58925   31.573921
     58950   31.146453
     58975   31.059842
     59000   30.671663
     59025   30.495839
     59050   31.076207
     59075   30.453483
     59100   30.812073
     59125   30.701783
     59150   30.450703
     59175   30.799421
     59200   30.878124
     59225   31.227577
     59250   30.317722
     59275   30.829841
     59300   30.761245
     59325   31.207906
     59350   30.493606
     59375   31.102256
     59400   30.851376
     59425   31.163129
     59450   30.175907
     59475   30.601958
     59500   30.960655
     59525   30.651081
     59550   31.038621
     59575   31.043985
     59600   30.623112
     59625   31.077352
     59650   30.680399
     59675   30.662189
     59700   30.908388
     59725   31.224625
     59750   31.164361
     59775   31.091272
     59800   31.446124
     59825   31.249263
     59850   31.893805
     59875   31.188616
     59900   30.800641
     59925   30.825021
     59950   31.458027
     59975   31.901320
     60000   31.968476
     60025   31.805039
     60050   31.687921
     60075   31.667875
     60100   31.530029
     60125   31.479947
     60150   31.199039
     60175   31.722906
     60200   31.556152
     60225   32.154176
     60250   32.396070
     60275   31.586825
     60300   32.064701
     60325   31.717886
     60350   32.169302
     60375   32.011835
     60400   32.156529
     60425   32.238642
     60450   32.204098
     60475   32.279617
     60500   32.085754
     60525   31.975242
     60550   32.317082
     60575   31.878236
     60600   32.179420
     60625   32.268324
     60650   32.424450
     60675   32.171716
     60700   32.043279
     60725   32.528403
     60750   32.322716
     60775   31.839383
     60800   31.955394
     60825   32.536949
     60850   32.298575
     60875   31.946906
     60900   32.599045
     60925   32.181313
     60950   32.396166
     60975   31.846413
     61000   32.990207
     61025   32.780800
     61050   33.052006
     61075   32.627200
     61100   32.530851
     61125   32.459298
     61150   32.022640
     61175   32.522699
     61200   32.248056
     61225   31.671740
     61250   32.097357
     61275   32.391698
     61300   32.639764
     61325   31.938566
     61350   31.893857
     61375   31.953311
     61400   31.878967
     61425   32.170895
     61450   32.295763
     61475   32.722196
     61500   32.095031
     61525   32.260587
     61550   31.828681
     61575   32.799822
     61600   32.833256
     61625   33.110604
     61650   32.523057
     61675   32.724309
     61700   33.357062
     61725   32.883836
     61750   32.641563
     61775   32.734086
     61800   32.335697
     61825   33.425861
     61850   32.827603
     61875   32.783639
     61900   32.417883
     61925   32.370499
     61950   32.012875
     61975   32.172078
     62000   32.649731
     62025   32.838186
     62050   32.654633
     62075   32.105923
     62100   32.438569
     62125   33.066432
     62150   32.770003
     62175   32.691604
     62200   33.046528
     62225   32.349714
     62250   32.735037
     62275   32.757275
     62300   32.471012
     62325   32.621193
     62350   32.721196
     62375   32.677668
     62400   32.534224
     62425   32.166679
     62450   32.593077
     62475   32.150590
     62500   32.027557
     62525   31.938221
     62550   31.917297
     62575   31.956642
     62600   31.966572
     62625   32.062106
     62650   31.905102
     62675   31.848127
     62700   32.294820
     62725   32.618526
     62750   32.325661
     62775   32.178296
     62800   31.402248
     62825   31.731121
     62850   31.212679
     62875   31.615545
     62900   31.287259
     62925   31.485817
     62950   31.395687
     62975   31.691326
     63000   31.454140
     63025   31.685669
     63050   31.862807
     63075   31.472454
     63100   31.653532
     63125   31.076917
     63150   31.556980
     63175   31.556092
     63200   31.314041
     63225   31.261549
     63250   30.661554
     63275   31.370298
     63300   31.620237
     63325   31.978110
     63350   32.162644
     63375   31.938808
     63400   31.320988
     63425   31.677228
     63450   31.719661
     63475   31.423759
     63500   31.259297
     63525   31.446208
     63550   31.489994
     63575   31.817164
     63600   31.836170
     63625   32.048092
     63650   31.732387
     63675   31.760795
     63700   31.708224
     63725   31.948699
     63750   31.370425
     63775   31.338863
     63800   31.427064
     63825   30.737388
     63850   31.135656
     63875   30.838832
     63900   30.601208
     63925   30.556071
     63950   30.195345
     63975   30.754640
     64000   30.740098
     64025   30.861710
     64050   30.811815
     64075   30.976926
     64100   31.562253
     64125   30.998242
     64150   30.679311
     64175   30.596146
     64200   31.245596
     64225   31.056134
     64250   31.012552
     64275   30.965754
     64300   30.599509
     64325   30.653254
     64350   30.927984
     64375   30.440084
     64400   30.622819
     64425   30.710574
     64450   30.514772
     64475   30.740092
     64500   31.036784
     64525   31.266313
     64550   31.360843
     64575   30.708014
     64600   31.098352
     64625   31.417787
     64650   31.354581
     64675   31.319058
     64700   31.425808
     64725   32.033037
     64750   31.733482
     64775   31.605831
     64800   31.671265
     64825   32.123168
     64850   32.107455
     64875   32.190606
     64900   31.960383
     64925   31.537322
     64950   31.852796
     64975   31.345732
     65000   31.153370
     65025   31.590623
     65050   31.408385
     65075   31.020425
     65100   31.083065
     65125   30.704541
     65150   30.169911
     65175   31.093027
     65200   31.217935
     65225   31.217713
     65250   31.379932
     65275   30.980243
     65300   31.442318
     65325   31.262303
     65350   31.144065
     65375   31.231609
     65400   31.617124
     65425   31.248904
     65450   31.796075
     65475   31.544390
     65500   31.929058
     65525   31.435235
     65550   31.834372
     65575   31.814361
     65600   32.030379
     65625   31.820331
     65650   32.358232
     65675   32.693467
     65700   32.589158
     65725   32.495980
     65750   32.858732
     65775   32.575818
     65800   32.550196
     65825   33.124535
     65850   33.108059
     65875   32.927884
     65900   33.229256
     65925   33.328785
     65950   33.122309
     65975   33.721608
     66000   33.190584
     66025   32.972172
     66050   32.913380
     66075   33.067075
     66100   33.373513
     66125   32.957685
     66150   33.207300
     66175   32.559351
     66200   32.722041
     66225   33.020783
     66250   32.346573
     66275   32.076208
     66300   31.894120
     66325   32.242548
     66350   32.564302
     66375   32.085096
     66400   32.069423
     66425   32.168697
     66450   32.935793
     66475   32.537924
     66500   32.831568
     66525   32.018059
     66550   32.621124
     66575   32.408033
     66600   32.589608
     66625   32.519358
     66650   31.990745
     66675   32.116751
     66700   32.731092
     66725   32.214539
     66750   32.810085
     66775   33.270696
     66800   33.020449
     66825   32.455611
     66850   32.729229
     66875   32.253485
     66900   32.447427
     66925   32.754821
     66950   32.815246
     66975   32.449080
     67000   32.219221
     67025   32.216839
     67050   32.001291
     67075   32.611222
     67100   32.807169
     67125   32.508836
     67150   33.053606
     67175   32.272988
     67200   32.533145
     67225   32.622135
     67250   32.652709
     67275   32.237426
     67300   32.429247
     67325   32.430896
     67350   32.295757
     67375   32.455917
     67400   31.891148
     67425   32.218958
     67450   32.380247
     67475   32.322618
     67500   32.177816
     67525   31.970737
     67550   32.026363
     67575   31.691366
     67600   31.375288
     67625   31.255738
     67650   31.508064
     67675   31.252452
     67700   31.130455
     67725   30.922623
     67750   31.553558
     67775   31.628317
     67800   30.912564
     67825   31.209290
     67850   31.140853
     67875   31.206259
     67900   31.491066
     67925   30.903035
     67950   30.702468
     67975   30.716234
     68000   30.134265
     68025   30.747095
     68050   31.041976
     68075   30.492300
     68100   30.271479
     68125   30.088079
     68150   30.667448
     68175   30.620958
     68200   30.390655
     68225   30.145267
     68250   30.544952
     68275   29.937854
     68300   30.210651
     68325   30.442196
     68350   30.795575
     68375   30.380464
     68400   30.918931
     68425   30.399643
     68450   31.125668
     68475   30.613711
     68500   30.492451
     68525   31.123767
     68550   31.045602
     68575   30.983668
     68600   31.404487
     68625   31.081236
     68650   31.178051
     68675   30.747223
     68700   30.914998
     68725   30.859775
     68750   30.287292
     68775   30.733287
     68800   30.480226
     68825   30.942110
     68850   31.093099
     68875   31.613961
     68900   31.371432
     68925   31.693924
     68950   31.507939
     68975   30.956827
     69000   31.366790
     69025   31.430894
     69050   31.272690
     69075   31.378691
     69100   31.796887
     69125   31.553254
     69150   31.668501
     69175   31.436713
     69200   31.127799
     69225   31.036125
     69250   31.273135
     69275   31.315718
     69300   31.769400
     69325   31.923601
     69350   31.778064
     69375   31.607165
     69400   31.468958
     69425   31.085358
     69450   31.210029
     69475   31.552608
     69500   31.506660
     69525   31.454360
     69550   31.781593
     69575   32.016953
     69600   32.149856
     69625   32.057658
     69650   32.016737
     69675   31.683563
     69700   31.704916
     69725   31.686851
     69750   32.021442
     69775   32.467382
     69800   32.753177
     69825   32.188449
     69850   31.874547
     69875   32.004480
     69900   31.897851
     69925   31.910510
     69950   31.648421
     69975   31.273030
     70000   31.373256
     70025   31.273738
     70050   31.134742
     70075   31.257331
     70100   31.834123
     70125   31.172165
     70150   31.337076
     70175   31.097004
     70200   30.935130
     70225   31.014161
     70250   31.255525
     70275   30.751111
     70300   30.834285
     70325   31.056900
     70350   30.457309
     70375   30.111694
     70400   30.802632
     70425   30.839859
     70450   30.503804
     70475   30.925100
     70500   31.236631
     70525   31.230879
     70550   31.346985
     70575   31.133942
     70600   30.885528
     70625   30.887941
     70650   31.558826
     70675   31.411847
     70700   31.453877
     70725   31.110208
     70750   31.184171
     70775   31.106080
     70800   30.881069
     70825   31.208957
     70850   31.049270
     70875   31.269812
     70900   31.050716
     70925   30.651581
     70950   30.583687
     70975   31.180647
     71000   31.053180
     71025   30.970616
     71050   30.632894
     71075   30.336383
     71100   30.393299
     71125   30.818736
     71150   30.383972
     71175   30.882664
     71200   31.255265
     71225   30.738408
     71250   31.613496
     71275   31.335304
     71300   31.304795
     71325   31.420230
     71350   31.332548
     71375   30.848933
     71400   30.830192
     71425   30.903989
     71450   30.627408
     71475   30.833825
     71500   30.629512
     71525   30.417591
     71550   30.485151
     71575   31.155742
     71600   30.682270
     71625   31.237011
     71650   30.904934
     71675   31.103021
     71700   30.706042
     71725   30.617541
     71750   30.725551
     71775   30.730480
     71800   30.772221
     71825   30.848299
     71850   31.025310
     71875   30.960959
     71900   31.420204
     71925   31.223398
     71950   31.551309
     71975   31.621687
     72000   31.381074
     72025   30.900490
     72050   31.105453
     72075   31.072400
     72100   30.729971
     72125   30.848487
     72150   30.745773
     72175   30.629707
     72200   30.946935
     72225   31.148130
     72250   30.825556
     72275   31.172289
     72300   31.190248
     72325   30.953884
     72350   30.687401
     72375   31.282430
     72400   31.126275
     72425   32.082086
     72450   31.941736
     72475   31.983303
     72500   31.869688
     72525   31.739363
     72550   31.732804
     72575   31.834873
     72600   31.779903
     72625   31.572585
     72650   31.399875
     72675   31.418903
     72700   31.382705
     72725   31.430071
     72750   31.257732
     72775   31.021555
     72800   30.865998
     72825   30.463877
     72850   31.056139
     72875   31.375871
     72900   31.220263
     72925   31.242050
     72950   31.243328
     72975   31.542125
     73000   31.485839
     73025   31.689799
     73050   31.799223
     73075   31.903972
     73100   32.187272
     73125   32.287136
     73150   32.075689
     73175   33.190172
     73200   32.011751
     73225   32.474906
     73250   32.606537
     73275   32.303619
     73300   32.161629
     73325   32.457535
     73350   32.584754
     73375   32.521196
     73400   32.942855
     73425   32.985370
     73450   32.210916
     73475   32.672467
     73500   32.414438
     73525   32.486584
     73550   32.454238
     73575   32.794269
     73600   32.673558
     73625   32.649207
     73650   32.623416
     73675   32.771886
     73700   32.619028
     73725   32.646405
     73750   32.170977
     73775   31.726930
     73800   32.267973
     73825   32.451222
     73850   32.087785
     73875   32.143457
     73900   31.717061
     73925   31.428054
     73950   31.387191
     73975   30.893795
     74000   31.028620
     74025   31.109804
     74050   31.466138
     74075   30.734373
     74100   31.188670
     74125   31.010664
     74150   31.213546
     74175   30.810951
     74200   30.647904
     74225   30.739380
     74250   30.968747
     74275   30.417769
     74300   30.723016
     74325   30.170541
     74350   30.544170
     74375   30.066411
     74400   30.133323
     74425   30.694972
     74450   30.247291
     74475   30.212312
     74500   30.493596
     74525   30.759945
     74550   30.411121
     74575   30.929079
     74600   30.427538
     74625   30.786188
     74650   30.172792
     74675   30.333647
     74700   30.521840
     74725   30.809789
     74750   30.571179
     74775   31.250814
     74800   31.074267
     74825   30.641328
     74850   30.707297
     74875   30.785892
     74900   30.372573
     74925   30.464640
     74950   30.686729
     74975   30.108656
     75000   30.641616
     75025   30.422489
     75050   31.272629
     75075   31.218026
     75100   31.044626
     75125   31.869534
     75150   31.200311
     75175   31.242592
     75200   30.895497
     75225   31.249959
     75250   31.154612
     75275   31.793166
     75300   31.361449
     75325   30.295332
     75350   30.190132
     75375   31.084884
     75400   31.154165
     75425   30.561505
     75450   31.310096
     75475   31.311036
     75500   31.045461
     75525   31.203742
     75550   30.935776
     75575   31.125377
     75600   30.500107
     75625   31.036309
     75650   30.428777
     75675   30.461914
     75700   30.622462
     75725   31.297011
     75750   31.397037
     75775   31.614193
     75800   31.839488
     75825   31.596664
     75850   31.844647
     75875   31.434576
     75900   31.253188
     75925   31.081588
     75950   30.763053
     75975   30.874162
     76000   30.430764
     76025   30.399838
     76050   30.255126
     76075   30.725705
     76100   30.715269
     76125   30.673753
     76150   31.274769
     76175   31.789241
     76200   31.763643
     76225   31.438867
     76250   31.270019
     76275   31.318336
     76300   31.274483
     76325   31.243593
     76350   30.768146
     76375   31.069185
     76400   30.936802
     76425   30.835131
     76450   30.845959
     76475   30.587235
     76500   30.899943
     76525   30.786191
     76550   30.186270
     76575   30.348173
     76600   30.480435
     76625   30.330646
     76650   30.550422
     76675   30.436615
     76700   30.449015
     76725   30.592796
     76750   30.901224
     76775   30.716403
     76800   30.756600
     76825   30.912923
     76850   30.656590
     76875   30.789771
     76900   30.616996
     76925   30.763611
     76950   30.428038
     76975   30.085247
     77000   30.517691
     77025   30.521825
     77050   30.289261
     77075   30.371567
     77100   30.129685
     77125   29.912343
     77150   30.732998
     77175   30.478207
     77200   30.540165
     77225   31.071691
     77250   31.463207
     77275   31.476291
     77300   31.474823
     77325   31.263384
     77350   31.760567
     77375   31.555715
     77400   31.394324
     77425   31.059951
     77450   31.022749
     77475   30.395942
     77500   30.493146
     77525   30.223816
     77550   30.782119
     77575   31.273018
     77600   31.847887
     77625   31.497073
     77650   31.300259
     77675   31.227037
     77700   31.741689
     77725   30.722953
     77750   30.669965
     77775   30.666747
     77800   31.231610
     77825   31.179721
     77850   30.893211
     77875   31.102380
     77900   30.835832
     77925   30.921183
     77950   31.135400
     77975   31.130200
     78000   31.164240
     78025   30.414658
     78050   30.928808
     78075   31.298590
     78100   31.058434
     78125   31.129735
     78150   31.088255
     78175   32.030237
     78200   31.608623
     78225   31.664850
     78250   31.029349
     78275   30.880582
     78300   31.032686
     78325   31.901338
     78350   31.638432
     78375   31.854265
     78400   31.788734
     78425   31.812082
     78450   31.561982
     78475   31.890080
     78500   31.335905
     78525   31.479585
     78550   31.649968
     78575   31.313329
     78600   31.772133
     78625   31.357655
     78650   31.156652
     78675   31.081140
     78700   31.291366
     78725   30.948571
     78750   30.926943
     78775   30.813358
     78800   30.995928
     78825   31.093717
     78850   31.123858
     78875   30.955681
     78900   31.438953
     78925   30.543817
     78950   31.247656
     78975   30.846283
     79000   31.218093
     79025   30.843106
     79050   30.520647
     79075   31.047750
     79100   31.345920
     79125   31.194225
     79150   30.922161
     79175   31.265051
     79200   30.932458
     79225   30.837234
     79250   30.690815
     79275   31.088304
     79300   30.870591
     79325   30.805617
     79350   30.972837
     79375   31.025482
     79400   31.249643
     79425   31.358823
     79450   31.442660
     79475   30.840009
     79500   30.934221
     79525   31.458533
     79550   31.540239
     79575   31.870560
     79600   31.151375
     79625   30.892798
     79650   31.023419
     79675   30.681620
     79700   30.224068
     79725   30.403220
     79750   30.011433
     79775   29.751418
     79800   30.254586
     79825   30.217514
     79850   30.260035
     79875   30.637009
     79900   29.941103
     79925   30.460178
     79950   30.665224
     79975   31.140716
     80000   30.737904
     80025   31.244173
     80050   30.315440
     80075   31.256266
     80100   31.316058
     80125   30.877613
     80150   31.479935
     80175   31.455981
     80200   30.904382
     80225   30.843631
     80250   30.654524
     80275   30.566606
     80300   30.617222
     80325   30.475255
     80350   30.676745
     80375   30.315746
     80400   30.744977
     80425   30.595879
     80450   30.331056
     80475   30.681058
     80500   30.673890
     80525   30.169760
     80550   30.183518
     80575   29.793880
     80600   29.673636
     80625   29.887593
     80650   30.104254
     80675   30.260615
     80700   30.396675
     80725   30.285121
     80750   30.242376
     80775   29.983831
     80800   30.305518
     80825   30.697332
     80850   30.600794
     80875   30.403113
     80900   30.057481
     80925   29.920397
     80950   30.143050
     80975   30.003238
     81000   29.737075
     81025   29.842444
     81050   29.641649
     81075   29.933741
     81100   29.593605
     81125   29.907440
     81150   29.675516
     81175   29.689109
     81200   29.627504
     81225   30.038006
     81250   29.354452
     81275   29.260839
     81300   29.458472
     81325   29.584591
     81350   29.219347
     81375   28.752293
     81400   28.829537
     81425   28.950847
     81450   29.063357
     81475   29.289596
     81500   29.020439
     81525   29.213369
     81550   28.993703
     81575   29.371701
     81600   28.877516
     81625   28.535860
     81650   28.889137
     81675   29.308299
     81700   29.589532
     81725   29.602107
     81750   29.318761
     81775   29.203048
     81800   29.361122
     81825   29.469235
     81850   29.606109
     81875   29.732326
     81900   29.441184
     81925   29.889477
     81950   29.095938
     81975   29.424296
     82000   29.443152
     82025   29.554329
     82050   29.787806
     82075   29.886816
     82100   30.406159
     82125   30.098455
     82150   29.813978
     82175   29.848505
     82200   30.131789
     82225   30.626975
     82250   30.591501
     82275   30.939108
     82300   30.568979
     82325   30.172582
     82350   30.620989
     82375   30.166578
     82400   30.853601
     82425   30.662346
     82450   31.147327
     82475   31.641510
     82500   31.523149
     82525   31.745387
     82550   31.854258
     82575   31.789617
     82600   31.785521
     82625   31.287692
     82650   30.942652
     82675   31.434679
     82700   31.724447
     82725   31.408504
     82750   31.501391
     82775   31.523515
     82800   31.436411
     82825   31.355022
     82850   31.136567
     82875   31.553229
     82900   30.999240
     82925   31.290790
     82950   31.336365
     82975   31.239812
     83000   31.588004
     83025   31.790661
     83050   31.774375
     83075   31.364558
     83100   31.237628
     83125   31.655674
     83150   31.665245
     83175   31.055894
     83200   31.540491
     83225   30.691978
     83250   30.842715
     83275   30.735932
     83300   30.501711
     83325   30.627119
     83350   30.940367
     83375   30.814165
     83400   30.064221
     83425   29.939025
     83450   29.958457
     83475   30.008482
     83500   30.668448
     83525   30.520698
     83550   30.263902
     83575   29.894242
     83600   29.505909
     83625   29.672208
     83650   30.039961
     83675   30.118026
     83700   30.236626
     83725   30.092194
     83750   29.988804
     83775   30.082508
     83800   29.652716
     83825   29.907523
     83850   29.481526
     83875   29.241687
     83900   29.714831
     83925   29.641086
     83950   30.049664
     83975   29.848659
     84000   30.090605
     84025   29.572978
     84050   30.011682
     84075   30.110826
     84100   29.962515
     84125   29.712854
     84150   30.323696
     84175   30.184455
     84200   30.413594
     84225   30.421915
     84250   30.536934
     84275   30.719373
     84300   30.498896
     84325   30.565584
     84350   30.927792
     84375   30.212376
     84400   31.093445
     84425   31.280536
     84450   31.147673
     84475   30.560149
     84500   30.917165
     84525   31.069957
     84550   31.205469
     84575   30.939243
     84600   31.064992
     84625   31.329772
     84650   31.340248
     84675   31.439814
     84700   31.398905
     84725   31.368876
     84750   31.341491
     84775   31.715172
     84800   31.307016
     84825   31.514733
     84850   30.964020
     84875   31.128134
     84900   31.325417
     84925   31.169906
     84950   31.003846
     84975   31.288300
     85000   31.586036
     85025   30.715503
     85050   31.171451
     85075   31.269753
     85100   30.969033
     85125   31.165361
     85150   30.990719
     85175   31.730173
     85200   31.616540
     85225   32.011964
     85250   31.791633
     85275   31.587326
     85300   31.637723
     85325   31.314470
     85350   31.404244
     85375   31.601892
     85400   31.350274
     85425   31.905443
     85450   30.935933
     85475   31.038748
     85500   31.632445
     85525   31.766589
     85550   31.523234
     85575   31.568170
     85600   31.387948
     85625   31.491522
     85650   30.984472
     85675   31.218967
     85700   31.033505
     85725   31.632986
     85750   31.191976
     85775   31.363280
     85800   31.024386
     85825   31.541803
     85850   31.755751
     85875   32.070435
     85900   31.528637
     85925   31.976310
     85950   31.687564
     85975   31.245244
     86000   31.691188
     86025   31.948664
     86050   31.689240
     86075   31.647469
     86100   31.589270
     86125   31.345252
     86150   30.915846
     86175   31.618469
     86200   31.229247
     86225   31.269187
     86250   31.513304
     86275   30.952923
     86300   31.065581
     86325   31.272983
     86350   31.146048
     86375   31.292456
     86400   30.999005
     86425   30.810153
     86450   30.690744
     86475   31.017289
     86500   31.062858
     86525   31.381139
     86550   30.730045
     86575   31.283439
     86600   30.784094
     86625   30.915945
     86650   30.967074
     86675   31.113827
     86700   30.517588
     86725   31.770003
     86750   31.530641
     86775   31.866899
     86800   31.697160
     86825   31.333581
     86850   31.823238
     86875   31.032134
     86900   30.899655
     86925   31.608716
     86950   31.726238
     86975   31.233056
     87000   31.360131
     87025   31.280023
     87050   31.214830
     87075   31.247647
     87100   31.229103
     87125   31.965298
     87150   31.791214
     87175   31.735788
     87200   31.339953
     87225   31.059840
     87250   31.170738
     87275   31.412339
     87300   31.483281
     87325   31.335935
     87350   31.372024
     87375   31.634631
     87400   31.313961
     87425   31.185662
     87450   31.940240
     87475   31.342378
     87500   31.493526
     87525   31.490437
     87550   31.236169
     87575   30.948832
     87600   30.936203
     87625   31.338045
     87650   31.598892
     87675   31.038238
     87700   31.347534
     87725   30.791067
     87750   30.654514
     87775   30.843030
     87800   30.862140
     87825   31.025540
     87850   31.225748
     87875   30.874641
     87900   31.435795
     87925   31.219467
     87950   30.988568
     87975   30.609861
     88000   30.407128
     88025   30.395412
     88050   30.176328
     88075   30.582781
     88100   30.057173
     88125   29.991436
     88150   30.547196
     88175   30.449398
     88200   30.734174
     88225   30.473287
     88250   30.637801
     88275   30.349698
     88300   30.100963
     88325   29.922874
     88350   29.763846
     88375   30.758236
     88400   31.706662
     88425   31.243237
     88450   30.882519
     88475   30.864265
     88500   31.069405
     88525   30.419328
     88550   30.828294
     88575   31.446447
     88600   30.730538
     88625   30.890304
     88650   31.244992
     88675   31.204649
     88700   31.350381
     88725   31.857162
     88750   31.798588
     88775   31.265587
     88800   31.213360
     88825   32.632625
     88850   31.845201
     88875   31.286097
     88900   31.578099
     88925   31.187167
     88950   31.595536
     88975   31.603382
     89000   32.029542
     89025   32.014294
     89050   31.931857
     89075   31.954924
     89100   32.622257
     89125   32.401447
     89150   32.655340
     89175   32.535399
     89200   32.884206
     89225   32.258279
     89250   32.557398
     89275   32.176099
     89300   32.224997
     89325   32.182038
     89350   32.676201
     89375   32.523402
     89400   32.746618
     89425   32.443771
     89450   33.369681
     89475   32.838679
     89500   33.017523
     89525   33.104810
     89550   33.321485
     89575   33.526181
     89600   33.336079
     89625   33.322039
     89650   33.760561
     89675   33.693621
     89700   33.162255
     89725   33.392627
     89750   33.407954
     89775   33.693628
     89800   33.209342
     89825   33.009008
     89850   33.153356
     89875   33.139142
     89900   32.703731
     89925   33.239769
     89950   33.110474
     89975   33.786151
     90000   33.776444
     90025   33.214528
     90050   33.709404
     90075   33.574208
     90100   32.988445
     90125   33.002578
     90150   32.956204
     90175   33.127538
     90200   32.703064
     90225   32.540610
     90250   32.576267
     90275   32.299921
     90300   32.333886
     90325   32.390352
     90350   33.186679
     90375   32.608575
     90400   33.002232
     90425   33.032494
     90450   32.923282
     90475   33.462649
     90500   33.273042
     90525   33.056995
     90550   32.523462
     90575   33.065240
     90600   33.031072
     90625   32.139282
     90650   32.650628
     90675   32.627596
     90700   32.962037
     90725   33.178376
     90750   32.463650
     90775   32.154313
     90800   32.059250
     90825   31.807409
     90850   31.769970
     90875   31.749417
     90900   31.820712
     90925   31.913418
     90950   32.725090
     90975   32.788045
     91000   32.196431
     91025   31.918201
     91050   32.510476
     91075   31.989318
     91100   32.023394
     91125   32.352246
     91150   32.408743
     91175   32.303664
     91200   32.672308
     91225   32.371798
     91250   32.092397
     91275   31.955528
     91300   32.118228
     91325   32.049167
     91350   32.386827
     91375   32.519129
     91400   32.539011
     91425   32.129011
     91450   32.036464
     91475   32.079990
     91500   32.009362
     91525   32.303031
     91550   32.102924
     91575   32.559626
     91600   32.546876
     91625   31.910554
     91650   32.593789
     91675   32.475840
     91700   31.851465
     91725   32.351128
     91750   32.642881
     91775   32.582504
     91800   32.725343
     91825   32.200826
     91850   32.119250
     91875   32.201197
     91900   32.033901
     91925   32.560181
     91950   32.683864
     91975   32.640696
     92000   32.494869
     92025   32.893344
     92050   32.666661
     92075   33.055369
     92100   32.709082
     92125   32.622879
     92150   32.798153
     92175   33.059121
     92200   32.912301
     92225   32.471839
     92250   32.631879
     92275   33.037942
     92300   32.951716
     92325   32.673416
     92350   33.167597
     92375   32.853377
     92400   32.424253
     92425   32.397938
     92450   32.660575
     92475   31.528345
     92500   31.918210
     92525   31.513974
     92550   31.938268
     92575   31.538502
     92600   31.247526
     92625   31.776044
     92650   31.780831
     92675   32.033166
     92700   31.803475
     92725   31.834632
     92750   31.880539
     92775   32.151858
     92800   31.759659
     92825   31.304558
     92850   31.923935
     92875   31.859137
     92900   31.972045
     92925   31.718877
     92950   31.525068
     92975   32.129756
     93000   31.473609
     93025   31.882524
     93050   31.896857
     93075   31.831829
     93100   31.999532
     93125   31.867000
     93150   32.696457
     93175   31.826881
     93200   31.772754
     93225   31.536719
     93250   31.767936
     93275   31.489507
     93300   31.878507
     93325   32.114735
     93350   31.890051
     93375   31.843001
     93400   31.995112
     93425   32.104654
     93450   32.342785
     93475   32.649247
     93500   31.990691
     93525   31.824909
     93550   30.930422
     93575   31.873909
     93600   31.282026
     93625   31.441702
     93650   31.665248
     93675   31.543726
     93700   31.581453
     93725   30.765149
     93750   30.960026
     93775   30.914718
     93800   31.286540
     93825   31.736929
     93850   31.524788
     93875   31.960155
     93900   31.814474
     93925   31.402531
     93950   31.370228
     93975   31.110866
     94000   30.993059
     94025   31.281696
     94050   31.395643
     94075   31.093630
     94100   31.180253
     94125   30.881671
     94150   30.808211
     94175   30.774941
     94200   30.966980
     94225   30.677719
     94250   30.533870
     94275   31.305189
     94300   31.172521
     94325   30.906175
     94350   30.631795
     94375   30.859787
     94400   31.181223
     94425   31.886994
     94450   31.406097
     94475   31.367088
     94500   31.079403
     94525   32.157169
     94550   31.608488
     94575   31.124748
     94600   31.314431
     94625   30.931404
     94650   31.173093
     94675   30.997368
     94700   30.958720
     94725   30.684680
     94750   30.769906
     94775   31.090448
     94800   30.695051
     94825   30.699941
     94850   30.856605
     94875   30.840657
     94900   30.628214
     94925   30.552806
     94950   30.845572
     94975   30.623546
     95000   30.758728
     95025   31.023063
     95050   31.006009
     95075   31.225101
     95100   30.827294
     95125   30.362934
     95150   29.952447
     95175   30.560349
     95200   30.629021
     95225   30.876281
     95250   30.874759
     95275   31.172248
     95300   30.638168
     95325   30.913690
     95350   31.133937
     95375   31.405887
     95400   31.027341
     95425   31.605357
     95450   31.314135
     95475   30.654742
     95500   31.035830
     95525   30.595364
     95550   30.541993
     95575   30.424641
     95600   30.945063
     95625   30.007986
     95650   30.261600
     95675   30.194128
     95700   30.436310
     95725   30.558422
     95750   30.499808
     95775   29.943623
     95800   29.894646
     95825   30.070951
     95850   30.356380
     95875   30.438690
     95900   30.437368
     95925   30.428485
     95950   30.295553
     95975   30.247245
     96000   30.433912
     96025   30.177905
     96050   30.110096
     96075   29.453219
     96100   29.861000
     96125   30.027062
     96150   29.996435
     96175   30.111501
     96200   30.261990
     96225   30.457756
     96250   30.422416
     96275   30.690865
     96300   31.160379
     96325   31.153617
     96350   31.096528
     96375   30.632746
     96400   30.533494
     96425   30.289715
     96450   30.948736
     96475   30.358148
     96500   30.200745
     96525   30.065600
     96550   30.173043
     96575   30.061707
     96600   29.844346
     96625   29.785937
     96650   29.801798
     96675   29.835612
     96700   29.804402
     96725   30.034422
     96750   29.373262
     96775   29.564042
     96800   29.192679
     96825   29.544186
     96850   30.252050
     96875   30.252946
     96900   29.993376
     96925   30.186080
     96950   30.167001
     96975   30.185031
     97000   29.432044
     97025   30.173919
     97050   30.155553
     97075   29.778868
     97100   29.403311
     97125   29.796854
     97150   29.333796
     97175   30.077705
     97200   29.875019
     97225   29.611597
     97250   30.065159
     97275   30.234623
     97300   30.384052
     97325   30.036355
     97350   30.411101
     97375   30.595486
     97400   30.738000
     97425   30.706440
     97450   30.239227
     97475   30.534322
     97500   30.890835
     97525   30.147720
     97550   29.975256
     97575   30.255692
     97600   30.156101
     97625   30.262324
     97650   30.209954
     97675   30.247195
     97700   30.565038
     97725   30.269703
     97750   29.992775
     97775   29.662130
     97800   30.169221
     97825   30.045648
     97850   29.975275
     97875   29.929585
     97900   30.929901
     97925   30.604093
     97950   30.486020
     97975   30.551497
     98000   29.944027
     98025   30.603822
     98050   30.761549
     98075   31.108490
     98100   30.952613
     98125   30.999045
     98150   31.111227
     98175   30.615642
     98200   30.582252
     98225   30.129517
     98250   30.678452
     98275   31.239597
     98300   31.252521
     98325   31.305151
     98350   31.332198
     98375   31.602237
     98400   31.722005
     98425   31.508819
     98450   31.947495
     98475   32.094654
     98500   31.690339
     98525   31.957092
     98550   31.914440
     98575   31.622207
     98600   31.187662
     98625   30.833560
     98650   30.432612
     98675   30.776981
     98700   30.382826
     98725   30.509372
     98750   30.745725
     98775   30.700752
     98800   31.123918
     98825   31.064304
     98850   31.298680
     98875   31.144081
     98900   31.552170
     98925   31.557699
     98950   31.257494
     98975   31.564492
     99000   30.997658
     99025   31.816260
     99050   31.724122
     99075   31.596989
     99100   31.678679
     99125   32.121231
     99150   32.013180
     99175   31.719074
     99200   31.614272
     99225   31.590931
     99250   31.131800
     99275   31.079625
     99300   31.208994
     99325   31.229254
     99350   30.583278
     99375   31.176759
     99400   31.031368
     99425   30.412780
     99450   30.884881
     99475   31.208677
     99500   31.214396
     99525   30.489962
     99550   30.579228
     99575   30.385224
     99600   30.553274
     99625   30.660040
     99650   31.213626
     99675   30.582051
     99700   31.045354
     99725   30.432730
     99750   30.998128
     99775   30.768982
     99800   31.033487
     99825   31.131223
     99850   31.183876
     99875   31.331633
     99900   30.798052
     99925   30.847042
     99950   31.232379
     99975   31.033992
    100000   31.156322
    100025   31.435090
    100050   30.881340
    100075   31.508646
    100100   31.975885
    100125   31.787981
    100150   31.278647
    100175   31.148424
    100200   31.289703
    100225   31.764888
    100250   31.556842
    100275   31.156939
    100300   31.577621
    100325   31.572420
    100350   31.112091
    100375   31.449045
    100400   31.074339
    100425   31.389352
    100450   31.713499
    100475   31.355338
    100500   31.241771
    100525   31.428797
    100550   32.093231
    100575   31.345638
    100600   30.915577
    100625   30.949970
    100650   30.965964
    100675   31.888032
    100700   31.806606
    100725   32.223172
    100750   31.927109
    100775   31.885677
    100800   32.215415
    100825   32.053909
    100850   32.281812
    100875   31.924547
    100900   31.864227
    100925   31.277058
    100950   31.471514
    100975   32.265199
    101000   31.815288
    101025   31.743015
    101050   32.079145
    101075   31.904414
    101100   31.834326
    101125   32.337651
    101150   31.977776
    101175   32.464280
    101200   32.041498
    101225   32.327464
    101250   32.555032
    101275   32.952424
    101300   32.390493
    101325   32.160040
    101350   32.807932
    101375   32.566172
    101400   33.026091
    101425   33.095292
    101450   33.140770
    101475   33.450462
    101500   33.374967
    101525   33.065281
    101550   32.983660
    101575   33.052624
    101600   32.942589
    101625   32.125670
    101650   32.907357
    101675   32.499488
    101700   32.756810
    101725   32.190946
    101750   32.968265
    101775   32.774140
    101800   32.372931
    101825   32.267222
    101850   32.373227
    101875   32.358466
    101900   32.836937
    101925   32.688391
    101950   32.555493
    101975   33.245400
    102000   33.095888
    102025   33.761827
    102050   33.521342
    102075   33.682379
    102100   33.301949
    102125   33.394375
    102150   33.133145
    102175   32.818653
    102200   32.980460
    102225   32.893920
    102250   33.073310
    102275   32.488758
    102300   32.547301
    102325   32.798269
    102350   32.701401
    102375   32.226703
    102400   32.904929
    102425   32.419787
    102450   32.382846
    102475   32.646487
    102500   32.556420
    102525   32.665645
    102550   32.280198
    102575   31.971363
    102600   32.420497
    102625   32.679021
    102650   33.399759
    102675   32.905748
    102700   32.922395
    102725   32.521326
    102750   32.576976
    102775   32.926105
    102800   32.538955
    102825   32.820492
    102850   32.560392
    102875   32.443852
    102900   32.495982
    102925   32.790374
    102950   32.404159
    102975   32.305598
    103000   32.110793
    103025   32.200394
    103050   32.135960
    103075   32.424760
    103100   31.822264
    103125   32.031946
    103150   31.883831
    103175   31.218417
    103200   32.041280
    103225   32.328925
    103250   31.921646
    103275   31.449849
    103300   31.692658
    103325   31.458856
    103350   31.140544
    103375   31.527054
    103400   31.374867
    103425   30.785046
    103450   30.998532
    103475   31.015063
    103500   30.777260
    103525   30.531052
    103550   30.691625
    103575   30.911849
    103600   30.709786
    103625   30.964383
    103650   31.155690
    103675   31.213163
    103700   31.120167
    103725   31.098253
    103750   30.928564
    103775   31.000606
    103800   31.260527
    103825   30.917079
    103850   31.796012
    103875   31.083214
    103900   31.423987
    103925   30.941055
    103950   31.690746
    103975   31.391528
    104000   31.326424
    104025   32.053802
    104050   31.791118
    104075   31.512285
    104100   31.370251
    104125   31.416723
    104150   31.239099
    104175   31.309194
    104200   31.594747
    104225   32.000383
    104250   31.762162
    104275   31.357475
    104300   31.235047
    104325   31.359192
    104350   31.934201
    104375   31.579497
    104400   31.516494
    104425   31.831642
    104450   31.984368
    104475   32.314792
    104500   31.726708
    104525   31.147370
    104550   31.642490
    104575   31.541178
    104600   31.427833
    104625   31.572936
    104650   31.323325
    104675   31.887642
    104700   31.750185
    104725   32.476723
    104750   32.309132
    104775   32.156081
    104800   32.212764
    104825   32.243412
    104850   31.926040
    104875   32.514661
    104900   32.149983
    104925   32.197663
    104950   32.091004
    104975   32.181200
    105000   31.942169
    105025   31.788150
    105050   31.399706
    105075   31.554516
    105100   31.814438
    105125   31.492207
    105150   31.803433
    105175   31.913064
    105200   31.680750
    105225   31.464482
    105250   31.592586
    105275   31.810508
    105300   32.162996
    105325   31.537071
    105350   31.900896
    105375   31.818945
    105400   31.920717
    105425   32.752638
    105450   32.669207
    105475   32.401186
    105500   32.471372
    105525   31.776917
    105550   32.159115
    105575   32.934969
    105600   33.032155
    105625   33.059321
    105650   32.846385
    105675   32.792067
    105700   32.906208
    105725   32.630877
    105750   32.821824
    105775   32.668878
    105800   32.196999
    105825   32.523093
    105850   32.580790
    105875   32.962046
    105900   32.659709
    105925   32.805713
    105950   33.161366
    105975   32.975781
    106000   32.968508
    106025   33.255784
    106050   33.138231
    106075   32.526750
    106100   32.371254
    106125   32.435479
    106150   33.024807
    106175   32.043591
    106200   32.390573
    106225   32.074480
    106250   32.699821
    106275   32.974826
    106300   32.926807
    106325   32.928275
    106350   33.321241
    106375   32.992581
    106400   32.904999
    106425   32.874693
    106450   32.872476
    106475   32.884090
    106500   32.838434
    106525   33.089150
    106550   33.258326
    106575   32.560156
    106600   32.387749
    106625   32.288785
    106650   32.167249
    106675   31.984569
    106700   31.531435
    106725   31.662742
    106750   32.440791
    106775   32.394172
    106800   32.230327
    106825   31.731129
    106850   32.275938
    106875   32.315131
    106900   32.391939
    106925   31.880218
    106950   32.516743
    106975   32.426994
    107000   31.994577
    107025   32.603220
    107050   32.242938
    107075   32.631569
    107100   32.671737
    107125   32.204496
    107150   32.472784
    107175   32.480860
    107200   32.771066
    107225   32.568559
    107250   33.152070
    107275   32.835642
    107300   32.556371
    107325   32.518926
    107350   32.349429
    107375   32.954939
    107400   32.594867
    107425   32.286415
    107450   32.537278
    107475   33.015431
    107500   33.140115
    107525   33.092029
    107550   33.484657
    107575   32.997447
    107600   32.758571
    107625   33.577471
    107650   33.456860
    107675   33.120831
    107700   32.877961
    107725   33.257739
    107750   32.905959
    107775   33.255933
    107800   32.980811
    107825   33.109392
    107850   33.558044
    107875   33.263728
    107900   33.462564
    107925   33.023410
    107950   33.494889
    107975   33.299379
    108000   33.353283
    108025   33.414195
    108050   32.895248
    108075   33.582729
    108100   33.215492
    108125   33.029084
    108150   32.494285
    108175   33.167664
    108200   33.023892
    108225   32.987058
    108250   33.253140
    108275   33.026918
    108300   33.961283
    108325   33.166278
    108350   33.075330
    108375   33.029800
    108400   32.953418
    108425   32.647051
    108450   32.928820
    108475   32.736263
    108500   33.036958
    108525   33.126739
    108550   33.125019
    108575   33.612092
    108600   33.404782
    108625   32.685866
    108650   33.052777
    108675   32.732136
    108700   32.938607
    108725   33.400602
    108750   33.611274
    108775   33.444733
    108800   33.641727
    108825   33.015897
    108850   33.403337
    108875   33.278431
    108900   33.269947
    108925   33.319187
    108950   32.904878
    108975   33.866855
    109000   33.011844
    109025   33.031582
    109050   33.299625
    109075   33.324163
    109100   32.896678
    109125   32.675692
    109150   33.151183
    109175   32.407945
    109200   32.692641
    109225   33.436360
    109250   32.799445
    109275   33.687950
    109300   33.540374
    109325   33.385073
    109350   33.712716
    109375   33.641909
    109400   33.017562
    109425   32.967732
    109450   32.989789
    109475   33.616895
    109500   33.574631
    109525   33.701833
    109550   33.194155
    109575   33.245982
    109600   33.052376
    109625   32.318667
    109650   32.156464
    109675   32.770944
    109700   32.201073
    109725   32.301140
    109750   33.004511
    109775   32.233886
    109800   32.292335
    109825   32.787168
    109850   33.099685
    109875   33.197149
    109900   32.639092
    109925   32.587458
    109950   32.941843
    109975   32.777313
    110000   33.229518
    110025   33.076905
    110050   33.078563
    110075   33.232124
    110100   32.991788
    110125   32.867515
    110150   32.498437
    110175   32.334545
    110200   32.635672
    110225   32.311293
    110250   32.524179
    110275   32.307806
    110300   32.325071
    110325   32.763200
    110350   32.150352
    110375   32.854095
    110400   32.753122
    110425   32.548466
    110450   32.327856
    110475   32.224279
    110500   32.496191
    110525   32.543599
    110550   32.170829
    110575   32.158712
    110600   31.959191
    110625   31.494415
    110650   32.826044
    110675   32.204358
    110700   32.453377
    110725   31.967497
    110750   32.062550
    110775   32.033578
    110800   32.048311
    110825   32.308869
    110850   32.231706
    110875   31.538357
    110900   31.976594
    110925   32.123779
    110950   32.077542
    110975   32.213683
    111000   32.286921
    111025   31.974245
    111050   32.063811
    111075   32.235510
    111100   31.526754
    111125   31.859516
    111150   31.638853
    111175   31.895224
    111200   32.112978
    111225   32.143647
    111250   31.628327
    111275   31.494296
    111300   32.081311
    111325   32.075963
    111350   32.233763
    111375   32.281708
    111400   31.812194
    111425   31.620016
    111450   31.125735
    111475   31.223309
    111500   31.364274
    111525   31.568327
    111550   31.780331
    111575   31.360911
    111600   31.492762
    111625   31.935522
    111650   31.184850
    111675   31.474623
    111700   32.198954
    111725   31.995334
    111750   32.110553
    111775   32.042473
    111800   31.518420
    111825   31.299913
    111850   31.542793
    111875   31.566059
    111900   31.307914
    111925   32.024328
    111950   31.561590
    111975   31.885752
    112000   32.014981
    112025   31.258243
    112050   31.189017
    112075   31.375043
    112100   31.578700
    112125   31.399229
    112150   31.481370
    112175   31.507954
    112200   32.064409
    112225   32.287039
    112250   32.268174
    112275   31.966965
    112300   31.882977
    112325   31.579460
    112350   31.126917
    112375   30.800666
    112400   30.693855
    112425   31.154344
    112450   30.646740
    112475   30.931979
    112500   31.275939
    112525   31.433677
    112550   30.508805
    112575   31.035085
    112600   30.744584
    112625   31.373336
    112650   31.165670
    112675   31.486917
    112700   31.210525
    112725   31.131206
    112750   31.808812
    112775   30.982160
    112800   31.640034
    112825   31.430440
    112850   31.416855
    112875   31.570031
    112900   31.906522
    112925   31.674989
    112950   31.985109
    112975   31.984490
    113000   32.040938
    113025   31.869936
    113050   31.514146
    113075   31.792665
    113100   31.531789
    113125   31.971550
    113150   31.384287
    113175   31.727140
    113200   31.996440
    113225   31.880818
    113250   31.743595
    113275   32.131714
    113300   31.732735
    113325   31.282473
    113350   31.310856
    113375   31.571175
    113400   31.800006
    113425   30.867063
    113450   31.321509
    113475   31.627204
    113500   31.728007
    113525   31.292736
    113550   31.666537
    113575   32.110648
    113600   31.462458
    113625   32.015006
    113650   31.730109
    113675   31.528707
    113700   31.329118
    113725   31.919003
    113750   31.718743
    113775   31.998485
    113800   32.214569
    113825   32.058253
    113850   32.555979
    113875   31.927440
    113900   31.667868
    113925   31.809941
    113950   32.180326
    113975   32.036680
    114000   32.032269
    114025   32.270332
    114050   32.178446
    114075   32.387475
    114100   32.157677
    114125   32.086737
    114150   31.996464
    114175   31.865349
    114200   31.808161
    114225   31.886444
    114250   31.916207
    114275   32.174741
    114300   32.204540
    114325   32.594086
    114350   32.909797
    114375   32.651721
    114400   32.694224
    114425   32.671456
    114450   33.199918
    114475   32.265682
    114500   32.079669
    114525   31.896550
    114550   32.344801
    114575   31.966631
    114600   32.346285
    114625   32.336816
    114650   32.388763
    114675   31.903581
    114700   31.892316
    114725   32.243116
    114750   31.805536
    114775   31.820692
    114800   32.188692
    114825   31.564026
    114850   31.295873
    114875   31.523705
    114900   31.028200
    114925   31.304235
    114950   31.669887
    114975   31.839003
    115000   31.704589
    115025   31.313885
    115050   31.256800
    115075   31.598743
    115100   31.617351
    115125   31.756725
    115150   30.958957
    115175   31.447447
    115200   31.817879
    115225   31.765339
    115250   31.984641
    115275   31.788964
    115300   31.287330
    115325   31.296870
    115350   31.801155
    115375   31.904845
    115400   31.956787
    115425   32.948508
    115450   32.132199
    115475   31.877804
    115500   32.176076
    115525   31.897758
    115550   32.098792
    115575   32.397535
    115600   31.966079
    115625   32.671928
    115650   32.067878
    115675   31.604626
    115700   32.422664
    115725   32.173145
    115750   32.142471
    115775   32.152123
    115800   32.099217
    115825   31.651403
    115850   31.475774
    115875   31.722347
    115900   31.787068
    115925   31.605874
    115950   32.164624
    115975   32.312924
    116000   32.574352
    116025   31.916284
    116050   32.012240
    116075   31.883660
    116100   31.721663
    116125   32.942645
    116150   32.614682
    116175   32.215367
    116200   32.658514
    116225   32.389164
    116250   32.523688
    116275   32.290707
    116300   32.074125
    116325   32.115982
    116350   31.669940
    116375   32.402395
    116400   32.434363
    116425   32.095485
    116450   31.677620
    116475   31.748146
    116500   32.117720
    116525   32.526561
    116550   32.807292
    116575   32.195102
    116600   33.184993
    116625   32.634138
    116650   32.938230
    116675   32.097803
    116700   32.161718
    116725   32.119673
    116750   32.128505
    116775   32.448197
    116800   32.327258
    116825   32.464722
    116850   32.516986
    116875   32.647486
    116900   32.289410
    116925   32.197184
    116950   31.992769
    116975   31.849223
    117000   32.087683
    117025   32.057481
    117050   31.915624
    117075   32.269685
    117100   32.116175
    117125   32.006710
    117150   31.250917
    117175   31.487654
    117200   31.987488
    117225   31.571585
    117250   31.815673
    117275   32.167049
    117300   32.104196
    117325   32.320537
    117350   32.347601
    117375   31.551797
    117400   31.597149
    117425   31.491183
    117450   31.485436
    117475   31.680495
    117500   32.239420
    117525   31.778997
    117550   31.349094
    117575   32.149484
    117600   32.020303
    117625   32.312124
    117650   32.425174
    117675   32.384586
    117700   31.881350
    117725   31.848749
    117750   32.000683
    117775   32.066969
    117800   31.959956
    117825   31.942556
    117850   31.558667
    117875   31.524389
    117900   32.102371
    117925   32.239993
    117950   31.801207
    117975   31.548317
    118000   31.676392
    118025   31.353722
    118050   31.353746
    118075   31.730046
    118100   31.667981
    118125   31.635496
    118150   31.314530
    118175   31.346538
    118200   31.495024
    118225   31.372581
    118250   31.614408
    118275   31.899582
    118300   31.745446
    118325   31.898576
    118350   31.318095
    118375   31.628367
    118400   32.190718
    118425   31.769291
    118450   32.299470
    118475   32.166289
    118500   31.805320
    118525   31.867913
    118550   31.373268
    118575   32.268449
    118600   31.566263
    118625   32.260510
    118650   32.747234
    118675   32.200114
    118700   32.456305
    118725   31.491703
    118750   31.950670
    118775   32.031847
    118800   31.826776
    118825   31.672225
    118850   31.728522
    118875   31.983339
    118900   32.332951
    118925   32.294215
    118950   32.223651
    118975   31.807660
    119000   32.409137
    119025   31.940767
    119050   31.980573
    119075   32.765190
    119100   31.949225
    119125   32.823836
    119150   31.884115
    119175   32.591413
    119200   32.203287
    119225   32.377629
    119250   32.041002
    119275   32.039892
    119300   32.054963
    119325   32.103280
    119350   31.467452
    119375   31.427279
    119400   31.663413
    119425   31.659525
    119450   31.787882
    119475   31.887431
    119500   31.735904
    119525   31.757789
    119550   31.404902
    119575   31.729665
    119600   31.802466
    119625   32.177808
    119650   32.035417
    119675   32.525781
    119700   32.031052
    119725   32.243197
    119750   31.608087
    119775   31.318724
    119800   31.977653
    119825   31.432184
    119850   32.125250
    119875   31.820690
    119900   31.306481
    119925   31.107067
    119950   30.866581
    119975   31.237850
    120000   30.944767
    120025   31.444495
    120050   31.004095
    120075   30.732474
    120100   31.232251
    120125   30.658086
    120150   30.912185
    120175   31.392574
    120200   31.451701
    120225   31.053561
    120250   31.085941
    120275   30.397322
    120300   31.100616
    120325   30.738804
    120350   30.870473
    120375   31.233606
    120400   30.816409
    120425   30.732466
    120450   31.212570
    120475   30.943249
    120500   30.890676
    120525   31.365631
    120550   31.083205
    120575   30.777400
    120600   30.376834
    120625   30.755348
    120650   30.567131
    120675   30.005040
    120700   30.186700
    120725   30.177162
    120750   29.563985
    120775   30.317337
    120800   30.044782
    120825   30.277216
    120850   30.155055
    120875   30.082127
    120900   30.258853
    120925   29.956506
    120950   29.544964
    120975   30.009968
    121000   29.834812
    121025   30.084536
    121050   30.523740
    121075   30.421755
    121100   30.591594
    121125   31.015025
    121150   30.946012
    121175   31.024670
    121200   30.961698
    121225   30.978518
    121250   31.374242
    121275   30.364601
    121300   30.808628
    121325   31.271080
    121350   30.979420
    121375   30.658171
    121400   30.578137
    121425   30.338898
    121450   30.288913
    121475   30.181450
    121500   29.598202
    121525   30.675251
    121550   30.426927
    121575   30.849686
    121600   30.846192
    121625   30.286133
    121650   30.919070
    121675   30.325653
    121700   31.010318
    121725   30.974574
    121750   30.462860
    121775   30.642266
    121800   30.762275
    121825   30.242434
    121850   29.841822
    121875   29.960135
    121900   30.118867
    121925   30.401507
    121950   30.496413
    121975   30.171709
    122000   30.470351
    122025   29.872792
    122050   29.812869
    122075   29.805001
    122100   29.830752
    122125   29.864482
    122150   30.041071
    122175   29.443078
    122200   29.278126
    122225   29.659188
    122250   29.725444
    122275   29.622193
    122300   29.769568
    122325   30.399775
    122350   29.959108
    122375   29.648042
    122400   30.026768
    122425   30.095446
    122450   29.502783
    122475   30.072021
    122500   29.898047
    122525   29.717302
    122550   29.581985
    122575   29.278147
    122600   29.469562
    122625   29.754485
    122650   30.534785
    122675   29.613245
    122700   30.450700
    122725   30.476328
    122750   30.120464
    122775   29.812314
    122800   30.508010
    122825   30.027146
    122850   30.916108
    122875   30.792096
    122900   30.489942
    122925   30.279798
    122950   30.342260
    122975   29.966201
    123000   29.858575
    123025   30.376237
    123050   30.270974
    123075   30.381679
    123100   30.735696
    123125   30.083979
    123150   30.253215
    123175   30.418918
    123200   30.206706
    123225   30.528973
    123250   29.910140
    123275   29.799487
    123300   30.229521
    123325   30.230035
    123350   30.516767
    123375   30.529200
    123400   30.351845
    123425   30.444301
    123450   30.714117
    123475   30.954223
    123500   30.670735
    123525   30.636246
    123550   29.970448
    123575   30.281433
    123600   30.651623
    123625   30.739287
    123650   30.493515
    123675   30.013847
    123700   30.107945
    123725   30.633904
    123750   30.558334
    123775   31.218359
    123800   31.047791
    123825   30.625984
    123850   30.677452
    123875   31.095535
    123900   30.972270
    123925   30.704273
    123950   31.002554
    123975   31.080065
    124000   31.656741
    124025   30.716393
    124050   31.203938
    124075   31.348660
    124100   31.626662
    124125   31.946600
    124150   31.918836
    124175   31.339171
    124200   31.786454
    124225   31.167436
    124250   31.622093
    124275   31.361849
    124300   31.589494
    124325   31.077450
    124350   31.528590
    124375   31.890154
    124400   31.408922
    124425   31.327729
    124450   31.229226
    124475   31.083801
    124500   31.182005
    124525   31.191749
    124550   31.605582
    124575   31.603675
    124600   31.401608
    124625   31.675701
    124650   31.516829
    124675   31.183574
    124700   31.694068
    124725   31.928781
    124750   31.585552
    124775   31.953626
    124800   32.352813
    124825   32.010121
    124850   31.401283
    124875   31.490944
    124900   31.708640
    124925   31.677052
    124950   31.645643
    124975   31.779211
    125000   31.622218
    125025   31.123610
    125050   31.667949
    125075   30.864599
    125100   31.512104
    125125   31.027689
    125150   31.282924
    125175   31.570537
    125200   31.657542
    125225   31.880608
    125250   31.473017
    125275   31.331821
    125300   31.732997
    125325   31.588039
    125350   31.437554
    125375   31.315971
    125400   30.853707
    125425   31.534940
    125450   31.114030
    125475   30.850326
    125500   30.788579
    125525   31.313479
    125550   31.425290
    125575   31.351737
    125600   31.398855
    125625   31.739551
    125650   31.766448
    125675   31.253497
    125700   31.409617
    125725   31.317990
    125750   31.503699
    125775   31.042731
    125800   31.007443
    125825   31.492067
    125850   30.935293
    125875   30.888886
    125900   30.793095
    125925   30.258659
    125950   30.111450
    125975   30.087230
    126000   29.875292
    126025   30.410611
    126050   29.916944
    126075   30.431558
    126100   29.992703
    126125   30.155637
    126150   30.581244
    126175   30.449836
    126200   31.134377
    126225   30.567725
    126250   30.668310
    126275   31.049152
    126300   31.532747
    126325   31.365256
    126350   31.262361
    126375   31.008612
    126400   31.121299
    126425   31.487568
    126450   31.625202
    126475   31.956434
    126500   32.531954
    126525   31.584776
    126550   31.774303
    126575   32.237223
    126600   31.530782
    126625   31.592275
    126650   31.963797
    126675   31.323234
    126700   31.037458
    126725   30.967346
    126750   31.947668
    126775   31.756074
    126800   31.627308
    126825   32.319753
    126850   32.419644
    126875   32.505192
    126900   31.867578
    126925   31.334153
    126950   31.797832
    126975   30.820808
    127000   32.058617
    127025   31.301839
    127050   31.546155
    127075   31.123613
    127100   31.021840
    127125   30.863044
    127150   31.333159
    127175   30.942428
    127200   30.871729
    127225   31.091922
    127250   30.778520
    127275   30.887912
    127300   30.727651
    127325   30.886920
    127350   31.312810
    127375   31.097919
    127400   30.986618
    127425   30.833892
    127450   30.794339
    127475   31.279421
    127500   31.531001
    127525   31.297844
    127550   31.584400
    127575   31.347149
    127600   30.838931
    127625   31.041152
    127650   31.106119
    127675   30.897897
    127700   31.245397
    127725   31.360267
    127750   31.265952
    127775   31.291128
    127800   30.863706
    127825   31.274180
    127850   30.836071
    127875   30.448902
    127900   30.615041
    127925   30.434253
    127950   31.382202
    127975   31.281887
    128000   30.873360
    128025   30.496181
    128050   30.798893
    128075   30.652774
    128100   30.256217
    128125   30.486489
    128150   30.324937
    128175   30.508388
    128200   30.162547
    128225   30.422607
    128250   30.433759
    128275   30.543722
    128300   30.021866
    128325   30.328730
    128350   30.185396
    128375   30.664517
    128400   30.850111
    128425   30.853953
    128450   31.290226
    128475   30.947162
    128500   31.516487
    128525   31.917105
    128550   32.215022
    128575   32.014095
    128600   32.190504
    128625   32.126282
    128650   32.491068
    128675   32.022926
    128700   32.753946
    128725   32.335330
    128750   32.087558
    128775   31.775946
    128800   31.373951
    128825   31.118955
    128850   31.343678
    128875   31.351677
    128900   31.591033
    128925   31.602182
    128950   30.991877
    128975   30.926875
    129000   30.854806
    129025   30.763880
    129050   31.626550
    129075   31.848851
    129100   32.467533
    129125   31.942941
    129150   32.209000
    129175   31.970810
    129200   32.510308
    129225   32.284107
    129250   31.268066
    129275   31.944026
    129300   32.250674
    129325   32.292628
    129350   32.303457
    129375   32.084448
    129400   31.819842
    129425   32.637791
    129450   31.935220
    129475   31.670736
    129500   31.884805
    129525   32.214530
    129550   31.706652
    129575   32.380749
    129600   32.391119
    129625   32.713554
    129650   32.096593
    129675   32.336964
    129700   32.019492
    129725   32.341004
    129750   32.120760
    129775   31.981463
    129800   32.284584
    129825   31.789194
    129850   32.120939
    129875   31.805994
    129900   32.058043
    129925   31.770690
    129950   32.161692
    129975   33.048251
    130000   32.770056
    130025   32.010558
    130050   32.256856
    130075   32.113957
    130100   32.229683
    130125   31.826220
    130150   32.692606
    130175   32.624444
    130200   31.962557
    130225   32.402665
    130250   32.324196
    130275   32.586793
    130300   32.535701
    130325   32.160821
    130350   32.045655
    130375   32.061389
    130400   31.640368
    130425   31.831536
    130450   31.186369
    130475   31.829305
    130500   31.626213
    130525   31.922915
    130550   31.914945
    130575   31.676950
    130600   31.985063
    130625   31.630619
    130650   31.666472
    130675   31.531114
    130700   32.017727
    130725   32.173841
    130750   32.359775
    130775   32.134111
    130800   32.082724
    130825   32.267398
    130850   31.615051
    130875   31.444830
    130900   31.120456
    130925   31.686845
    130950   31.830489
    130975   31.649513
    131000   31.907896
    131025   31.560903
    131050   31.768031
    131075   32.247156
    131100   31.771545
    131125   31.795466
    131150   31.974663
    131175   32.097459
    131200   31.942605
    131225   32.032451
    131250   31.546796
    131275   31.084233
    131300   31.160661
    131325   31.530004
    131350   30.598173
    131375   30.820713
    131400   31.745453
    131425   31.557527
    131450   31.588754
    131475   31.609314
    131500   31.641874
    131525   31.463039
    131550   31.425485
    131575   31.393213
    131600   31.727564
    131625   31.501461
    131650   31.952397
    131675   32.349476
    131700   31.943579
    131725   31.858447
    131750   31.354805
    131775   31.528499
    131800   31.526895
    131825   31.590860
    131850   31.715188
    131875   32.075484
    131900   32.361792
    131925   31.972278
    131950   31.864981
    131975   32.035750
    132000   32.348895
    132025   31.724409
    132050   32.354553
    132075   31.311998
    132100   31.487405
    132125   31.966155
    132150   32.192618
    132175   32.156486
    132200   31.988912
    132225   32.734729
    132250   32.030617
    132275   32.149740
    132300   32.980459
    132325   32.532747
    132350   33.206473
    132375   32.854673
    132400   32.571737
    132425   32.136791
    132450   32.177557
    132475   32.604458
    132500   32.074106
    132525   32.216983
    132550   31.812052
    132575   31.816343
    132600   32.332395
    132625   31.733513
    132650   31.882692
    132675   31.511464
    132700   31.472049
    132725   31.857374
    132750   30.961178
    132775   31.681246
    132800   31.603931
    132825   31.568756
    132850   31.130700
    132875   30.964652
    132900   30.972930
    132925   30.721177
    132950   30.893611
    132975   31.237697
    133000   31.754099
    133025   31.391873
    133050   31.575933
    133075   30.718280
    133100   30.908163
    133125   31.395211
    133150   30.940333
    133175   30.774980
    133200   31.005674
    133225   31.228202
    133250   31.069259
    133275   31.083744
    133300   30.860940
    133325   31.156542
    133350   31.528687
    133375   30.877218
    133400   31.097323
    133425   31.334911
    133450   31.144999
    133475   31.413299
    133500   31.187850
    133525   30.910328
    133550   30.874418
    133575   30.386137
    133600   30.755255
    133625   31.044440
    133650   31.118902
    133675   31.447429
    133700   31.371249
    133725   30.914641
    133750   31.412274
    133775   31.292962
    133800   30.706301
    133825   31.226251
    133850   31.104883
    133875   30.363604
    133900   30.272899
    133925   30.466261
    133950   30.192925
    133975   30.610597
    134000   30.359483
    134025   31.445169
    134050   30.351616
    134075   30.883922
    134100   30.969172
    134125   31.498786
    134150   31.096654
    134175   31.297249
    134200   30.766765
    134225   31.149530
    134250   30.654467
    134275   31.187805
    134300   31.052636
    134325   30.259175
    134350   30.796539
    134375   30.818725
    134400   30.615170
    134425   30.831247
    134450   30.687633
    134475   30.811204
    134500   29.971020
    134525   29.875990
    134550   30.471305
    134575   30.018940
    134600   29.845816
    134625   30.044513
    134650   30.075371
    134675   30.234616
    134700   30.049910
    134725   30.158860
    134750   29.746609
    134775   30.069728
    134800   29.990891
    134825   30.171736
    134850   30.113385
    134875   29.689478
    134900   29.468340
    134925   29.257935
    134950   29.354054
    134975   29.294084
    135000   29.442331
    135025   29.390453
    135050   29.433233
    135075   30.270147
    135100   29.795751
    135125   29.866960
    135150   30.453433
    135175   30.681461
    135200   30.227448
    135225   30.602441
    135250   30.329771
    135275   30.785138
    135300   30.611869
    135325   30.457217
    135350   30.086387
    135375   30.555295
    135400   29.906897
    135425   30.262994
    135450   30.369385
    135475   30.193582
    135500   30.009086
    135525   30.285535
    135550   29.837058
    135575   30.510892
    135600   30.199484
    135625   30.142871
    135650   30.848892
    135675   30.367949
    135700   30.786105
    135725   30.362304
    135750   30.418974
    135775   30.152198
    135800   30.261360
    135825   30.465697
    135850   30.818581
    135875   30.571647
    135900   30.451585
    135925   30.635092
    135950   30.951765
    135975   31.253770
    136000   31.475794
    136025   31.136894
    136050   31.141523
    136075   31.058389
    136100   30.805445
    136125   31.251531
    136150   30.703190
    136175   31.418645
    136200   31.487985
    136225   31.479294
    136250   31.252839
    136275   30.394597
    136300   30.516185
    136325   30.812743
    136350   31.044376
    136375   30.619979
    136400   31.253955
    136425   30.975242
    136450   31.253349
    136475   30.932227
    136500   31.230449
    136525   31.507361
    136550   31.540537
    136575   31.489412
    136600   31.605536
    136625   31.674097
    136650   31.318380
    136675   31.407895
    136700   31.507386
    136725   30.823489
    136750   30.992300
    136775   30.939786
    136800   30.651578
    136825   30.574928
    136850   30.848943
    136875   30.338940
    136900   30.081097
    136925   30.873875
    136950   30.846176
    136975   30.556485
    137000   30.544593
    137025   30.586403
    137050   30.628903
    137075   30.451663
    137100   30.681633
    137125   30.742129
    137150   30.818561
    137175   31.202338
    137200   30.753717
    137225   30.620131
    137250   31.068998
    137275   30.801252
    137300   30.477379
    137325   30.185206
    137350   30.043952
    137375   30.196937
    137400   30.155603
    137425   30.772229
    137450   30.671221
    137475   30.573230
    137500   30.820774
    137525   30.313885
    137550   30.588323
    137575   30.205463
    137600   30.105800
    137625   30.599435
    137650   29.955076
    137675   29.696976
    137700   30.557403
    137725   30.250467
    137750   30.282637
    137775   29.893004
    137800   30.170383
    137825   30.314209
    137850   30.398436
    137875   30.785657
    137900   30.948580
    137925   30.311244
    137950   30.562228
    137975   30.175071
    138000   30.163848
    138025   30.719442
    138050   30.914965
    138075   30.566846
    138100   30.777310
    138125   31.193457
    138150   31.259476
    138175   31.093305
    138200   30.506387
    138225   30.798616
    138250   30.799966
    138275   31.252274
    138300   30.946697
    138325   30.593241
    138350   30.959719
    138375   30.785747
    138400   31.073109
    138425   31.425842
    138450   31.729795
    138475   32.067902
    138500   31.782517
    138525   31.930834
    138550   32.016534
    138575   31.697646
    138600   31.637912
    138625   31.582468
    138650   31.659962
    138675   31.689033
    138700   32.372054
    138725   32.104126
    138750   31.884873
    138775   32.128213
    138800   32.677930
    138825   32.769027
    138850   32.800289
    138875   31.903156
    138900   31.758906
    138925   32.065780
    138950   31.670361
    138975   31.838818
    139000   31.443928
    139025   31.876728
    139050   31.176916
    139075   31.415162
    139100   31.280577
    139125   31.421662
    139150   31.069825
    139175   31.641787
    139200   31.082356
    139225   31.176275
    139250   31.194721
    139275   30.865283
    139300   30.440651
    139325   30.444445
    139350   31.085072
    139375   30.516530
    139400   30.431434
    139425   30.816981
    139450   30.226315
    139475   30.701776
    139500   30.815050
    139525   30.706380
    139550   31.043615
    139575   31.104484
    139600   31.412490
    139625   31.469330
    139650   31.374316
    139675   31.541771
    139700   31.999029
    139725   30.658000
    139750   30.862610
    139775   31.480900
    139800   31.010701
    139825   31.704017
    139850   31.716530
    139875   31.026454
    139900   31.343274
    139925   31.132725
    139950   31.341626
    139975   31.375839
    140000   30.939499
    140025   31.318491
    140050   31.500953
    140075   31.161532
    140100   31.675028
    140125   32.123073
    140150   31.785466
    140175   31.412350
    140200   32.148888
    140225   32.172234
    140250   31.713461
    140275   31.800455
    140300   31.992925
    140325   31.248279
    140350   31.487681
    140375   31.339331
    140400   31.742669
    140425   31.913927
    140450   31.275603
    140475   31.495063
    140500   32.230456
    140525   31.501022
    140550   31.250527
    140575   31.385202
    140600   31.146079
    140625   30.954122
    140650   31.753853
    140675   31.788405
    140700   31.909772
    140725   31.207344
    140750   31.678030
    140775   31.459017
    140800   31.559375
    140825   31.536426
    140850   32.330379
    140875   32.044880
    140900   31.863311
    140925   32.403256
    140950   32.120377
    140975   32.171121
    141000   32.465169
    141025   32.106013
    141050   32.254698
    141075   32.398176
    141100   31.944054
    141125   32.092704
    141150   32.142464
    141175   32.269594
    141200   32.385192
    141225   31.783068
    141250   32.239477
    141275   32.186666
    141300   32.389889
    141325   31.847164
    141350   32.594294
    141375   32.513805
    141400   32.850011
    141425   32.353093
    141450   32.822018
    141475   32.230917
    141500   32.498446
    141525   32.485702
    141550   32.368494
    141575   32.230314
    141600   31.906808
    141625   31.615209
    141650   31.661314
    141675   31.819558
    141700   31.869430
    141725   32.289276
    141750   32.362624
    141775   32.959726
    141800   32.801768
    141825   32.907086
    141850   32.806315
    141875   32.818492
    141900   32.562331
    141925   33.413568
    141950   32.960920
    141975   33.176981
    142000   32.886778
    142025   32.943274
    142050   32.525797
    142075   33.069422
    142100   32.838650
    142125   32.659621
    142150   32.430159
    142175   32.120806
    142200   32.629249
    142225   32.525760
    142250   32.803803
    142275   32.601166
    142300   32.212898
    142325   31.981441
    142350   32.059398
    142375   32.082348
    142400   32.255613
    142425   32.126543
    142450   32.059857
    142475   32.712010
    142500   32.291692
    142525   32.325384
    142550   32.411365
    142575   32.476347
    142600   31.671000
    142625   32.567381
    142650   32.016097
    142675   32.217182
    142700   32.362977
    142725   32.263771
    142750   32.262139
    142775   32.642763
    142800   32.745438
    142825   33.175887
    142850   32.607512
    142875   32.519381
    142900   32.361652
    142925   32.375628
    142950   32.611087
    142975   32.825069
    143000   32.274189
    143025   32.561610
    143050   32.825859
    143075   32.594336
    143100   33.114825
    143125   33.306844
    143150   32.778554
    143175   32.748540
    143200   33.042451
    143225   33.255370
    143250   33.198575
    143275   33.242136
    143300   33.740499
    143325   34.255791
    143350   33.646951
    143375   33.359172
    143400   33.459209
    143425   33.555434
    143450   33.282751
    143475   33.386033
    143500   33.508187
    143525   33.190204
    143550   33.706460
    143575   33.577171
    143600   33.853916
    143625   33.293447
    143650   33.409713
    143675   33.318860
    143700   34.059467
    143725   33.670492
    143750   33.902434
    143775   34.130623
    143800   33.763563
    143825   34.023482
    143850   33.624814
    143875   33.841724
    143900   33.927084
    143925   34.335689
    143950   33.840224
    143975   33.265713
    144000   33.405669
    144025   32.881033
    144050   33.042834
    144075   33.552442
    144100   33.400589
    144125   33.093394
    144150   32.700807
    144175   33.333007
    144200   33.225425
    144225   33.589327
    144250   33.743325
    144275   33.368567
    144300   33.511278
    144325   33.034905
    144350   33.686408
    144375   32.897512
    144400   33.040825
    144425   33.360930
    144450   33.160262
    144475   33.301047
    144500   33.906751
    144525   33.437550
    144550   33.152636
    144575   33.327771
    144600   33.230104
    144625   33.400148
    144650   33.052042
    144675   32.807760
    144700   33.289041
    144725   33.509587
    144750   33.342356
    144775   33.161342
    144800   33.496982
    144825   32.922903
    144850   32.572930
    144875   32.568645
    144900   32.841964
    144925   32.998448
    144950   33.037300
    144975   32.473312
    145000   32.798855
    145025   33.336829
    145050   33.428948
    145075   33.006345
    145100   33.261275
    145125   32.885682
    145150   33.316146
    145175   33.226204
    145200   33.301979
    145225   33.170213
    145250   33.599488
    145275   33.366604
    145300   33.700769
    145325   34.156479
    145350   32.943894
    145375   32.900014
    145400   33.045022
    145425   33.356236
    145450   33.145224
    145475   33.038239
    145500   32.655052
    145525   32.913871
    145550   33.565543
    145575   33.500284
    145600   32.884054
    145625   33.441193
    145650   32.975497
    145675   32.787480
    145700   33.239572
    145725   33.388997
    145750   33.759471
    145775   32.578369
    145800   32.450436
    145825   32.849228
    145850   32.906881
    145875   32.699570
    145900   32.828087
    145925   32.826745
    145950   32.874909
    145975   32.876538
    146000   32.439181
    146025   31.885725
    146050   32.331124
    146075   32.748029
    146100   32.679746
    146125   32.888288
    146150   32.817480
    146175   32.573961
    146200   32.394720
    146225   32.278428
    146250   32.522910
    146275   32.863111
    146300   32.946790
    146325   32.686958
    146350   32.944336
    146375   32.136064
    146400   32.115171
    146425   31.897828
    146450   32.056561
    146475   32.253424
    146500   32.400962
    146525   32.641881
    146550   32.476481
    146575   33.226449
    146600   33.386713
    146625   32.826175
    146650   33.085778
    146675   32.833048
    146700   32.752186
    146725   33.020845
    146750   32.565688
    146775   32.373668
    146800   32.362355
    146825   32.883809
    146850   32.075069
    146875   32.531642
    146900   32.520254
    146925   32.381893
    146950   32.134149
    146975   32.312093
    147000   32.071387
    147025   31.735472
    147050   32.257287
    147075   31.810175
    147100   31.942873
    147125   32.386977
    147150   32.452699
    147175   32.012449
    147200   32.390621
    147225   33.235911
    147250   32.677328
    147275   33.148224
    147300   32.649237
    147325   32.398536
    147350   32.354595
    147375   32.331899
    147400   32.753625
    147425   32.013690
    147450   32.255597
    147475   32.060325
    147500   32.318797
    147525   32.537593
    147550   32.527378
    147575   32.476829
    147600   31.960830
    147625   31.783748
    147650   32.576217
    147675   32.226769
    147700   31.984296
    147725   31.743633
    147750   32.074967
    147775   31.833847
    147800   31.795286
    147825   31.357240
    147850   31.496777
    147875   31.566652
    147900   31.863305
    147925   32.146055
    147950   32.323739
    147975   31.934804
    148000   31.600271
    148025   31.988027
    148050   31.938031
    148075   31.746160
    148100   31.829017
    148125   31.872407
    148150   31.439458
    148175   31.903964
    148200   31.878500
    148225   31.974370
    148250   31.803014
    148275   31.953760
    148300   31.653584
    148325   31.908226
    148350   31.722544
    148375   31.190667
    148400   31.283960
    148425   31.050133
    148450   31.675617
    148475   31.879742
    148500   31.620615
    148525   31.730165
    148550   31.806841
    148575   31.791593
    148600   31.810685
    148625   31.815394
    148650   31.933810
    148675   31.454376
    148700   31.076843
    148725   30.920409
    148750   31.262910
    148775   30.761764
    148800   30.888757
    148825   31.054905
    148850   30.373440
    148875   30.727804
    148900   31.088326
    148925   30.984781
    148950   31.274290
    148975   31.198387
    149000   30.798734
    149025   30.819973
    149050   30.835316
    149075   31.109805
    149100   30.552194
    149125   30.847687
    149150   31.427180
    149175   31.511957
    149200   32.076987
    149225   31.431333
    149250   31.464483
    149275   31.786142
    149300   31.739415
    149325   31.638374
    149350   31.142252
    149375   31.943671
    149400   31.233722
    149425   31.344944
    149450   31.898853
    149475   31.376374
    149500   31.650449
    149525   31.483574
    149550   32.050393
    149575   31.801763
    149600   31.623117
    149625   31.405211
    149650   31.113875
    149675   30.936095
    149700   31.172403
    149725   31.549983
    149750   31.632373
    149775   31.493570
    149800   31.383450
    149825   30.921864
    149850   31.476193
    149875   31.406169
    149900   31.545965
    149925   31.806718
    149950   31.786419
    149975   31.572902
    150000   31.824687
